*** 2016-07-04 19:56:12.957 idempiere Log (CLogFile) ***
19:56:12.957 Setup.<init>: iDempiere(r) Release 3.1_2015-10-31 -Smart Suite ERP, CRM and SCM- (c) 1999-2013 iDempiere(r); Implementation: iDempiere - Supported by iDempiere community [1]
19:56:13.058 ConfigurationData.load: D:\idempiere\idempiereEnv.properties [1]
19:56:38.810 Config.test: OK: JavaHome=D:\Program Files\Java\jre7 [27]
19:56:38.815 Config.test: OK: Version=1.7.0_79 [27]
19:56:38.815 ConfigurationData.testAdempiere: OK: AdempiereHome = D:\idempiere [27]
19:56:38.816 KeyStoreMgt.<init>: D:\idempiere\jettyhome/etc\keystore [27]
19:56:38.816 ConfigurationData.testAdempiere: OK: KeyStore = D:\idempiere\jettyhome/etc\keystore [27]
19:56:38.816 Config.test: OK: AppsServer = /0.0.0.0 [27]
19:56:39.847 Config.test: OK: Web Port = 8080 [27]
19:56:41.097 Config.test: OK: SSL Port = 8443 [27]
19:56:41.099 ConfigPostgreSQL.test: OK: Database Server = /127.0.0.1 [27]
19:56:41.099 ConfigPostgreSQL.test: OK: Database Port = 5432 [27]
19:56:41.250 ConfigPostgreSQL.test: OK: System Connection = jdbc:postgresql://127.0.0.1:5432/template1 [27]
19:56:41.313 ConfigPostgreSQL.test: OK: Database User = adempiere [27]
19:56:41.328-----------> ConfigurationData.testMail: Not valid:  - Illegal address [27]
19:56:45.384 Config.test: OK: JavaHome=D:\Program Files\Java\jre7 [30]
19:56:45.384 Config.test: OK: Version=1.7.0_79 [30]
19:56:45.384 ConfigurationData.testAdempiere: OK: AdempiereHome = D:\idempiere [30]
19:56:45.384 KeyStoreMgt.<init>: D:\idempiere\jettyhome/etc\keystore [30]
19:56:45.389 ConfigurationData.testAdempiere: OK: KeyStore = D:\idempiere\jettyhome/etc\keystore [30]
19:56:45.390 Config.test: OK: AppsServer = /0.0.0.0 [30]
19:56:46.417 Config.test: OK: Web Port = 8080 [30]
19:56:47.435 Config.test: OK: SSL Port = 8443 [30]
19:56:47.436 ConfigPostgreSQL.test: OK: Database Server = /127.0.0.1 [30]
19:56:47.436 ConfigPostgreSQL.test: OK: Database Port = 5432 [30]
19:56:47.534 ConfigPostgreSQL.test: OK: System Connection = jdbc:postgresql://127.0.0.1:5432/template1 [30]
19:56:47.587 ConfigPostgreSQL.test: OK: Database User = adempiere [30]
19:56:47.587-----------> ConfigurationData.testMail: Not valid:  - Illegal address [30]
19:56:47.598 Ini.loadProperties: D:\idempiere\idempiere.properties #33 [24]
19:56:47.598 ConfigurationData.save: D:\idempiere\idempiereEnv.properties [24]

*** 2016-07-04 19:56:49.784 idempiere Log (CLogFile) ***
