*** 2016-06-12 13:15:24.363 idempiere Log (CLogFile) ***
13:15:24.363 Setup.<init>: iDempiere(r) Release 3.1_2015-10-31 -Smart Suite ERP, CRM and SCM- (c) 1999-2013 iDempiere(r); Implementation: iDempiere - Supported by iDempiere community [1]
13:15:24.477 ConfigurationData.load: D:\idempiere\idempiereEnv.properties [1]
13:15:56.320 Config.test: OK: JavaHome=D:\Program Files\Java\jre7 [32]
13:15:56.321 Config.test: OK: Version=1.7.0_79 [32]
13:15:56.321 ConfigurationData.testAdempiere: OK: AdempiereHome = D:\idempiere [32]
13:15:56.323 KeyStoreMgt.<init>: D:\idempiere\jettyhome/etc\keystore [32]
13:15:56.328 ConfigurationData.testAdempiere: OK: KeyStore = D:\idempiere\jettyhome/etc\keystore [32]
13:15:56.330 Config.test: OK: AppsServer = localhost/127.0.0.1 [32]
13:15:57.341 Config.test: OK: Web Port = 8080 [32]
13:15:58.605 Config.test: OK: SSL Port = 8443 [32]
13:15:58.607 ConfigPostgreSQL.test: OK: Database Server = localhost/127.0.0.1 [32]
13:15:58.608 ConfigPostgreSQL.test: OK: Database Port = 5432 [32]
13:15:58.770 ConfigPostgreSQL.test: OK: System Connection = jdbc:postgresql://localhost:5432/template1 [32]
13:15:58.855 ConfigPostgreSQL.test: OK: Database User = adempiere [32]
13:15:58.860-----------> ConfigurationData.testMail: Not valid:  - Illegal address [32]
13:16:15.463 Config.test: OK: JavaHome=D:\Program Files\Java\jre7 [34]
13:16:15.463 Config.test: OK: Version=1.7.0_79 [34]
13:16:15.463 ConfigurationData.testAdempiere: OK: AdempiereHome = D:\idempiere [34]
13:16:15.463 KeyStoreMgt.<init>: D:\idempiere\jettyhome/etc\keystore [34]
13:16:15.465 ConfigurationData.testAdempiere: OK: KeyStore = D:\idempiere\jettyhome/etc\keystore [34]
13:16:15.466 Config.test: OK: AppsServer = localhost/127.0.0.1 [34]
13:16:16.469 Config.test: OK: Web Port = 8080 [34]
13:16:17.476 Config.test: OK: SSL Port = 8443 [34]
13:16:17.477 ConfigPostgreSQL.test: OK: Database Server = localhost/127.0.0.1 [34]
13:16:17.480 ConfigPostgreSQL.test: OK: Database Port = 5432 [34]
13:16:17.691 ConfigPostgreSQL.test: OK: System Connection = jdbc:postgresql://localhost:5432/template1 [34]
13:16:17.776 ConfigPostgreSQL.test: OK: Database User = adempiere [34]
13:16:17.776-----------> ConfigurationData.testMail: Not valid:  - Illegal address [34]
13:16:17.782 Ini.loadProperties: D:\idempiere\idempiere.properties #28 [28]
13:16:17.783 ConfigurationData.save: D:\idempiere\idempiereEnv.properties [28]

*** 2016-06-12 13:16:19.273 idempiere Log (CLogFile) ***
