*** 2016-07-04 19:34:41.689 idempiere Log (CLogFile) ***
19:34:41.689 Setup.<init>: iDempiere(r) Release 3.1_2015-10-31 -Smart Suite ERP, CRM and SCM- (c) 1999-2013 iDempiere(r); Implementation: iDempiere - Supported by iDempiere community [1]
19:34:41.866 ConfigurationData.load: D:\idempiere\idempiereEnv.properties [1]
19:34:56.440 Config.test: OK: JavaHome=D:\Program Files\Java\jre7 [29]
19:34:56.444 Config.test: OK: Version=1.7.0_79 [29]
19:34:56.445 ConfigurationData.testAdempiere: OK: AdempiereHome = D:\idempiere [29]
19:34:56.445 KeyStoreMgt.<init>: D:\idempiere\jettyhome/etc\keystore [29]
19:34:56.461 ConfigurationData.testAdempiere: OK: KeyStore = D:\idempiere\jettyhome/etc\keystore [29]
19:34:56.461 Config.test: OK: AppsServer = /127.0.0.1 [29]
19:34:57.501 Config.test: OK: Web Port = 8080 [29]
19:34:58.765 Config.test: OK: SSL Port = 8443 [29]
19:34:58.775 ConfigPostgreSQL.test: OK: Database Server = /127.0.0.1 [29]
19:34:58.779 ConfigPostgreSQL.test: OK: Database Port = 5432 [29]
19:34:59.081 ConfigPostgreSQL.test: OK: System Connection = jdbc:postgresql://127.0.0.1:5432/template1 [29]
19:34:59.150 ConfigPostgreSQL.test: OK: Database User = adempiere [29]
19:34:59.150-----------> ConfigurationData.testMail: Not valid:  - Illegal address [29]
19:35:02.972 Config.test: OK: JavaHome=D:\Program Files\Java\jre7 [31]
19:35:02.972 Config.test: OK: Version=1.7.0_79 [31]
19:35:02.972 ConfigurationData.testAdempiere: OK: AdempiereHome = D:\idempiere [31]
19:35:02.975 KeyStoreMgt.<init>: D:\idempiere\jettyhome/etc\keystore [31]
19:35:02.976 ConfigurationData.testAdempiere: OK: KeyStore = D:\idempiere\jettyhome/etc\keystore [31]
19:35:02.976 Config.test: OK: AppsServer = /127.0.0.1 [31]
19:35:03.990 Config.test: OK: Web Port = 8080 [31]
19:35:05.020 Config.test: OK: SSL Port = 8443 [31]
19:35:05.021 ConfigPostgreSQL.test: OK: Database Server = /127.0.0.1 [31]
19:35:05.021 ConfigPostgreSQL.test: OK: Database Port = 5432 [31]
19:35:05.120 ConfigPostgreSQL.test: OK: System Connection = jdbc:postgresql://127.0.0.1:5432/template1 [31]
19:35:05.188 ConfigPostgreSQL.test: OK: Database User = adempiere [31]
19:35:05.188-----------> ConfigurationData.testMail: Not valid:  - Illegal address [31]
19:35:05.191 Ini.loadProperties: D:\idempiere\idempiere.properties #33 [26]
19:35:05.191 ConfigurationData.save: D:\idempiere\idempiereEnv.properties [26]

*** 2016-07-04 19:35:06.673 idempiere Log (CLogFile) ***
