*** 2016-07-05 14:21:07.452 idempiere Log (CLogFile) ***
14:21:07.451 Adempiere.startup: iDempiere(r) Release 3.1_2015-10-31 -Smart Suite ERP, CRM and SCM- (c) 1999-2013 iDempiere(r); Implementation: iDempiere - Supported by iDempiere community [14]
14:21:07.459 Ini.loadProperties: D:\idempiere\idempiere.properties #33 [14]
14:21:08.229 DB.isBuildOK: Build DB=${env.ADEMPIERE_VERSION} 20080428-1232 [14]
14:21:08.230 DB.isBuildOK: Build Cl=3.1.0.qualifier [14]
14:21:08.249-----------> DB.isBuildOK: Build Version Error 

The program assumes build version 3.1.0.qualifier, but database has build version ${env.ADEMPIERE_VERSION} 20080428-1232. 
This is likely to cause hard to fix errors. 
Please contact administrator. [14]
14:21:08.353 Language.getLanguage: Adding Language=en, Country=US, Locale=en_US [14]
14:21:08.356 Language.getLanguage: Adding Language=en, Country=US, Locale=en_US [14]
14:21:08.415 WebEnv.initWeb: Servlet Context Init Parameters: iDempiere Root
ServerRoot=1 [14]
14:21:08.428-----------> EMail.setFrom: you @ company.org: javax.mail.internet.AddressException: Local address contains control or whitespace in string ``you @ company.org'' [14]
14:21:08.430-----------> EMail.addTo: you @ company.org: javax.mail.internet.AddressException: Local address contains control or whitespace in string ``you @ company.org'' [14]
14:21:08.430-----------> EMail.isValid: From is invalid=null [14]
14:21:08.430-----------> EMail.isValid: From is invalid=null [14]
14:21:08.431-----------> MClient.sendEMail: Could NOT Send Email: Server started: iDempiere (DESKTOP-K0DQ6Q3:192.168.199.115) to you @ company.org: Invalid Data (System) [14]
14:21:08.431 WebEnv.initWeb: Servlet Init Parameter: idempiereMonitor [14]
14:21:08.431 AdempiereMonitor.init:  [14]
14:21:10.370-----------> AnnotationConfiguration.configure: ServletContainerInitializers: detected. Class hierarchy: empty [14]
14:21:10.660-----------> ClassLocator.getDependentXMLResources: Replicate resource: ckez
Overwrite bundleresource://175.fwk1031327099:2/metainfo/zk/config.xml
with bundleresource://175.fwk1031327099:19/metainfo/zk/config.xml [14]
14:21:10.665-----------> ClassLocator.getDependentXMLResources: Replicate resource: zk
Overwrite bundleresource://175.fwk1031327099:11/metainfo/zk/config.xml
with bundleresource://175.fwk1031327099:28/metainfo/zk/config.xml [14]
14:21:10.670-----------> ClassLocator.getDependentXMLResources: Replicate resource: zkbind
Overwrite bundleresource://175.fwk1031327099:12/metainfo/zk/config.xml
with bundleresource://175.fwk1031327099:29/metainfo/zk/config.xml [14]
14:21:10.699-----------> ClassLocator.getDependentXMLResources: Replicate resource: zul
Overwrite bundleresource://175.fwk1031327099:14/metainfo/zk/zk.xml
with bundleresource://175.fwk1031327099:31/metainfo/zk/zk.xml [14]
14:21:11.062-----------> LanguageDefinition.<init>: Replicated language: xhtml, overriden by [LanguageDefinition: xhtml] [14]
14:21:11.086-----------> LanguageDefinition.<init>: Replicated language: xul/html, overriden by [LanguageDefinition: xul/html] [14]
14:21:11.147-----------> ClassLocator.getDependentXMLResources: Replicate resource: calendar
Overwrite bundleresource://175.fwk1031327099:1/metainfo/zk/lang-addon.xml
with bundleresource://175.fwk1031327099:18/metainfo/zk/lang-addon.xml [14]
14:21:11.151-----------> ClassLocator.getDependentXMLResources: Replicate resource: ckez
Overwrite bundleresource://175.fwk1031327099:2/metainfo/zk/lang-addon.xml
with bundleresource://175.fwk1031327099:19/metainfo/zk/lang-addon.xml [14]
14:21:11.156-----------> ClassLocator.getDependentXMLResources: Replicate resource: gmapsz
Overwrite bundleresource://175.fwk1031327099:5/metainfo/zk/lang-addon.xml
with bundleresource://175.fwk1031327099:22/metainfo/zk/lang-addon.xml [14]
14:21:11.158-----------> ClassLocator.getDependentXMLResources: Replicate resource: timeline
Overwrite bundleresource://175.fwk1031327099:6/metainfo/zk/lang-addon.xml
with bundleresource://175.fwk1031327099:23/metainfo/zk/lang-addon.xml [14]
14:21:11.161-----------> ClassLocator.getDependentXMLResources: Replicate resource: timeplot
Overwrite bundleresource://175.fwk1031327099:7/metainfo/zk/lang-addon.xml
with bundleresource://175.fwk1031327099:24/metainfo/zk/lang-addon.xml [14]
14:21:11.172-----------> ClassLocator.getDependentXMLResources: Replicate resource: zkbind
Overwrite bundleresource://175.fwk1031327099:12/metainfo/zk/lang-addon.xml
with bundleresource://175.fwk1031327099:29/metainfo/zk/lang-addon.xml [14]
14:21:11.178-----------> ClassLocator.getDependentXMLResources: Replicate resource: zkplus
Overwrite bundleresource://175.fwk1031327099:13/metainfo/zk/lang-addon.xml
with bundleresource://175.fwk1031327099:30/metainfo/zk/lang-addon.xml [14]
14:21:11.278           WebUIServlet.init: iDempiere Web Client started successfully [14]
14:21:12.763-----------> AnnotationConfiguration.configure: ServletContainerInitializers: detected. Class hierarchy: empty [14]

*** 2016-07-05 14:21:13.06 idempiere Log (CLogFile) ***
14:21:14.945-----------> Node: [192.168.10.212]:5701 [adempiere.idempiere/127.0.0.1] [3.5.3] No join method is enabled! Starting standalone. [40]
14:21:44.218===========> MLookupFactory.getLookup_TableDir: Key does not end with '_ID': status_id [27]
14:21:44.299===========> MLookupFactory.getLookupInfo: No SQL - status_id [27]
14:21:44.319===========> MLookupFactory.getLookup_TableDir: Key does not end with '_ID': user_id [27]
14:21:44.333===========> MLookupFactory.getLookupInfo: No SQL - user_id [27]
14:21:44.640===========> MLookupFactory.getLookup_TableDir: Key does not end with '_ID': project_version_id [27]
14:21:44.661===========> MLookupFactory.getLookupInfo: No SQL - project_version_id [27]
14:21:44.683===========> MLookupFactory.getLookup_TableDir: Key does not end with '_ID': user_id [27]
14:21:44.698===========> MLookupFactory.getLookupInfo: No SQL - user_id [27]
15:10:07.790===========> MLookupFactory.getLookup_TableDir: Key does not end with '_ID': status_id [37]
15:10:07.829===========> MLookupFactory.getLookupInfo: No SQL - status_id [37]
15:10:07.847===========> MLookupFactory.getLookup_TableDir: Key does not end with '_ID': user_id [37]
15:10:07.862===========> MLookupFactory.getLookupInfo: No SQL - user_id [37]
15:10:07.934===========> MLookupFactory.getLookup_TableDir: Key does not end with '_ID': project_version_id [37]
15:10:07.954===========> MLookupFactory.getLookupInfo: No SQL - project_version_id [37]
15:10:07.973===========> MLookupFactory.getLookup_TableDir: Key does not end with '_ID': user_id [37]
15:10:07.990===========> MLookupFactory.getLookupInfo: No SQL - user_id [37]
15:52:53.798-----------> MyProcess.prepare: ------- Here I'm in the prepare() method [166]
15:52:53.805-----------> MyProcess.doIt: --------- Here I'm in the doIt() method [166]
15:53:15.629-----------> MyProcess.prepare: ------- Here I'm in the prepare() method [167]
15:53:15.632-----------> MyProcess.doIt: --------- Here I'm in the doIt() method [167]
16:16:43.291-----------> Prop.loadProperties: D:\idempiere\home.properties not found [35]
16:16:43.292-----------> Prop.loadProperties: !!WARNING:Please locate yout custom home.properties on iDEMPIERE_HOME. [35]
16:17:11.098===========> MLookupFactory.getLookup_TableDir: Key does not end with '_ID': status_id [189]
16:17:11.137===========> MLookupFactory.getLookupInfo: No SQL - status_id [189]
16:17:11.158===========> MLookupFactory.getLookup_TableDir: Key does not end with '_ID': user_id [189]
16:17:11.174===========> MLookupFactory.getLookupInfo: No SQL - user_id [189]
16:17:11.273===========> MLookupFactory.getLookup_TableDir: Key does not end with '_ID': project_version_id [189]
16:17:11.297===========> MLookupFactory.getLookupInfo: No SQL - project_version_id [189]
16:17:11.314===========> MLookupFactory.getLookup_TableDir: Key does not end with '_ID': user_id [189]
16:17:11.330===========> MLookupFactory.getLookupInfo: No SQL - user_id [189]
