*** 2016-06-12 12:03:05.035 idempiere Log (CLogFile) ***
12:03:05.034 Adempiere.startup: iDempiere(r) Release 3.1_2015-10-31 -Smart Suite ERP, CRM and SCM- (c) 1999-2013 iDempiere(r); Implementation: iDempiere - Supported by iDempiere community [17]
12:03:05.045 Ini.loadProperties: D:\idempiere\idempiere.properties #28 [17]
12:03:07.037 DB.isBuildOK: Build DB=${env.ADEMPIERE_VERSION} 20080428-1232 [17]
12:03:07.038 DB.isBuildOK: Build Cl=3.1.0.qualifier [17]
12:03:07.183-----------> DB.isBuildOK: Build Version Error 

The program assumes build version 3.1.0.qualifier, but database has build version ${env.ADEMPIERE_VERSION} 20080428-1232. 
This is likely to cause hard to fix errors. 
Please contact administrator. [17]
12:03:07.868 Language.getLanguage: Adding Language=en, Country=US, Locale=en_US [17]
12:03:07.878 Language.getLanguage: Adding Language=en, Country=US, Locale=en_US [17]
12:03:08.351 WebEnv.initWeb: Servlet Context Init Parameters: iDempiere Root
ServerRoot=1 [17]
12:03:08.376-----------> EMail.setFrom: you @ company.org: javax.mail.internet.AddressException: Local address contains control or whitespace in string ``you @ company.org'' [17]
12:03:08.382-----------> EMail.addTo: you @ company.org: javax.mail.internet.AddressException: Local address contains control or whitespace in string ``you @ company.org'' [17]
12:03:08.383-----------> EMail.isValid: From is invalid=null [17]
12:03:08.383-----------> EMail.isValid: From is invalid=null [17]
12:03:08.384-----------> MClient.sendEMail: Could NOT Send Email: Server started: iDempiere (DESKTOP-K0DQ6Q3:192.168.10.212) to you @ company.org: Invalid Data (System) [17]
12:03:08.385 WebEnv.initWeb: Servlet Init Parameter: idempiereMonitor [17]
12:03:08.385 AdempiereMonitor.init:  [17]
12:03:13.891-----------> AnnotationConfiguration.configure: ServletContainerInitializers: detected. Class hierarchy: empty [17]
12:03:15.039-----------> ClassLocator.getDependentXMLResources: Replicate resource: ckez
Overwrite bundleresource://174.fwk220489688:2/metainfo/zk/config.xml
with bundleresource://174.fwk220489688:19/metainfo/zk/config.xml [17]
12:03:15.065-----------> ClassLocator.getDependentXMLResources: Replicate resource: zk
Overwrite bundleresource://174.fwk220489688:11/metainfo/zk/config.xml
with bundleresource://174.fwk220489688:28/metainfo/zk/config.xml [17]
12:03:15.089-----------> ClassLocator.getDependentXMLResources: Replicate resource: zkbind
Overwrite bundleresource://174.fwk220489688:12/metainfo/zk/config.xml
with bundleresource://174.fwk220489688:29/metainfo/zk/config.xml [17]
12:03:15.193-----------> ClassLocator.getDependentXMLResources: Replicate resource: zul
Overwrite bundleresource://174.fwk220489688:14/metainfo/zk/zk.xml
with bundleresource://174.fwk220489688:31/metainfo/zk/zk.xml [17]
12:03:16.370-----------> LanguageDefinition.<init>: Replicated language: xhtml, overriden by [LanguageDefinition: xhtml] [17]
12:03:16.612-----------> LanguageDefinition.<init>: Replicated language: xul/html, overriden by [LanguageDefinition: xul/html] [17]
12:03:17.149-----------> ClassLocator.getDependentXMLResources: Replicate resource: calendar
Overwrite bundleresource://174.fwk220489688:1/metainfo/zk/lang-addon.xml
with bundleresource://174.fwk220489688:18/metainfo/zk/lang-addon.xml [17]
12:03:17.174-----------> ClassLocator.getDependentXMLResources: Replicate resource: ckez
Overwrite bundleresource://174.fwk220489688:2/metainfo/zk/lang-addon.xml
with bundleresource://174.fwk220489688:19/metainfo/zk/lang-addon.xml [17]
12:03:17.225-----------> ClassLocator.getDependentXMLResources: Replicate resource: gmapsz
Overwrite bundleresource://174.fwk220489688:5/metainfo/zk/lang-addon.xml
with bundleresource://174.fwk220489688:22/metainfo/zk/lang-addon.xml [17]
12:03:17.254-----------> ClassLocator.getDependentXMLResources: Replicate resource: timeline
Overwrite bundleresource://174.fwk220489688:6/metainfo/zk/lang-addon.xml
with bundleresource://174.fwk220489688:23/metainfo/zk/lang-addon.xml [17]
12:03:17.279-----------> ClassLocator.getDependentXMLResources: Replicate resource: timeplot
Overwrite bundleresource://174.fwk220489688:7/metainfo/zk/lang-addon.xml
with bundleresource://174.fwk220489688:24/metainfo/zk/lang-addon.xml [17]
12:03:17.496-----------> ClassLocator.getDependentXMLResources: Replicate resource: zkbind
Overwrite bundleresource://174.fwk220489688:12/metainfo/zk/lang-addon.xml
with bundleresource://174.fwk220489688:29/metainfo/zk/lang-addon.xml [17]
12:03:17.589-----------> ClassLocator.getDependentXMLResources: Replicate resource: zkplus
Overwrite bundleresource://174.fwk220489688:13/metainfo/zk/lang-addon.xml
with bundleresource://174.fwk220489688:30/metainfo/zk/lang-addon.xml [17]
12:03:17.953           WebUIServlet.init: iDempiere Web Client started successfully [17]
12:03:20.110-----------> AnnotationConfiguration.configure: ServletContainerInitializers: detected. Class hierarchy: empty [17]

*** 2016-06-12 12:03:22.092 idempiere Log (CLogFile) ***
12:03:23.554-----------> Node: [192.168.10.212]:5701 [adempiere.idempiere/127.0.0.1] [3.5.3] No join method is enabled! Starting standalone. [42]
