*** 2016-06-12 10:42:34.632 idempiere Log (CLogFile) ***
10:42:34.632 Adempiere.startup: iDempiere(r) Release 3.1_2015-10-31 -Smart Suite ERP, CRM and SCM- (c) 1999-2013 iDempiere(r); Implementation: ${env.ADEMPIERE_VERSION} 20080428-1232 - Supported by iDempiere community [14]
10:42:34.637 Ini.loadProperties: D:\idempiere\idempiere.properties #28 [14]
10:42:35.432 DB.isBuildOK: Build DB=${env.ADEMPIERE_VERSION} 20080428-1232 [14]
10:42:35.433 DB.isBuildOK: Build Cl=3.1.0.qualifier [14]
10:42:35.454-----------> DB.isBuildOK: Build Version Error 

The program assumes build version 3.1.0.qualifier, but database has build version ${env.ADEMPIERE_VERSION} 20080428-1232. 
This is likely to cause hard to fix errors. 
Please contact administrator. [14]
10:42:35.586 Language.getLanguage: Adding Language=en, Country=US, Locale=en_US [14]
10:42:35.588 Language.getLanguage: Adding Language=en, Country=US, Locale=en_US [14]
10:42:35.652 WebEnv.initWeb: Servlet Context Init Parameters: iDempiere Root
ServerRoot=1 [14]
10:42:35.666-----------> EMail.setFrom: you @ company.org: javax.mail.internet.AddressException: Local address contains control or whitespace in string ``you @ company.org'' [14]
10:42:35.671-----------> EMail.addTo: you @ company.org: javax.mail.internet.AddressException: Local address contains control or whitespace in string ``you @ company.org'' [14]
10:42:35.671-----------> EMail.isValid: From is invalid=null [14]
10:42:35.671-----------> EMail.isValid: From is invalid=null [14]
10:42:35.672-----------> MClient.sendEMail: Could NOT Send Email: Server started: iDempiere (DESKTOP-K0DQ6Q3:192.168.10.212) to you @ company.org: Invalid Data (System) [14]
10:42:35.672 WebEnv.initWeb: Servlet Init Parameter: idempiereMonitor [14]
10:42:35.672 AdempiereMonitor.init:  [14]
10:42:37.886-----------> AnnotationConfiguration.configure: ServletContainerInitializers: detected. Class hierarchy: empty [14]
10:42:38.101-----------> ClassLocator.getDependentXMLResources: Replicate resource: ckez
Overwrite bundleresource://174.fwk1174037956:2/metainfo/zk/config.xml
with bundleresource://174.fwk1174037956:19/metainfo/zk/config.xml [14]
10:42:38.105-----------> ClassLocator.getDependentXMLResources: Replicate resource: zk
Overwrite bundleresource://174.fwk1174037956:11/metainfo/zk/config.xml
with bundleresource://174.fwk1174037956:28/metainfo/zk/config.xml [14]
10:42:38.110-----------> ClassLocator.getDependentXMLResources: Replicate resource: zkbind
Overwrite bundleresource://174.fwk1174037956:12/metainfo/zk/config.xml
with bundleresource://174.fwk1174037956:29/metainfo/zk/config.xml [14]
10:42:38.140-----------> ClassLocator.getDependentXMLResources: Replicate resource: zul
Overwrite bundleresource://174.fwk1174037956:14/metainfo/zk/zk.xml
with bundleresource://174.fwk1174037956:31/metainfo/zk/zk.xml [14]
10:42:38.507-----------> LanguageDefinition.<init>: Replicated language: xhtml, overriden by [LanguageDefinition: xhtml] [14]
10:42:38.531-----------> LanguageDefinition.<init>: Replicated language: xul/html, overriden by [LanguageDefinition: xul/html] [14]
10:42:38.582-----------> ClassLocator.getDependentXMLResources: Replicate resource: calendar
Overwrite bundleresource://174.fwk1174037956:1/metainfo/zk/lang-addon.xml
with bundleresource://174.fwk1174037956:18/metainfo/zk/lang-addon.xml [14]
10:42:38.586-----------> ClassLocator.getDependentXMLResources: Replicate resource: ckez
Overwrite bundleresource://174.fwk1174037956:2/metainfo/zk/lang-addon.xml
with bundleresource://174.fwk1174037956:19/metainfo/zk/lang-addon.xml [14]
10:42:38.590-----------> ClassLocator.getDependentXMLResources: Replicate resource: gmapsz
Overwrite bundleresource://174.fwk1174037956:5/metainfo/zk/lang-addon.xml
with bundleresource://174.fwk1174037956:22/metainfo/zk/lang-addon.xml [14]
10:42:38.593-----------> ClassLocator.getDependentXMLResources: Replicate resource: timeline
Overwrite bundleresource://174.fwk1174037956:6/metainfo/zk/lang-addon.xml
with bundleresource://174.fwk1174037956:23/metainfo/zk/lang-addon.xml [14]
10:42:38.598-----------> ClassLocator.getDependentXMLResources: Replicate resource: timeplot
Overwrite bundleresource://174.fwk1174037956:7/metainfo/zk/lang-addon.xml
with bundleresource://174.fwk1174037956:24/metainfo/zk/lang-addon.xml [14]
10:42:38.610-----------> ClassLocator.getDependentXMLResources: Replicate resource: zkbind
Overwrite bundleresource://174.fwk1174037956:12/metainfo/zk/lang-addon.xml
with bundleresource://174.fwk1174037956:29/metainfo/zk/lang-addon.xml [14]
10:42:38.616-----------> ClassLocator.getDependentXMLResources: Replicate resource: zkplus
Overwrite bundleresource://174.fwk1174037956:13/metainfo/zk/lang-addon.xml
with bundleresource://174.fwk1174037956:30/metainfo/zk/lang-addon.xml [14]
10:42:38.727           WebUIServlet.init: iDempiere Web Client started successfully [14]
10:42:40.640-----------> AnnotationConfiguration.configure: ServletContainerInitializers: detected. Class hierarchy: empty [14]

*** 2016-06-12 10:42:40.912 idempiere Log (CLogFile) ***
10:42:43.267-----------> Node: [192.168.10.212]:5701 [adempiere.idempiere/127.0.0.1] [3.5.3] No join method is enabled! Starting standalone. [40]
