*** 2016-07-03 16:24:01.877 idempiere Log (CLogFile) ***
16:24:01.877 Adempiere.startup: iDempiere(r) Release 3.1_2015-10-31 -Smart Suite ERP, CRM and SCM- (c) 1999-2013 iDempiere(r); Implementation: iDempiere - Supported by iDempiere community [14]
16:24:01.882 Ini.loadProperties: D:\idempiere\idempiere.properties #33 [14]
16:24:02.725 DB.isBuildOK: Build DB=${env.ADEMPIERE_VERSION} 20080428-1232 [14]
16:24:02.725 DB.isBuildOK: Build Cl=3.1.0.qualifier [14]
16:24:02.746-----------> DB.isBuildOK: Build Version Error 

The program assumes build version 3.1.0.qualifier, but database has build version ${env.ADEMPIERE_VERSION} 20080428-1232. 
This is likely to cause hard to fix errors. 
Please contact administrator. [14]
16:24:02.872 Language.getLanguage: Adding Language=en, Country=US, Locale=en_US [14]
16:24:02.874 Language.getLanguage: Adding Language=en, Country=US, Locale=en_US [14]
16:24:03.130 WebEnv.initWeb: Servlet Context Init Parameters: iDempiere Root
ServerRoot=1 [14]
16:24:03.148-----------> EMail.setFrom: you @ company.org: javax.mail.internet.AddressException: Local address contains control or whitespace in string ``you @ company.org'' [14]
16:24:03.151-----------> EMail.addTo: you @ company.org: javax.mail.internet.AddressException: Local address contains control or whitespace in string ``you @ company.org'' [14]
16:24:03.151-----------> EMail.isValid: From is invalid=null [14]
16:24:03.151-----------> EMail.isValid: From is invalid=null [14]
16:24:03.152-----------> MClient.sendEMail: Could NOT Send Email: Server started: iDempiere (DESKTOP-K0DQ6Q3:192.168.10.212) to you @ company.org: Invalid Data (System) [14]
16:24:03.152 WebEnv.initWeb: Servlet Init Parameter: idempiereMonitor [14]
16:24:03.152 AdempiereMonitor.init:  [14]
16:24:05.058-----------> AnnotationConfiguration.configure: ServletContainerInitializers: detected. Class hierarchy: empty [14]
16:24:05.305-----------> ClassLocator.getDependentXMLResources: Replicate resource: ckez
Overwrite bundleresource://175.fwk976177856:2/metainfo/zk/config.xml
with bundleresource://175.fwk976177856:19/metainfo/zk/config.xml [14]
16:24:05.309-----------> ClassLocator.getDependentXMLResources: Replicate resource: zk
Overwrite bundleresource://175.fwk976177856:11/metainfo/zk/config.xml
with bundleresource://175.fwk976177856:28/metainfo/zk/config.xml [14]
16:24:05.314-----------> ClassLocator.getDependentXMLResources: Replicate resource: zkbind
Overwrite bundleresource://175.fwk976177856:12/metainfo/zk/config.xml
with bundleresource://175.fwk976177856:29/metainfo/zk/config.xml [14]
16:24:05.340-----------> ClassLocator.getDependentXMLResources: Replicate resource: zul
Overwrite bundleresource://175.fwk976177856:14/metainfo/zk/zk.xml
with bundleresource://175.fwk976177856:31/metainfo/zk/zk.xml [14]
16:24:05.739-----------> LanguageDefinition.<init>: Replicated language: xhtml, overriden by [LanguageDefinition: xhtml] [14]
16:24:05.764-----------> LanguageDefinition.<init>: Replicated language: xul/html, overriden by [LanguageDefinition: xul/html] [14]
16:24:05.821-----------> ClassLocator.getDependentXMLResources: Replicate resource: calendar
Overwrite bundleresource://175.fwk976177856:1/metainfo/zk/lang-addon.xml
with bundleresource://175.fwk976177856:18/metainfo/zk/lang-addon.xml [14]
16:24:05.823-----------> ClassLocator.getDependentXMLResources: Replicate resource: ckez
Overwrite bundleresource://175.fwk976177856:2/metainfo/zk/lang-addon.xml
with bundleresource://175.fwk976177856:19/metainfo/zk/lang-addon.xml [14]
16:24:05.827-----------> ClassLocator.getDependentXMLResources: Replicate resource: gmapsz
Overwrite bundleresource://175.fwk976177856:5/metainfo/zk/lang-addon.xml
with bundleresource://175.fwk976177856:22/metainfo/zk/lang-addon.xml [14]
16:24:05.830-----------> ClassLocator.getDependentXMLResources: Replicate resource: timeline
Overwrite bundleresource://175.fwk976177856:6/metainfo/zk/lang-addon.xml
with bundleresource://175.fwk976177856:23/metainfo/zk/lang-addon.xml [14]
16:24:05.834-----------> ClassLocator.getDependentXMLResources: Replicate resource: timeplot
Overwrite bundleresource://175.fwk976177856:7/metainfo/zk/lang-addon.xml
with bundleresource://175.fwk976177856:24/metainfo/zk/lang-addon.xml [14]
16:24:05.853-----------> ClassLocator.getDependentXMLResources: Replicate resource: zkbind
Overwrite bundleresource://175.fwk976177856:12/metainfo/zk/lang-addon.xml
with bundleresource://175.fwk976177856:29/metainfo/zk/lang-addon.xml [14]
16:24:05.858-----------> ClassLocator.getDependentXMLResources: Replicate resource: zkplus
Overwrite bundleresource://175.fwk976177856:13/metainfo/zk/lang-addon.xml
with bundleresource://175.fwk976177856:30/metainfo/zk/lang-addon.xml [14]
16:24:05.969           WebUIServlet.init: iDempiere Web Client started successfully [14]
16:24:07.478-----------> AnnotationConfiguration.configure: ServletContainerInitializers: detected. Class hierarchy: empty [14]

*** 2016-07-03 16:24:07.741 idempiere Log (CLogFile) ***
16:24:10.101-----------> Node: [192.168.10.212]:5701 [adempiere.idempiere/localhost] [3.5.3] No join method is enabled! Starting standalone. [38]
16:31:21.166===========> MLookupFactory.getLookup_TableDir: Key does not end with '_ID': status_id [31]
16:31:21.225===========> MLookupFactory.getLookupInfo: No SQL - status_id [31]
16:31:21.240===========> MLookupFactory.getLookup_TableDir: Key does not end with '_ID': user_id [31]
16:31:21.263===========> MLookupFactory.getLookupInfo: No SQL - user_id [31]
16:31:21.624===========> MLookupFactory.getLookup_TableDir: Key does not end with '_ID': project_version_id [31]
16:31:21.639===========> MLookupFactory.getLookupInfo: No SQL - project_version_id [31]
16:31:21.660===========> MLookupFactory.getLookup_TableDir: Key does not end with '_ID': user_id [31]
16:31:21.678===========> MLookupFactory.getLookupInfo: No SQL - user_id [31]
18:15:18.226-----------> GridTable.saveWarning: FillMandatory - swie order
 [30]
18:25:01.198-----------> GridTable.saveWarning: FillMandatory - swie order
 [111]
18:25:01.300===========> GenericPO.load: NO Data found for swie_order_ID=80 [111]
java.lang.Exception
	at org.compiere.model.PO.load(PO.java:1347)
	at org.compiere.model.PO.load(PO.java:1287)
	at org.compiere.model.PO.<init>(PO.java:204)
	at org.adempiere.model.GenericPO.<init>(GenericPO.java:71)
	at org.compiere.model.MTable.getPO(MTable.java:410)
	at org.compiere.model.MRecentItem.getLabel(MRecentItem.java:289)
	at org.adempiere.webui.dashboard.DPRecentItems.refresh(DPRecentItems.java:236)
	at org.adempiere.webui.dashboard.DPRecentItems.updateUI(DPRecentItems.java:281)
	at org.adempiere.webui.util.ServerPushTemplate$1.onEvent(ServerPushTemplate.java:55)
	at org.zkoss.zk.ui.impl.DesktopImpl$ScheduleInfo.invoke(DesktopImpl.java:1625)
	at org.zkoss.zk.ui.impl.DesktopImpl$ScheduleInfo.access$1200(DesktopImpl.java:1614)
	at org.zkoss.zk.ui.impl.DesktopImpl$ScheduleListener.onEvent(DesktopImpl.java:1643)
	at org.zkoss.zk.ui.AbstractComponent.onEvent(AbstractComponent.java:2773)
	at org.zkoss.zk.ui.AbstractComponent.service(AbstractComponent.java:2744)
	at org.zkoss.zk.ui.AbstractComponent.service(AbstractComponent.java:2685)
	at org.zkoss.zk.ui.impl.EventProcessor.process(EventProcessor.java:136)
	at org.zkoss.zk.ui.impl.UiEngineImpl.processEvent(UiEngineImpl.java:1765)
	at org.zkoss.zk.ui.impl.UiEngineImpl.process(UiEngineImpl.java:1550)
	at org.zkoss.zk.ui.impl.UiEngineImpl.execUpdate(UiEngineImpl.java:1260)
	at org.zkoss.zk.au.http.DHtmlUpdateServlet.process(DHtmlUpdateServlet.java:611)
	at org.zkoss.zk.au.http.DHtmlUpdateServlet.doGet(DHtmlUpdateServlet.java:485)

18:46:38.421-----------> GridTable.saveWarning: FillMandatory - swie order
 [112]
18:46:38.496===========> GenericPO.load: NO Data found for swie_order_ID=82 [112]
java.lang.Exception
	at org.compiere.model.PO.load(PO.java:1347)
	at org.compiere.model.PO.load(PO.java:1287)
	at org.compiere.model.PO.<init>(PO.java:204)
	at org.adempiere.model.GenericPO.<init>(GenericPO.java:71)
	at org.compiere.model.MTable.getPO(MTable.java:410)
	at org.compiere.model.MRecentItem.getLabel(MRecentItem.java:289)
	at org.adempiere.webui.dashboard.DPRecentItems.refresh(DPRecentItems.java:236)
	at org.adempiere.webui.dashboard.DPRecentItems.updateUI(DPRecentItems.java:281)
	at org.adempiere.webui.util.ServerPushTemplate$1.onEvent(ServerPushTemplate.java:55)
	at org.zkoss.zk.ui.impl.DesktopImpl$ScheduleInfo.invoke(DesktopImpl.java:1625)
	at org.zkoss.zk.ui.impl.DesktopImpl$ScheduleInfo.access$1200(DesktopImpl.java:1614)
	at org.zkoss.zk.ui.impl.DesktopImpl$ScheduleListener.onEvent(DesktopImpl.java:1643)
	at org.zkoss.zk.ui.AbstractComponent.onEvent(AbstractComponent.java:2773)
	at org.zkoss.zk.ui.AbstractComponent.service(AbstractComponent.java:2744)
	at org.zkoss.zk.ui.AbstractComponent.service(AbstractComponent.java:2685)
	at org.zkoss.zk.ui.impl.EventProcessor.process(EventProcessor.java:136)
	at org.zkoss.zk.ui.impl.UiEngineImpl.processEvent(UiEngineImpl.java:1765)
	at org.zkoss.zk.ui.impl.UiEngineImpl.process(UiEngineImpl.java:1550)
	at org.zkoss.zk.ui.impl.UiEngineImpl.execUpdate(UiEngineImpl.java:1260)
	at org.zkoss.zk.au.http.DHtmlUpdateServlet.process(DHtmlUpdateServlet.java:611)
	at org.zkoss.zk.au.http.DHtmlUpdateServlet.doGet(DHtmlUpdateServlet.java:485)

