*** 2016-06-27 12:16:40.213 idempiere Log (CLogFile) ***
12:16:40.212 Adempiere.startup: iDempiere(r) Release 3.1_2015-10-31 -Smart Suite ERP, CRM and SCM- (c) 1999-2013 iDempiere(r); Implementation: iDempiere - Supported by iDempiere community [14]
12:16:40.216 Ini.loadProperties: D:\idempiere\idempiere.properties #33 [14]
12:16:40.951 DB.isBuildOK: Build DB=${env.ADEMPIERE_VERSION} 20080428-1232 [14]
12:16:40.952 DB.isBuildOK: Build Cl=3.1.0.qualifier [14]
12:16:40.977-----------> DB.isBuildOK: Build Version Error 

The program assumes build version 3.1.0.qualifier, but database has build version ${env.ADEMPIERE_VERSION} 20080428-1232. 
This is likely to cause hard to fix errors. 
Please contact administrator. [14]
12:16:41.098 Language.getLanguage: Adding Language=en, Country=US, Locale=en_US [14]
12:16:41.100 Language.getLanguage: Adding Language=en, Country=US, Locale=en_US [14]
12:16:41.166 WebEnv.initWeb: Servlet Context Init Parameters: iDempiere Root
ServerRoot=1 [14]
12:16:41.179-----------> EMail.setFrom: you @ company.org: javax.mail.internet.AddressException: Local address contains control or whitespace in string ``you @ company.org'' [14]
12:16:41.183-----------> EMail.addTo: you @ company.org: javax.mail.internet.AddressException: Local address contains control or whitespace in string ``you @ company.org'' [14]
12:16:41.183-----------> EMail.isValid: From is invalid=null [14]
12:16:41.184-----------> EMail.isValid: From is invalid=null [14]
12:16:41.184-----------> MClient.sendEMail: Could NOT Send Email: Server started: iDempiere (DESKTOP-K0DQ6Q3:192.168.10.212) to you @ company.org: Invalid Data (System) [14]
12:16:41.184 WebEnv.initWeb: Servlet Init Parameter: idempiereMonitor [14]
12:16:41.184 AdempiereMonitor.init:  [14]
12:16:43.043-----------> AnnotationConfiguration.configure: ServletContainerInitializers: detected. Class hierarchy: empty [14]
12:16:43.264-----------> ClassLocator.getDependentXMLResources: Replicate resource: ckez
Overwrite bundleresource://175.fwk976177856:2/metainfo/zk/config.xml
with bundleresource://175.fwk976177856:19/metainfo/zk/config.xml [14]
12:16:43.268-----------> ClassLocator.getDependentXMLResources: Replicate resource: zk
Overwrite bundleresource://175.fwk976177856:11/metainfo/zk/config.xml
with bundleresource://175.fwk976177856:28/metainfo/zk/config.xml [14]
12:16:43.273-----------> ClassLocator.getDependentXMLResources: Replicate resource: zkbind
Overwrite bundleresource://175.fwk976177856:12/metainfo/zk/config.xml
with bundleresource://175.fwk976177856:29/metainfo/zk/config.xml [14]
12:16:43.302-----------> ClassLocator.getDependentXMLResources: Replicate resource: zul
Overwrite bundleresource://175.fwk976177856:14/metainfo/zk/zk.xml
with bundleresource://175.fwk976177856:31/metainfo/zk/zk.xml [14]
12:16:43.668-----------> LanguageDefinition.<init>: Replicated language: xhtml, overriden by [LanguageDefinition: xhtml] [14]
12:16:43.692-----------> LanguageDefinition.<init>: Replicated language: xul/html, overriden by [LanguageDefinition: xul/html] [14]
12:16:43.745-----------> ClassLocator.getDependentXMLResources: Replicate resource: calendar
Overwrite bundleresource://175.fwk976177856:1/metainfo/zk/lang-addon.xml
with bundleresource://175.fwk976177856:18/metainfo/zk/lang-addon.xml [14]
12:16:43.748-----------> ClassLocator.getDependentXMLResources: Replicate resource: ckez
Overwrite bundleresource://175.fwk976177856:2/metainfo/zk/lang-addon.xml
with bundleresource://175.fwk976177856:19/metainfo/zk/lang-addon.xml [14]
12:16:43.753-----------> ClassLocator.getDependentXMLResources: Replicate resource: gmapsz
Overwrite bundleresource://175.fwk976177856:5/metainfo/zk/lang-addon.xml
with bundleresource://175.fwk976177856:22/metainfo/zk/lang-addon.xml [14]
12:16:43.757-----------> ClassLocator.getDependentXMLResources: Replicate resource: timeline
Overwrite bundleresource://175.fwk976177856:6/metainfo/zk/lang-addon.xml
with bundleresource://175.fwk976177856:23/metainfo/zk/lang-addon.xml [14]
12:16:43.761-----------> ClassLocator.getDependentXMLResources: Replicate resource: timeplot
Overwrite bundleresource://175.fwk976177856:7/metainfo/zk/lang-addon.xml
with bundleresource://175.fwk976177856:24/metainfo/zk/lang-addon.xml [14]
12:16:43.772-----------> ClassLocator.getDependentXMLResources: Replicate resource: zkbind
Overwrite bundleresource://175.fwk976177856:12/metainfo/zk/lang-addon.xml
with bundleresource://175.fwk976177856:29/metainfo/zk/lang-addon.xml [14]
12:16:43.779-----------> ClassLocator.getDependentXMLResources: Replicate resource: zkplus
Overwrite bundleresource://175.fwk976177856:13/metainfo/zk/lang-addon.xml
with bundleresource://175.fwk976177856:30/metainfo/zk/lang-addon.xml [14]
12:16:43.875           WebUIServlet.init: iDempiere Web Client started successfully [14]
12:16:45.330-----------> AnnotationConfiguration.configure: ServletContainerInitializers: detected. Class hierarchy: empty [14]

*** 2016-06-27 12:16:45.646 idempiere Log (CLogFile) ***
12:16:48.030-----------> Node: [192.168.10.212]:5701 [adempiere.idempiere/localhost] [3.5.3] No join method is enabled! Starting standalone. [45]
12:19:39.945-----------> Prop.loadProperties: D:\idempiere\home.properties not found [34]
12:19:39.946-----------> Prop.loadProperties: !!WARNING:Please locate yout custom home.properties on iDEMPIERE_HOME. [34]
13:26:21.576-----------> ClusterService: [192.168.10.212]:5701 [adempiere.idempiere/localhost] [3.5.3] Resetting master confirmation timestamps because of huge system clock jump! Clock-Jump: 1494615ms, Master-Confirmation-Timeout: 500000ms. [83]
17:00:21.837===========> GridWindowVO.create: No Window - AD_Window_ID=120, AD_Role_ID=MRole[103,GardenWorld User,UserLevel=  O,AD_Client_ID IN(0,11),AD_Org_ID IN(50007,0,50000,50001,11)] - SELECT Name,Description,Help,WindowType, AD_Color_ID,AD_Image_ID,WinHeight,WinWidth, IsSOTrx, AD_Window_UU FROM AD_Window w WHERE w.AD_Window_ID=? AND w.IsActive='Y' [191]
17:00:21.971===========> CLogger.saveError: AccessTableNoView - (Not found) [191]
17:00:21.976===========> UiEngineImpl.handleError:  [191]
org.adempiere.webui.exception.ApplicationException: With your current role and settings, you cannot view this information 

You don't have the privileges (your Role does not allow to access the information) - or - set profile (e.g. if you want to see accounting records, Show Accounting must be set)(No Window Model Info)
	at org.adempiere.webui.adwindow.ADWindow.<init>(ADWindow.java:97)
	at org.adempiere.webui.desktop.TabbedDesktop.openWindow(TabbedDesktop.java:158)
	at org.adempiere.webui.desktop.TabbedDesktop.openWindow(TabbedDesktop.java:148)
	at org.adempiere.webui.apps.wf.WFPanel.start(WFPanel.java:283)
	at org.adempiere.webui.apps.wf.WFPanel.onEvent(WFPanel.java:271)
	at org.zkoss.zk.ui.AbstractComponent.onEvent(AbstractComponent.java:2773)
	at org.zkoss.zk.ui.AbstractComponent.service(AbstractComponent.java:2744)
	at org.zkoss.zk.ui.AbstractComponent.service(AbstractComponent.java:2685)
	at org.zkoss.zk.ui.impl.EventProcessor.process(EventProcessor.java:136)
	at org.zkoss.zk.ui.impl.UiEngineImpl.processEvent(UiEngineImpl.java:1765)
	at org.zkoss.zk.ui.impl.UiEngineImpl.process(UiEngineImpl.java:1550)
	at org.zkoss.zk.ui.impl.UiEngineImpl.execUpdate(UiEngineImpl.java:1260)
	at org.zkoss.zk.au.http.DHtmlUpdateServlet.process(DHtmlUpdateServlet.java:611)
	at org.zkoss.zk.au.http.DHtmlUpdateServlet.doGet(DHtmlUpdateServlet.java:485)
	at org.zkoss.zk.au.http.DHtmlUpdateServlet.doPost(DHtmlUpdateServlet.java:494)
	at javax.servlet.http.HttpServlet.service(HttpServlet.java:707)
	at javax.servlet.http.HttpServlet.service(HttpServlet.java:790)
	at org.eclipse.jetty.servlet.ServletHolder.handle(ServletHolder.java:808)
	at org.eclipse.jetty.servlet.ServletHandler.doHandle(ServletHandler.java:587)
	at org.eclipse.jetty.server.handler.ScopedHandler.handle(ScopedHandler.java:143)
	at org.eclipse.jetty.security.SecurityHandler.handle(SecurityHandler.java:577)
caused by: org.adempiere.webui.exception.ApplicationException: With your current role and settings, you cannot view this information 

You don't have the privileges (your Role does not allow to access the information) - or - set profile (e.g. if you want to see accounting records, Show Accounting must be set)(No Window Model Info)
	at org.adempiere.webui.adwindow.AbstractADWindowContent.initComponents(AbstractADWindowContent.java:256)
	at org.adempiere.webui.adwindow.AbstractADWindowContent.<init>(AbstractADWindowContent.java:207)
	at org.adempiere.webui.adwindow.ADWindowContent.<init>(ADWindowContent.java:72)
	at org.adempiere.webui.adwindow.ADWindow.init(ADWindow.java:103)
	at org.adempiere.webui.adwindow.ADWindow.<init>(ADWindow.java:94)
	at org.adempiere.webui.desktop.TabbedDesktop.openWindow(TabbedDesktop.java:158)
	at org.adempiere.webui.desktop.TabbedDesktop.openWindow(TabbedDesktop.java:148)
	at org.adempiere.webui.apps.wf.WFPanel.start(WFPanel.java:283)
	at org.adempiere.webui.apps.wf.WFPanel.onEvent(WFPanel.java:271)
	at org.zkoss.zk.ui.AbstractComponent.onEvent(AbstractComponent.java:2773)
	at org.zkoss.zk.ui.AbstractComponent.service(AbstractComponent.java:2744)
	at org.zkoss.zk.ui.AbstractComponent.service(AbstractComponent.java:2685)
	at org.zkoss.zk.ui.impl.EventProcessor.process(EventProcessor.java:136)
	at org.zkoss.zk.ui.impl.UiEngineImpl.processEvent(UiEngineImpl.java:1765)
	at org.zkoss.zk.ui.impl.UiEngineImpl.process(UiEngineImpl.java:1550)
	at org.zkoss.zk.ui.impl.UiEngineImpl.execUpdate(UiEngineImpl.java:1260)
	at org.zkoss.zk.au.http.DHtmlUpdateServlet.process(DHtmlUpdateServlet.java:611)
	at org.zkoss.zk.au.http.DHtmlUpdateServlet.doGet(DHtmlUpdateServlet.java:485)
	at org.zkoss.zk.au.http.DHtmlUpdateServlet.doPost(DHtmlUpdateServlet.java:494)
	at javax.servlet.http.HttpServlet.service(HttpServlet.java:707)
	at javax.servlet.http.HttpServlet.service(HttpServlet.java:790)

17:00:54.354===========> GridWindowVO.create: No Window - AD_Window_ID=120, AD_Role_ID=MRole[103,GardenWorld User,UserLevel=  O,AD_Client_ID IN(0,11),AD_Org_ID IN(50007,0,50000,50001,11)] - SELECT Name,Description,Help,WindowType, AD_Color_ID,AD_Image_ID,WinHeight,WinWidth, IsSOTrx, AD_Window_UU FROM AD_Window w WHERE w.AD_Window_ID=? AND w.IsActive='Y' [190]
17:00:54.378===========> CLogger.saveError: AccessTableNoView - (Not found) [190]
17:00:54.380===========> UiEngineImpl.handleError:  [190]
org.adempiere.webui.exception.ApplicationException: With your current role and settings, you cannot view this information 

You don't have the privileges (your Role does not allow to access the information) - or - set profile (e.g. if you want to see accounting records, Show Accounting must be set)(No Window Model Info)
	at org.adempiere.webui.adwindow.ADWindow.<init>(ADWindow.java:97)
	at org.adempiere.webui.desktop.TabbedDesktop.openWindow(TabbedDesktop.java:158)
	at org.adempiere.webui.desktop.TabbedDesktop.openWindow(TabbedDesktop.java:148)
	at org.adempiere.webui.apps.wf.WFPanel.start(WFPanel.java:283)
	at org.adempiere.webui.apps.wf.WFPanel.onEvent(WFPanel.java:271)
	at org.zkoss.zk.ui.AbstractComponent.onEvent(AbstractComponent.java:2773)
	at org.zkoss.zk.ui.AbstractComponent.service(AbstractComponent.java:2744)
	at org.zkoss.zk.ui.AbstractComponent.service(AbstractComponent.java:2685)
	at org.zkoss.zk.ui.impl.EventProcessor.process(EventProcessor.java:136)
	at org.zkoss.zk.ui.impl.UiEngineImpl.processEvent(UiEngineImpl.java:1765)
	at org.zkoss.zk.ui.impl.UiEngineImpl.process(UiEngineImpl.java:1550)
	at org.zkoss.zk.ui.impl.UiEngineImpl.execUpdate(UiEngineImpl.java:1260)
	at org.zkoss.zk.au.http.DHtmlUpdateServlet.process(DHtmlUpdateServlet.java:611)
	at org.zkoss.zk.au.http.DHtmlUpdateServlet.doGet(DHtmlUpdateServlet.java:485)
	at org.zkoss.zk.au.http.DHtmlUpdateServlet.doPost(DHtmlUpdateServlet.java:494)
	at javax.servlet.http.HttpServlet.service(HttpServlet.java:707)
	at javax.servlet.http.HttpServlet.service(HttpServlet.java:790)
	at org.eclipse.jetty.servlet.ServletHolder.handle(ServletHolder.java:808)
	at org.eclipse.jetty.servlet.ServletHandler.doHandle(ServletHandler.java:587)
	at org.eclipse.jetty.server.handler.ScopedHandler.handle(ScopedHandler.java:143)
	at org.eclipse.jetty.security.SecurityHandler.handle(SecurityHandler.java:577)
caused by: org.adempiere.webui.exception.ApplicationException: With your current role and settings, you cannot view this information 

You don't have the privileges (your Role does not allow to access the information) - or - set profile (e.g. if you want to see accounting records, Show Accounting must be set)(No Window Model Info)
	at org.adempiere.webui.adwindow.AbstractADWindowContent.initComponents(AbstractADWindowContent.java:256)
	at org.adempiere.webui.adwindow.AbstractADWindowContent.<init>(AbstractADWindowContent.java:207)
	at org.adempiere.webui.adwindow.ADWindowContent.<init>(ADWindowContent.java:72)
	at org.adempiere.webui.adwindow.ADWindow.init(ADWindow.java:103)
	at org.adempiere.webui.adwindow.ADWindow.<init>(ADWindow.java:94)
	at org.adempiere.webui.desktop.TabbedDesktop.openWindow(TabbedDesktop.java:158)
	at org.adempiere.webui.desktop.TabbedDesktop.openWindow(TabbedDesktop.java:148)
	at org.adempiere.webui.apps.wf.WFPanel.start(WFPanel.java:283)
	at org.adempiere.webui.apps.wf.WFPanel.onEvent(WFPanel.java:271)
	at org.zkoss.zk.ui.AbstractComponent.onEvent(AbstractComponent.java:2773)
	at org.zkoss.zk.ui.AbstractComponent.service(AbstractComponent.java:2744)
	at org.zkoss.zk.ui.AbstractComponent.service(AbstractComponent.java:2685)
	at org.zkoss.zk.ui.impl.EventProcessor.process(EventProcessor.java:136)
	at org.zkoss.zk.ui.impl.UiEngineImpl.processEvent(UiEngineImpl.java:1765)
	at org.zkoss.zk.ui.impl.UiEngineImpl.process(UiEngineImpl.java:1550)
	at org.zkoss.zk.ui.impl.UiEngineImpl.execUpdate(UiEngineImpl.java:1260)
	at org.zkoss.zk.au.http.DHtmlUpdateServlet.process(DHtmlUpdateServlet.java:611)
	at org.zkoss.zk.au.http.DHtmlUpdateServlet.doGet(DHtmlUpdateServlet.java:485)
	at org.zkoss.zk.au.http.DHtmlUpdateServlet.doPost(DHtmlUpdateServlet.java:494)
	at javax.servlet.http.HttpServlet.service(HttpServlet.java:707)
	at javax.servlet.http.HttpServlet.service(HttpServlet.java:790)

17:05:25.252===========> GridWindowVO.create: No Window - AD_Window_ID=138, AD_Role_ID=MRole[103,GardenWorld User,UserLevel=  O,AD_Client_ID IN(0,11),AD_Org_ID IN(50007,0,50000,50001,11)] - SELECT Name,Description,Help,WindowType, AD_Color_ID,AD_Image_ID,WinHeight,WinWidth, IsSOTrx, AD_Window_UU FROM AD_Window w WHERE w.AD_Window_ID=? AND w.IsActive='Y' [196]
17:05:25.274===========> CLogger.saveError: AccessTableNoView - (Not found) [196]
17:05:25.277===========> UiEngineImpl.handleError:  [196]
org.adempiere.webui.exception.ApplicationException: With your current role and settings, you cannot view this information 

You don't have the privileges (your Role does not allow to access the information) - or - set profile (e.g. if you want to see accounting records, Show Accounting must be set)(No Window Model Info)
	at org.adempiere.webui.adwindow.ADWindow.<init>(ADWindow.java:97)
	at org.adempiere.webui.desktop.TabbedDesktop.openWindow(TabbedDesktop.java:158)
	at org.adempiere.webui.desktop.TabbedDesktop.openWindow(TabbedDesktop.java:148)
	at org.adempiere.webui.apps.wf.WFPanel.start(WFPanel.java:283)
	at org.adempiere.webui.apps.wf.WFPanel.onEvent(WFPanel.java:271)
	at org.zkoss.zk.ui.AbstractComponent.onEvent(AbstractComponent.java:2773)
	at org.zkoss.zk.ui.AbstractComponent.service(AbstractComponent.java:2744)
	at org.zkoss.zk.ui.AbstractComponent.service(AbstractComponent.java:2685)
	at org.zkoss.zk.ui.impl.EventProcessor.process(EventProcessor.java:136)
	at org.zkoss.zk.ui.impl.UiEngineImpl.processEvent(UiEngineImpl.java:1765)
	at org.zkoss.zk.ui.impl.UiEngineImpl.process(UiEngineImpl.java:1550)
	at org.zkoss.zk.ui.impl.UiEngineImpl.execUpdate(UiEngineImpl.java:1260)
	at org.zkoss.zk.au.http.DHtmlUpdateServlet.process(DHtmlUpdateServlet.java:611)
	at org.zkoss.zk.au.http.DHtmlUpdateServlet.doGet(DHtmlUpdateServlet.java:485)
	at org.zkoss.zk.au.http.DHtmlUpdateServlet.doPost(DHtmlUpdateServlet.java:494)
	at javax.servlet.http.HttpServlet.service(HttpServlet.java:707)
	at javax.servlet.http.HttpServlet.service(HttpServlet.java:790)
	at org.eclipse.jetty.servlet.ServletHolder.handle(ServletHolder.java:808)
	at org.eclipse.jetty.servlet.ServletHandler.doHandle(ServletHandler.java:587)
	at org.eclipse.jetty.server.handler.ScopedHandler.handle(ScopedHandler.java:143)
	at org.eclipse.jetty.security.SecurityHandler.handle(SecurityHandler.java:577)
caused by: org.adempiere.webui.exception.ApplicationException: With your current role and settings, you cannot view this information 

You don't have the privileges (your Role does not allow to access the information) - or - set profile (e.g. if you want to see accounting records, Show Accounting must be set)(No Window Model Info)
	at org.adempiere.webui.adwindow.AbstractADWindowContent.initComponents(AbstractADWindowContent.java:256)
	at org.adempiere.webui.adwindow.AbstractADWindowContent.<init>(AbstractADWindowContent.java:207)
	at org.adempiere.webui.adwindow.ADWindowContent.<init>(ADWindowContent.java:72)
	at org.adempiere.webui.adwindow.ADWindow.init(ADWindow.java:103)
	at org.adempiere.webui.adwindow.ADWindow.<init>(ADWindow.java:94)
	at org.adempiere.webui.desktop.TabbedDesktop.openWindow(TabbedDesktop.java:158)
	at org.adempiere.webui.desktop.TabbedDesktop.openWindow(TabbedDesktop.java:148)
	at org.adempiere.webui.apps.wf.WFPanel.start(WFPanel.java:283)
	at org.adempiere.webui.apps.wf.WFPanel.onEvent(WFPanel.java:271)
	at org.zkoss.zk.ui.AbstractComponent.onEvent(AbstractComponent.java:2773)
	at org.zkoss.zk.ui.AbstractComponent.service(AbstractComponent.java:2744)
	at org.zkoss.zk.ui.AbstractComponent.service(AbstractComponent.java:2685)
	at org.zkoss.zk.ui.impl.EventProcessor.process(EventProcessor.java:136)
	at org.zkoss.zk.ui.impl.UiEngineImpl.processEvent(UiEngineImpl.java:1765)
	at org.zkoss.zk.ui.impl.UiEngineImpl.process(UiEngineImpl.java:1550)
	at org.zkoss.zk.ui.impl.UiEngineImpl.execUpdate(UiEngineImpl.java:1260)
	at org.zkoss.zk.au.http.DHtmlUpdateServlet.process(DHtmlUpdateServlet.java:611)
	at org.zkoss.zk.au.http.DHtmlUpdateServlet.doGet(DHtmlUpdateServlet.java:485)
	at org.zkoss.zk.au.http.DHtmlUpdateServlet.doPost(DHtmlUpdateServlet.java:494)
	at javax.servlet.http.HttpServlet.service(HttpServlet.java:707)
	at javax.servlet.http.HttpServlet.service(HttpServlet.java:790)

17:06:10.586===========> MProductPricing.calculatePL: No PriceList [196]
17:06:10.674===========> MProductPricing.calculatePL: No PriceList [196]
17:06:10.718===========> MProductPricing.calculatePL: No PriceList [196]
17:06:10.757-----------> Msg.getMsg: NOT found: Project : Landcape for New Complex , Number of lines Inserted = 3 [196]
