*** 2016-06-29 11:50:24.705 idempiere Log (CLogFile) ***
11:50:24.705 Adempiere.startup: iDempiere(r) Release 3.1_2015-10-31 -Smart Suite ERP, CRM and SCM- (c) 1999-2013 iDempiere(r); Implementation: iDempiere - Supported by iDempiere community [14]
11:50:24.705 Ini.loadProperties: D:\idempiere\idempiere.properties #33 [14]
11:50:25.535 DB.isBuildOK: Build DB=${env.ADEMPIERE_VERSION} 20080428-1232 [14]
11:50:25.535 DB.isBuildOK: Build Cl=3.1.0.qualifier [14]
11:50:25.551-----------> DB.isBuildOK: Build Version Error 

The program assumes build version 3.1.0.qualifier, but database has build version ${env.ADEMPIERE_VERSION} 20080428-1232. 
This is likely to cause hard to fix errors. 
Please contact administrator. [14]
11:50:25.667 Language.getLanguage: Adding Language=en, Country=US, Locale=en_US [14]
11:50:25.682 Language.getLanguage: Adding Language=en, Country=US, Locale=en_US [14]
11:50:25.915 WebEnv.initWeb: Servlet Context Init Parameters: iDempiere Root
ServerRoot=1 [14]
11:50:25.937-----------> EMail.setFrom: you @ company.org: javax.mail.internet.AddressException: Local address contains control or whitespace in string ``you @ company.org'' [14]
11:50:25.937-----------> EMail.addTo: you @ company.org: javax.mail.internet.AddressException: Local address contains control or whitespace in string ``you @ company.org'' [14]
11:50:25.937-----------> EMail.isValid: From is invalid=null [14]
11:50:25.937-----------> EMail.isValid: From is invalid=null [14]
11:50:25.937-----------> MClient.sendEMail: Could NOT Send Email: Server started: iDempiere (DESKTOP-K0DQ6Q3:192.168.10.212) to you @ company.org: Invalid Data (System) [14]
11:50:25.937 WebEnv.initWeb: Servlet Init Parameter: idempiereMonitor [14]
11:50:25.937 AdempiereMonitor.init:  [14]
11:50:27.755-----------> AnnotationConfiguration.configure: ServletContainerInitializers: detected. Class hierarchy: empty [14]
11:50:28.002-----------> ClassLocator.getDependentXMLResources: Replicate resource: ckez
Overwrite bundleresource://175.fwk1174037956:2/metainfo/zk/config.xml
with bundleresource://175.fwk1174037956:19/metainfo/zk/config.xml [14]
11:50:28.002-----------> ClassLocator.getDependentXMLResources: Replicate resource: zk
Overwrite bundleresource://175.fwk1174037956:11/metainfo/zk/config.xml
with bundleresource://175.fwk1174037956:28/metainfo/zk/config.xml [14]
11:50:28.018-----------> ClassLocator.getDependentXMLResources: Replicate resource: zkbind
Overwrite bundleresource://175.fwk1174037956:12/metainfo/zk/config.xml
with bundleresource://175.fwk1174037956:29/metainfo/zk/config.xml [14]
11:50:28.055-----------> ClassLocator.getDependentXMLResources: Replicate resource: zul
Overwrite bundleresource://175.fwk1174037956:14/metainfo/zk/zk.xml
with bundleresource://175.fwk1174037956:31/metainfo/zk/zk.xml [14]
11:50:28.403-----------> LanguageDefinition.<init>: Replicated language: xhtml, overriden by [LanguageDefinition: xhtml] [14]
11:50:28.440-----------> LanguageDefinition.<init>: Replicated language: xul/html, overriden by [LanguageDefinition: xul/html] [14]
11:50:28.487-----------> ClassLocator.getDependentXMLResources: Replicate resource: calendar
Overwrite bundleresource://175.fwk1174037956:1/metainfo/zk/lang-addon.xml
with bundleresource://175.fwk1174037956:18/metainfo/zk/lang-addon.xml [14]
11:50:28.503-----------> ClassLocator.getDependentXMLResources: Replicate resource: ckez
Overwrite bundleresource://175.fwk1174037956:2/metainfo/zk/lang-addon.xml
with bundleresource://175.fwk1174037956:19/metainfo/zk/lang-addon.xml [14]
11:50:28.503-----------> ClassLocator.getDependentXMLResources: Replicate resource: gmapsz
Overwrite bundleresource://175.fwk1174037956:5/metainfo/zk/lang-addon.xml
with bundleresource://175.fwk1174037956:22/metainfo/zk/lang-addon.xml [14]
11:50:28.503-----------> ClassLocator.getDependentXMLResources: Replicate resource: timeline
Overwrite bundleresource://175.fwk1174037956:6/metainfo/zk/lang-addon.xml
with bundleresource://175.fwk1174037956:23/metainfo/zk/lang-addon.xml [14]
11:50:28.503-----------> ClassLocator.getDependentXMLResources: Replicate resource: timeplot
Overwrite bundleresource://175.fwk1174037956:7/metainfo/zk/lang-addon.xml
with bundleresource://175.fwk1174037956:24/metainfo/zk/lang-addon.xml [14]
11:50:28.519-----------> ClassLocator.getDependentXMLResources: Replicate resource: zkbind
Overwrite bundleresource://175.fwk1174037956:12/metainfo/zk/lang-addon.xml
with bundleresource://175.fwk1174037956:29/metainfo/zk/lang-addon.xml [14]
11:50:28.535-----------> ClassLocator.getDependentXMLResources: Replicate resource: zkplus
Overwrite bundleresource://175.fwk1174037956:13/metainfo/zk/lang-addon.xml
with bundleresource://175.fwk1174037956:30/metainfo/zk/lang-addon.xml [14]
11:50:28.641           WebUIServlet.init: iDempiere Web Client started successfully [14]
11:50:30.059-----------> AnnotationConfiguration.configure: ServletContainerInitializers: detected. Class hierarchy: empty [14]

*** 2016-06-29 11:50:30.321 idempiere Log (CLogFile) ***
11:50:32.473-----------> Node: [192.168.10.212]:5701 [adempiere.idempiere/localhost] [3.5.3] No join method is enabled! Starting standalone. [38]
11:57:52.238-----------> Prop.loadProperties: D:\idempiere\home.properties not found [29]
11:57:52.239-----------> Prop.loadProperties: !!WARNING:Please locate yout custom home.properties on iDEMPIERE_HOME. [29]
12:09:09.038-----------> MRole.saveWarning: AccessTableNoView - Required=6(System & Client Data) != UserLevel=  O [34]
12:12:50.339-----------> Msg.getMsg: NOT found: Value Preference Version No [169]
12:13:11.109-----------> MRole.saveWarning: AccessTableNoView - Required=6(System & Client Data) != UserLevel=  O [169]
14:03:36.562-----------> ClusterService: [192.168.10.212]:5701 [adempiere.idempiere/localhost] [3.5.3] Resetting master confirmation timestamps because of huge system clock jump! Clock-Jump: 4173473ms, Master-Confirmation-Timeout: 500000ms. [84]
14:29:27.959-----------> MRole.saveWarning: AccessTableNoView - Required=6(System & Client Data) != UserLevel=  O [169]
16:33:54.833-----------> MRole.saveWarning: AccessTableNoView - Required=2(Client Data) != UserLevel=  O [171]
16:45:18.854-----------> MRole.saveWarning: AccessTableNoView - Required=6(System & Client Data) != UserLevel=  O [29]
16:45:18.862-----------> MRole.saveWarning: AccessTableNoView - Required=6(System & Client Data) != UserLevel=  O [29]
16:45:37.882-----------> MProductBOM.set_Value: BOMQty=0.0 - LessThanMinValue;0.0000000001 [169]
16:45:37.883===========> MProductBOM.saveError: LessThanMinValue - 0.0000000001 [169]
18:04:22.434-----------> MRole.saveWarning: AccessTableNoView - Required=2(Client Data) != UserLevel=  O [169]
18:04:22.440-----------> MRole.saveWarning: AccessTableNoView - Required=2(Client Data) != UserLevel=  O [169]
18:06:46.662-----------> MRole.saveWarning: AccessTableNoView - Required=6(System & Client Data) != UserLevel=  O [226]
18:06:46.671-----------> MRole.saveWarning: AccessTableNoView - Required=6(System & Client Data) != UserLevel=  O [226]
