*** 2016-06-27 10:17:02.438 idempiere Log (CLogFile) ***
10:17:02.437 Adempiere.startup: iDempiere(r) Release 3.1_2015-10-31 -Smart Suite ERP, CRM and SCM- (c) 1999-2013 iDempiere(r); Implementation: iDempiere - Supported by iDempiere community [14]
10:17:02.442 Ini.loadProperties: D:\idempiere\idempiere.properties #33 [14]
10:17:03.789 DB.isBuildOK: Build DB=${env.ADEMPIERE_VERSION} 20080428-1232 [14]
10:17:03.789 DB.isBuildOK: Build Cl=3.1.0.qualifier [14]
10:17:03.877-----------> DB.isBuildOK: Build Version Error 

The program assumes build version 3.1.0.qualifier, but database has build version ${env.ADEMPIERE_VERSION} 20080428-1232. 
This is likely to cause hard to fix errors. 
Please contact administrator. [14]
10:17:04.341 Language.getLanguage: Adding Language=en, Country=US, Locale=en_US [14]
10:17:04.344 Language.getLanguage: Adding Language=en, Country=US, Locale=en_US [14]
10:17:05.254 WebEnv.initWeb: Servlet Context Init Parameters: iDempiere Root
ServerRoot=1 [14]
10:17:05.268-----------> EMail.setFrom: you @ company.org: javax.mail.internet.AddressException: Local address contains control or whitespace in string ``you @ company.org'' [14]
10:17:05.273-----------> EMail.addTo: you @ company.org: javax.mail.internet.AddressException: Local address contains control or whitespace in string ``you @ company.org'' [14]
10:17:05.273-----------> EMail.isValid: From is invalid=null [14]
10:17:05.273-----------> EMail.isValid: From is invalid=null [14]
10:17:05.273-----------> MClient.sendEMail: Could NOT Send Email: Server started: iDempiere (DESKTOP-K0DQ6Q3:192.168.10.212) to you @ company.org: Invalid Data (System) [14]
10:17:05.273 WebEnv.initWeb: Servlet Init Parameter: idempiereMonitor [14]
10:17:05.274 AdempiereMonitor.init:  [14]
10:17:07.814-----------> AnnotationConfiguration.configure: ServletContainerInitializers: detected. Class hierarchy: empty [14]
10:17:08.070-----------> ClassLocator.getDependentXMLResources: Replicate resource: ckez
Overwrite bundleresource://174.fwk147000507:2/metainfo/zk/config.xml
with bundleresource://174.fwk147000507:19/metainfo/zk/config.xml [14]
10:17:08.075-----------> ClassLocator.getDependentXMLResources: Replicate resource: zk
Overwrite bundleresource://174.fwk147000507:11/metainfo/zk/config.xml
with bundleresource://174.fwk147000507:28/metainfo/zk/config.xml [14]
10:17:08.080-----------> ClassLocator.getDependentXMLResources: Replicate resource: zkbind
Overwrite bundleresource://174.fwk147000507:12/metainfo/zk/config.xml
with bundleresource://174.fwk147000507:29/metainfo/zk/config.xml [14]
10:17:08.103-----------> ClassLocator.getDependentXMLResources: Replicate resource: zul
Overwrite bundleresource://174.fwk147000507:14/metainfo/zk/zk.xml
with bundleresource://174.fwk147000507:31/metainfo/zk/zk.xml [14]
10:17:08.485-----------> LanguageDefinition.<init>: Replicated language: xhtml, overriden by [LanguageDefinition: xhtml] [14]
10:17:08.507-----------> LanguageDefinition.<init>: Replicated language: xul/html, overriden by [LanguageDefinition: xul/html] [14]
10:17:08.563-----------> ClassLocator.getDependentXMLResources: Replicate resource: calendar
Overwrite bundleresource://174.fwk147000507:1/metainfo/zk/lang-addon.xml
with bundleresource://174.fwk147000507:18/metainfo/zk/lang-addon.xml [14]
10:17:08.567-----------> ClassLocator.getDependentXMLResources: Replicate resource: ckez
Overwrite bundleresource://174.fwk147000507:2/metainfo/zk/lang-addon.xml
with bundleresource://174.fwk147000507:19/metainfo/zk/lang-addon.xml [14]
10:17:08.572-----------> ClassLocator.getDependentXMLResources: Replicate resource: gmapsz
Overwrite bundleresource://174.fwk147000507:5/metainfo/zk/lang-addon.xml
with bundleresource://174.fwk147000507:22/metainfo/zk/lang-addon.xml [14]
10:17:08.575-----------> ClassLocator.getDependentXMLResources: Replicate resource: timeline
Overwrite bundleresource://174.fwk147000507:6/metainfo/zk/lang-addon.xml
with bundleresource://174.fwk147000507:23/metainfo/zk/lang-addon.xml [14]
10:17:08.579-----------> ClassLocator.getDependentXMLResources: Replicate resource: timeplot
Overwrite bundleresource://174.fwk147000507:7/metainfo/zk/lang-addon.xml
with bundleresource://174.fwk147000507:24/metainfo/zk/lang-addon.xml [14]
10:17:08.599-----------> ClassLocator.getDependentXMLResources: Replicate resource: zkbind
Overwrite bundleresource://174.fwk147000507:12/metainfo/zk/lang-addon.xml
with bundleresource://174.fwk147000507:29/metainfo/zk/lang-addon.xml [14]
10:17:08.606-----------> ClassLocator.getDependentXMLResources: Replicate resource: zkplus
Overwrite bundleresource://174.fwk147000507:13/metainfo/zk/lang-addon.xml
with bundleresource://174.fwk147000507:30/metainfo/zk/lang-addon.xml [14]
10:17:08.707           WebUIServlet.init: iDempiere Web Client started successfully [14]
10:17:10.205-----------> AnnotationConfiguration.configure: ServletContainerInitializers: detected. Class hierarchy: empty [14]

*** 2016-06-27 10:17:10.465 idempiere Log (CLogFile) ***
10:17:12.728-----------> Node: [192.168.10.212]:5701 [adempiere.idempiere/localhost] [3.5.3] No join method is enabled! Starting standalone. [38]
10:17:33.357-----------> Prop.loadProperties: D:\idempiere\home.properties not found [31]
10:17:33.358-----------> Prop.loadProperties: !!WARNING:Please locate yout custom home.properties on iDEMPIERE_HOME. [31]
