*** 2016-07-06 15:31:39.807 idempiere Log (CLogFile) ***
15:31:39.806 Adempiere.startup: iDempiere(r) Release 3.1_2015-10-31 -Smart Suite ERP, CRM and SCM- (c) 1999-2013 iDempiere(r); Implementation: iDempiere - Supported by iDempiere community [14]
15:31:39.814 Ini.loadProperties: D:\idempiere\idempiere.properties #33 [14]
15:31:41.093 DB.isBuildOK: Build DB=${env.ADEMPIERE_VERSION} 20080428-1232 [14]
15:31:41.093 DB.isBuildOK: Build Cl=3.1.0.qualifier [14]
15:31:41.166-----------> DB.isBuildOK: Build Version Error 

The program assumes build version 3.1.0.qualifier, but database has build version ${env.ADEMPIERE_VERSION} 20080428-1232. 
This is likely to cause hard to fix errors. 
Please contact administrator. [14]
15:31:41.539 Language.getLanguage: Adding Language=en, Country=US, Locale=en_US [14]
15:31:41.542 Language.getLanguage: Adding Language=en, Country=US, Locale=en_US [14]
15:31:42.319 WebEnv.initWeb: Servlet Context Init Parameters: iDempiere Root
ServerRoot=1 [14]
15:31:42.343-----------> EMail.setFrom: you @ company.org: javax.mail.internet.AddressException: Local address contains control or whitespace in string ``you @ company.org'' [14]
15:31:42.346-----------> EMail.addTo: you @ company.org: javax.mail.internet.AddressException: Local address contains control or whitespace in string ``you @ company.org'' [14]
15:31:42.346-----------> EMail.isValid: From is invalid=null [14]
15:31:42.346-----------> EMail.isValid: From is invalid=null [14]
15:31:42.347-----------> MClient.sendEMail: Could NOT Send Email: Server started: iDempiere (DESKTOP-K0DQ6Q3:192.168.10.212) to you @ company.org: Invalid Data (System) [14]
15:31:42.347 WebEnv.initWeb: Servlet Init Parameter: idempiereMonitor [14]
15:31:42.347 AdempiereMonitor.init:  [14]
15:31:44.644-----------> AnnotationConfiguration.configure: ServletContainerInitializers: detected. Class hierarchy: empty [14]
15:31:44.899-----------> ClassLocator.getDependentXMLResources: Replicate resource: ckez
Overwrite bundleresource://175.fwk976177856:2/metainfo/zk/config.xml
with bundleresource://175.fwk976177856:19/metainfo/zk/config.xml [14]
15:31:44.904-----------> ClassLocator.getDependentXMLResources: Replicate resource: zk
Overwrite bundleresource://175.fwk976177856:11/metainfo/zk/config.xml
with bundleresource://175.fwk976177856:28/metainfo/zk/config.xml [14]
15:31:44.909-----------> ClassLocator.getDependentXMLResources: Replicate resource: zkbind
Overwrite bundleresource://175.fwk976177856:12/metainfo/zk/config.xml
with bundleresource://175.fwk976177856:29/metainfo/zk/config.xml [14]
15:31:44.942-----------> ClassLocator.getDependentXMLResources: Replicate resource: zul
Overwrite bundleresource://175.fwk976177856:14/metainfo/zk/zk.xml
with bundleresource://175.fwk976177856:31/metainfo/zk/zk.xml [14]
15:31:45.400-----------> LanguageDefinition.<init>: Replicated language: xhtml, overriden by [LanguageDefinition: xhtml] [14]
15:31:45.428-----------> LanguageDefinition.<init>: Replicated language: xul/html, overriden by [LanguageDefinition: xul/html] [14]
15:31:45.488-----------> ClassLocator.getDependentXMLResources: Replicate resource: calendar
Overwrite bundleresource://175.fwk976177856:1/metainfo/zk/lang-addon.xml
with bundleresource://175.fwk976177856:18/metainfo/zk/lang-addon.xml [14]
15:31:45.490-----------> ClassLocator.getDependentXMLResources: Replicate resource: ckez
Overwrite bundleresource://175.fwk976177856:2/metainfo/zk/lang-addon.xml
with bundleresource://175.fwk976177856:19/metainfo/zk/lang-addon.xml [14]
15:31:45.494-----------> ClassLocator.getDependentXMLResources: Replicate resource: gmapsz
Overwrite bundleresource://175.fwk976177856:5/metainfo/zk/lang-addon.xml
with bundleresource://175.fwk976177856:22/metainfo/zk/lang-addon.xml [14]
15:31:45.497-----------> ClassLocator.getDependentXMLResources: Replicate resource: timeline
Overwrite bundleresource://175.fwk976177856:6/metainfo/zk/lang-addon.xml
with bundleresource://175.fwk976177856:23/metainfo/zk/lang-addon.xml [14]
15:31:45.502-----------> ClassLocator.getDependentXMLResources: Replicate resource: timeplot
Overwrite bundleresource://175.fwk976177856:7/metainfo/zk/lang-addon.xml
with bundleresource://175.fwk976177856:24/metainfo/zk/lang-addon.xml [14]
15:31:45.515-----------> ClassLocator.getDependentXMLResources: Replicate resource: zkbind
Overwrite bundleresource://175.fwk976177856:12/metainfo/zk/lang-addon.xml
with bundleresource://175.fwk976177856:29/metainfo/zk/lang-addon.xml [14]
15:31:45.523-----------> ClassLocator.getDependentXMLResources: Replicate resource: zkplus
Overwrite bundleresource://175.fwk976177856:13/metainfo/zk/lang-addon.xml
with bundleresource://175.fwk976177856:30/metainfo/zk/lang-addon.xml [14]
15:31:45.628           WebUIServlet.init: iDempiere Web Client started successfully [14]
15:31:47.156-----------> AnnotationConfiguration.configure: ServletContainerInitializers: detected. Class hierarchy: empty [14]

*** 2016-07-06 15:31:47.446 idempiere Log (CLogFile) ***
15:31:49.722-----------> Node: [192.168.10.212]:5701 [adempiere.idempiere/127.0.0.1] [3.5.3] No join method is enabled! Starting standalone. [38]
