*** 2016-07-05 12:17:22.537 idempiere Log (CLogFile) ***
12:17:22.537 Adempiere.startup: iDempiere(r) Release 3.1_2015-10-31 -Smart Suite ERP, CRM and SCM- (c) 1999-2013 iDempiere(r); Implementation: iDempiere - Supported by iDempiere community [14]
12:17:22.542 Ini.loadProperties: D:\idempiere\idempiere.properties #33 [14]
12:17:23.307 DB.isBuildOK: Build DB=${env.ADEMPIERE_VERSION} 20080428-1232 [14]
12:17:23.307 DB.isBuildOK: Build Cl=3.1.0.qualifier [14]
12:17:23.329-----------> DB.isBuildOK: Build Version Error 

The program assumes build version 3.1.0.qualifier, but database has build version ${env.ADEMPIERE_VERSION} 20080428-1232. 
This is likely to cause hard to fix errors. 
Please contact administrator. [14]
12:17:23.445 Language.getLanguage: Adding Language=en, Country=US, Locale=en_US [14]
12:17:23.448 Language.getLanguage: Adding Language=en, Country=US, Locale=en_US [14]
12:17:23.515 WebEnv.initWeb: Servlet Context Init Parameters: iDempiere Root
ServerRoot=1 [14]
12:17:23.528-----------> EMail.setFrom: you @ company.org: javax.mail.internet.AddressException: Local address contains control or whitespace in string ``you @ company.org'' [14]
12:17:23.531-----------> EMail.addTo: you @ company.org: javax.mail.internet.AddressException: Local address contains control or whitespace in string ``you @ company.org'' [14]
12:17:23.531-----------> EMail.isValid: From is invalid=null [14]
12:17:23.531-----------> EMail.isValid: From is invalid=null [14]
12:17:23.531-----------> MClient.sendEMail: Could NOT Send Email: Server started: iDempiere (DESKTOP-K0DQ6Q3:192.168.10.212) to you @ company.org: Invalid Data (System) [14]
12:17:23.532 WebEnv.initWeb: Servlet Init Parameter: idempiereMonitor [14]
12:17:23.532 AdempiereMonitor.init:  [14]
12:17:25.344-----------> AnnotationConfiguration.configure: ServletContainerInitializers: detected. Class hierarchy: empty [14]
12:17:25.586-----------> ClassLocator.getDependentXMLResources: Replicate resource: ckez
Overwrite bundleresource://175.fwk976177856:2/metainfo/zk/config.xml
with bundleresource://175.fwk976177856:19/metainfo/zk/config.xml [14]
12:17:25.591-----------> ClassLocator.getDependentXMLResources: Replicate resource: zk
Overwrite bundleresource://175.fwk976177856:11/metainfo/zk/config.xml
with bundleresource://175.fwk976177856:28/metainfo/zk/config.xml [14]
12:17:25.595-----------> ClassLocator.getDependentXMLResources: Replicate resource: zkbind
Overwrite bundleresource://175.fwk976177856:12/metainfo/zk/config.xml
with bundleresource://175.fwk976177856:29/metainfo/zk/config.xml [14]
12:17:25.619-----------> ClassLocator.getDependentXMLResources: Replicate resource: zul
Overwrite bundleresource://175.fwk976177856:14/metainfo/zk/zk.xml
with bundleresource://175.fwk976177856:31/metainfo/zk/zk.xml [14]
12:17:25.968-----------> LanguageDefinition.<init>: Replicated language: xhtml, overriden by [LanguageDefinition: xhtml] [14]
12:17:26.004-----------> LanguageDefinition.<init>: Replicated language: xul/html, overriden by [LanguageDefinition: xul/html] [14]
12:17:26.069-----------> ClassLocator.getDependentXMLResources: Replicate resource: calendar
Overwrite bundleresource://175.fwk976177856:1/metainfo/zk/lang-addon.xml
with bundleresource://175.fwk976177856:18/metainfo/zk/lang-addon.xml [14]
12:17:26.075-----------> ClassLocator.getDependentXMLResources: Replicate resource: ckez
Overwrite bundleresource://175.fwk976177856:2/metainfo/zk/lang-addon.xml
with bundleresource://175.fwk976177856:19/metainfo/zk/lang-addon.xml [14]
12:17:26.084-----------> ClassLocator.getDependentXMLResources: Replicate resource: gmapsz
Overwrite bundleresource://175.fwk976177856:5/metainfo/zk/lang-addon.xml
with bundleresource://175.fwk976177856:22/metainfo/zk/lang-addon.xml [14]
12:17:26.089-----------> ClassLocator.getDependentXMLResources: Replicate resource: timeline
Overwrite bundleresource://175.fwk976177856:6/metainfo/zk/lang-addon.xml
with bundleresource://175.fwk976177856:23/metainfo/zk/lang-addon.xml [14]
12:17:26.098-----------> ClassLocator.getDependentXMLResources: Replicate resource: timeplot
Overwrite bundleresource://175.fwk976177856:7/metainfo/zk/lang-addon.xml
with bundleresource://175.fwk976177856:24/metainfo/zk/lang-addon.xml [14]
12:17:26.119-----------> ClassLocator.getDependentXMLResources: Replicate resource: zkbind
Overwrite bundleresource://175.fwk976177856:12/metainfo/zk/lang-addon.xml
with bundleresource://175.fwk976177856:29/metainfo/zk/lang-addon.xml [14]
12:17:26.136-----------> ClassLocator.getDependentXMLResources: Replicate resource: zkplus
Overwrite bundleresource://175.fwk976177856:13/metainfo/zk/lang-addon.xml
with bundleresource://175.fwk976177856:30/metainfo/zk/lang-addon.xml [14]
12:17:26.257           WebUIServlet.init: iDempiere Web Client started successfully [14]
12:17:27.795-----------> AnnotationConfiguration.configure: ServletContainerInitializers: detected. Class hierarchy: empty [14]

*** 2016-07-05 12:17:28.054 idempiere Log (CLogFile) ***
12:17:29.914-----------> Node: [192.168.10.212]:5701 [adempiere.idempiere/127.0.0.1] [3.5.3] No join method is enabled! Starting standalone. [38]
12:18:35.681-----------> DefaultProcessFactory.newProcessInstance: org.zzyan.process.MyProcess [51]
java.lang.ClassNotFoundException: org.zzyan.process.MyProcess cannot be found by org.adempiere.base_3.1.0.qualifier
	at org.eclipse.osgi.internal.loader.BundleLoader.findClassInternal(BundleLoader.java:432)
	at org.eclipse.osgi.internal.loader.BundleLoader.findClass(BundleLoader.java:345)
	at org.eclipse.osgi.internal.loader.BundleLoader.findClass(BundleLoader.java:337)
	at org.eclipse.osgi.internal.loader.ModuleClassLoader.loadClass(ModuleClassLoader.java:160)
	at java.lang.ClassLoader.loadClass(Unknown Source)
	at org.adempiere.base.DefaultProcessFactory.newProcessInstance(DefaultProcessFactory.java:64)
	at org.adempiere.base.Core.getProcess(Core.java:127)
	at org.adempiere.util.ProcessUtil.startJavaProcess(ProcessUtil.java:159)
	at org.compiere.apps.AbstractProcessCtl.startProcess(AbstractProcessCtl.java:466)
	at org.compiere.apps.AbstractProcessCtl.run(AbstractProcessCtl.java:234)
	at org.adempiere.webui.apps.WProcessCtl.process(WProcessCtl.java:197)
	at org.adempiere.webui.apps.AbstractProcessDialog$ProcessDialogRunnable.doRun(AbstractProcessDialog.java:1060)
	at org.adempiere.util.ContextRunnable.run(ContextRunnable.java:38)
	at org.adempiere.webui.apps.DesktopRunnable.run(DesktopRunnable.java:40)
	at java.util.concurrent.Executors$RunnableAdapter.call(Unknown Source)
	at java.util.concurrent.FutureTask.run(Unknown Source)
	at java.util.concurrent.ScheduledThreadPoolExecutor$ScheduledFutureTask.access$201(Unknown Source)
	at java.util.concurrent.ScheduledThreadPoolExecutor$ScheduledFutureTask.run(Unknown Source)
	at java.util.concurrent.ThreadPoolExecutor.runWorker(Unknown Source)
	at java.util.concurrent.ThreadPoolExecutor$Worker.run(Unknown Source)
	at java.lang.Thread.run(Unknown Source)

13:46:03.587-----------> ClusterService: [192.168.10.212]:5701 [adempiere.idempiere/127.0.0.1] [3.5.3] Resetting master confirmation timestamps because of huge system clock jump! Clock-Jump: 3187034ms, Master-Confirmation-Timeout: 500000ms. [98]
14:00:25.612===========> MLookupFactory.getLookup_TableDir: Key does not end with '_ID': status_id [156]
14:00:25.673===========> MLookupFactory.getLookupInfo: No SQL - status_id [156]
14:00:25.707===========> MLookupFactory.getLookup_TableDir: Key does not end with '_ID': user_id [156]
14:00:25.721===========> MLookupFactory.getLookupInfo: No SQL - user_id [156]
14:00:25.955===========> MLookupFactory.getLookup_TableDir: Key does not end with '_ID': project_version_id [156]
14:00:25.972===========> MLookupFactory.getLookupInfo: No SQL - project_version_id [156]
14:00:25.990===========> MLookupFactory.getLookup_TableDir: Key does not end with '_ID': user_id [156]
14:00:26.009===========> MLookupFactory.getLookupInfo: No SQL - user_id [156]
14:06:24.481-----------> MyProcess.prepare: ------- Here I'm in the prepare() method [50]
14:06:24.487-----------> MyProcess.doIt: --------- Here I'm in the doIt() method [50]
14:08:00.710-----------> MyProcess.prepare: ------- Here I'm in the prepare() method [47]
14:08:00.713-----------> MyProcess.doIt: --------- Here I'm in the doIt() method [47]
14:08:13.861===========> UiEngineImpl.handleError:  [30]
java.lang.IndexOutOfBoundsException: Index: 2
	at java.util.AbstractSequentialList.get(Unknown Source)
	at org.adempiere.webui.adwindow.GridTabRowRenderer.editCurrentRow(GridTabRowRenderer.java:669)
	at org.adempiere.webui.adwindow.GridView.onEvent(GridView.java:680)
	at org.zkoss.zk.ui.AbstractComponent.onEvent(AbstractComponent.java:2773)
	at org.zkoss.zk.ui.AbstractComponent.service(AbstractComponent.java:2744)
	at org.zkoss.zk.ui.AbstractComponent.service(AbstractComponent.java:2685)
	at org.zkoss.zk.ui.impl.EventProcessor.process(EventProcessor.java:136)
	at org.zkoss.zk.ui.event.Events.sendEvent(Events.java:325)
	at org.adempiere.webui.adwindow.GridTabRowRenderer$RowListener.onEvent(GridTabRowRenderer.java:842)
	at org.zkoss.zk.ui.AbstractComponent.onEvent(AbstractComponent.java:2773)
	at org.zkoss.zk.ui.AbstractComponent.service(AbstractComponent.java:2744)
	at org.zkoss.zk.ui.AbstractComponent.service(AbstractComponent.java:2685)
	at org.zkoss.zk.ui.impl.EventProcessor.process(EventProcessor.java:136)
	at org.zkoss.zk.ui.impl.UiEngineImpl.processEvent(UiEngineImpl.java:1765)
	at org.zkoss.zk.ui.impl.UiEngineImpl.process(UiEngineImpl.java:1550)
	at org.zkoss.zk.ui.impl.UiEngineImpl.execUpdate(UiEngineImpl.java:1260)
	at org.zkoss.zk.au.http.DHtmlUpdateServlet.process(DHtmlUpdateServlet.java:611)
	at org.zkoss.zk.au.http.DHtmlUpdateServlet.doGet(DHtmlUpdateServlet.java:485)
	at org.zkoss.zk.au.http.DHtmlUpdateServlet.doPost(DHtmlUpdateServlet.java:494)
	at javax.servlet.http.HttpServlet.service(HttpServlet.java:707)
	at javax.servlet.http.HttpServlet.service(HttpServlet.java:790)

