*** 2016-06-12 10:56:21.463 idempiere Log (CLogFile) ***
10:56:21.463 Adempiere.startup: iDempiere(r) Release 3.1_2015-10-31 -Smart Suite ERP, CRM and SCM- (c) 1999-2013 iDempiere(r); Implementation: ${env.ADEMPIERE_VERSION} 20080428-1232 - Supported by iDempiere community [17]
10:56:21.469 Ini.loadProperties: D:\idempiere\idempiere.properties #28 [17]
10:56:22.558 DB.isBuildOK: Build DB=${env.ADEMPIERE_VERSION} 20080428-1232 [17]
10:56:22.559 DB.isBuildOK: Build Cl=3.1.0.qualifier [17]
10:56:22.590-----------> DB.isBuildOK: Build Version Error 

The program assumes build version 3.1.0.qualifier, but database has build version ${env.ADEMPIERE_VERSION} 20080428-1232. 
This is likely to cause hard to fix errors. 
Please contact administrator. [17]
10:56:22.743 Language.getLanguage: Adding Language=en, Country=US, Locale=en_US [17]
10:56:22.746 Language.getLanguage: Adding Language=en, Country=US, Locale=en_US [17]
10:56:22.861 WebEnv.initWeb: Servlet Context Init Parameters: iDempiere Root
ServerRoot=1 [17]
10:56:22.883-----------> EMail.setFrom: you @ company.org: javax.mail.internet.AddressException: Local address contains control or whitespace in string ``you @ company.org'' [17]
10:56:22.886-----------> EMail.addTo: you @ company.org: javax.mail.internet.AddressException: Local address contains control or whitespace in string ``you @ company.org'' [17]
10:56:22.886-----------> EMail.isValid: From is invalid=null [17]
10:56:22.887-----------> EMail.isValid: From is invalid=null [17]
10:56:22.887-----------> MClient.sendEMail: Could NOT Send Email: Server started: iDempiere (DESKTOP-K0DQ6Q3:192.168.10.212) to you @ company.org: Invalid Data (System) [17]
10:56:22.887 WebEnv.initWeb: Servlet Init Parameter: idempiereMonitor [17]
10:56:22.887 AdempiereMonitor.init:  [17]
10:56:25.700-----------> AnnotationConfiguration.configure: ServletContainerInitializers: detected. Class hierarchy: empty [17]
10:56:26.001-----------> ClassLocator.getDependentXMLResources: Replicate resource: ckez
Overwrite bundleresource://174.fwk1360895141:2/metainfo/zk/config.xml
with bundleresource://174.fwk1360895141:19/metainfo/zk/config.xml [17]
10:56:26.008-----------> ClassLocator.getDependentXMLResources: Replicate resource: zk
Overwrite bundleresource://174.fwk1360895141:11/metainfo/zk/config.xml
with bundleresource://174.fwk1360895141:28/metainfo/zk/config.xml [17]
10:56:26.014-----------> ClassLocator.getDependentXMLResources: Replicate resource: zkbind
Overwrite bundleresource://174.fwk1360895141:12/metainfo/zk/config.xml
with bundleresource://174.fwk1360895141:29/metainfo/zk/config.xml [17]
10:56:26.045-----------> ClassLocator.getDependentXMLResources: Replicate resource: zul
Overwrite bundleresource://174.fwk1360895141:14/metainfo/zk/zk.xml
with bundleresource://174.fwk1360895141:31/metainfo/zk/zk.xml [17]
10:56:26.490-----------> LanguageDefinition.<init>: Replicated language: xhtml, overriden by [LanguageDefinition: xhtml] [17]
10:56:26.517-----------> LanguageDefinition.<init>: Replicated language: xul/html, overriden by [LanguageDefinition: xul/html] [17]
10:56:26.588-----------> ClassLocator.getDependentXMLResources: Replicate resource: calendar
Overwrite bundleresource://174.fwk1360895141:1/metainfo/zk/lang-addon.xml
with bundleresource://174.fwk1360895141:18/metainfo/zk/lang-addon.xml [17]
10:56:26.592-----------> ClassLocator.getDependentXMLResources: Replicate resource: ckez
Overwrite bundleresource://174.fwk1360895141:2/metainfo/zk/lang-addon.xml
with bundleresource://174.fwk1360895141:19/metainfo/zk/lang-addon.xml [17]
10:56:26.600-----------> ClassLocator.getDependentXMLResources: Replicate resource: gmapsz
Overwrite bundleresource://174.fwk1360895141:5/metainfo/zk/lang-addon.xml
with bundleresource://174.fwk1360895141:22/metainfo/zk/lang-addon.xml [17]
10:56:26.606-----------> ClassLocator.getDependentXMLResources: Replicate resource: timeline
Overwrite bundleresource://174.fwk1360895141:6/metainfo/zk/lang-addon.xml
with bundleresource://174.fwk1360895141:23/metainfo/zk/lang-addon.xml [17]
10:56:26.610-----------> ClassLocator.getDependentXMLResources: Replicate resource: timeplot
Overwrite bundleresource://174.fwk1360895141:7/metainfo/zk/lang-addon.xml
with bundleresource://174.fwk1360895141:24/metainfo/zk/lang-addon.xml [17]
10:56:26.625-----------> ClassLocator.getDependentXMLResources: Replicate resource: zkbind
Overwrite bundleresource://174.fwk1360895141:12/metainfo/zk/lang-addon.xml
with bundleresource://174.fwk1360895141:29/metainfo/zk/lang-addon.xml [17]
10:56:26.631-----------> ClassLocator.getDependentXMLResources: Replicate resource: zkplus
Overwrite bundleresource://174.fwk1360895141:13/metainfo/zk/lang-addon.xml
with bundleresource://174.fwk1360895141:30/metainfo/zk/lang-addon.xml [17]
10:56:26.758           WebUIServlet.init: iDempiere Web Client started successfully [17]
10:56:28.840-----------> AnnotationConfiguration.configure: ServletContainerInitializers: detected. Class hierarchy: empty [17]

*** 2016-06-12 10:56:29.196 idempiere Log (CLogFile) ***
10:56:31.882-----------> Node: [192.168.10.212]:5701 [adempiere.idempiere/127.0.0.1] [3.5.3] No join method is enabled! Starting standalone. [42]
