*** 2016-06-11 21:57:28.474 idempiere Log (CLogFile) ***
21:57:28.471 Adempiere.startup: iDempiere(r) Release 3.1_2015-10-31 -Smart Suite ERP, CRM and SCM- (c) 1999-2013 iDempiere(r); Implementation: iDempiere - Supported by iDempiere community [14]
21:57:28.480 Ini.loadProperties: D:\idempiere\idempiere.properties #28 [14]
21:57:29.319 DB.isBuildOK: Build DB=${env.ADEMPIERE_VERSION} 20080428-1232 [14]
21:57:29.319 DB.isBuildOK: Build Cl=3.1.0.qualifier [14]
21:57:29.346-----------> DB.isBuildOK: Build Version Error 

The program assumes build version 3.1.0.qualifier, but database has build version ${env.ADEMPIERE_VERSION} 20080428-1232. 
This is likely to cause hard to fix errors. 
Please contact administrator. [14]
21:57:29.514 Language.getLanguage: Adding Language=en, Country=US, Locale=en_US [14]
21:57:29.517 Language.getLanguage: Adding Language=en, Country=US, Locale=en_US [14]
21:57:29.587 WebEnv.initWeb: Servlet Context Init Parameters: iDempiere Root
ServerRoot=1 [14]
21:57:29.601-----------> EMail.setFrom: you @ company.org: javax.mail.internet.AddressException: Local address contains control or whitespace in string ``you @ company.org'' [14]
21:57:29.606-----------> EMail.addTo: you @ company.org: javax.mail.internet.AddressException: Local address contains control or whitespace in string ``you @ company.org'' [14]
21:57:29.606-----------> EMail.isValid: From is invalid=null [14]
21:57:29.606-----------> EMail.isValid: From is invalid=null [14]
21:57:29.606-----------> MClient.sendEMail: Could NOT Send Email: Server started: iDempiere (DESKTOP-K0DQ6Q3:192.168.0.108) to you @ company.org: Invalid Data (System) [14]
21:57:29.607 WebEnv.initWeb: Servlet Init Parameter: idempiereMonitor [14]
21:57:29.607 AdempiereMonitor.init:  [14]
21:57:32.233-----------> AnnotationConfiguration.configure: ServletContainerInitializers: detected. Class hierarchy: empty [14]
21:57:32.504-----------> ClassLocator.getDependentXMLResources: Replicate resource: ckez
Overwrite bundleresource://174.fwk976177856:2/metainfo/zk/config.xml
with bundleresource://174.fwk976177856:19/metainfo/zk/config.xml [14]
21:57:32.509-----------> ClassLocator.getDependentXMLResources: Replicate resource: zk
Overwrite bundleresource://174.fwk976177856:11/metainfo/zk/config.xml
with bundleresource://174.fwk976177856:28/metainfo/zk/config.xml [14]
21:57:32.513-----------> ClassLocator.getDependentXMLResources: Replicate resource: zkbind
Overwrite bundleresource://174.fwk976177856:12/metainfo/zk/config.xml
with bundleresource://174.fwk976177856:29/metainfo/zk/config.xml [14]
21:57:32.540-----------> ClassLocator.getDependentXMLResources: Replicate resource: zul
Overwrite bundleresource://174.fwk976177856:14/metainfo/zk/zk.xml
with bundleresource://174.fwk976177856:31/metainfo/zk/zk.xml [14]
21:57:32.936-----------> LanguageDefinition.<init>: Replicated language: xhtml, overriden by [LanguageDefinition: xhtml] [14]
21:57:32.963-----------> LanguageDefinition.<init>: Replicated language: xul/html, overriden by [LanguageDefinition: xul/html] [14]
21:57:33.022-----------> ClassLocator.getDependentXMLResources: Replicate resource: calendar
Overwrite bundleresource://174.fwk976177856:1/metainfo/zk/lang-addon.xml
with bundleresource://174.fwk976177856:18/metainfo/zk/lang-addon.xml [14]
21:57:33.025-----------> ClassLocator.getDependentXMLResources: Replicate resource: ckez
Overwrite bundleresource://174.fwk976177856:2/metainfo/zk/lang-addon.xml
with bundleresource://174.fwk976177856:19/metainfo/zk/lang-addon.xml [14]
21:57:33.028-----------> ClassLocator.getDependentXMLResources: Replicate resource: gmapsz
Overwrite bundleresource://174.fwk976177856:5/metainfo/zk/lang-addon.xml
with bundleresource://174.fwk976177856:22/metainfo/zk/lang-addon.xml [14]
21:57:33.031-----------> ClassLocator.getDependentXMLResources: Replicate resource: timeline
Overwrite bundleresource://174.fwk976177856:6/metainfo/zk/lang-addon.xml
with bundleresource://174.fwk976177856:23/metainfo/zk/lang-addon.xml [14]
21:57:33.035-----------> ClassLocator.getDependentXMLResources: Replicate resource: timeplot
Overwrite bundleresource://174.fwk976177856:7/metainfo/zk/lang-addon.xml
with bundleresource://174.fwk976177856:24/metainfo/zk/lang-addon.xml [14]
21:57:33.048-----------> ClassLocator.getDependentXMLResources: Replicate resource: zkbind
Overwrite bundleresource://174.fwk976177856:12/metainfo/zk/lang-addon.xml
with bundleresource://174.fwk976177856:29/metainfo/zk/lang-addon.xml [14]
21:57:33.058-----------> ClassLocator.getDependentXMLResources: Replicate resource: zkplus
Overwrite bundleresource://174.fwk976177856:13/metainfo/zk/lang-addon.xml
with bundleresource://174.fwk976177856:30/metainfo/zk/lang-addon.xml [14]
21:57:33.170           WebUIServlet.init: iDempiere Web Client started successfully [14]
21:57:35.004-----------> AnnotationConfiguration.configure: ServletContainerInitializers: detected. Class hierarchy: empty [14]

*** 2016-06-11 21:57:35.272 idempiere Log (CLogFile) ***
21:57:37.888-----------> Node: [192.168.0.108]:5701 [adempiere.idempiere/127.0.0.1] [3.5.3] No join method is enabled! Starting standalone. [38]
