*** 2016-06-12 11:03:42.324 idempiere Log (CLogFile) ***
11:03:42.323 Adempiere.startup: iDempiere(r) Release 3.1_2015-10-31 -Smart Suite ERP, CRM and SCM- (c) 1999-2013 iDempiere(r); Implementation: iDempiere - Supported by iDempiere community [17]
11:03:42.330 Ini.loadProperties: D:\idempiere\idempiere.properties #28 [17]
11:03:43.306 DB.isBuildOK: Build DB=${env.ADEMPIERE_VERSION} 20080428-1232 [17]
11:03:43.307 DB.isBuildOK: Build Cl=3.1.0.qualifier [17]
11:03:43.337-----------> DB.isBuildOK: Build Version Error 

The program assumes build version 3.1.0.qualifier, but database has build version ${env.ADEMPIERE_VERSION} 20080428-1232. 
This is likely to cause hard to fix errors. 
Please contact administrator. [17]
11:03:43.483 Language.getLanguage: Adding Language=en, Country=US, Locale=en_US [17]
11:03:43.486 Language.getLanguage: Adding Language=en, Country=US, Locale=en_US [17]
11:03:43.572 WebEnv.initWeb: Servlet Context Init Parameters: iDempiere Root
ServerRoot=1 [17]
11:03:43.590-----------> EMail.setFrom: you @ company.org: javax.mail.internet.AddressException: Local address contains control or whitespace in string ``you @ company.org'' [17]
11:03:43.596-----------> EMail.addTo: you @ company.org: javax.mail.internet.AddressException: Local address contains control or whitespace in string ``you @ company.org'' [17]
11:03:43.596-----------> EMail.isValid: From is invalid=null [17]
11:03:43.596-----------> EMail.isValid: From is invalid=null [17]
11:03:43.597-----------> MClient.sendEMail: Could NOT Send Email: Server started: iDempiere (DESKTOP-K0DQ6Q3:192.168.10.212) to you @ company.org: Invalid Data (System) [17]
11:03:43.597 WebEnv.initWeb: Servlet Init Parameter: idempiereMonitor [17]
11:03:43.597 AdempiereMonitor.init:  [17]
11:03:46.111-----------> AnnotationConfiguration.configure: ServletContainerInitializers: detected. Class hierarchy: empty [17]
11:03:46.379-----------> ClassLocator.getDependentXMLResources: Replicate resource: ckez
Overwrite bundleresource://174.fwk1863794237:2/metainfo/zk/config.xml
with bundleresource://174.fwk1863794237:19/metainfo/zk/config.xml [17]
11:03:46.385-----------> ClassLocator.getDependentXMLResources: Replicate resource: zk
Overwrite bundleresource://174.fwk1863794237:11/metainfo/zk/config.xml
with bundleresource://174.fwk1863794237:28/metainfo/zk/config.xml [17]
11:03:46.396-----------> ClassLocator.getDependentXMLResources: Replicate resource: zkbind
Overwrite bundleresource://174.fwk1863794237:12/metainfo/zk/config.xml
with bundleresource://174.fwk1863794237:29/metainfo/zk/config.xml [17]
11:03:46.432-----------> ClassLocator.getDependentXMLResources: Replicate resource: zul
Overwrite bundleresource://174.fwk1863794237:14/metainfo/zk/zk.xml
with bundleresource://174.fwk1863794237:31/metainfo/zk/zk.xml [17]
11:03:46.893-----------> LanguageDefinition.<init>: Replicated language: xhtml, overriden by [LanguageDefinition: xhtml] [17]
11:03:46.921-----------> LanguageDefinition.<init>: Replicated language: xul/html, overriden by [LanguageDefinition: xul/html] [17]
11:03:46.986-----------> ClassLocator.getDependentXMLResources: Replicate resource: calendar
Overwrite bundleresource://174.fwk1863794237:1/metainfo/zk/lang-addon.xml
with bundleresource://174.fwk1863794237:18/metainfo/zk/lang-addon.xml [17]
11:03:46.993-----------> ClassLocator.getDependentXMLResources: Replicate resource: ckez
Overwrite bundleresource://174.fwk1863794237:2/metainfo/zk/lang-addon.xml
with bundleresource://174.fwk1863794237:19/metainfo/zk/lang-addon.xml [17]
11:03:47.004-----------> ClassLocator.getDependentXMLResources: Replicate resource: gmapsz
Overwrite bundleresource://174.fwk1863794237:5/metainfo/zk/lang-addon.xml
with bundleresource://174.fwk1863794237:22/metainfo/zk/lang-addon.xml [17]
11:03:47.009-----------> ClassLocator.getDependentXMLResources: Replicate resource: timeline
Overwrite bundleresource://174.fwk1863794237:6/metainfo/zk/lang-addon.xml
with bundleresource://174.fwk1863794237:23/metainfo/zk/lang-addon.xml [17]
11:03:47.012-----------> ClassLocator.getDependentXMLResources: Replicate resource: timeplot
Overwrite bundleresource://174.fwk1863794237:7/metainfo/zk/lang-addon.xml
with bundleresource://174.fwk1863794237:24/metainfo/zk/lang-addon.xml [17]
11:03:47.028-----------> ClassLocator.getDependentXMLResources: Replicate resource: zkbind
Overwrite bundleresource://174.fwk1863794237:12/metainfo/zk/lang-addon.xml
with bundleresource://174.fwk1863794237:29/metainfo/zk/lang-addon.xml [17]
11:03:47.039-----------> ClassLocator.getDependentXMLResources: Replicate resource: zkplus
Overwrite bundleresource://174.fwk1863794237:13/metainfo/zk/lang-addon.xml
with bundleresource://174.fwk1863794237:30/metainfo/zk/lang-addon.xml [17]
11:03:47.159           WebUIServlet.init: iDempiere Web Client started successfully [17]
11:03:49.189-----------> AnnotationConfiguration.configure: ServletContainerInitializers: detected. Class hierarchy: empty [17]

*** 2016-06-12 11:03:49.534 idempiere Log (CLogFile) ***
11:03:52.521-----------> Node: [192.168.10.212]:5701 [adempiere.idempiere/127.0.0.1] [3.5.3] No join method is enabled! Starting standalone. [40]
