*** 2016-06-11 17:46:45.363 idempiere Log (CLogFile) ***
17:46:45.363 Adempiere.startup: iDempiere(r) Release 3.1_2015-10-31 -Smart Suite ERP, CRM and SCM- (c) 1999-2013 iDempiere(r); Implementation: iDempiere - Supported by iDempiere community [14]
17:46:45.368 Ini.loadProperties: D:\idempiere\idempiere.properties #28 [14]
17:46:46.201 DB.isBuildOK: Build DB=${env.ADEMPIERE_VERSION} 20080428-1232 [14]
17:46:46.201 DB.isBuildOK: Build Cl=3.1.0.qualifier [14]
17:46:46.223-----------> DB.isBuildOK: Build Version Error 

The program assumes build version 3.1.0.qualifier, but database has build version ${env.ADEMPIERE_VERSION} 20080428-1232. 
This is likely to cause hard to fix errors. 
Please contact administrator. [14]
17:46:46.343 Language.getLanguage: Adding Language=en, Country=US, Locale=en_US [14]
17:46:46.346 Language.getLanguage: Adding Language=en, Country=US, Locale=en_US [14]
17:46:46.419 WebEnv.initWeb: Servlet Context Init Parameters: iDempiere Root
ServerRoot=1 [14]
17:46:46.434-----------> EMail.setFrom: you @ company.org: javax.mail.internet.AddressException: Local address contains control or whitespace in string ``you @ company.org'' [14]
17:46:46.436-----------> EMail.addTo: you @ company.org: javax.mail.internet.AddressException: Local address contains control or whitespace in string ``you @ company.org'' [14]
17:46:46.437-----------> EMail.isValid: From is invalid=null [14]
17:46:46.437-----------> EMail.isValid: From is invalid=null [14]
17:46:46.437-----------> MClient.sendEMail: Could NOT Send Email: Server started: iDempiere (DESKTOP-K0DQ6Q3:192.168.0.108) to you @ company.org: Invalid Data (System) [14]
17:46:46.437 WebEnv.initWeb: Servlet Init Parameter: idempiereMonitor [14]
17:46:46.437 AdempiereMonitor.init:  [14]
17:46:48.632-----------> AnnotationConfiguration.configure: ServletContainerInitializers: detected. Class hierarchy: empty [14]
17:46:48.899-----------> ClassLocator.getDependentXMLResources: Replicate resource: ckez
Overwrite bundleresource://174.fwk976177856:2/metainfo/zk/config.xml
with bundleresource://174.fwk976177856:19/metainfo/zk/config.xml [14]
17:46:48.903-----------> ClassLocator.getDependentXMLResources: Replicate resource: zk
Overwrite bundleresource://174.fwk976177856:11/metainfo/zk/config.xml
with bundleresource://174.fwk976177856:28/metainfo/zk/config.xml [14]
17:46:48.908-----------> ClassLocator.getDependentXMLResources: Replicate resource: zkbind
Overwrite bundleresource://174.fwk976177856:12/metainfo/zk/config.xml
with bundleresource://174.fwk976177856:29/metainfo/zk/config.xml [14]
17:46:48.939-----------> ClassLocator.getDependentXMLResources: Replicate resource: zul
Overwrite bundleresource://174.fwk976177856:14/metainfo/zk/zk.xml
with bundleresource://174.fwk976177856:31/metainfo/zk/zk.xml [14]
17:46:49.315-----------> LanguageDefinition.<init>: Replicated language: xhtml, overriden by [LanguageDefinition: xhtml] [14]
17:46:49.341-----------> LanguageDefinition.<init>: Replicated language: xul/html, overriden by [LanguageDefinition: xul/html] [14]
17:46:49.393-----------> ClassLocator.getDependentXMLResources: Replicate resource: calendar
Overwrite bundleresource://174.fwk976177856:1/metainfo/zk/lang-addon.xml
with bundleresource://174.fwk976177856:18/metainfo/zk/lang-addon.xml [14]
17:46:49.397-----------> ClassLocator.getDependentXMLResources: Replicate resource: ckez
Overwrite bundleresource://174.fwk976177856:2/metainfo/zk/lang-addon.xml
with bundleresource://174.fwk976177856:19/metainfo/zk/lang-addon.xml [14]
17:46:49.402-----------> ClassLocator.getDependentXMLResources: Replicate resource: gmapsz
Overwrite bundleresource://174.fwk976177856:5/metainfo/zk/lang-addon.xml
with bundleresource://174.fwk976177856:22/metainfo/zk/lang-addon.xml [14]
17:46:49.405-----------> ClassLocator.getDependentXMLResources: Replicate resource: timeline
Overwrite bundleresource://174.fwk976177856:6/metainfo/zk/lang-addon.xml
with bundleresource://174.fwk976177856:23/metainfo/zk/lang-addon.xml [14]
17:46:49.407-----------> ClassLocator.getDependentXMLResources: Replicate resource: timeplot
Overwrite bundleresource://174.fwk976177856:7/metainfo/zk/lang-addon.xml
with bundleresource://174.fwk976177856:24/metainfo/zk/lang-addon.xml [14]
17:46:49.417-----------> ClassLocator.getDependentXMLResources: Replicate resource: zkbind
Overwrite bundleresource://174.fwk976177856:12/metainfo/zk/lang-addon.xml
with bundleresource://174.fwk976177856:29/metainfo/zk/lang-addon.xml [14]
17:46:49.425-----------> ClassLocator.getDependentXMLResources: Replicate resource: zkplus
Overwrite bundleresource://174.fwk976177856:13/metainfo/zk/lang-addon.xml
with bundleresource://174.fwk976177856:30/metainfo/zk/lang-addon.xml [14]
17:46:49.561           WebUIServlet.init: iDempiere Web Client started successfully [14]
17:46:51.430-----------> AnnotationConfiguration.configure: ServletContainerInitializers: detected. Class hierarchy: empty [14]

*** 2016-06-11 17:46:51.7 idempiere Log (CLogFile) ***
17:46:53.535-----------> Node: [192.168.0.108]:5701 [adempiere.idempiere/127.0.0.1] [3.5.3] No join method is enabled! Starting standalone. [38]
18:03:38.529-----------> ClusterService: [192.168.0.108]:5701 [adempiere.idempiere/127.0.0.1] [3.5.3] Resetting master confirmation timestamps because of huge system clock jump! Clock-Jump: 548619ms, Master-Confirmation-Timeout: 500000ms. [96]
