*** 2016-06-11 17:07:49.7 idempiere Log (CLogFile) ***
17:07:49.700 Adempiere.startup: iDempiere(r) Release 3.1_2015-10-31 -Smart Suite ERP, CRM and SCM- (c) 1999-2013 iDempiere(r); Implementation: iDempiere - Supported by iDempiere community [14]
17:07:49.709 Ini.loadProperties: D:\idempiere\idempiere.properties #28 [14]
17:07:50.513 DB.isBuildOK: Build DB=${env.ADEMPIERE_VERSION} 20080428-1232 [14]
17:07:50.514 DB.isBuildOK: Build Cl=3.1.0.qualifier [14]
17:07:50.533-----------> DB.isBuildOK: Build Version Error 

The program assumes build version 3.1.0.qualifier, but database has build version ${env.ADEMPIERE_VERSION} 20080428-1232. 
This is likely to cause hard to fix errors. 
Please contact administrator. [14]
17:07:50.653 Language.getLanguage: Adding Language=en, Country=US, Locale=en_US [14]
17:07:50.655 Language.getLanguage: Adding Language=en, Country=US, Locale=en_US [14]
17:07:50.732 WebEnv.initWeb: Servlet Context Init Parameters: iDempiere Root
ServerRoot=1 [14]
17:07:50.746-----------> EMail.setFrom: you @ company.org: javax.mail.internet.AddressException: Local address contains control or whitespace in string ``you @ company.org'' [14]
17:07:50.750-----------> EMail.addTo: you @ company.org: javax.mail.internet.AddressException: Local address contains control or whitespace in string ``you @ company.org'' [14]
17:07:50.750-----------> EMail.isValid: From is invalid=null [14]
17:07:50.750-----------> EMail.isValid: From is invalid=null [14]
17:07:50.751-----------> MClient.sendEMail: Could NOT Send Email: Server started: iDempiere (DESKTOP-K0DQ6Q3:192.168.0.108) to you @ company.org: Invalid Data (System) [14]
17:07:50.751 WebEnv.initWeb: Servlet Init Parameter: idempiereMonitor [14]
17:07:50.751 AdempiereMonitor.init:  [14]
17:07:52.991-----------> AnnotationConfiguration.configure: ServletContainerInitializers: detected. Class hierarchy: empty [14]
17:07:53.260-----------> ClassLocator.getDependentXMLResources: Replicate resource: ckez
Overwrite bundleresource://174.fwk1174037956:2/metainfo/zk/config.xml
with bundleresource://174.fwk1174037956:19/metainfo/zk/config.xml [14]
17:07:53.264-----------> ClassLocator.getDependentXMLResources: Replicate resource: zk
Overwrite bundleresource://174.fwk1174037956:11/metainfo/zk/config.xml
with bundleresource://174.fwk1174037956:28/metainfo/zk/config.xml [14]
17:07:53.268-----------> ClassLocator.getDependentXMLResources: Replicate resource: zkbind
Overwrite bundleresource://174.fwk1174037956:12/metainfo/zk/config.xml
with bundleresource://174.fwk1174037956:29/metainfo/zk/config.xml [14]
17:07:53.300-----------> ClassLocator.getDependentXMLResources: Replicate resource: zul
Overwrite bundleresource://174.fwk1174037956:14/metainfo/zk/zk.xml
with bundleresource://174.fwk1174037956:31/metainfo/zk/zk.xml [14]
17:07:53.713-----------> LanguageDefinition.<init>: Replicated language: xhtml, overriden by [LanguageDefinition: xhtml] [14]
17:07:53.743-----------> LanguageDefinition.<init>: Replicated language: xul/html, overriden by [LanguageDefinition: xul/html] [14]
17:07:53.806-----------> ClassLocator.getDependentXMLResources: Replicate resource: calendar
Overwrite bundleresource://174.fwk1174037956:1/metainfo/zk/lang-addon.xml
with bundleresource://174.fwk1174037956:18/metainfo/zk/lang-addon.xml [14]
17:07:53.810-----------> ClassLocator.getDependentXMLResources: Replicate resource: ckez
Overwrite bundleresource://174.fwk1174037956:2/metainfo/zk/lang-addon.xml
with bundleresource://174.fwk1174037956:19/metainfo/zk/lang-addon.xml [14]
17:07:53.821-----------> ClassLocator.getDependentXMLResources: Replicate resource: gmapsz
Overwrite bundleresource://174.fwk1174037956:5/metainfo/zk/lang-addon.xml
with bundleresource://174.fwk1174037956:22/metainfo/zk/lang-addon.xml [14]
17:07:53.826-----------> ClassLocator.getDependentXMLResources: Replicate resource: timeline
Overwrite bundleresource://174.fwk1174037956:6/metainfo/zk/lang-addon.xml
with bundleresource://174.fwk1174037956:23/metainfo/zk/lang-addon.xml [14]
17:07:53.830-----------> ClassLocator.getDependentXMLResources: Replicate resource: timeplot
Overwrite bundleresource://174.fwk1174037956:7/metainfo/zk/lang-addon.xml
with bundleresource://174.fwk1174037956:24/metainfo/zk/lang-addon.xml [14]
17:07:53.845-----------> ClassLocator.getDependentXMLResources: Replicate resource: zkbind
Overwrite bundleresource://174.fwk1174037956:12/metainfo/zk/lang-addon.xml
with bundleresource://174.fwk1174037956:29/metainfo/zk/lang-addon.xml [14]
17:07:53.853-----------> ClassLocator.getDependentXMLResources: Replicate resource: zkplus
Overwrite bundleresource://174.fwk1174037956:13/metainfo/zk/lang-addon.xml
with bundleresource://174.fwk1174037956:30/metainfo/zk/lang-addon.xml [14]
17:07:54.005           WebUIServlet.init: iDempiere Web Client started successfully [14]
17:07:55.818-----------> AnnotationConfiguration.configure: ServletContainerInitializers: detected. Class hierarchy: empty [14]

*** 2016-06-11 17:07:56.116 idempiere Log (CLogFile) ***
17:07:58.424-----------> Node: [192.168.0.108]:5701 [adempiere.idempiere/127.0.0.1] [3.5.3] No join method is enabled! Starting standalone. [38]
