*** 2016-06-12 11:54:19.559 idempiere Log (CLogFile) ***
11:54:19.558 Adempiere.startup: iDempiere(r) Release 3.1_2015-10-31 -Smart Suite ERP, CRM and SCM- (c) 1999-2013 iDempiere(r); Implementation: iDempiere - Supported by iDempiere community [17]
11:54:19.564 Ini.loadProperties: D:\idempiere\idempiere.properties #28 [17]
11:54:20.483 DB.isBuildOK: Build DB=${env.ADEMPIERE_VERSION} 20080428-1233 [17]
11:54:20.483 DB.isBuildOK: Build Cl=3.1.0.qualifier [17]
11:54:20.511-----------> DB.isBuildOK: Build Version Error 

The program assumes build version 3.1.0.qualifier, but database has build version ${env.ADEMPIERE_VERSION} 20080428-1233. 
This is likely to cause hard to fix errors. 
Please contact administrator. [17]
11:54:20.639 Language.getLanguage: Adding Language=en, Country=US, Locale=en_US [17]
11:54:20.642 Language.getLanguage: Adding Language=en, Country=US, Locale=en_US [17]
11:54:20.727 WebEnv.initWeb: Servlet Context Init Parameters: iDempiere Root
ServerRoot=1 [17]
11:54:20.744-----------> EMail.setFrom: you @ company.org: javax.mail.internet.AddressException: Local address contains control or whitespace in string ``you @ company.org'' [17]
11:54:20.747-----------> EMail.addTo: you @ company.org: javax.mail.internet.AddressException: Local address contains control or whitespace in string ``you @ company.org'' [17]
11:54:20.747-----------> EMail.isValid: From is invalid=null [17]
11:54:20.747-----------> EMail.isValid: From is invalid=null [17]
11:54:20.747-----------> MClient.sendEMail: Could NOT Send Email: Server started: iDempiere (DESKTOP-K0DQ6Q3:192.168.10.212) to you @ company.org: Invalid Data (System) [17]
11:54:20.748 WebEnv.initWeb: Servlet Init Parameter: idempiereMonitor [17]
11:54:20.748 AdempiereMonitor.init:  [17]
11:54:23.180-----------> AnnotationConfiguration.configure: ServletContainerInitializers: detected. Class hierarchy: empty [17]
11:54:23.470-----------> ClassLocator.getDependentXMLResources: Replicate resource: ckez
Overwrite bundleresource://174.fwk1593266117:2/metainfo/zk/config.xml
with bundleresource://174.fwk1593266117:19/metainfo/zk/config.xml [17]
11:54:23.476-----------> ClassLocator.getDependentXMLResources: Replicate resource: zk
Overwrite bundleresource://174.fwk1593266117:11/metainfo/zk/config.xml
with bundleresource://174.fwk1593266117:28/metainfo/zk/config.xml [17]
11:54:23.481-----------> ClassLocator.getDependentXMLResources: Replicate resource: zkbind
Overwrite bundleresource://174.fwk1593266117:12/metainfo/zk/config.xml
with bundleresource://174.fwk1593266117:29/metainfo/zk/config.xml [17]
11:54:23.515-----------> ClassLocator.getDependentXMLResources: Replicate resource: zul
Overwrite bundleresource://174.fwk1593266117:14/metainfo/zk/zk.xml
with bundleresource://174.fwk1593266117:31/metainfo/zk/zk.xml [17]
11:54:23.925-----------> LanguageDefinition.<init>: Replicated language: xhtml, overriden by [LanguageDefinition: xhtml] [17]
11:54:23.954-----------> LanguageDefinition.<init>: Replicated language: xul/html, overriden by [LanguageDefinition: xul/html] [17]
11:54:24.012-----------> ClassLocator.getDependentXMLResources: Replicate resource: calendar
Overwrite bundleresource://174.fwk1593266117:1/metainfo/zk/lang-addon.xml
with bundleresource://174.fwk1593266117:18/metainfo/zk/lang-addon.xml [17]
11:54:24.016-----------> ClassLocator.getDependentXMLResources: Replicate resource: ckez
Overwrite bundleresource://174.fwk1593266117:2/metainfo/zk/lang-addon.xml
with bundleresource://174.fwk1593266117:19/metainfo/zk/lang-addon.xml [17]
11:54:24.024-----------> ClassLocator.getDependentXMLResources: Replicate resource: gmapsz
Overwrite bundleresource://174.fwk1593266117:5/metainfo/zk/lang-addon.xml
with bundleresource://174.fwk1593266117:22/metainfo/zk/lang-addon.xml [17]
11:54:24.031-----------> ClassLocator.getDependentXMLResources: Replicate resource: timeline
Overwrite bundleresource://174.fwk1593266117:6/metainfo/zk/lang-addon.xml
with bundleresource://174.fwk1593266117:23/metainfo/zk/lang-addon.xml [17]
11:54:24.038-----------> ClassLocator.getDependentXMLResources: Replicate resource: timeplot
Overwrite bundleresource://174.fwk1593266117:7/metainfo/zk/lang-addon.xml
with bundleresource://174.fwk1593266117:24/metainfo/zk/lang-addon.xml [17]
11:54:24.048-----------> ClassLocator.getDependentXMLResources: Replicate resource: zkbind
Overwrite bundleresource://174.fwk1593266117:12/metainfo/zk/lang-addon.xml
with bundleresource://174.fwk1593266117:29/metainfo/zk/lang-addon.xml [17]
11:54:24.055-----------> ClassLocator.getDependentXMLResources: Replicate resource: zkplus
Overwrite bundleresource://174.fwk1593266117:13/metainfo/zk/lang-addon.xml
with bundleresource://174.fwk1593266117:30/metainfo/zk/lang-addon.xml [17]
11:54:24.171           WebUIServlet.init: iDempiere Web Client started successfully [17]
11:54:25.910-----------> AnnotationConfiguration.configure: ServletContainerInitializers: detected. Class hierarchy: empty [17]

*** 2016-06-12 11:54:26.297 idempiere Log (CLogFile) ***
11:54:29.066-----------> Node: [192.168.10.212]:5701 [adempiere.idempiere/127.0.0.1] [3.5.3] No join method is enabled! Starting standalone. [41]
