*** 2016-06-12 12:22:58.467 idempiere Log (CLogFile) ***
12:22:58.466 Adempiere.startup: iDempiere(r) Release 3.1_2015-10-31 -Smart Suite ERP, CRM and SCM- (c) 1999-2013 iDempiere(r); Implementation: iDempiere - Supported by iDempiere community [17]
12:22:58.472 Ini.loadProperties: D:\idempiere\idempiere.properties #28 [17]
12:22:59.366 DB.isBuildOK: Build DB=iDempiere [17]
12:22:59.366 DB.isBuildOK: Build Cl=3.1.0.qualifier [17]
12:22:59.397-----------> DB.isBuildOK: Build Version Error 

The program assumes build version 3.1.0.qualifier, but database has build version iDempiere. 
This is likely to cause hard to fix errors. 
Please contact administrator. [17]
12:22:59.544 Language.getLanguage: Adding Language=en, Country=US, Locale=en_US [17]
12:22:59.546 Language.getLanguage: Adding Language=en, Country=US, Locale=en_US [17]
12:22:59.629 WebEnv.initWeb: Servlet Context Init Parameters: iDempiere Root
ServerRoot=1 [17]
12:22:59.643-----------> EMail.setFrom: you @ company.org: javax.mail.internet.AddressException: Local address contains control or whitespace in string ``you @ company.org'' [17]
12:22:59.652-----------> EMail.addTo: you @ company.org: javax.mail.internet.AddressException: Local address contains control or whitespace in string ``you @ company.org'' [17]
12:22:59.653-----------> EMail.isValid: From is invalid=null [17]
12:22:59.653-----------> EMail.isValid: From is invalid=null [17]
12:22:59.653-----------> MClient.sendEMail: Could NOT Send Email: Server started: iDempiere (DESKTOP-K0DQ6Q3:192.168.10.212) to you @ company.org: Invalid Data (System) [17]
12:22:59.653 WebEnv.initWeb: Servlet Init Parameter: idempiereMonitor [17]
12:22:59.653 AdempiereMonitor.init:  [17]
12:23:02.100-----------> AnnotationConfiguration.configure: ServletContainerInitializers: detected. Class hierarchy: empty [17]
12:23:02.389-----------> ClassLocator.getDependentXMLResources: Replicate resource: ckez
Overwrite bundleresource://174.fwk1360895141:2/metainfo/zk/config.xml
with bundleresource://174.fwk1360895141:19/metainfo/zk/config.xml [17]
12:23:02.394-----------> ClassLocator.getDependentXMLResources: Replicate resource: zk
Overwrite bundleresource://174.fwk1360895141:11/metainfo/zk/config.xml
with bundleresource://174.fwk1360895141:28/metainfo/zk/config.xml [17]
12:23:02.401-----------> ClassLocator.getDependentXMLResources: Replicate resource: zkbind
Overwrite bundleresource://174.fwk1360895141:12/metainfo/zk/config.xml
with bundleresource://174.fwk1360895141:29/metainfo/zk/config.xml [17]
12:23:02.436-----------> ClassLocator.getDependentXMLResources: Replicate resource: zul
Overwrite bundleresource://174.fwk1360895141:14/metainfo/zk/zk.xml
with bundleresource://174.fwk1360895141:31/metainfo/zk/zk.xml [17]
12:23:02.858-----------> LanguageDefinition.<init>: Replicated language: xhtml, overriden by [LanguageDefinition: xhtml] [17]
12:23:02.887-----------> LanguageDefinition.<init>: Replicated language: xul/html, overriden by [LanguageDefinition: xul/html] [17]
12:23:02.952-----------> ClassLocator.getDependentXMLResources: Replicate resource: calendar
Overwrite bundleresource://174.fwk1360895141:1/metainfo/zk/lang-addon.xml
with bundleresource://174.fwk1360895141:18/metainfo/zk/lang-addon.xml [17]
12:23:02.957-----------> ClassLocator.getDependentXMLResources: Replicate resource: ckez
Overwrite bundleresource://174.fwk1360895141:2/metainfo/zk/lang-addon.xml
with bundleresource://174.fwk1360895141:19/metainfo/zk/lang-addon.xml [17]
12:23:02.966-----------> ClassLocator.getDependentXMLResources: Replicate resource: gmapsz
Overwrite bundleresource://174.fwk1360895141:5/metainfo/zk/lang-addon.xml
with bundleresource://174.fwk1360895141:22/metainfo/zk/lang-addon.xml [17]
12:23:02.971-----------> ClassLocator.getDependentXMLResources: Replicate resource: timeline
Overwrite bundleresource://174.fwk1360895141:6/metainfo/zk/lang-addon.xml
with bundleresource://174.fwk1360895141:23/metainfo/zk/lang-addon.xml [17]
12:23:02.976-----------> ClassLocator.getDependentXMLResources: Replicate resource: timeplot
Overwrite bundleresource://174.fwk1360895141:7/metainfo/zk/lang-addon.xml
with bundleresource://174.fwk1360895141:24/metainfo/zk/lang-addon.xml [17]
12:23:02.990-----------> ClassLocator.getDependentXMLResources: Replicate resource: zkbind
Overwrite bundleresource://174.fwk1360895141:12/metainfo/zk/lang-addon.xml
with bundleresource://174.fwk1360895141:29/metainfo/zk/lang-addon.xml [17]
12:23:03.000-----------> ClassLocator.getDependentXMLResources: Replicate resource: zkplus
Overwrite bundleresource://174.fwk1360895141:13/metainfo/zk/lang-addon.xml
with bundleresource://174.fwk1360895141:30/metainfo/zk/lang-addon.xml [17]
12:23:03.123           WebUIServlet.init: iDempiere Web Client started successfully [17]
12:23:04.858-----------> AnnotationConfiguration.configure: ServletContainerInitializers: detected. Class hierarchy: empty [17]

*** 2016-06-12 12:23:05.205 idempiere Log (CLogFile) ***
12:23:08.111-----------> Node: [192.168.10.212]:5701 [adempiere.idempiere/127.0.0.1] [3.5.3] No join method is enabled! Starting standalone. [41]
