*** 2016-07-02 11:12:05.146 idempiere Log (CLogFile) ***
11:12:05.146 Adempiere.startup: iDempiere(r) Release 3.1_2015-10-31 -Smart Suite ERP, CRM and SCM- (c) 1999-2013 iDempiere(r); Implementation: iDempiere - Supported by iDempiere community [14]
11:12:05.151 Ini.loadProperties: D:\idempiere\idempiere.properties #33 [14]
11:12:05.982 DB.isBuildOK: Build DB=${env.ADEMPIERE_VERSION} 20080428-1232 [14]
11:12:05.982 DB.isBuildOK: Build Cl=3.1.0.qualifier [14]
11:12:06.002-----------> DB.isBuildOK: Build Version Error 

The program assumes build version 3.1.0.qualifier, but database has build version ${env.ADEMPIERE_VERSION} 20080428-1232. 
This is likely to cause hard to fix errors. 
Please contact administrator. [14]
11:12:06.148 Language.getLanguage: Adding Language=en, Country=US, Locale=en_US [14]
11:12:06.151 Language.getLanguage: Adding Language=en, Country=US, Locale=en_US [14]
11:12:06.372 WebEnv.initWeb: Servlet Context Init Parameters: iDempiere Root
ServerRoot=1 [14]
11:12:06.395-----------> EMail.setFrom: you @ company.org: javax.mail.internet.AddressException: Local address contains control or whitespace in string ``you @ company.org'' [14]
11:12:06.397-----------> EMail.addTo: you @ company.org: javax.mail.internet.AddressException: Local address contains control or whitespace in string ``you @ company.org'' [14]
11:12:06.398-----------> EMail.isValid: From is invalid=null [14]
11:12:06.398-----------> EMail.isValid: From is invalid=null [14]
11:12:06.398-----------> MClient.sendEMail: Could NOT Send Email: Server started: iDempiere (DESKTOP-K0DQ6Q3:192.168.10.212) to you @ company.org: Invalid Data (System) [14]
11:12:06.398 WebEnv.initWeb: Servlet Init Parameter: idempiereMonitor [14]
11:12:06.398 AdempiereMonitor.init:  [14]
11:12:08.479-----------> AnnotationConfiguration.configure: ServletContainerInitializers: detected. Class hierarchy: empty [14]
11:12:08.748-----------> ClassLocator.getDependentXMLResources: Replicate resource: ckez
Overwrite bundleresource://175.fwk1174037956:2/metainfo/zk/config.xml
with bundleresource://175.fwk1174037956:19/metainfo/zk/config.xml [14]
11:12:08.752-----------> ClassLocator.getDependentXMLResources: Replicate resource: zk
Overwrite bundleresource://175.fwk1174037956:11/metainfo/zk/config.xml
with bundleresource://175.fwk1174037956:28/metainfo/zk/config.xml [14]
11:12:08.757-----------> ClassLocator.getDependentXMLResources: Replicate resource: zkbind
Overwrite bundleresource://175.fwk1174037956:12/metainfo/zk/config.xml
with bundleresource://175.fwk1174037956:29/metainfo/zk/config.xml [14]
11:12:08.787-----------> ClassLocator.getDependentXMLResources: Replicate resource: zul
Overwrite bundleresource://175.fwk1174037956:14/metainfo/zk/zk.xml
with bundleresource://175.fwk1174037956:31/metainfo/zk/zk.xml [14]
11:12:09.224-----------> LanguageDefinition.<init>: Replicated language: xhtml, overriden by [LanguageDefinition: xhtml] [14]
11:12:09.248-----------> LanguageDefinition.<init>: Replicated language: xul/html, overriden by [LanguageDefinition: xul/html] [14]
11:12:09.311-----------> ClassLocator.getDependentXMLResources: Replicate resource: calendar
Overwrite bundleresource://175.fwk1174037956:1/metainfo/zk/lang-addon.xml
with bundleresource://175.fwk1174037956:18/metainfo/zk/lang-addon.xml [14]
11:12:09.314-----------> ClassLocator.getDependentXMLResources: Replicate resource: ckez
Overwrite bundleresource://175.fwk1174037956:2/metainfo/zk/lang-addon.xml
with bundleresource://175.fwk1174037956:19/metainfo/zk/lang-addon.xml [14]
11:12:09.318-----------> ClassLocator.getDependentXMLResources: Replicate resource: gmapsz
Overwrite bundleresource://175.fwk1174037956:5/metainfo/zk/lang-addon.xml
with bundleresource://175.fwk1174037956:22/metainfo/zk/lang-addon.xml [14]
11:12:09.321-----------> ClassLocator.getDependentXMLResources: Replicate resource: timeline
Overwrite bundleresource://175.fwk1174037956:6/metainfo/zk/lang-addon.xml
with bundleresource://175.fwk1174037956:23/metainfo/zk/lang-addon.xml [14]
11:12:09.326-----------> ClassLocator.getDependentXMLResources: Replicate resource: timeplot
Overwrite bundleresource://175.fwk1174037956:7/metainfo/zk/lang-addon.xml
with bundleresource://175.fwk1174037956:24/metainfo/zk/lang-addon.xml [14]
11:12:09.334-----------> ClassLocator.getDependentXMLResources: Replicate resource: zkbind
Overwrite bundleresource://175.fwk1174037956:12/metainfo/zk/lang-addon.xml
with bundleresource://175.fwk1174037956:29/metainfo/zk/lang-addon.xml [14]
11:12:09.339-----------> ClassLocator.getDependentXMLResources: Replicate resource: zkplus
Overwrite bundleresource://175.fwk1174037956:13/metainfo/zk/lang-addon.xml
with bundleresource://175.fwk1174037956:30/metainfo/zk/lang-addon.xml [14]
11:12:09.456           WebUIServlet.init: iDempiere Web Client started successfully [14]
11:12:11.032-----------> AnnotationConfiguration.configure: ServletContainerInitializers: detected. Class hierarchy: empty [14]

*** 2016-07-02 11:12:11.313 idempiere Log (CLogFile) ***
11:12:14.455-----------> Node: [192.168.10.212]:5701 [adempiere.idempiere/localhost] [3.5.3] No join method is enabled! Starting standalone. [37]
19:42:25.510===========> GridTable.saveError: 错误: 字段 "timestamp" 不存在
  位置：45 - 错误: 字段 "timestamp" 不存在
  位置：45 [167]
19:42:25.516===========> UiEngineImpl.handleError:  [61]
org.adempiere.webui.exception.ApplicationException: org.postgresql.util.PSQLException: 错误: 字段 "timestamp" 不存在
  位置：45
	at org.adempiere.webui.panel.AbstractMenuPanel.fireMenuSelectedEvent(AbstractMenuPanel.java:305)
	at org.adempiere.webui.panel.AbstractMenuPanel.doOnClick(AbstractMenuPanel.java:250)
	at org.adempiere.webui.panel.AbstractMenuPanel.onEvent(AbstractMenuPanel.java:224)
	at org.adempiere.webui.panel.MenuTreePanel.onEvent(MenuTreePanel.java:116)
	at org.zkoss.zk.ui.AbstractComponent.onEvent(AbstractComponent.java:2773)
	at org.zkoss.zk.ui.AbstractComponent.service(AbstractComponent.java:2744)
	at org.zkoss.zk.ui.AbstractComponent.service(AbstractComponent.java:2685)
	at org.zkoss.zk.ui.impl.EventProcessor.process(EventProcessor.java:136)
	at org.zkoss.zk.ui.impl.UiEngineImpl.processEvent(UiEngineImpl.java:1765)
	at org.zkoss.zk.ui.impl.UiEngineImpl.process(UiEngineImpl.java:1550)
	at org.zkoss.zk.ui.impl.UiEngineImpl.execUpdate(UiEngineImpl.java:1260)
	at org.zkoss.zk.au.http.DHtmlUpdateServlet.process(DHtmlUpdateServlet.java:611)
	at org.zkoss.zk.au.http.DHtmlUpdateServlet.doGet(DHtmlUpdateServlet.java:485)
	at org.zkoss.zk.au.http.DHtmlUpdateServlet.doPost(DHtmlUpdateServlet.java:494)
	at javax.servlet.http.HttpServlet.service(HttpServlet.java:707)
	at javax.servlet.http.HttpServlet.service(HttpServlet.java:790)
	at org.eclipse.jetty.servlet.ServletHolder.handle(ServletHolder.java:808)
	at org.eclipse.jetty.servlet.ServletHandler.doHandle(ServletHandler.java:587)
	at org.eclipse.jetty.server.handler.ScopedHandler.handle(ScopedHandler.java:143)
	at org.eclipse.jetty.security.SecurityHandler.handle(SecurityHandler.java:577)
	at org.eclipse.jetty.server.session.SessionHandler.doHandle(SessionHandler.java:223)
caused by: java.lang.IllegalStateException: org.postgresql.util.PSQLException: 错误: 字段 "timestamp" 不存在
  位置：45
	at org.compiere.model.GridTable.waitLoadingForRow(GridTable.java:1095)
	at org.compiere.model.GridTab.verifyRow(GridTab.java:2529)
	at org.compiere.model.GridTab.setCurrentRow(GridTab.java:2544)
	at org.compiere.model.GridTab.query(GridTab.java:729)
	at org.adempiere.webui.adwindow.ADTabpanel.query(ADTabpanel.java:944)
	at org.adempiere.webui.adwindow.AbstractADWindowContent.initFirstTabpanel(AbstractADWindowContent.java:653)
	at org.adempiere.webui.adwindow.AbstractADWindowContent.initTab(AbstractADWindowContent.java:639)
	at org.adempiere.webui.adwindow.AbstractADWindowContent.initPanel(AbstractADWindowContent.java:352)
	at org.adempiere.webui.adwindow.ADWindow.doCreatePart(ADWindow.java:132)
	at org.adempiere.webui.part.AbstractUIPart.createPart(AbstractUIPart.java:50)
	at org.adempiere.webui.desktop.TabbedDesktop$OpenWindowRunnable.run(TabbedDesktop.java:383)
	at org.adempiere.webui.desktop.TabbedDesktop.openWindow(TabbedDesktop.java:168)
	at org.adempiere.webui.desktop.TabbedDesktop.openWindow(TabbedDesktop.java:148)
	at org.adempiere.webui.desktop.AbstractDesktop.onMenuSelected(AbstractDesktop.java:68)
	at org.adempiere.webui.desktop.DefaultDesktop.onMenuSelected(DefaultDesktop.java:886)
	at org.adempiere.webui.panel.AbstractMenuPanel.fireMenuSelectedEvent(AbstractMenuPanel.java:301)
	at org.adempiere.webui.panel.AbstractMenuPanel.doOnClick(AbstractMenuPanel.java:250)
	at org.adempiere.webui.panel.AbstractMenuPanel.onEvent(AbstractMenuPanel.java:224)
	at org.adempiere.webui.panel.MenuTreePanel.onEvent(MenuTreePanel.java:116)
	at org.zkoss.zk.ui.AbstractComponent.onEvent(AbstractComponent.java:2773)
	at org.zkoss.zk.ui.AbstractComponent.service(AbstractComponent.java:2744)
caused by: org.postgresql.util.PSQLException: 错误: 字段 "timestamp" 不存在
  位置：45; State=42703; ErrorCode=0
	at org.postgresql.core.v3.QueryExecutorImpl.receiveErrorResponse(QueryExecutorImpl.java:2182)
	at org.postgresql.core.v3.QueryExecutorImpl.processResults(QueryExecutorImpl.java:1911)
	at org.postgresql.core.v3.QueryExecutorImpl.execute(QueryExecutorImpl.java:173)
	at org.postgresql.jdbc2.AbstractJdbc2Statement.execute(AbstractJdbc2Statement.java:645)
	at org.postgresql.jdbc2.AbstractJdbc2Statement.executeWithFlags(AbstractJdbc2Statement.java:495)
	at org.postgresql.jdbc2.AbstractJdbc2Statement.executeQuery(AbstractJdbc2Statement.java:380)
	at com.mchange.v2.c3p0.impl.NewProxyPreparedStatement.executeQuery(NewProxyPreparedStatement.java:1418)
	at sun.reflect.GeneratedMethodAccessor21.invoke(Unknown Source)
	at sun.reflect.DelegatingMethodAccessorImpl.invoke(Unknown Source)
	at java.lang.reflect.Method.invoke(Unknown Source)
	at org.compiere.db.StatementProxy.invoke(StatementProxy.java:128)
	at com.sun.proxy.$Proxy3.executeQuery(Unknown Source)
	at org.compiere.model.GridTable$Loader.openResultSet(GridTable.java:3560)
	at org.compiere.model.GridTable$Loader.doRun(GridTable.java:3598)
	at org.compiere.model.GridTable$Loader.run(GridTable.java:3590)
	at java.util.concurrent.Executors$RunnableAdapter.call(Unknown Source)
	at java.util.concurrent.FutureTask.run(Unknown Source)
	at java.util.concurrent.ScheduledThreadPoolExecutor$ScheduledFutureTask.access$201(Unknown Source)
	at java.util.concurrent.ScheduledThreadPoolExecutor$ScheduledFutureTask.run(Unknown Source)
	at java.util.concurrent.ThreadPoolExecutor.runWorker(Unknown Source)
	at java.util.concurrent.ThreadPoolExecutor$Worker.run(Unknown Source)

19:43:23.916===========> GridTable.saveError: 错误: 字段 "timestamp" 不存在
  位置：45 - 错误: 字段 "timestamp" 不存在
  位置：45 [181]
19:43:23.918===========> UiEngineImpl.handleError:  [108]
org.adempiere.webui.exception.ApplicationException: org.postgresql.util.PSQLException: 错误: 字段 "timestamp" 不存在
  位置：45
	at org.adempiere.webui.panel.AbstractMenuPanel.fireMenuSelectedEvent(AbstractMenuPanel.java:305)
	at org.adempiere.webui.panel.AbstractMenuPanel.doOnClick(AbstractMenuPanel.java:250)
	at org.adempiere.webui.panel.AbstractMenuPanel.onEvent(AbstractMenuPanel.java:224)
	at org.adempiere.webui.panel.MenuTreePanel.onEvent(MenuTreePanel.java:116)
	at org.zkoss.zk.ui.AbstractComponent.onEvent(AbstractComponent.java:2773)
	at org.zkoss.zk.ui.AbstractComponent.service(AbstractComponent.java:2744)
	at org.zkoss.zk.ui.AbstractComponent.service(AbstractComponent.java:2685)
	at org.zkoss.zk.ui.impl.EventProcessor.process(EventProcessor.java:136)
	at org.zkoss.zk.ui.impl.UiEngineImpl.processEvent(UiEngineImpl.java:1765)
	at org.zkoss.zk.ui.impl.UiEngineImpl.process(UiEngineImpl.java:1550)
	at org.zkoss.zk.ui.impl.UiEngineImpl.execUpdate(UiEngineImpl.java:1260)
	at org.zkoss.zk.au.http.DHtmlUpdateServlet.process(DHtmlUpdateServlet.java:611)
	at org.zkoss.zk.au.http.DHtmlUpdateServlet.doGet(DHtmlUpdateServlet.java:485)
	at org.zkoss.zk.au.http.DHtmlUpdateServlet.doPost(DHtmlUpdateServlet.java:494)
	at javax.servlet.http.HttpServlet.service(HttpServlet.java:707)
	at javax.servlet.http.HttpServlet.service(HttpServlet.java:790)
	at org.eclipse.jetty.servlet.ServletHolder.handle(ServletHolder.java:808)
	at org.eclipse.jetty.servlet.ServletHandler.doHandle(ServletHandler.java:587)
	at org.eclipse.jetty.server.handler.ScopedHandler.handle(ScopedHandler.java:143)
	at org.eclipse.jetty.security.SecurityHandler.handle(SecurityHandler.java:577)
	at org.eclipse.jetty.server.session.SessionHandler.doHandle(SessionHandler.java:223)
caused by: java.lang.IllegalStateException: org.postgresql.util.PSQLException: 错误: 字段 "timestamp" 不存在
  位置：45
	at org.compiere.model.GridTable.waitLoadingForRow(GridTable.java:1095)
	at org.compiere.model.GridTab.verifyRow(GridTab.java:2529)
	at org.compiere.model.GridTab.setCurrentRow(GridTab.java:2544)
	at org.compiere.model.GridTab.query(GridTab.java:729)
	at org.adempiere.webui.adwindow.ADTabpanel.query(ADTabpanel.java:944)
	at org.adempiere.webui.adwindow.AbstractADWindowContent.initFirstTabpanel(AbstractADWindowContent.java:653)
	at org.adempiere.webui.adwindow.AbstractADWindowContent.initTab(AbstractADWindowContent.java:639)
	at org.adempiere.webui.adwindow.AbstractADWindowContent.initPanel(AbstractADWindowContent.java:352)
	at org.adempiere.webui.adwindow.ADWindow.doCreatePart(ADWindow.java:132)
	at org.adempiere.webui.part.AbstractUIPart.createPart(AbstractUIPart.java:50)
	at org.adempiere.webui.desktop.TabbedDesktop$OpenWindowRunnable.run(TabbedDesktop.java:383)
	at org.adempiere.webui.desktop.TabbedDesktop.openWindow(TabbedDesktop.java:168)
	at org.adempiere.webui.desktop.TabbedDesktop.openWindow(TabbedDesktop.java:148)
	at org.adempiere.webui.desktop.AbstractDesktop.onMenuSelected(AbstractDesktop.java:68)
	at org.adempiere.webui.desktop.DefaultDesktop.onMenuSelected(DefaultDesktop.java:886)
	at org.adempiere.webui.panel.AbstractMenuPanel.fireMenuSelectedEvent(AbstractMenuPanel.java:301)
	at org.adempiere.webui.panel.AbstractMenuPanel.doOnClick(AbstractMenuPanel.java:250)
	at org.adempiere.webui.panel.AbstractMenuPanel.onEvent(AbstractMenuPanel.java:224)
	at org.adempiere.webui.panel.MenuTreePanel.onEvent(MenuTreePanel.java:116)
	at org.zkoss.zk.ui.AbstractComponent.onEvent(AbstractComponent.java:2773)
	at org.zkoss.zk.ui.AbstractComponent.service(AbstractComponent.java:2744)
caused by: org.postgresql.util.PSQLException: 错误: 字段 "timestamp" 不存在
  位置：45; State=42703; ErrorCode=0
	at org.postgresql.core.v3.QueryExecutorImpl.receiveErrorResponse(QueryExecutorImpl.java:2182)
	at org.postgresql.core.v3.QueryExecutorImpl.processResults(QueryExecutorImpl.java:1911)
	at org.postgresql.core.v3.QueryExecutorImpl.execute(QueryExecutorImpl.java:173)
	at org.postgresql.jdbc2.AbstractJdbc2Statement.execute(AbstractJdbc2Statement.java:645)
	at org.postgresql.jdbc2.AbstractJdbc2Statement.executeWithFlags(AbstractJdbc2Statement.java:495)
	at org.postgresql.jdbc2.AbstractJdbc2Statement.executeQuery(AbstractJdbc2Statement.java:380)
	at com.mchange.v2.c3p0.impl.NewProxyPreparedStatement.executeQuery(NewProxyPreparedStatement.java:1418)
	at sun.reflect.GeneratedMethodAccessor21.invoke(Unknown Source)
	at sun.reflect.DelegatingMethodAccessorImpl.invoke(Unknown Source)
	at java.lang.reflect.Method.invoke(Unknown Source)
	at org.compiere.db.StatementProxy.invoke(StatementProxy.java:128)
	at com.sun.proxy.$Proxy3.executeQuery(Unknown Source)
	at org.compiere.model.GridTable$Loader.openResultSet(GridTable.java:3560)
	at org.compiere.model.GridTable$Loader.doRun(GridTable.java:3598)
	at org.compiere.model.GridTable$Loader.run(GridTable.java:3590)
	at java.util.concurrent.Executors$RunnableAdapter.call(Unknown Source)
	at java.util.concurrent.FutureTask.run(Unknown Source)
	at java.util.concurrent.ScheduledThreadPoolExecutor$ScheduledFutureTask.access$201(Unknown Source)
	at java.util.concurrent.ScheduledThreadPoolExecutor$ScheduledFutureTask.run(Unknown Source)
	at java.util.concurrent.ThreadPoolExecutor.runWorker(Unknown Source)
	at java.util.concurrent.ThreadPoolExecutor$Worker.run(Unknown Source)

19:46:12.352-----------> Node: [192.168.10.212]:5701 [adempiere.idempiere/localhost] [3.5.3] Terminating forcefully... [66]

*** 2016-07-02 19:46:12.352 idempiere Log (CLogFile) ***
