*** 2016-06-28 10:54:46.002 idempiere Log (CLogFile) ***
10:54:46.002 Adempiere.startup: iDempiere(r) Release 3.1_2015-10-31 -Smart Suite ERP, CRM and SCM- (c) 1999-2013 iDempiere(r); Implementation: iDempiere - Supported by iDempiere community [14]
10:54:46.006 Ini.loadProperties: D:\idempiere\idempiere.properties #33 [14]
10:54:46.860 DB.isBuildOK: Build DB=${env.ADEMPIERE_VERSION} 20080428-1232 [14]
10:54:46.860 DB.isBuildOK: Build Cl=3.1.0.qualifier [14]
10:54:46.882-----------> DB.isBuildOK: Build Version Error 

The program assumes build version 3.1.0.qualifier, but database has build version ${env.ADEMPIERE_VERSION} 20080428-1232. 
This is likely to cause hard to fix errors. 
Please contact administrator. [14]
10:54:47.005 Language.getLanguage: Adding Language=en, Country=US, Locale=en_US [14]
10:54:47.005 Language.getLanguage: Adding Language=en, Country=US, Locale=en_US [14]
10:54:47.305 WebEnv.initWeb: Servlet Context Init Parameters: iDempiere Root
ServerRoot=1 [14]
10:54:47.321-----------> EMail.setFrom: you @ company.org: javax.mail.internet.AddressException: Local address contains control or whitespace in string ``you @ company.org'' [14]
10:54:47.321-----------> EMail.addTo: you @ company.org: javax.mail.internet.AddressException: Local address contains control or whitespace in string ``you @ company.org'' [14]
10:54:47.321-----------> EMail.isValid: From is invalid=null [14]
10:54:47.321-----------> EMail.isValid: From is invalid=null [14]
10:54:47.321-----------> MClient.sendEMail: Could NOT Send Email: Server started: iDempiere (DESKTOP-K0DQ6Q3:192.168.10.212) to you @ company.org: Invalid Data (System) [14]
10:54:47.321 WebEnv.initWeb: Servlet Init Parameter: idempiereMonitor [14]
10:54:47.321 AdempiereMonitor.init:  [14]
10:54:49.224-----------> AnnotationConfiguration.configure: ServletContainerInitializers: detected. Class hierarchy: empty [14]
10:54:49.455-----------> ClassLocator.getDependentXMLResources: Replicate resource: ckez
Overwrite bundleresource://175.fwk976177856:2/metainfo/zk/config.xml
with bundleresource://175.fwk976177856:19/metainfo/zk/config.xml [14]
10:54:49.455-----------> ClassLocator.getDependentXMLResources: Replicate resource: zk
Overwrite bundleresource://175.fwk976177856:11/metainfo/zk/config.xml
with bundleresource://175.fwk976177856:28/metainfo/zk/config.xml [14]
10:54:49.455-----------> ClassLocator.getDependentXMLResources: Replicate resource: zkbind
Overwrite bundleresource://175.fwk976177856:12/metainfo/zk/config.xml
with bundleresource://175.fwk976177856:29/metainfo/zk/config.xml [14]
10:54:49.487-----------> ClassLocator.getDependentXMLResources: Replicate resource: zul
Overwrite bundleresource://175.fwk976177856:14/metainfo/zk/zk.xml
with bundleresource://175.fwk976177856:31/metainfo/zk/zk.xml [14]
10:54:49.856-----------> LanguageDefinition.<init>: Replicated language: xhtml, overriden by [LanguageDefinition: xhtml] [14]
10:54:49.887-----------> LanguageDefinition.<init>: Replicated language: xul/html, overriden by [LanguageDefinition: xul/html] [14]
10:54:49.925-----------> ClassLocator.getDependentXMLResources: Replicate resource: calendar
Overwrite bundleresource://175.fwk976177856:1/metainfo/zk/lang-addon.xml
with bundleresource://175.fwk976177856:18/metainfo/zk/lang-addon.xml [14]
10:54:49.925-----------> ClassLocator.getDependentXMLResources: Replicate resource: ckez
Overwrite bundleresource://175.fwk976177856:2/metainfo/zk/lang-addon.xml
with bundleresource://175.fwk976177856:19/metainfo/zk/lang-addon.xml [14]
10:54:49.941-----------> ClassLocator.getDependentXMLResources: Replicate resource: gmapsz
Overwrite bundleresource://175.fwk976177856:5/metainfo/zk/lang-addon.xml
with bundleresource://175.fwk976177856:22/metainfo/zk/lang-addon.xml [14]
10:54:49.941-----------> ClassLocator.getDependentXMLResources: Replicate resource: timeline
Overwrite bundleresource://175.fwk976177856:6/metainfo/zk/lang-addon.xml
with bundleresource://175.fwk976177856:23/metainfo/zk/lang-addon.xml [14]
10:54:49.941-----------> ClassLocator.getDependentXMLResources: Replicate resource: timeplot
Overwrite bundleresource://175.fwk976177856:7/metainfo/zk/lang-addon.xml
with bundleresource://175.fwk976177856:24/metainfo/zk/lang-addon.xml [14]
10:54:49.941-----------> ClassLocator.getDependentXMLResources: Replicate resource: zkbind
Overwrite bundleresource://175.fwk976177856:12/metainfo/zk/lang-addon.xml
with bundleresource://175.fwk976177856:29/metainfo/zk/lang-addon.xml [14]
10:54:49.956-----------> ClassLocator.getDependentXMLResources: Replicate resource: zkplus
Overwrite bundleresource://175.fwk976177856:13/metainfo/zk/lang-addon.xml
with bundleresource://175.fwk976177856:30/metainfo/zk/lang-addon.xml [14]
10:54:50.072           WebUIServlet.init: iDempiere Web Client started successfully [14]
10:54:51.559-----------> AnnotationConfiguration.configure: ServletContainerInitializers: detected. Class hierarchy: empty [14]

*** 2016-06-28 10:54:51.828 idempiere Log (CLogFile) ***
10:54:54.521-----------> Node: [192.168.10.212]:5701 [adempiere.idempiere/localhost] [3.5.3] No join method is enabled! Starting standalone. [38]
10:56:09.234-----------> MRole.saveWarning: AccessTableNoView - Required=6(System & Client Data) != UserLevel=  O [34]
11:28:43.981-----------> MRole.saveWarning: AccessTableNoView - Required=2(Client Data) != UserLevel=  O [35]
11:28:43.983-----------> MRole.saveWarning: AccessTableNoView - Required=2(Client Data) != UserLevel=  O [35]
11:29:01.286-----------> MRole.saveWarning: AccessTableNoView - Required=2(Client Data) != UserLevel=  O [35]
11:29:01.298-----------> MRole.saveWarning: AccessTableNoView - Required=2(Client Data) != UserLevel=  O [35]
11:31:28.391-----------> MRole.saveWarning: AccessTableNoView - Required=6(System & Client Data) != UserLevel=  O [29]
11:31:28.400-----------> MRole.saveWarning: AccessTableNoView - Required=6(System & Client Data) != UserLevel=  O [29]
11:36:47.636-----------> MRole.saveWarning: AccessTableNoView - Required=2(Client Data) != UserLevel=  O [35]
11:36:47.649-----------> MRole.saveWarning: AccessTableNoView - Required=2(Client Data) != UserLevel=  O [35]
11:42:25.252-----------> MRole.saveWarning: AccessTableNoView - Required=6(System & Client Data) != UserLevel=  O [188]
11:42:25.268-----------> MRole.saveWarning: AccessTableNoView - Required=6(System & Client Data) != UserLevel=  O [188]
11:43:04.470-----------> MRole.saveWarning: AccessTableNoView - Required=6(System & Client Data) != UserLevel=  O [29]
11:43:04.477-----------> MRole.saveWarning: AccessTableNoView - Required=6(System & Client Data) != UserLevel=  O [29]
11:43:47.484-----------> MRole.saveWarning: AccessTableNoView - Required=6(System & Client Data) != UserLevel=  O [35]
11:43:47.502-----------> MRole.saveWarning: AccessTableNoView - Required=6(System & Client Data) != UserLevel=  O [35]
14:02:25.731-----------> MRole.saveWarning: AccessTableNoView - Required=6(System & Client Data) != UserLevel=  O [34]
14:16:27.322-----------> MRole.saveWarning: AccessTableNoView - Required=6(System & Client Data) != UserLevel=  O [188]
14:16:27.328-----------> MRole.saveWarning: AccessTableNoView - Required=6(System & Client Data) != UserLevel=  O [188]
14:18:44.622-----------> MRole.saveWarning: AccessTableNoView - Required=6(System & Client Data) != UserLevel=  O [35]
14:18:44.640-----------> MRole.saveWarning: AccessTableNoView - Required=6(System & Client Data) != UserLevel=  O [35]
14:20:02.285-----------> MRole.saveWarning: AccessTableNoView - Required=6(System & Client Data) != UserLevel=  O [34]
14:20:02.291-----------> MRole.saveWarning: AccessTableNoView - Required=6(System & Client Data) != UserLevel=  O [34]
14:22:46.408-----------> MRole.saveWarning: AccessTableNoView - Required=6(System & Client Data) != UserLevel=  O [34]
14:22:46.410-----------> MRole.saveWarning: AccessTableNoView - Required=6(System & Client Data) != UserLevel=  O [34]
14:24:17.241-----------> MRole.saveWarning: AccessTableNoView - Required=6(System & Client Data) != UserLevel=  O [188]
14:24:17.250-----------> MRole.saveWarning: AccessTableNoView - Required=6(System & Client Data) != UserLevel=  O [188]
14:25:12.026-----------> MRole.saveWarning: AccessTableNoView - Required=6(System & Client Data) != UserLevel=  O [29]
14:25:12.032-----------> MRole.saveWarning: AccessTableNoView - Required=6(System & Client Data) != UserLevel=  O [29]
14:26:25.825-----------> MProductBOM.set_Value: BOMQty=0.0 - LessThanMinValue;0.0000000001 [34]
14:26:25.825===========> MProductBOM.saveError: LessThanMinValue - 0.0000000001 [34]
14:26:38.119-----------> MRole.saveWarning: AccessTableNoView - Required=6(System & Client Data) != UserLevel=  O [34]
14:26:38.137-----------> MRole.saveWarning: AccessTableNoView - Required=6(System & Client Data) != UserLevel=  O [34]
14:27:06.223-----------> MProductBOM.set_Value: BOMQty=0.0 - LessThanMinValue;0.0000000001 [35]
14:27:06.223===========> MProductBOM.saveError: LessThanMinValue - 0.0000000001 [35]
14:31:58.462-----------> MRole.saveWarning: AccessTableNoView - Required=6(System & Client Data) != UserLevel=  O [34]
14:31:58.478-----------> MRole.saveWarning: AccessTableNoView - Required=6(System & Client Data) != UserLevel=  O [34]
14:33:13.441-----------> ProductionCreate.costsOK: Could not retrieve costs [159]
14:34:28.649-----------> MWorkflow.getNodesInOrder: Added Node w/o transition: MWFNode[200009-(DocComplete),Action=DocumentAction=CO] [65]
14:34:28.649-----------> MWorkflow.getNodesInOrder: Added Node w/o transition: MWFNode[200010-(DocPrepare),Action=DocumentAction=PR] [65]
14:34:28.718-----------> MWorkflow.getNodesInOrder: Added Node w/o transition: MWFNode[200009-(DocComplete),Action=DocumentAction=CO] [65]
14:34:28.718-----------> MWorkflow.getNodesInOrder: Added Node w/o transition: MWFNode[200010-(DocPrepare),Action=DocumentAction=PR] [65]
14:34:52.836-----------> MWorkflow.getNodesInOrder: Added Node w/o transition: MWFNode[200009-(DocComplete),Action=DocumentAction=CO] [131]
14:34:52.836-----------> MWorkflow.getNodesInOrder: Added Node w/o transition: MWFNode[200010-(DocPrepare),Action=DocumentAction=PR] [131]
14:34:53.468===========> Doc_Production.post:  [131]
org.adempiere.exceptions.AverageCostingNegativeQtyException: Product=CD-ROM, Current Qty=0.0, New Current Qty=-10.00, CostElement=Average Invoice, Schema=GardenWorld US/A/US Dollar
	at org.compiere.model.MCost.setCurrentQty(MCost.java:1700)
	at org.compiere.model.MCostDetail.process(MCostDetail.java:1174)
	at org.compiere.model.MCostDetail.process(MCostDetail.java:863)
	at org.compiere.model.MCostDetail.createProduction(MCostDetail.java:464)
	at org.compiere.acct.Doc_Production.createFacts(Doc_Production.java:290)
	at org.compiere.acct.Doc.postLogic(Doc.java:643)
	at org.compiere.acct.Doc.post(Doc.java:529)
	at org.compiere.acct.DocManager.postDocument(DocManager.java:299)
	at org.compiere.acct.DocManager.postDocument(DocManager.java:246)
	at org.compiere.acct.Doc.postImmediate(Doc.java:238)
	at org.compiere.process.DocumentEngine.postImmediate(DocumentEngine.java:1312)
	at org.compiere.process.DocumentEngine.postIt(DocumentEngine.java:511)
	at org.compiere.process.DocumentEngine.processIt(DocumentEngine.java:339)
	at org.compiere.process.DocumentEngine.processIt(DocumentEngine.java:275)
	at org.compiere.model.MProduction.processIt(MProduction.java:445)
	at org.compiere.wf.MWFActivity.performWork(MWFActivity.java:1009)
	at org.compiere.wf.MWFActivity.run(MWFActivity.java:874)
	at org.compiere.wf.MWFProcess.startNext(MWFProcess.java:373)
	at org.compiere.wf.MWFProcess.checkActivities(MWFProcess.java:283)
	at org.compiere.wf.MWFActivity.setWFState(MWFActivity.java:277)
	at org.compiere.wf.MWFActivity.run(MWFActivity.java:891)
	at org.compiere.wf.MWFProcess.startWork(MWFProcess.java:505)
	at org.compiere.wf.MWorkflow.start(MWorkflow.java:687)

14:34:53.584-----------> MWorkflow.getNodesInOrder: Added Node w/o transition: MWFNode[200009-(DocComplete),Action=DocumentAction=CO] [131]
14:34:53.584-----------> MWorkflow.getNodesInOrder: Added Node w/o transition: MWFNode[200010-(DocPrepare),Action=DocumentAction=PR] [131]
14:54:51.356-----------> MRole.saveWarning: AccessTableNoView - Required=2(Client Data) != UserLevel=  O [188]
15:22:16.105-----------> DataEngine.loadPrintData: NO Rows - ms=22 [133]
15:48:59.959-----------> MRole.saveWarning: AccessTableNoView - Required=6(System & Client Data) != UserLevel=  O [29]
15:48:59.965-----------> MRole.saveWarning: AccessTableNoView - Required=6(System & Client Data) != UserLevel=  O [29]
15:50:45.038-----------> MRole.saveWarning: AccessTableNoView - Required=2(Client Data) != UserLevel=  O [277]
15:56:33.711-----------> MRole.saveWarning: AccessTableNoView - Required=2(Client Data) != UserLevel=  O [35]
15:57:09.721-----------> MRole.saveWarning: AccessTableNoView - Required=2(Client Data) != UserLevel=  O [277]
16:08:27.981-----------> MRole.saveWarning: AccessTableNoView - Required=2(Client Data) != UserLevel=  O [278]
16:22:51.217-----------> MRole.saveWarning: AccessTableNoView - Required=6(System & Client Data) != UserLevel=  O [277]
16:22:51.224-----------> MRole.saveWarning: AccessTableNoView - Required=6(System & Client Data) != UserLevel=  O [277]
16:22:59.462-----------> GridTable.saveWarning: FillMandatory - Expected Result
 [29]
16:22:59.466===========> UiEngineImpl.handleError:  [29]
org.adempiere.exceptions.AdempiereException: SaveError
	at org.adempiere.webui.util.GridTabDataBinder.valueChange(GridTabDataBinder.java:142)
	at org.adempiere.webui.editor.WEditor.fireValueChange(WEditor.java:407)
	at org.adempiere.webui.editor.WSearchEditor.actionCombo(WSearchEditor.java:421)
	at org.adempiere.webui.editor.WSearchEditor.access$4(WSearchEditor.java:409)
	at org.adempiere.webui.editor.WSearchEditor$2.onEvent(WSearchEditor.java:571)
	at org.zkoss.zk.ui.AbstractComponent.onEvent(AbstractComponent.java:2773)
	at org.zkoss.zk.ui.AbstractComponent.service(AbstractComponent.java:2744)
	at org.zkoss.zk.ui.AbstractComponent.service(AbstractComponent.java:2685)
	at org.zkoss.zk.ui.impl.EventProcessor.process(EventProcessor.java:136)
	at org.zkoss.zk.ui.event.Events.sendEvent(Events.java:325)
	at org.adempiere.webui.component.Window.onPageDetached(Window.java:84)
	at org.adempiere.webui.panel.InfoPanel.onPageDetached(InfoPanel.java:2251)
	at org.zkoss.zk.ui.AbstractComponent.setPage0(AbstractComponent.java:477)
	at org.zkoss.zk.ui.AbstractComponent.setPageBefore(AbstractComponent.java:396)
	at org.zkoss.zk.ui.AbstractComponent.setPage(AbstractComponent.java:361)
	at org.zkoss.zk.ui.AbstractComponent.detach(AbstractComponent.java:1681)
	at org.adempiere.webui.panel.InfoPanel.dispose(InfoPanel.java:2118)
	at org.adempiere.webui.panel.InfoPanel.onOk(InfoPanel.java:2029)
	at org.adempiere.webui.panel.InfoPanel.onEvent(InfoPanel.java:1670)
	at org.adempiere.webui.info.InfoWindow.onEvent(InfoWindow.java:1615)
	at org.zkoss.zk.ui.AbstractComponent.onEvent(AbstractComponent.java:2773)

16:23:04.513-----------> MRole.saveWarning: AccessTableNoView - Required=6(System & Client Data) != UserLevel=  O [278]
16:23:04.519-----------> MRole.saveWarning: AccessTableNoView - Required=6(System & Client Data) != UserLevel=  O [278]
16:23:15.859-----------> MRole.saveWarning: AccessTableNoView - Required=6(System & Client Data) != UserLevel=  O [277]
16:23:15.864-----------> MRole.saveWarning: AccessTableNoView - Required=6(System & Client Data) != UserLevel=  O [277]
16:24:09.919-----------> MRole.saveWarning: AccessTableNoView - Required=6(System & Client Data) != UserLevel=  O [277]
16:24:09.924-----------> MRole.saveWarning: AccessTableNoView - Required=6(System & Client Data) != UserLevel=  O [277]
16:30:24.489-----------> MRole.saveWarning: AccessTableNoView - Required=6(System & Client Data) != UserLevel=  O [35]
17:10:14.153-----------> MRole.saveWarning: AccessTableNoView - Required=6(System & Client Data) != UserLevel=  O [277]
17:10:14.170-----------> MRole.saveWarning: AccessTableNoView - Required=6(System & Client Data) != UserLevel=  O [277]
