*** 2016-06-22 09:58:41.506 idempiere Log (CLogFile) ***
09:58:41.505 Adempiere.startup: iDempiere(r) Release 3.1_2015-10-31 -Smart Suite ERP, CRM and SCM- (c) 1999-2013 iDempiere(r); Implementation: iDempiere - Supported by iDempiere community [14]
09:58:41.516 Ini.loadProperties: D:\idempiere\idempiere.properties #32 [14]
09:58:42.486 DB.isBuildOK: Build DB=${env.ADEMPIERE_VERSION} 20080428-1232 [14]
09:58:42.486 DB.isBuildOK: Build Cl=3.1.0.qualifier [14]
09:58:42.507-----------> DB.isBuildOK: Build Version Error 

The program assumes build version 3.1.0.qualifier, but database has build version ${env.ADEMPIERE_VERSION} 20080428-1232. 
This is likely to cause hard to fix errors. 
Please contact administrator. [14]
09:58:42.654 Language.getLanguage: Adding Language=en, Country=US, Locale=en_US [14]
09:58:42.670 Language.getLanguage: Adding Language=en, Country=US, Locale=en_US [14]
09:58:42.970 WebEnv.initWeb: Servlet Context Init Parameters: iDempiere Root
ServerRoot=1 [14]
09:58:42.986-----------> EMail.setFrom: you @ company.org: javax.mail.internet.AddressException: Local address contains control or whitespace in string ``you @ company.org'' [14]
09:58:42.986-----------> EMail.addTo: you @ company.org: javax.mail.internet.AddressException: Local address contains control or whitespace in string ``you @ company.org'' [14]
09:58:42.986-----------> EMail.isValid: From is invalid=null [14]
09:58:42.986-----------> EMail.isValid: From is invalid=null [14]
09:58:42.986-----------> MClient.sendEMail: Could NOT Send Email: Server started: iDempiere (DESKTOP-K0DQ6Q3:192.168.10.212) to you @ company.org: Invalid Data (System) [14]
09:58:42.986 WebEnv.initWeb: Servlet Init Parameter: idempiereMonitor [14]
09:58:42.986 AdempiereMonitor.init:  [14]
09:58:45.375-----------> AnnotationConfiguration.configure: ServletContainerInitializers: detected. Class hierarchy: empty [14]
09:58:45.644-----------> ClassLocator.getDependentXMLResources: Replicate resource: ckez
Overwrite bundleresource://174.fwk147000507:2/metainfo/zk/config.xml
with bundleresource://174.fwk147000507:19/metainfo/zk/config.xml [14]
09:58:45.644-----------> ClassLocator.getDependentXMLResources: Replicate resource: zk
Overwrite bundleresource://174.fwk147000507:11/metainfo/zk/config.xml
with bundleresource://174.fwk147000507:28/metainfo/zk/config.xml [14]
09:58:45.660-----------> ClassLocator.getDependentXMLResources: Replicate resource: zkbind
Overwrite bundleresource://174.fwk147000507:12/metainfo/zk/config.xml
with bundleresource://174.fwk147000507:29/metainfo/zk/config.xml [14]
09:58:45.691-----------> ClassLocator.getDependentXMLResources: Replicate resource: zul
Overwrite bundleresource://174.fwk147000507:14/metainfo/zk/zk.xml
with bundleresource://174.fwk147000507:31/metainfo/zk/zk.xml [14]
09:58:46.114-----------> LanguageDefinition.<init>: Replicated language: xhtml, overriden by [LanguageDefinition: xhtml] [14]
09:58:46.129-----------> LanguageDefinition.<init>: Replicated language: xul/html, overriden by [LanguageDefinition: xul/html] [14]
09:58:46.192-----------> ClassLocator.getDependentXMLResources: Replicate resource: calendar
Overwrite bundleresource://174.fwk147000507:1/metainfo/zk/lang-addon.xml
with bundleresource://174.fwk147000507:18/metainfo/zk/lang-addon.xml [14]
09:58:46.192-----------> ClassLocator.getDependentXMLResources: Replicate resource: ckez
Overwrite bundleresource://174.fwk147000507:2/metainfo/zk/lang-addon.xml
with bundleresource://174.fwk147000507:19/metainfo/zk/lang-addon.xml [14]
09:58:46.192-----------> ClassLocator.getDependentXMLResources: Replicate resource: gmapsz
Overwrite bundleresource://174.fwk147000507:5/metainfo/zk/lang-addon.xml
with bundleresource://174.fwk147000507:22/metainfo/zk/lang-addon.xml [14]
09:58:46.211-----------> ClassLocator.getDependentXMLResources: Replicate resource: timeline
Overwrite bundleresource://174.fwk147000507:6/metainfo/zk/lang-addon.xml
with bundleresource://174.fwk147000507:23/metainfo/zk/lang-addon.xml [14]
09:58:46.214-----------> ClassLocator.getDependentXMLResources: Replicate resource: timeplot
Overwrite bundleresource://174.fwk147000507:7/metainfo/zk/lang-addon.xml
with bundleresource://174.fwk147000507:24/metainfo/zk/lang-addon.xml [14]
09:58:46.214-----------> ClassLocator.getDependentXMLResources: Replicate resource: zkbind
Overwrite bundleresource://174.fwk147000507:12/metainfo/zk/lang-addon.xml
with bundleresource://174.fwk147000507:29/metainfo/zk/lang-addon.xml [14]
09:58:46.214-----------> ClassLocator.getDependentXMLResources: Replicate resource: zkplus
Overwrite bundleresource://174.fwk147000507:13/metainfo/zk/lang-addon.xml
with bundleresource://174.fwk147000507:30/metainfo/zk/lang-addon.xml [14]
09:58:46.329           WebUIServlet.init: iDempiere Web Client started successfully [14]
09:58:48.064-----------> AnnotationConfiguration.configure: ServletContainerInitializers: detected. Class hierarchy: empty [14]

*** 2016-06-22 09:58:48.348 idempiere Log (CLogFile) ***
09:58:50.801-----------> Node: [192.168.10.212]:5701 [adempiere.idempiere/localhost] [3.5.3] No join method is enabled! Starting standalone. [38]
11:30:52.425-----------> PhaseInterceptorChain.doDefaultLogging: Application {http://idempiere.org/ADInterface/1_0}ModelADService#{http://idempiere.org/ADInterface/1_0}getList has thrown exception, unwinding now [31]
org.apache.cxf.interceptor.Fault: Invalid int value: ?
	at org.apache.cxf.service.invoker.AbstractInvoker.createFault(AbstractInvoker.java:162)
	at org.apache.cxf.jaxws.AbstractJAXWSMethodInvoker.createFault(AbstractJAXWSMethodInvoker.java:213)
	at org.apache.cxf.service.invoker.AbstractInvoker.invoke(AbstractInvoker.java:128)
	at org.apache.cxf.jaxws.AbstractJAXWSMethodInvoker.invoke(AbstractJAXWSMethodInvoker.java:178)
	at org.apache.cxf.jaxws.JAXWSMethodInvoker.invoke(JAXWSMethodInvoker.java:64)
	at org.apache.cxf.service.invoker.AbstractInvoker.invoke(AbstractInvoker.java:75)
	at org.apache.cxf.interceptor.ServiceInvokerInterceptor$1.run(ServiceInvokerInterceptor.java:58)
	at java.util.concurrent.Executors$RunnableAdapter.call(Unknown Source)
	at java.util.concurrent.FutureTask.run(Unknown Source)
	at org.apache.cxf.workqueue.SynchronousExecutor.execute(SynchronousExecutor.java:37)
	at org.apache.cxf.interceptor.ServiceInvokerInterceptor.handleMessage(ServiceInvokerInterceptor.java:107)
	at org.apache.cxf.phase.PhaseInterceptorChain.doIntercept(PhaseInterceptorChain.java:262)
	at org.apache.cxf.transport.ChainInitiationObserver.onMessage(ChainInitiationObserver.java:121)
	at org.apache.cxf.transport.http.AbstractHTTPDestination.invoke(AbstractHTTPDestination.java:211)
	at org.apache.cxf.transport.servlet.ServletController.invokeDestination(ServletController.java:213)
	at org.apache.cxf.transport.servlet.ServletController.invoke(ServletController.java:193)
	at org.apache.cxf.transport.servlet.CXFNonSpringServlet.invoke(CXFNonSpringServlet.java:130)
	at org.apache.cxf.transport.servlet.AbstractHTTPServlet.handleRequest(AbstractHTTPServlet.java:221)
	at org.apache.cxf.transport.servlet.AbstractHTTPServlet.doPost(AbstractHTTPServlet.java:141)
	at javax.servlet.http.HttpServlet.service(HttpServlet.java:707)
	at org.apache.cxf.transport.servlet.AbstractHTTPServlet.service(AbstractHTTPServlet.java:197)
caused by: org.apache.xmlbeans.impl.values.XmlValueOutOfRangeException: Invalid int value: ?
	at org.apache.xmlbeans.impl.values.JavaIntHolder.set_text(JavaIntHolder.java:43)
	at org.apache.xmlbeans.impl.values.XmlObjectBase.update_from_wscanon_text(XmlObjectBase.java:1169)
	at org.apache.xmlbeans.impl.values.XmlObjectBase.check_dated(XmlObjectBase.java:1308)
	at org.apache.xmlbeans.impl.values.JavaIntHolder.getIntValue(JavaIntHolder.java:53)
	at org.idempiere.adInterface.x10.impl.ADLoginRequestImpl.getStage(Unknown Source)
	at org.idempiere.webservices.AbstractService.login(AbstractService.java:113)
	at org.idempiere.adinterface.ModelADServiceImpl.getList(ModelADServiceImpl.java:450)
	at sun.reflect.NativeMethodAccessorImpl.invoke0(Native Method)
	at sun.reflect.NativeMethodAccessorImpl.invoke(Unknown Source)
	at sun.reflect.DelegatingMethodAccessorImpl.invoke(Unknown Source)
	at java.lang.reflect.Method.invoke(Unknown Source)
	at org.apache.cxf.service.invoker.AbstractInvoker.performInvocation(AbstractInvoker.java:180)
	at org.apache.cxf.service.invoker.AbstractInvoker.invoke(AbstractInvoker.java:96)
	at org.apache.cxf.jaxws.AbstractJAXWSMethodInvoker.invoke(AbstractJAXWSMethodInvoker.java:178)
	at org.apache.cxf.jaxws.JAXWSMethodInvoker.invoke(JAXWSMethodInvoker.java:64)
	at org.apache.cxf.service.invoker.AbstractInvoker.invoke(AbstractInvoker.java:75)
	at org.apache.cxf.interceptor.ServiceInvokerInterceptor$1.run(ServiceInvokerInterceptor.java:58)
	at java.util.concurrent.Executors$RunnableAdapter.call(Unknown Source)
	at java.util.concurrent.FutureTask.run(Unknown Source)
	at org.apache.cxf.workqueue.SynchronousExecutor.execute(SynchronousExecutor.java:37)
	at org.apache.cxf.interceptor.ServiceInvokerInterceptor.handleMessage(ServiceInvokerInterceptor.java:107)

11:49:34.952-----------> PhaseInterceptorChain.doDefaultLogging: Application {http://idempiere.org/ADInterface/1_0}ModelADService#{http://idempiere.org/ADInterface/1_0}queryData has thrown exception, unwinding now [34]
org.apache.cxf.interceptor.Fault: Invalid int value: ?
	at org.apache.cxf.service.invoker.AbstractInvoker.createFault(AbstractInvoker.java:162)
	at org.apache.cxf.jaxws.AbstractJAXWSMethodInvoker.createFault(AbstractJAXWSMethodInvoker.java:213)
	at org.apache.cxf.service.invoker.AbstractInvoker.invoke(AbstractInvoker.java:128)
	at org.apache.cxf.jaxws.AbstractJAXWSMethodInvoker.invoke(AbstractJAXWSMethodInvoker.java:178)
	at org.apache.cxf.jaxws.JAXWSMethodInvoker.invoke(JAXWSMethodInvoker.java:64)
	at org.apache.cxf.service.invoker.AbstractInvoker.invoke(AbstractInvoker.java:75)
	at org.apache.cxf.interceptor.ServiceInvokerInterceptor$1.run(ServiceInvokerInterceptor.java:58)
	at java.util.concurrent.Executors$RunnableAdapter.call(Unknown Source)
	at java.util.concurrent.FutureTask.run(Unknown Source)
	at org.apache.cxf.workqueue.SynchronousExecutor.execute(SynchronousExecutor.java:37)
	at org.apache.cxf.interceptor.ServiceInvokerInterceptor.handleMessage(ServiceInvokerInterceptor.java:107)
	at org.apache.cxf.phase.PhaseInterceptorChain.doIntercept(PhaseInterceptorChain.java:262)
	at org.apache.cxf.transport.ChainInitiationObserver.onMessage(ChainInitiationObserver.java:121)
	at org.apache.cxf.transport.http.AbstractHTTPDestination.invoke(AbstractHTTPDestination.java:211)
	at org.apache.cxf.transport.servlet.ServletController.invokeDestination(ServletController.java:213)
	at org.apache.cxf.transport.servlet.ServletController.invoke(ServletController.java:193)
	at org.apache.cxf.transport.servlet.CXFNonSpringServlet.invoke(CXFNonSpringServlet.java:130)
	at org.apache.cxf.transport.servlet.AbstractHTTPServlet.handleRequest(AbstractHTTPServlet.java:221)
	at org.apache.cxf.transport.servlet.AbstractHTTPServlet.doPost(AbstractHTTPServlet.java:141)
	at javax.servlet.http.HttpServlet.service(HttpServlet.java:707)
	at org.apache.cxf.transport.servlet.AbstractHTTPServlet.service(AbstractHTTPServlet.java:197)
caused by: org.apache.xmlbeans.impl.values.XmlValueOutOfRangeException: Invalid int value: ?
	at org.apache.xmlbeans.impl.values.JavaIntHolder.set_text(JavaIntHolder.java:43)
	at org.apache.xmlbeans.impl.values.XmlObjectBase.update_from_wscanon_text(XmlObjectBase.java:1169)
	at org.apache.xmlbeans.impl.values.XmlObjectBase.check_dated(XmlObjectBase.java:1308)
	at org.apache.xmlbeans.impl.values.JavaIntHolder.getIntValue(JavaIntHolder.java:53)
	at org.idempiere.adInterface.x10.impl.ADLoginRequestImpl.getStage(Unknown Source)
	at org.idempiere.webservices.AbstractService.login(AbstractService.java:113)
	at org.idempiere.adinterface.ModelADServiceImpl.queryData(ModelADServiceImpl.java:1435)
	at sun.reflect.NativeMethodAccessorImpl.invoke0(Native Method)
	at sun.reflect.NativeMethodAccessorImpl.invoke(Unknown Source)
	at sun.reflect.DelegatingMethodAccessorImpl.invoke(Unknown Source)
	at java.lang.reflect.Method.invoke(Unknown Source)
	at org.apache.cxf.service.invoker.AbstractInvoker.performInvocation(AbstractInvoker.java:180)
	at org.apache.cxf.service.invoker.AbstractInvoker.invoke(AbstractInvoker.java:96)
	at org.apache.cxf.jaxws.AbstractJAXWSMethodInvoker.invoke(AbstractJAXWSMethodInvoker.java:178)
	at org.apache.cxf.jaxws.JAXWSMethodInvoker.invoke(JAXWSMethodInvoker.java:64)
	at org.apache.cxf.service.invoker.AbstractInvoker.invoke(AbstractInvoker.java:75)
	at org.apache.cxf.interceptor.ServiceInvokerInterceptor$1.run(ServiceInvokerInterceptor.java:58)
	at java.util.concurrent.Executors$RunnableAdapter.call(Unknown Source)
	at java.util.concurrent.FutureTask.run(Unknown Source)
	at org.apache.cxf.workqueue.SynchronousExecutor.execute(SynchronousExecutor.java:37)
	at org.apache.cxf.interceptor.ServiceInvokerInterceptor.handleMessage(ServiceInvokerInterceptor.java:107)

11:49:57.979-----------> PhaseInterceptorChain.doDefaultLogging: Application {http://idempiere.org/ADInterface/1_0}ModelADService#{http://idempiere.org/ADInterface/1_0}queryData has thrown exception, unwinding now [31]
org.apache.cxf.interceptor.Fault: Invalid int value: ?
	at org.apache.cxf.service.invoker.AbstractInvoker.createFault(AbstractInvoker.java:162)
	at org.apache.cxf.jaxws.AbstractJAXWSMethodInvoker.createFault(AbstractJAXWSMethodInvoker.java:213)
	at org.apache.cxf.service.invoker.AbstractInvoker.invoke(AbstractInvoker.java:128)
	at org.apache.cxf.jaxws.AbstractJAXWSMethodInvoker.invoke(AbstractJAXWSMethodInvoker.java:178)
	at org.apache.cxf.jaxws.JAXWSMethodInvoker.invoke(JAXWSMethodInvoker.java:64)
	at org.apache.cxf.service.invoker.AbstractInvoker.invoke(AbstractInvoker.java:75)
	at org.apache.cxf.interceptor.ServiceInvokerInterceptor$1.run(ServiceInvokerInterceptor.java:58)
	at java.util.concurrent.Executors$RunnableAdapter.call(Unknown Source)
	at java.util.concurrent.FutureTask.run(Unknown Source)
	at org.apache.cxf.workqueue.SynchronousExecutor.execute(SynchronousExecutor.java:37)
	at org.apache.cxf.interceptor.ServiceInvokerInterceptor.handleMessage(ServiceInvokerInterceptor.java:107)
	at org.apache.cxf.phase.PhaseInterceptorChain.doIntercept(PhaseInterceptorChain.java:262)
	at org.apache.cxf.transport.ChainInitiationObserver.onMessage(ChainInitiationObserver.java:121)
	at org.apache.cxf.transport.http.AbstractHTTPDestination.invoke(AbstractHTTPDestination.java:211)
	at org.apache.cxf.transport.servlet.ServletController.invokeDestination(ServletController.java:213)
	at org.apache.cxf.transport.servlet.ServletController.invoke(ServletController.java:193)
	at org.apache.cxf.transport.servlet.CXFNonSpringServlet.invoke(CXFNonSpringServlet.java:130)
	at org.apache.cxf.transport.servlet.AbstractHTTPServlet.handleRequest(AbstractHTTPServlet.java:221)
	at org.apache.cxf.transport.servlet.AbstractHTTPServlet.doPost(AbstractHTTPServlet.java:141)
	at javax.servlet.http.HttpServlet.service(HttpServlet.java:707)
	at org.apache.cxf.transport.servlet.AbstractHTTPServlet.service(AbstractHTTPServlet.java:197)
caused by: org.apache.xmlbeans.impl.values.XmlValueOutOfRangeException: Invalid int value: ?
	at org.apache.xmlbeans.impl.values.JavaIntHolder.set_text(JavaIntHolder.java:43)
	at org.apache.xmlbeans.impl.values.XmlObjectBase.update_from_wscanon_text(XmlObjectBase.java:1169)
	at org.apache.xmlbeans.impl.values.XmlObjectBase.check_dated(XmlObjectBase.java:1308)
	at org.apache.xmlbeans.impl.values.JavaIntHolder.getIntValue(JavaIntHolder.java:53)
	at org.idempiere.adInterface.x10.impl.ADLoginRequestImpl.getStage(Unknown Source)
	at org.idempiere.webservices.AbstractService.login(AbstractService.java:113)
	at org.idempiere.adinterface.ModelADServiceImpl.queryData(ModelADServiceImpl.java:1435)
	at sun.reflect.NativeMethodAccessorImpl.invoke0(Native Method)
	at sun.reflect.NativeMethodAccessorImpl.invoke(Unknown Source)
	at sun.reflect.DelegatingMethodAccessorImpl.invoke(Unknown Source)
	at java.lang.reflect.Method.invoke(Unknown Source)
	at org.apache.cxf.service.invoker.AbstractInvoker.performInvocation(AbstractInvoker.java:180)
	at org.apache.cxf.service.invoker.AbstractInvoker.invoke(AbstractInvoker.java:96)
	at org.apache.cxf.jaxws.AbstractJAXWSMethodInvoker.invoke(AbstractJAXWSMethodInvoker.java:178)
	at org.apache.cxf.jaxws.JAXWSMethodInvoker.invoke(JAXWSMethodInvoker.java:64)
	at org.apache.cxf.service.invoker.AbstractInvoker.invoke(AbstractInvoker.java:75)
	at org.apache.cxf.interceptor.ServiceInvokerInterceptor$1.run(ServiceInvokerInterceptor.java:58)
	at java.util.concurrent.Executors$RunnableAdapter.call(Unknown Source)
	at java.util.concurrent.FutureTask.run(Unknown Source)
	at org.apache.cxf.workqueue.SynchronousExecutor.execute(SynchronousExecutor.java:37)
	at org.apache.cxf.interceptor.ServiceInvokerInterceptor.handleMessage(ServiceInvokerInterceptor.java:107)

11:50:33.476-----------> ModelADServiceImpl.validateParameter: Web service type TestWebservice: constant parameter RecordID changed to 50003 [34]
12:21:04.860-----------> PhaseInterceptorChain.doDefaultLogging: Application {http://idempiere.org/ADInterface/1_0}ModelADService#{http://idempiere.org/ADInterface/1_0}createData has thrown exception, unwinding now [32]
org.apache.cxf.interceptor.Fault: Invalid int value: ?
	at org.apache.cxf.service.invoker.AbstractInvoker.createFault(AbstractInvoker.java:162)
	at org.apache.cxf.jaxws.AbstractJAXWSMethodInvoker.createFault(AbstractJAXWSMethodInvoker.java:213)
	at org.apache.cxf.service.invoker.AbstractInvoker.invoke(AbstractInvoker.java:128)
	at org.apache.cxf.jaxws.AbstractJAXWSMethodInvoker.invoke(AbstractJAXWSMethodInvoker.java:178)
	at org.apache.cxf.jaxws.JAXWSMethodInvoker.invoke(JAXWSMethodInvoker.java:64)
	at org.apache.cxf.service.invoker.AbstractInvoker.invoke(AbstractInvoker.java:75)
	at org.apache.cxf.interceptor.ServiceInvokerInterceptor$1.run(ServiceInvokerInterceptor.java:58)
	at java.util.concurrent.Executors$RunnableAdapter.call(Unknown Source)
	at java.util.concurrent.FutureTask.run(Unknown Source)
	at org.apache.cxf.workqueue.SynchronousExecutor.execute(SynchronousExecutor.java:37)
	at org.apache.cxf.interceptor.ServiceInvokerInterceptor.handleMessage(ServiceInvokerInterceptor.java:107)
	at org.apache.cxf.phase.PhaseInterceptorChain.doIntercept(PhaseInterceptorChain.java:262)
	at org.apache.cxf.transport.ChainInitiationObserver.onMessage(ChainInitiationObserver.java:121)
	at org.apache.cxf.transport.http.AbstractHTTPDestination.invoke(AbstractHTTPDestination.java:211)
	at org.apache.cxf.transport.servlet.ServletController.invokeDestination(ServletController.java:213)
	at org.apache.cxf.transport.servlet.ServletController.invoke(ServletController.java:193)
	at org.apache.cxf.transport.servlet.CXFNonSpringServlet.invoke(CXFNonSpringServlet.java:130)
	at org.apache.cxf.transport.servlet.AbstractHTTPServlet.handleRequest(AbstractHTTPServlet.java:221)
	at org.apache.cxf.transport.servlet.AbstractHTTPServlet.doPost(AbstractHTTPServlet.java:141)
	at javax.servlet.http.HttpServlet.service(HttpServlet.java:707)
	at org.apache.cxf.transport.servlet.AbstractHTTPServlet.service(AbstractHTTPServlet.java:197)
caused by: org.apache.xmlbeans.impl.values.XmlValueOutOfRangeException: Invalid int value: ?
	at org.apache.xmlbeans.impl.values.JavaIntHolder.set_text(JavaIntHolder.java:43)
	at org.apache.xmlbeans.impl.values.XmlObjectBase.update_from_wscanon_text(XmlObjectBase.java:1169)
	at org.apache.xmlbeans.impl.values.XmlObjectBase.check_dated(XmlObjectBase.java:1308)
	at org.apache.xmlbeans.impl.values.JavaIntHolder.getIntValue(JavaIntHolder.java:53)
	at org.idempiere.adInterface.x10.impl.ADLoginRequestImpl.getStage(Unknown Source)
	at org.idempiere.webservices.AbstractService.login(AbstractService.java:113)
	at org.idempiere.adinterface.ModelADServiceImpl.createData(ModelADServiceImpl.java:753)
	at sun.reflect.NativeMethodAccessorImpl.invoke0(Native Method)
	at sun.reflect.NativeMethodAccessorImpl.invoke(Unknown Source)
	at sun.reflect.DelegatingMethodAccessorImpl.invoke(Unknown Source)
	at java.lang.reflect.Method.invoke(Unknown Source)
	at org.apache.cxf.service.invoker.AbstractInvoker.performInvocation(AbstractInvoker.java:180)
	at org.apache.cxf.service.invoker.AbstractInvoker.invoke(AbstractInvoker.java:96)
	at org.apache.cxf.jaxws.AbstractJAXWSMethodInvoker.invoke(AbstractJAXWSMethodInvoker.java:178)
	at org.apache.cxf.jaxws.JAXWSMethodInvoker.invoke(JAXWSMethodInvoker.java:64)
	at org.apache.cxf.service.invoker.AbstractInvoker.invoke(AbstractInvoker.java:75)
	at org.apache.cxf.interceptor.ServiceInvokerInterceptor$1.run(ServiceInvokerInterceptor.java:58)
	at java.util.concurrent.Executors$RunnableAdapter.call(Unknown Source)
	at java.util.concurrent.FutureTask.run(Unknown Source)
	at org.apache.cxf.workqueue.SynchronousExecutor.execute(SynchronousExecutor.java:37)
	at org.apache.cxf.interceptor.ServiceInvokerInterceptor.handleMessage(ServiceInvokerInterceptor.java:107)

12:21:14.847-----------> PhaseInterceptorChain.doDefaultLogging: Application {http://idempiere.org/ADInterface/1_0}ModelADService#{http://idempiere.org/ADInterface/1_0}createData has thrown exception, unwinding now [29]
org.apache.cxf.interceptor.Fault: Invalid int value: ?
	at org.apache.cxf.service.invoker.AbstractInvoker.createFault(AbstractInvoker.java:162)
	at org.apache.cxf.jaxws.AbstractJAXWSMethodInvoker.createFault(AbstractJAXWSMethodInvoker.java:213)
	at org.apache.cxf.service.invoker.AbstractInvoker.invoke(AbstractInvoker.java:128)
	at org.apache.cxf.jaxws.AbstractJAXWSMethodInvoker.invoke(AbstractJAXWSMethodInvoker.java:178)
	at org.apache.cxf.jaxws.JAXWSMethodInvoker.invoke(JAXWSMethodInvoker.java:64)
	at org.apache.cxf.service.invoker.AbstractInvoker.invoke(AbstractInvoker.java:75)
	at org.apache.cxf.interceptor.ServiceInvokerInterceptor$1.run(ServiceInvokerInterceptor.java:58)
	at java.util.concurrent.Executors$RunnableAdapter.call(Unknown Source)
	at java.util.concurrent.FutureTask.run(Unknown Source)
	at org.apache.cxf.workqueue.SynchronousExecutor.execute(SynchronousExecutor.java:37)
	at org.apache.cxf.interceptor.ServiceInvokerInterceptor.handleMessage(ServiceInvokerInterceptor.java:107)
	at org.apache.cxf.phase.PhaseInterceptorChain.doIntercept(PhaseInterceptorChain.java:262)
	at org.apache.cxf.transport.ChainInitiationObserver.onMessage(ChainInitiationObserver.java:121)
	at org.apache.cxf.transport.http.AbstractHTTPDestination.invoke(AbstractHTTPDestination.java:211)
	at org.apache.cxf.transport.servlet.ServletController.invokeDestination(ServletController.java:213)
	at org.apache.cxf.transport.servlet.ServletController.invoke(ServletController.java:193)
	at org.apache.cxf.transport.servlet.CXFNonSpringServlet.invoke(CXFNonSpringServlet.java:130)
	at org.apache.cxf.transport.servlet.AbstractHTTPServlet.handleRequest(AbstractHTTPServlet.java:221)
	at org.apache.cxf.transport.servlet.AbstractHTTPServlet.doPost(AbstractHTTPServlet.java:141)
	at javax.servlet.http.HttpServlet.service(HttpServlet.java:707)
	at org.apache.cxf.transport.servlet.AbstractHTTPServlet.service(AbstractHTTPServlet.java:197)
caused by: org.apache.xmlbeans.impl.values.XmlValueOutOfRangeException: Invalid int value: ?
	at org.apache.xmlbeans.impl.values.JavaIntHolder.set_text(JavaIntHolder.java:43)
	at org.apache.xmlbeans.impl.values.XmlObjectBase.update_from_wscanon_text(XmlObjectBase.java:1169)
	at org.apache.xmlbeans.impl.values.XmlObjectBase.check_dated(XmlObjectBase.java:1308)
	at org.apache.xmlbeans.impl.values.JavaIntHolder.getIntValue(JavaIntHolder.java:53)
	at org.idempiere.adInterface.x10.impl.ADLoginRequestImpl.getStage(Unknown Source)
	at org.idempiere.webservices.AbstractService.login(AbstractService.java:113)
	at org.idempiere.adinterface.ModelADServiceImpl.createData(ModelADServiceImpl.java:753)
	at sun.reflect.NativeMethodAccessorImpl.invoke0(Native Method)
	at sun.reflect.NativeMethodAccessorImpl.invoke(Unknown Source)
	at sun.reflect.DelegatingMethodAccessorImpl.invoke(Unknown Source)
	at java.lang.reflect.Method.invoke(Unknown Source)
	at org.apache.cxf.service.invoker.AbstractInvoker.performInvocation(AbstractInvoker.java:180)
	at org.apache.cxf.service.invoker.AbstractInvoker.invoke(AbstractInvoker.java:96)
	at org.apache.cxf.jaxws.AbstractJAXWSMethodInvoker.invoke(AbstractJAXWSMethodInvoker.java:178)
	at org.apache.cxf.jaxws.JAXWSMethodInvoker.invoke(JAXWSMethodInvoker.java:64)
	at org.apache.cxf.service.invoker.AbstractInvoker.invoke(AbstractInvoker.java:75)
	at org.apache.cxf.interceptor.ServiceInvokerInterceptor$1.run(ServiceInvokerInterceptor.java:58)
	at java.util.concurrent.Executors$RunnableAdapter.call(Unknown Source)
	at java.util.concurrent.FutureTask.run(Unknown Source)
	at org.apache.cxf.workqueue.SynchronousExecutor.execute(SynchronousExecutor.java:37)
	at org.apache.cxf.interceptor.ServiceInvokerInterceptor.handleMessage(ServiceInvokerInterceptor.java:107)

13:32:02.601-----------> ClusterService: [192.168.10.212]:5701 [adempiere.idempiere/localhost] [3.5.3] Resetting master confirmation timestamps because of huge system clock jump! Clock-Jump: 756207ms, Master-Confirmation-Timeout: 500000ms. [84]
14:35:56.260-----------> PhaseInterceptorChain.doDefaultLogging: Interceptor for {http://idempiere.org/ADInterface/1_0}ModelADService#{http://idempiere.org/ADInterface/1_0}createData has thrown exception, unwinding now [226]
org.apache.cxf.interceptor.Fault: UNMARSHAL_ERROR
	at org.apache.cxf.xmlbeans.DataReaderImpl.doRead(DataReaderImpl.java:113)
	at org.apache.cxf.xmlbeans.DataReaderImpl.read(DataReaderImpl.java:63)
	at org.apache.cxf.xmlbeans.DataReaderImpl.read(DataReaderImpl.java:45)
	at org.apache.cxf.binding.soap.interceptor.RPCInInterceptor.handleMessage(RPCInInterceptor.java:178)
	at org.apache.cxf.phase.PhaseInterceptorChain.doIntercept(PhaseInterceptorChain.java:262)
	at org.apache.cxf.transport.ChainInitiationObserver.onMessage(ChainInitiationObserver.java:121)
	at org.apache.cxf.transport.http.AbstractHTTPDestination.invoke(AbstractHTTPDestination.java:211)
	at org.apache.cxf.transport.servlet.ServletController.invokeDestination(ServletController.java:213)
	at org.apache.cxf.transport.servlet.ServletController.invoke(ServletController.java:193)
	at org.apache.cxf.transport.servlet.CXFNonSpringServlet.invoke(CXFNonSpringServlet.java:130)
	at org.apache.cxf.transport.servlet.AbstractHTTPServlet.handleRequest(AbstractHTTPServlet.java:221)
	at org.apache.cxf.transport.servlet.AbstractHTTPServlet.doPost(AbstractHTTPServlet.java:141)
	at javax.servlet.http.HttpServlet.service(HttpServlet.java:707)
	at org.apache.cxf.transport.servlet.AbstractHTTPServlet.service(AbstractHTTPServlet.java:197)
	at org.eclipse.jetty.servlet.ServletHolder.handle(ServletHolder.java:808)
	at org.eclipse.jetty.servlet.ServletHandler.doHandle(ServletHandler.java:587)
	at org.eclipse.jetty.server.handler.ScopedHandler.handle(ScopedHandler.java:143)
	at org.eclipse.jetty.security.SecurityHandler.handle(SecurityHandler.java:577)
	at org.eclipse.jetty.server.session.SessionHandler.doHandle(SessionHandler.java:223)
	at org.eclipse.jetty.server.handler.ContextHandler.doHandle(ContextHandler.java:1127)
	at org.eclipse.jetty.servlet.ServletHandler.doScope(ServletHandler.java:515)

14:36:27.019-----------> PhaseInterceptorChain.doDefaultLogging: Interceptor for {http://idempiere.org/ADInterface/1_0}ModelADService#{http://idempiere.org/ADInterface/1_0}createData has thrown exception, unwinding now [29]
org.apache.cxf.interceptor.Fault: UNMARSHAL_ERROR
	at org.apache.cxf.xmlbeans.DataReaderImpl.doRead(DataReaderImpl.java:113)
	at org.apache.cxf.xmlbeans.DataReaderImpl.read(DataReaderImpl.java:63)
	at org.apache.cxf.xmlbeans.DataReaderImpl.read(DataReaderImpl.java:45)
	at org.apache.cxf.binding.soap.interceptor.RPCInInterceptor.handleMessage(RPCInInterceptor.java:178)
	at org.apache.cxf.phase.PhaseInterceptorChain.doIntercept(PhaseInterceptorChain.java:262)
	at org.apache.cxf.transport.ChainInitiationObserver.onMessage(ChainInitiationObserver.java:121)
	at org.apache.cxf.transport.http.AbstractHTTPDestination.invoke(AbstractHTTPDestination.java:211)
	at org.apache.cxf.transport.servlet.ServletController.invokeDestination(ServletController.java:213)
	at org.apache.cxf.transport.servlet.ServletController.invoke(ServletController.java:193)
	at org.apache.cxf.transport.servlet.CXFNonSpringServlet.invoke(CXFNonSpringServlet.java:130)
	at org.apache.cxf.transport.servlet.AbstractHTTPServlet.handleRequest(AbstractHTTPServlet.java:221)
	at org.apache.cxf.transport.servlet.AbstractHTTPServlet.doPost(AbstractHTTPServlet.java:141)
	at javax.servlet.http.HttpServlet.service(HttpServlet.java:707)
	at org.apache.cxf.transport.servlet.AbstractHTTPServlet.service(AbstractHTTPServlet.java:197)
	at org.eclipse.jetty.servlet.ServletHolder.handle(ServletHolder.java:808)
	at org.eclipse.jetty.servlet.ServletHandler.doHandle(ServletHandler.java:587)
	at org.eclipse.jetty.server.handler.ScopedHandler.handle(ScopedHandler.java:143)
	at org.eclipse.jetty.security.SecurityHandler.handle(SecurityHandler.java:577)
	at org.eclipse.jetty.server.session.SessionHandler.doHandle(SessionHandler.java:223)
	at org.eclipse.jetty.server.handler.ContextHandler.doHandle(ContextHandler.java:1127)
	at org.eclipse.jetty.servlet.ServletHandler.doScope(ServletHandler.java:515)

14:38:03.612-----------> PhaseInterceptorChain.doDefaultLogging: Interceptor for {http://idempiere.org/ADInterface/1_0}ModelADService#{http://idempiere.org/ADInterface/1_0}createData has thrown exception, unwinding now [227]
org.apache.cxf.interceptor.Fault: UNMARSHAL_ERROR
	at org.apache.cxf.xmlbeans.DataReaderImpl.doRead(DataReaderImpl.java:113)
	at org.apache.cxf.xmlbeans.DataReaderImpl.read(DataReaderImpl.java:63)
	at org.apache.cxf.xmlbeans.DataReaderImpl.read(DataReaderImpl.java:45)
	at org.apache.cxf.binding.soap.interceptor.RPCInInterceptor.handleMessage(RPCInInterceptor.java:178)
	at org.apache.cxf.phase.PhaseInterceptorChain.doIntercept(PhaseInterceptorChain.java:262)
	at org.apache.cxf.transport.ChainInitiationObserver.onMessage(ChainInitiationObserver.java:121)
	at org.apache.cxf.transport.http.AbstractHTTPDestination.invoke(AbstractHTTPDestination.java:211)
	at org.apache.cxf.transport.servlet.ServletController.invokeDestination(ServletController.java:213)
	at org.apache.cxf.transport.servlet.ServletController.invoke(ServletController.java:193)
	at org.apache.cxf.transport.servlet.CXFNonSpringServlet.invoke(CXFNonSpringServlet.java:130)
	at org.apache.cxf.transport.servlet.AbstractHTTPServlet.handleRequest(AbstractHTTPServlet.java:221)
	at org.apache.cxf.transport.servlet.AbstractHTTPServlet.doPost(AbstractHTTPServlet.java:141)
	at javax.servlet.http.HttpServlet.service(HttpServlet.java:707)
	at org.apache.cxf.transport.servlet.AbstractHTTPServlet.service(AbstractHTTPServlet.java:197)
	at org.eclipse.jetty.servlet.ServletHolder.handle(ServletHolder.java:808)
	at org.eclipse.jetty.servlet.ServletHandler.doHandle(ServletHandler.java:587)
	at org.eclipse.jetty.server.handler.ScopedHandler.handle(ScopedHandler.java:143)
	at org.eclipse.jetty.security.SecurityHandler.handle(SecurityHandler.java:577)
	at org.eclipse.jetty.server.session.SessionHandler.doHandle(SessionHandler.java:223)
	at org.eclipse.jetty.server.handler.ContextHandler.doHandle(ContextHandler.java:1127)
	at org.eclipse.jetty.servlet.ServletHandler.doScope(ServletHandler.java:515)

14:38:27.434-----------> PhaseInterceptorChain.doDefaultLogging: Interceptor for {http://idempiere.org/ADInterface/1_0}ModelADService#{http://idempiere.org/ADInterface/1_0}createData has thrown exception, unwinding now [226]
org.apache.cxf.interceptor.Fault: UNMARSHAL_ERROR
	at org.apache.cxf.xmlbeans.DataReaderImpl.doRead(DataReaderImpl.java:113)
	at org.apache.cxf.xmlbeans.DataReaderImpl.read(DataReaderImpl.java:63)
	at org.apache.cxf.xmlbeans.DataReaderImpl.read(DataReaderImpl.java:45)
	at org.apache.cxf.binding.soap.interceptor.RPCInInterceptor.handleMessage(RPCInInterceptor.java:178)
	at org.apache.cxf.phase.PhaseInterceptorChain.doIntercept(PhaseInterceptorChain.java:262)
	at org.apache.cxf.transport.ChainInitiationObserver.onMessage(ChainInitiationObserver.java:121)
	at org.apache.cxf.transport.http.AbstractHTTPDestination.invoke(AbstractHTTPDestination.java:211)
	at org.apache.cxf.transport.servlet.ServletController.invokeDestination(ServletController.java:213)
	at org.apache.cxf.transport.servlet.ServletController.invoke(ServletController.java:193)
	at org.apache.cxf.transport.servlet.CXFNonSpringServlet.invoke(CXFNonSpringServlet.java:130)
	at org.apache.cxf.transport.servlet.AbstractHTTPServlet.handleRequest(AbstractHTTPServlet.java:221)
	at org.apache.cxf.transport.servlet.AbstractHTTPServlet.doPost(AbstractHTTPServlet.java:141)
	at javax.servlet.http.HttpServlet.service(HttpServlet.java:707)
	at org.apache.cxf.transport.servlet.AbstractHTTPServlet.service(AbstractHTTPServlet.java:197)
	at org.eclipse.jetty.servlet.ServletHolder.handle(ServletHolder.java:808)
	at org.eclipse.jetty.servlet.ServletHandler.doHandle(ServletHandler.java:587)
	at org.eclipse.jetty.server.handler.ScopedHandler.handle(ScopedHandler.java:143)
	at org.eclipse.jetty.security.SecurityHandler.handle(SecurityHandler.java:577)
	at org.eclipse.jetty.server.session.SessionHandler.doHandle(SessionHandler.java:223)
	at org.eclipse.jetty.server.handler.ContextHandler.doHandle(ContextHandler.java:1127)
	at org.eclipse.jetty.servlet.ServletHandler.doScope(ServletHandler.java:515)

14:38:39.375-----------> PhaseInterceptorChain.doDefaultLogging: Interceptor for {http://idempiere.org/ADInterface/1_0}ModelADService#{http://idempiere.org/ADInterface/1_0}createData has thrown exception, unwinding now [228]
org.apache.cxf.interceptor.Fault: UNMARSHAL_ERROR
	at org.apache.cxf.xmlbeans.DataReaderImpl.doRead(DataReaderImpl.java:113)
	at org.apache.cxf.xmlbeans.DataReaderImpl.read(DataReaderImpl.java:63)
	at org.apache.cxf.xmlbeans.DataReaderImpl.read(DataReaderImpl.java:45)
	at org.apache.cxf.binding.soap.interceptor.RPCInInterceptor.handleMessage(RPCInInterceptor.java:178)
	at org.apache.cxf.phase.PhaseInterceptorChain.doIntercept(PhaseInterceptorChain.java:262)
	at org.apache.cxf.transport.ChainInitiationObserver.onMessage(ChainInitiationObserver.java:121)
	at org.apache.cxf.transport.http.AbstractHTTPDestination.invoke(AbstractHTTPDestination.java:211)
	at org.apache.cxf.transport.servlet.ServletController.invokeDestination(ServletController.java:213)
	at org.apache.cxf.transport.servlet.ServletController.invoke(ServletController.java:193)
	at org.apache.cxf.transport.servlet.CXFNonSpringServlet.invoke(CXFNonSpringServlet.java:130)
	at org.apache.cxf.transport.servlet.AbstractHTTPServlet.handleRequest(AbstractHTTPServlet.java:221)
	at org.apache.cxf.transport.servlet.AbstractHTTPServlet.doPost(AbstractHTTPServlet.java:141)
	at javax.servlet.http.HttpServlet.service(HttpServlet.java:707)
	at org.apache.cxf.transport.servlet.AbstractHTTPServlet.service(AbstractHTTPServlet.java:197)
	at org.eclipse.jetty.servlet.ServletHolder.handle(ServletHolder.java:808)
	at org.eclipse.jetty.servlet.ServletHandler.doHandle(ServletHandler.java:587)
	at org.eclipse.jetty.server.handler.ScopedHandler.handle(ScopedHandler.java:143)
	at org.eclipse.jetty.security.SecurityHandler.handle(SecurityHandler.java:577)
	at org.eclipse.jetty.server.session.SessionHandler.doHandle(SessionHandler.java:223)
	at org.eclipse.jetty.server.handler.ContextHandler.doHandle(ContextHandler.java:1127)
	at org.eclipse.jetty.servlet.ServletHandler.doScope(ServletHandler.java:515)

14:39:33.181===========> Trx.commit: POdel_b1708f83-d6d7-4fe6-82af-af41e9156fa2 [227]
org.postgresql.util.PSQLException: 错误: 在 "ws_webservicetype" 上的更新或删除操作违反了在 "ws_webservice_para" 上的外键约束 "wswebservicetype_wswebservicep"
  详细：键值对(ws_webservicetype_id)=(1000001)仍然是从表"ws_webservice_para"引用的.; State=23503; ErrorCode=0
	at org.postgresql.core.v3.QueryExecutorImpl.receiveErrorResponse(QueryExecutorImpl.java:2182)
	at org.postgresql.core.v3.QueryExecutorImpl.processResults(QueryExecutorImpl.java:1911)
	at org.postgresql.core.v3.QueryExecutorImpl.execute(QueryExecutorImpl.java:173)
	at org.postgresql.jdbc2.AbstractJdbc2Connection.executeTransactionCommand(AbstractJdbc2Connection.java:824)
	at org.postgresql.jdbc2.AbstractJdbc2Connection.commit(AbstractJdbc2Connection.java:848)
	at com.mchange.v2.c3p0.impl.NewProxyConnection.commit(NewProxyConnection.java:1007)
	at org.compiere.util.Trx.commit(Trx.java:357)
	at org.compiere.model.PO.delete(PO.java:3401)
	at org.compiere.model.GridTable.dataDelete(GridTable.java:2692)
	at org.compiere.model.GridTab.dataDelete(GridTab.java:1207)
	at org.adempiere.webui.adwindow.AbstractADWindowContent$35.onCallback(AbstractADWindowContent.java:2361)
	at org.adempiere.webui.adwindow.AbstractADWindowContent$35.onCallback(AbstractADWindowContent.java:1)
	at org.adempiere.webui.window.FDialog$3.onCallback(FDialog.java:385)
	at org.adempiere.webui.window.FDialog$3.onCallback(FDialog.java:1)
	at org.adempiere.webui.component.Messagebox.onPageDetached(Messagebox.java:349)
	at org.zkoss.zk.ui.AbstractComponent.setPage0(AbstractComponent.java:477)
	at org.zkoss.zk.ui.AbstractComponent.setPageBefore(AbstractComponent.java:396)
	at org.zkoss.zk.ui.AbstractComponent.setPage(AbstractComponent.java:361)
	at org.zkoss.zk.ui.AbstractComponent.detach(AbstractComponent.java:1681)
	at org.adempiere.webui.component.Messagebox.onEvent(Messagebox.java:340)
	at org.zkoss.zk.ui.AbstractComponent.onEvent(AbstractComponent.java:2773)

14:39:33.273===========> MWebServiceType.saveError: DeleteErrorDependent - 错误: 在 "ws_webservicetype" 上的更新或删除操作违反了在 "ws_webservice_para" 上的外键约束 "wswebservicetype_wswebservicep"
  详细：键值对(ws_webservicetype_id)=(1000001)仍然是从表"ws_webservice_para"引用的. [227]
14:39:33.275-----------> GridTable.saveWarning: DeleteErrorDependent - 错误: 在 "ws_webservicetype" 上的更新或删除操作违反了在 "ws_webservice_para" 上的外键约束 "wswebservicetype_wswebservicep"
  详细：键值对(ws_webservicetype_id)=(1000001)仍然是从表"ws_webservice_para"引用的. [227]
14:39:46.130===========> Trx.commit: POdel_317962e6-dc79-492a-badf-f599b2f6e83a [227]
org.postgresql.util.PSQLException: 错误: 在 "ws_webservicetype" 上的更新或删除操作违反了在 "ws_webservice_para" 上的外键约束 "wswebservicetype_wswebservicep"
  详细：键值对(ws_webservicetype_id)=(1000001)仍然是从表"ws_webservice_para"引用的.; State=23503; ErrorCode=0
	at org.postgresql.core.v3.QueryExecutorImpl.receiveErrorResponse(QueryExecutorImpl.java:2182)
	at org.postgresql.core.v3.QueryExecutorImpl.processResults(QueryExecutorImpl.java:1911)
	at org.postgresql.core.v3.QueryExecutorImpl.execute(QueryExecutorImpl.java:173)
	at org.postgresql.jdbc2.AbstractJdbc2Connection.executeTransactionCommand(AbstractJdbc2Connection.java:824)
	at org.postgresql.jdbc2.AbstractJdbc2Connection.commit(AbstractJdbc2Connection.java:848)
	at com.mchange.v2.c3p0.impl.NewProxyConnection.commit(NewProxyConnection.java:1007)
	at org.compiere.util.Trx.commit(Trx.java:357)
	at org.compiere.model.PO.delete(PO.java:3401)
	at org.compiere.model.GridTable.dataDelete(GridTable.java:2692)
	at org.compiere.model.GridTab.dataDelete(GridTab.java:1207)
	at org.adempiere.webui.adwindow.AbstractADWindowContent$35.onCallback(AbstractADWindowContent.java:2361)
	at org.adempiere.webui.adwindow.AbstractADWindowContent$35.onCallback(AbstractADWindowContent.java:1)
	at org.adempiere.webui.window.FDialog$3.onCallback(FDialog.java:385)
	at org.adempiere.webui.window.FDialog$3.onCallback(FDialog.java:1)
	at org.adempiere.webui.component.Messagebox.onPageDetached(Messagebox.java:349)
	at org.zkoss.zk.ui.AbstractComponent.setPage0(AbstractComponent.java:477)
	at org.zkoss.zk.ui.AbstractComponent.setPageBefore(AbstractComponent.java:396)
	at org.zkoss.zk.ui.AbstractComponent.setPage(AbstractComponent.java:361)
	at org.zkoss.zk.ui.AbstractComponent.detach(AbstractComponent.java:1681)
	at org.adempiere.webui.component.Messagebox.onEvent(Messagebox.java:340)
	at org.zkoss.zk.ui.AbstractComponent.onEvent(AbstractComponent.java:2773)

14:39:46.152===========> MWebServiceType.saveError: DeleteErrorDependent - 错误: 在 "ws_webservicetype" 上的更新或删除操作违反了在 "ws_webservice_para" 上的外键约束 "wswebservicetype_wswebservicep"
  详细：键值对(ws_webservicetype_id)=(1000001)仍然是从表"ws_webservice_para"引用的. [227]
14:39:46.154-----------> GridTable.saveWarning: DeleteErrorDependent - 错误: 在 "ws_webservicetype" 上的更新或删除操作违反了在 "ws_webservice_para" 上的外键约束 "wswebservicetype_wswebservicep"
  详细：键值对(ws_webservicetype_id)=(1000001)仍然是从表"ws_webservice_para"引用的. [227]
14:50:53.217-----------> PhaseInterceptorChain.doDefaultLogging: Interceptor for {http://idempiere.org/ADInterface/1_0}ModelADService#{http://idempiere.org/ADInterface/1_0}createData has thrown exception, unwinding now [226]
org.apache.cxf.interceptor.Fault: UNMARSHAL_ERROR
	at org.apache.cxf.xmlbeans.DataReaderImpl.doRead(DataReaderImpl.java:113)
	at org.apache.cxf.xmlbeans.DataReaderImpl.read(DataReaderImpl.java:63)
	at org.apache.cxf.xmlbeans.DataReaderImpl.read(DataReaderImpl.java:45)
	at org.apache.cxf.binding.soap.interceptor.RPCInInterceptor.handleMessage(RPCInInterceptor.java:178)
	at org.apache.cxf.phase.PhaseInterceptorChain.doIntercept(PhaseInterceptorChain.java:262)
	at org.apache.cxf.transport.ChainInitiationObserver.onMessage(ChainInitiationObserver.java:121)
	at org.apache.cxf.transport.http.AbstractHTTPDestination.invoke(AbstractHTTPDestination.java:211)
	at org.apache.cxf.transport.servlet.ServletController.invokeDestination(ServletController.java:213)
	at org.apache.cxf.transport.servlet.ServletController.invoke(ServletController.java:193)
	at org.apache.cxf.transport.servlet.CXFNonSpringServlet.invoke(CXFNonSpringServlet.java:130)
	at org.apache.cxf.transport.servlet.AbstractHTTPServlet.handleRequest(AbstractHTTPServlet.java:221)
	at org.apache.cxf.transport.servlet.AbstractHTTPServlet.doPost(AbstractHTTPServlet.java:141)
	at javax.servlet.http.HttpServlet.service(HttpServlet.java:707)
	at org.apache.cxf.transport.servlet.AbstractHTTPServlet.service(AbstractHTTPServlet.java:197)
	at org.eclipse.jetty.servlet.ServletHolder.handle(ServletHolder.java:808)
	at org.eclipse.jetty.servlet.ServletHandler.doHandle(ServletHandler.java:587)
	at org.eclipse.jetty.server.handler.ScopedHandler.handle(ScopedHandler.java:143)
	at org.eclipse.jetty.security.SecurityHandler.handle(SecurityHandler.java:577)
	at org.eclipse.jetty.server.session.SessionHandler.doHandle(SessionHandler.java:223)
	at org.eclipse.jetty.server.handler.ContextHandler.doHandle(ContextHandler.java:1127)
	at org.eclipse.jetty.servlet.ServletHandler.doScope(ServletHandler.java:515)

14:52:37.183-----------> PhaseInterceptorChain.doDefaultLogging: Interceptor for {http://idempiere.org/ADInterface/1_0}ModelADService#{http://idempiere.org/ADInterface/1_0}createData has thrown exception, unwinding now [226]
org.apache.cxf.interceptor.Fault: UNMARSHAL_ERROR
	at org.apache.cxf.xmlbeans.DataReaderImpl.doRead(DataReaderImpl.java:113)
	at org.apache.cxf.xmlbeans.DataReaderImpl.read(DataReaderImpl.java:63)
	at org.apache.cxf.xmlbeans.DataReaderImpl.read(DataReaderImpl.java:45)
	at org.apache.cxf.binding.soap.interceptor.RPCInInterceptor.handleMessage(RPCInInterceptor.java:178)
	at org.apache.cxf.phase.PhaseInterceptorChain.doIntercept(PhaseInterceptorChain.java:262)
	at org.apache.cxf.transport.ChainInitiationObserver.onMessage(ChainInitiationObserver.java:121)
	at org.apache.cxf.transport.http.AbstractHTTPDestination.invoke(AbstractHTTPDestination.java:211)
	at org.apache.cxf.transport.servlet.ServletController.invokeDestination(ServletController.java:213)
	at org.apache.cxf.transport.servlet.ServletController.invoke(ServletController.java:193)
	at org.apache.cxf.transport.servlet.CXFNonSpringServlet.invoke(CXFNonSpringServlet.java:130)
	at org.apache.cxf.transport.servlet.AbstractHTTPServlet.handleRequest(AbstractHTTPServlet.java:221)
	at org.apache.cxf.transport.servlet.AbstractHTTPServlet.doPost(AbstractHTTPServlet.java:141)
	at javax.servlet.http.HttpServlet.service(HttpServlet.java:707)
	at org.apache.cxf.transport.servlet.AbstractHTTPServlet.service(AbstractHTTPServlet.java:197)
	at org.eclipse.jetty.servlet.ServletHolder.handle(ServletHolder.java:808)
	at org.eclipse.jetty.servlet.ServletHandler.doHandle(ServletHandler.java:587)
	at org.eclipse.jetty.server.handler.ScopedHandler.handle(ScopedHandler.java:143)
	at org.eclipse.jetty.security.SecurityHandler.handle(SecurityHandler.java:577)
	at org.eclipse.jetty.server.session.SessionHandler.doHandle(SessionHandler.java:223)
	at org.eclipse.jetty.server.handler.ContextHandler.doHandle(ContextHandler.java:1127)
	at org.eclipse.jetty.servlet.ServletHandler.doScope(ServletHandler.java:515)

14:55:31.394-----------> PhaseInterceptorChain.doDefaultLogging: Interceptor for {http://idempiere.org/ADInterface/1_0}ModelADService#{http://idempiere.org/ADInterface/1_0}createData has thrown exception, unwinding now [228]
org.apache.cxf.interceptor.Fault: UNMARSHAL_ERROR
	at org.apache.cxf.xmlbeans.DataReaderImpl.doRead(DataReaderImpl.java:113)
	at org.apache.cxf.xmlbeans.DataReaderImpl.read(DataReaderImpl.java:63)
	at org.apache.cxf.xmlbeans.DataReaderImpl.read(DataReaderImpl.java:45)
	at org.apache.cxf.binding.soap.interceptor.RPCInInterceptor.handleMessage(RPCInInterceptor.java:178)
	at org.apache.cxf.phase.PhaseInterceptorChain.doIntercept(PhaseInterceptorChain.java:262)
	at org.apache.cxf.transport.ChainInitiationObserver.onMessage(ChainInitiationObserver.java:121)
	at org.apache.cxf.transport.http.AbstractHTTPDestination.invoke(AbstractHTTPDestination.java:211)
	at org.apache.cxf.transport.servlet.ServletController.invokeDestination(ServletController.java:213)
	at org.apache.cxf.transport.servlet.ServletController.invoke(ServletController.java:193)
	at org.apache.cxf.transport.servlet.CXFNonSpringServlet.invoke(CXFNonSpringServlet.java:130)
	at org.apache.cxf.transport.servlet.AbstractHTTPServlet.handleRequest(AbstractHTTPServlet.java:221)
	at org.apache.cxf.transport.servlet.AbstractHTTPServlet.doPost(AbstractHTTPServlet.java:141)
	at javax.servlet.http.HttpServlet.service(HttpServlet.java:707)
	at org.apache.cxf.transport.servlet.AbstractHTTPServlet.service(AbstractHTTPServlet.java:197)
	at org.eclipse.jetty.servlet.ServletHolder.handle(ServletHolder.java:808)
	at org.eclipse.jetty.servlet.ServletHandler.doHandle(ServletHandler.java:587)
	at org.eclipse.jetty.server.handler.ScopedHandler.handle(ScopedHandler.java:143)
	at org.eclipse.jetty.security.SecurityHandler.handle(SecurityHandler.java:577)
	at org.eclipse.jetty.server.session.SessionHandler.doHandle(SessionHandler.java:223)
	at org.eclipse.jetty.server.handler.ContextHandler.doHandle(ContextHandler.java:1127)
	at org.eclipse.jetty.servlet.ServletHandler.doScope(ServletHandler.java:515)

14:55:48.657-----------> PhaseInterceptorChain.doDefaultLogging: Interceptor for {http://idempiere.org/ADInterface/1_0}ModelADService#{http://idempiere.org/ADInterface/1_0}createData has thrown exception, unwinding now [226]
org.apache.cxf.interceptor.Fault: UNMARSHAL_ERROR
	at org.apache.cxf.xmlbeans.DataReaderImpl.doRead(DataReaderImpl.java:113)
	at org.apache.cxf.xmlbeans.DataReaderImpl.read(DataReaderImpl.java:63)
	at org.apache.cxf.xmlbeans.DataReaderImpl.read(DataReaderImpl.java:45)
	at org.apache.cxf.binding.soap.interceptor.RPCInInterceptor.handleMessage(RPCInInterceptor.java:178)
	at org.apache.cxf.phase.PhaseInterceptorChain.doIntercept(PhaseInterceptorChain.java:262)
	at org.apache.cxf.transport.ChainInitiationObserver.onMessage(ChainInitiationObserver.java:121)
	at org.apache.cxf.transport.http.AbstractHTTPDestination.invoke(AbstractHTTPDestination.java:211)
	at org.apache.cxf.transport.servlet.ServletController.invokeDestination(ServletController.java:213)
	at org.apache.cxf.transport.servlet.ServletController.invoke(ServletController.java:193)
	at org.apache.cxf.transport.servlet.CXFNonSpringServlet.invoke(CXFNonSpringServlet.java:130)
	at org.apache.cxf.transport.servlet.AbstractHTTPServlet.handleRequest(AbstractHTTPServlet.java:221)
	at org.apache.cxf.transport.servlet.AbstractHTTPServlet.doPost(AbstractHTTPServlet.java:141)
	at javax.servlet.http.HttpServlet.service(HttpServlet.java:707)
	at org.apache.cxf.transport.servlet.AbstractHTTPServlet.service(AbstractHTTPServlet.java:197)
	at org.eclipse.jetty.servlet.ServletHolder.handle(ServletHolder.java:808)
	at org.eclipse.jetty.servlet.ServletHandler.doHandle(ServletHandler.java:587)
	at org.eclipse.jetty.server.handler.ScopedHandler.handle(ScopedHandler.java:143)
	at org.eclipse.jetty.security.SecurityHandler.handle(SecurityHandler.java:577)
	at org.eclipse.jetty.server.session.SessionHandler.doHandle(SessionHandler.java:223)
	at org.eclipse.jetty.server.handler.ContextHandler.doHandle(ContextHandler.java:1127)
	at org.eclipse.jetty.servlet.ServletHandler.doScope(ServletHandler.java:515)

14:59:46.882-----------> PhaseInterceptorChain.doDefaultLogging: Interceptor for {http://idempiere.org/ADInterface/1_0}ModelADService#{http://idempiere.org/ADInterface/1_0}createData has thrown exception, unwinding now [226]
org.apache.cxf.interceptor.Fault: UNMARSHAL_ERROR
	at org.apache.cxf.xmlbeans.DataReaderImpl.doRead(DataReaderImpl.java:113)
	at org.apache.cxf.xmlbeans.DataReaderImpl.read(DataReaderImpl.java:63)
	at org.apache.cxf.xmlbeans.DataReaderImpl.read(DataReaderImpl.java:45)
	at org.apache.cxf.binding.soap.interceptor.RPCInInterceptor.handleMessage(RPCInInterceptor.java:178)
	at org.apache.cxf.phase.PhaseInterceptorChain.doIntercept(PhaseInterceptorChain.java:262)
	at org.apache.cxf.transport.ChainInitiationObserver.onMessage(ChainInitiationObserver.java:121)
	at org.apache.cxf.transport.http.AbstractHTTPDestination.invoke(AbstractHTTPDestination.java:211)
	at org.apache.cxf.transport.servlet.ServletController.invokeDestination(ServletController.java:213)
	at org.apache.cxf.transport.servlet.ServletController.invoke(ServletController.java:193)
	at org.apache.cxf.transport.servlet.CXFNonSpringServlet.invoke(CXFNonSpringServlet.java:130)
	at org.apache.cxf.transport.servlet.AbstractHTTPServlet.handleRequest(AbstractHTTPServlet.java:221)
	at org.apache.cxf.transport.servlet.AbstractHTTPServlet.doPost(AbstractHTTPServlet.java:141)
	at javax.servlet.http.HttpServlet.service(HttpServlet.java:707)
	at org.apache.cxf.transport.servlet.AbstractHTTPServlet.service(AbstractHTTPServlet.java:197)
	at org.eclipse.jetty.servlet.ServletHolder.handle(ServletHolder.java:808)
	at org.eclipse.jetty.servlet.ServletHandler.doHandle(ServletHandler.java:587)
	at org.eclipse.jetty.server.handler.ScopedHandler.handle(ScopedHandler.java:143)
	at org.eclipse.jetty.security.SecurityHandler.handle(SecurityHandler.java:577)
	at org.eclipse.jetty.server.session.SessionHandler.doHandle(SessionHandler.java:223)
	at org.eclipse.jetty.server.handler.ContextHandler.doHandle(ContextHandler.java:1127)
	at org.eclipse.jetty.servlet.ServletHandler.doScope(ServletHandler.java:515)

15:04:02.897-----------> PhaseInterceptorChain.doDefaultLogging: Interceptor for {http://idempiere.org/ADInterface/1_0}ModelADService#{http://idempiere.org/ADInterface/1_0}createData has thrown exception, unwinding now [226]
org.apache.cxf.interceptor.Fault: UNMARSHAL_ERROR
	at org.apache.cxf.xmlbeans.DataReaderImpl.doRead(DataReaderImpl.java:113)
	at org.apache.cxf.xmlbeans.DataReaderImpl.read(DataReaderImpl.java:63)
	at org.apache.cxf.xmlbeans.DataReaderImpl.read(DataReaderImpl.java:45)
	at org.apache.cxf.binding.soap.interceptor.RPCInInterceptor.handleMessage(RPCInInterceptor.java:178)
	at org.apache.cxf.phase.PhaseInterceptorChain.doIntercept(PhaseInterceptorChain.java:262)
	at org.apache.cxf.transport.ChainInitiationObserver.onMessage(ChainInitiationObserver.java:121)
	at org.apache.cxf.transport.http.AbstractHTTPDestination.invoke(AbstractHTTPDestination.java:211)
	at org.apache.cxf.transport.servlet.ServletController.invokeDestination(ServletController.java:213)
	at org.apache.cxf.transport.servlet.ServletController.invoke(ServletController.java:193)
	at org.apache.cxf.transport.servlet.CXFNonSpringServlet.invoke(CXFNonSpringServlet.java:130)
	at org.apache.cxf.transport.servlet.AbstractHTTPServlet.handleRequest(AbstractHTTPServlet.java:221)
	at org.apache.cxf.transport.servlet.AbstractHTTPServlet.doPost(AbstractHTTPServlet.java:141)
	at javax.servlet.http.HttpServlet.service(HttpServlet.java:707)
	at org.apache.cxf.transport.servlet.AbstractHTTPServlet.service(AbstractHTTPServlet.java:197)
	at org.eclipse.jetty.servlet.ServletHolder.handle(ServletHolder.java:808)
	at org.eclipse.jetty.servlet.ServletHandler.doHandle(ServletHandler.java:587)
	at org.eclipse.jetty.server.handler.ScopedHandler.handle(ScopedHandler.java:143)
	at org.eclipse.jetty.security.SecurityHandler.handle(SecurityHandler.java:577)
	at org.eclipse.jetty.server.session.SessionHandler.doHandle(SessionHandler.java:223)
	at org.eclipse.jetty.server.handler.ContextHandler.doHandle(ContextHandler.java:1127)
	at org.eclipse.jetty.servlet.ServletHandler.doScope(ServletHandler.java:515)

15:04:28.127-----------> PhaseInterceptorChain.doDefaultLogging: Interceptor for {http://idempiere.org/ADInterface/1_0}ModelADService#{http://idempiere.org/ADInterface/1_0}createData has thrown exception, unwinding now [228]
org.apache.cxf.interceptor.Fault: UNMARSHAL_ERROR
	at org.apache.cxf.xmlbeans.DataReaderImpl.doRead(DataReaderImpl.java:113)
	at org.apache.cxf.xmlbeans.DataReaderImpl.read(DataReaderImpl.java:63)
	at org.apache.cxf.xmlbeans.DataReaderImpl.read(DataReaderImpl.java:45)
	at org.apache.cxf.binding.soap.interceptor.RPCInInterceptor.handleMessage(RPCInInterceptor.java:178)
	at org.apache.cxf.phase.PhaseInterceptorChain.doIntercept(PhaseInterceptorChain.java:262)
	at org.apache.cxf.transport.ChainInitiationObserver.onMessage(ChainInitiationObserver.java:121)
	at org.apache.cxf.transport.http.AbstractHTTPDestination.invoke(AbstractHTTPDestination.java:211)
	at org.apache.cxf.transport.servlet.ServletController.invokeDestination(ServletController.java:213)
	at org.apache.cxf.transport.servlet.ServletController.invoke(ServletController.java:193)
	at org.apache.cxf.transport.servlet.CXFNonSpringServlet.invoke(CXFNonSpringServlet.java:130)
	at org.apache.cxf.transport.servlet.AbstractHTTPServlet.handleRequest(AbstractHTTPServlet.java:221)
	at org.apache.cxf.transport.servlet.AbstractHTTPServlet.doPost(AbstractHTTPServlet.java:141)
	at javax.servlet.http.HttpServlet.service(HttpServlet.java:707)
	at org.apache.cxf.transport.servlet.AbstractHTTPServlet.service(AbstractHTTPServlet.java:197)
	at org.eclipse.jetty.servlet.ServletHolder.handle(ServletHolder.java:808)
	at org.eclipse.jetty.servlet.ServletHandler.doHandle(ServletHandler.java:587)
	at org.eclipse.jetty.server.handler.ScopedHandler.handle(ScopedHandler.java:143)
	at org.eclipse.jetty.security.SecurityHandler.handle(SecurityHandler.java:577)
	at org.eclipse.jetty.server.session.SessionHandler.doHandle(SessionHandler.java:223)
	at org.eclipse.jetty.server.handler.ContextHandler.doHandle(ContextHandler.java:1127)
	at org.eclipse.jetty.servlet.ServletHandler.doScope(ServletHandler.java:515)

15:04:50.760-----------> PhaseInterceptorChain.doDefaultLogging: Interceptor for {http://idempiere.org/ADInterface/1_0}ModelADService#{http://idempiere.org/ADInterface/1_0}createData has thrown exception, unwinding now [29]
org.apache.cxf.interceptor.Fault: UNMARSHAL_ERROR
	at org.apache.cxf.xmlbeans.DataReaderImpl.doRead(DataReaderImpl.java:113)
	at org.apache.cxf.xmlbeans.DataReaderImpl.read(DataReaderImpl.java:63)
	at org.apache.cxf.xmlbeans.DataReaderImpl.read(DataReaderImpl.java:45)
	at org.apache.cxf.binding.soap.interceptor.RPCInInterceptor.handleMessage(RPCInInterceptor.java:178)
	at org.apache.cxf.phase.PhaseInterceptorChain.doIntercept(PhaseInterceptorChain.java:262)
	at org.apache.cxf.transport.ChainInitiationObserver.onMessage(ChainInitiationObserver.java:121)
	at org.apache.cxf.transport.http.AbstractHTTPDestination.invoke(AbstractHTTPDestination.java:211)
	at org.apache.cxf.transport.servlet.ServletController.invokeDestination(ServletController.java:213)
	at org.apache.cxf.transport.servlet.ServletController.invoke(ServletController.java:193)
	at org.apache.cxf.transport.servlet.CXFNonSpringServlet.invoke(CXFNonSpringServlet.java:130)
	at org.apache.cxf.transport.servlet.AbstractHTTPServlet.handleRequest(AbstractHTTPServlet.java:221)
	at org.apache.cxf.transport.servlet.AbstractHTTPServlet.doPost(AbstractHTTPServlet.java:141)
	at javax.servlet.http.HttpServlet.service(HttpServlet.java:707)
	at org.apache.cxf.transport.servlet.AbstractHTTPServlet.service(AbstractHTTPServlet.java:197)
	at org.eclipse.jetty.servlet.ServletHolder.handle(ServletHolder.java:808)
	at org.eclipse.jetty.servlet.ServletHandler.doHandle(ServletHandler.java:587)
	at org.eclipse.jetty.server.handler.ScopedHandler.handle(ScopedHandler.java:143)
	at org.eclipse.jetty.security.SecurityHandler.handle(SecurityHandler.java:577)
	at org.eclipse.jetty.server.session.SessionHandler.doHandle(SessionHandler.java:223)
	at org.eclipse.jetty.server.handler.ContextHandler.doHandle(ContextHandler.java:1127)
	at org.eclipse.jetty.servlet.ServletHandler.doScope(ServletHandler.java:515)

15:05:09.128-----------> PhaseInterceptorChain.doDefaultLogging: Interceptor for {http://idempiere.org/ADInterface/1_0}ModelADService#{http://idempiere.org/ADInterface/1_0}createData has thrown exception, unwinding now [227]
org.apache.cxf.interceptor.Fault: UNMARSHAL_ERROR
	at org.apache.cxf.xmlbeans.DataReaderImpl.doRead(DataReaderImpl.java:113)
	at org.apache.cxf.xmlbeans.DataReaderImpl.read(DataReaderImpl.java:63)
	at org.apache.cxf.xmlbeans.DataReaderImpl.read(DataReaderImpl.java:45)
	at org.apache.cxf.binding.soap.interceptor.RPCInInterceptor.handleMessage(RPCInInterceptor.java:178)
	at org.apache.cxf.phase.PhaseInterceptorChain.doIntercept(PhaseInterceptorChain.java:262)
	at org.apache.cxf.transport.ChainInitiationObserver.onMessage(ChainInitiationObserver.java:121)
	at org.apache.cxf.transport.http.AbstractHTTPDestination.invoke(AbstractHTTPDestination.java:211)
	at org.apache.cxf.transport.servlet.ServletController.invokeDestination(ServletController.java:213)
	at org.apache.cxf.transport.servlet.ServletController.invoke(ServletController.java:193)
	at org.apache.cxf.transport.servlet.CXFNonSpringServlet.invoke(CXFNonSpringServlet.java:130)
	at org.apache.cxf.transport.servlet.AbstractHTTPServlet.handleRequest(AbstractHTTPServlet.java:221)
	at org.apache.cxf.transport.servlet.AbstractHTTPServlet.doPost(AbstractHTTPServlet.java:141)
	at javax.servlet.http.HttpServlet.service(HttpServlet.java:707)
	at org.apache.cxf.transport.servlet.AbstractHTTPServlet.service(AbstractHTTPServlet.java:197)
	at org.eclipse.jetty.servlet.ServletHolder.handle(ServletHolder.java:808)
	at org.eclipse.jetty.servlet.ServletHandler.doHandle(ServletHandler.java:587)
	at org.eclipse.jetty.server.handler.ScopedHandler.handle(ScopedHandler.java:143)
	at org.eclipse.jetty.security.SecurityHandler.handle(SecurityHandler.java:577)
	at org.eclipse.jetty.server.session.SessionHandler.doHandle(SessionHandler.java:223)
	at org.eclipse.jetty.server.handler.ContextHandler.doHandle(ContextHandler.java:1127)
	at org.eclipse.jetty.servlet.ServletHandler.doScope(ServletHandler.java:515)

15:05:12.437-----------> PhaseInterceptorChain.doDefaultLogging: Interceptor for {http://idempiere.org/ADInterface/1_0}ModelADService#{http://idempiere.org/ADInterface/1_0}createData has thrown exception, unwinding now [29]
org.apache.cxf.interceptor.Fault: UNMARSHAL_ERROR
	at org.apache.cxf.xmlbeans.DataReaderImpl.doRead(DataReaderImpl.java:113)
	at org.apache.cxf.xmlbeans.DataReaderImpl.read(DataReaderImpl.java:63)
	at org.apache.cxf.xmlbeans.DataReaderImpl.read(DataReaderImpl.java:45)
	at org.apache.cxf.binding.soap.interceptor.RPCInInterceptor.handleMessage(RPCInInterceptor.java:178)
	at org.apache.cxf.phase.PhaseInterceptorChain.doIntercept(PhaseInterceptorChain.java:262)
	at org.apache.cxf.transport.ChainInitiationObserver.onMessage(ChainInitiationObserver.java:121)
	at org.apache.cxf.transport.http.AbstractHTTPDestination.invoke(AbstractHTTPDestination.java:211)
	at org.apache.cxf.transport.servlet.ServletController.invokeDestination(ServletController.java:213)
	at org.apache.cxf.transport.servlet.ServletController.invoke(ServletController.java:193)
	at org.apache.cxf.transport.servlet.CXFNonSpringServlet.invoke(CXFNonSpringServlet.java:130)
	at org.apache.cxf.transport.servlet.AbstractHTTPServlet.handleRequest(AbstractHTTPServlet.java:221)
	at org.apache.cxf.transport.servlet.AbstractHTTPServlet.doPost(AbstractHTTPServlet.java:141)
	at javax.servlet.http.HttpServlet.service(HttpServlet.java:707)
	at org.apache.cxf.transport.servlet.AbstractHTTPServlet.service(AbstractHTTPServlet.java:197)
	at org.eclipse.jetty.servlet.ServletHolder.handle(ServletHolder.java:808)
	at org.eclipse.jetty.servlet.ServletHandler.doHandle(ServletHandler.java:587)
	at org.eclipse.jetty.server.handler.ScopedHandler.handle(ScopedHandler.java:143)
	at org.eclipse.jetty.security.SecurityHandler.handle(SecurityHandler.java:577)
	at org.eclipse.jetty.server.session.SessionHandler.doHandle(SessionHandler.java:223)
	at org.eclipse.jetty.server.handler.ContextHandler.doHandle(ContextHandler.java:1127)
	at org.eclipse.jetty.servlet.ServletHandler.doScope(ServletHandler.java:515)

15:05:18.521-----------> PhaseInterceptorChain.doDefaultLogging: Interceptor for {http://idempiere.org/ADInterface/1_0}ModelADService#{http://idempiere.org/ADInterface/1_0}createData has thrown exception, unwinding now [227]
org.apache.cxf.interceptor.Fault: UNMARSHAL_ERROR
	at org.apache.cxf.xmlbeans.DataReaderImpl.doRead(DataReaderImpl.java:113)
	at org.apache.cxf.xmlbeans.DataReaderImpl.read(DataReaderImpl.java:63)
	at org.apache.cxf.xmlbeans.DataReaderImpl.read(DataReaderImpl.java:45)
	at org.apache.cxf.binding.soap.interceptor.RPCInInterceptor.handleMessage(RPCInInterceptor.java:178)
	at org.apache.cxf.phase.PhaseInterceptorChain.doIntercept(PhaseInterceptorChain.java:262)
	at org.apache.cxf.transport.ChainInitiationObserver.onMessage(ChainInitiationObserver.java:121)
	at org.apache.cxf.transport.http.AbstractHTTPDestination.invoke(AbstractHTTPDestination.java:211)
	at org.apache.cxf.transport.servlet.ServletController.invokeDestination(ServletController.java:213)
	at org.apache.cxf.transport.servlet.ServletController.invoke(ServletController.java:193)
	at org.apache.cxf.transport.servlet.CXFNonSpringServlet.invoke(CXFNonSpringServlet.java:130)
	at org.apache.cxf.transport.servlet.AbstractHTTPServlet.handleRequest(AbstractHTTPServlet.java:221)
	at org.apache.cxf.transport.servlet.AbstractHTTPServlet.doPost(AbstractHTTPServlet.java:141)
	at javax.servlet.http.HttpServlet.service(HttpServlet.java:707)
	at org.apache.cxf.transport.servlet.AbstractHTTPServlet.service(AbstractHTTPServlet.java:197)
	at org.eclipse.jetty.servlet.ServletHolder.handle(ServletHolder.java:808)
	at org.eclipse.jetty.servlet.ServletHandler.doHandle(ServletHandler.java:587)
	at org.eclipse.jetty.server.handler.ScopedHandler.handle(ScopedHandler.java:143)
	at org.eclipse.jetty.security.SecurityHandler.handle(SecurityHandler.java:577)
	at org.eclipse.jetty.server.session.SessionHandler.doHandle(SessionHandler.java:223)
	at org.eclipse.jetty.server.handler.ContextHandler.doHandle(ContextHandler.java:1127)
	at org.eclipse.jetty.servlet.ServletHandler.doScope(ServletHandler.java:515)

15:05:20.298-----------> PhaseInterceptorChain.doDefaultLogging: Interceptor for {http://idempiere.org/ADInterface/1_0}ModelADService#{http://idempiere.org/ADInterface/1_0}createData has thrown exception, unwinding now [228]
org.apache.cxf.interceptor.Fault: UNMARSHAL_ERROR
	at org.apache.cxf.xmlbeans.DataReaderImpl.doRead(DataReaderImpl.java:113)
	at org.apache.cxf.xmlbeans.DataReaderImpl.read(DataReaderImpl.java:63)
	at org.apache.cxf.xmlbeans.DataReaderImpl.read(DataReaderImpl.java:45)
	at org.apache.cxf.binding.soap.interceptor.RPCInInterceptor.handleMessage(RPCInInterceptor.java:178)
	at org.apache.cxf.phase.PhaseInterceptorChain.doIntercept(PhaseInterceptorChain.java:262)
	at org.apache.cxf.transport.ChainInitiationObserver.onMessage(ChainInitiationObserver.java:121)
	at org.apache.cxf.transport.http.AbstractHTTPDestination.invoke(AbstractHTTPDestination.java:211)
	at org.apache.cxf.transport.servlet.ServletController.invokeDestination(ServletController.java:213)
	at org.apache.cxf.transport.servlet.ServletController.invoke(ServletController.java:193)
	at org.apache.cxf.transport.servlet.CXFNonSpringServlet.invoke(CXFNonSpringServlet.java:130)
	at org.apache.cxf.transport.servlet.AbstractHTTPServlet.handleRequest(AbstractHTTPServlet.java:221)
	at org.apache.cxf.transport.servlet.AbstractHTTPServlet.doPost(AbstractHTTPServlet.java:141)
	at javax.servlet.http.HttpServlet.service(HttpServlet.java:707)
	at org.apache.cxf.transport.servlet.AbstractHTTPServlet.service(AbstractHTTPServlet.java:197)
	at org.eclipse.jetty.servlet.ServletHolder.handle(ServletHolder.java:808)
	at org.eclipse.jetty.servlet.ServletHandler.doHandle(ServletHandler.java:587)
	at org.eclipse.jetty.server.handler.ScopedHandler.handle(ScopedHandler.java:143)
	at org.eclipse.jetty.security.SecurityHandler.handle(SecurityHandler.java:577)
	at org.eclipse.jetty.server.session.SessionHandler.doHandle(SessionHandler.java:223)
	at org.eclipse.jetty.server.handler.ContextHandler.doHandle(ContextHandler.java:1127)
	at org.eclipse.jetty.servlet.ServletHandler.doScope(ServletHandler.java:515)

15:05:20.972-----------> PhaseInterceptorChain.doDefaultLogging: Interceptor for {http://idempiere.org/ADInterface/1_0}ModelADService#{http://idempiere.org/ADInterface/1_0}createData has thrown exception, unwinding now [226]
org.apache.cxf.interceptor.Fault: UNMARSHAL_ERROR
	at org.apache.cxf.xmlbeans.DataReaderImpl.doRead(DataReaderImpl.java:113)
	at org.apache.cxf.xmlbeans.DataReaderImpl.read(DataReaderImpl.java:63)
	at org.apache.cxf.xmlbeans.DataReaderImpl.read(DataReaderImpl.java:45)
	at org.apache.cxf.binding.soap.interceptor.RPCInInterceptor.handleMessage(RPCInInterceptor.java:178)
	at org.apache.cxf.phase.PhaseInterceptorChain.doIntercept(PhaseInterceptorChain.java:262)
	at org.apache.cxf.transport.ChainInitiationObserver.onMessage(ChainInitiationObserver.java:121)
	at org.apache.cxf.transport.http.AbstractHTTPDestination.invoke(AbstractHTTPDestination.java:211)
	at org.apache.cxf.transport.servlet.ServletController.invokeDestination(ServletController.java:213)
	at org.apache.cxf.transport.servlet.ServletController.invoke(ServletController.java:193)
	at org.apache.cxf.transport.servlet.CXFNonSpringServlet.invoke(CXFNonSpringServlet.java:130)
	at org.apache.cxf.transport.servlet.AbstractHTTPServlet.handleRequest(AbstractHTTPServlet.java:221)
	at org.apache.cxf.transport.servlet.AbstractHTTPServlet.doPost(AbstractHTTPServlet.java:141)
	at javax.servlet.http.HttpServlet.service(HttpServlet.java:707)
	at org.apache.cxf.transport.servlet.AbstractHTTPServlet.service(AbstractHTTPServlet.java:197)
	at org.eclipse.jetty.servlet.ServletHolder.handle(ServletHolder.java:808)
	at org.eclipse.jetty.servlet.ServletHandler.doHandle(ServletHandler.java:587)
	at org.eclipse.jetty.server.handler.ScopedHandler.handle(ScopedHandler.java:143)
	at org.eclipse.jetty.security.SecurityHandler.handle(SecurityHandler.java:577)
	at org.eclipse.jetty.server.session.SessionHandler.doHandle(SessionHandler.java:223)
	at org.eclipse.jetty.server.handler.ContextHandler.doHandle(ContextHandler.java:1127)
	at org.eclipse.jetty.servlet.ServletHandler.doScope(ServletHandler.java:515)

15:05:21.164-----------> PhaseInterceptorChain.doDefaultLogging: Interceptor for {http://idempiere.org/ADInterface/1_0}ModelADService#{http://idempiere.org/ADInterface/1_0}createData has thrown exception, unwinding now [29]
org.apache.cxf.interceptor.Fault: UNMARSHAL_ERROR
	at org.apache.cxf.xmlbeans.DataReaderImpl.doRead(DataReaderImpl.java:113)
	at org.apache.cxf.xmlbeans.DataReaderImpl.read(DataReaderImpl.java:63)
	at org.apache.cxf.xmlbeans.DataReaderImpl.read(DataReaderImpl.java:45)
	at org.apache.cxf.binding.soap.interceptor.RPCInInterceptor.handleMessage(RPCInInterceptor.java:178)
	at org.apache.cxf.phase.PhaseInterceptorChain.doIntercept(PhaseInterceptorChain.java:262)
	at org.apache.cxf.transport.ChainInitiationObserver.onMessage(ChainInitiationObserver.java:121)
	at org.apache.cxf.transport.http.AbstractHTTPDestination.invoke(AbstractHTTPDestination.java:211)
	at org.apache.cxf.transport.servlet.ServletController.invokeDestination(ServletController.java:213)
	at org.apache.cxf.transport.servlet.ServletController.invoke(ServletController.java:193)
	at org.apache.cxf.transport.servlet.CXFNonSpringServlet.invoke(CXFNonSpringServlet.java:130)
	at org.apache.cxf.transport.servlet.AbstractHTTPServlet.handleRequest(AbstractHTTPServlet.java:221)
	at org.apache.cxf.transport.servlet.AbstractHTTPServlet.doPost(AbstractHTTPServlet.java:141)
	at javax.servlet.http.HttpServlet.service(HttpServlet.java:707)
	at org.apache.cxf.transport.servlet.AbstractHTTPServlet.service(AbstractHTTPServlet.java:197)
	at org.eclipse.jetty.servlet.ServletHolder.handle(ServletHolder.java:808)
	at org.eclipse.jetty.servlet.ServletHandler.doHandle(ServletHandler.java:587)
	at org.eclipse.jetty.server.handler.ScopedHandler.handle(ScopedHandler.java:143)
	at org.eclipse.jetty.security.SecurityHandler.handle(SecurityHandler.java:577)
	at org.eclipse.jetty.server.session.SessionHandler.doHandle(SessionHandler.java:223)
	at org.eclipse.jetty.server.handler.ContextHandler.doHandle(ContextHandler.java:1127)
	at org.eclipse.jetty.servlet.ServletHandler.doScope(ServletHandler.java:515)

15:05:21.356-----------> PhaseInterceptorChain.doDefaultLogging: Interceptor for {http://idempiere.org/ADInterface/1_0}ModelADService#{http://idempiere.org/ADInterface/1_0}createData has thrown exception, unwinding now [227]
org.apache.cxf.interceptor.Fault: UNMARSHAL_ERROR
	at org.apache.cxf.xmlbeans.DataReaderImpl.doRead(DataReaderImpl.java:113)
	at org.apache.cxf.xmlbeans.DataReaderImpl.read(DataReaderImpl.java:63)
	at org.apache.cxf.xmlbeans.DataReaderImpl.read(DataReaderImpl.java:45)
	at org.apache.cxf.binding.soap.interceptor.RPCInInterceptor.handleMessage(RPCInInterceptor.java:178)
	at org.apache.cxf.phase.PhaseInterceptorChain.doIntercept(PhaseInterceptorChain.java:262)
	at org.apache.cxf.transport.ChainInitiationObserver.onMessage(ChainInitiationObserver.java:121)
	at org.apache.cxf.transport.http.AbstractHTTPDestination.invoke(AbstractHTTPDestination.java:211)
	at org.apache.cxf.transport.servlet.ServletController.invokeDestination(ServletController.java:213)
	at org.apache.cxf.transport.servlet.ServletController.invoke(ServletController.java:193)
	at org.apache.cxf.transport.servlet.CXFNonSpringServlet.invoke(CXFNonSpringServlet.java:130)
	at org.apache.cxf.transport.servlet.AbstractHTTPServlet.handleRequest(AbstractHTTPServlet.java:221)
	at org.apache.cxf.transport.servlet.AbstractHTTPServlet.doPost(AbstractHTTPServlet.java:141)
	at javax.servlet.http.HttpServlet.service(HttpServlet.java:707)
	at org.apache.cxf.transport.servlet.AbstractHTTPServlet.service(AbstractHTTPServlet.java:197)
	at org.eclipse.jetty.servlet.ServletHolder.handle(ServletHolder.java:808)
	at org.eclipse.jetty.servlet.ServletHandler.doHandle(ServletHandler.java:587)
	at org.eclipse.jetty.server.handler.ScopedHandler.handle(ScopedHandler.java:143)
	at org.eclipse.jetty.security.SecurityHandler.handle(SecurityHandler.java:577)
	at org.eclipse.jetty.server.session.SessionHandler.doHandle(SessionHandler.java:223)
	at org.eclipse.jetty.server.handler.ContextHandler.doHandle(ContextHandler.java:1127)
	at org.eclipse.jetty.servlet.ServletHandler.doScope(ServletHandler.java:515)

15:05:21.560-----------> PhaseInterceptorChain.doDefaultLogging: Interceptor for {http://idempiere.org/ADInterface/1_0}ModelADService#{http://idempiere.org/ADInterface/1_0}createData has thrown exception, unwinding now [228]
org.apache.cxf.interceptor.Fault: UNMARSHAL_ERROR
	at org.apache.cxf.xmlbeans.DataReaderImpl.doRead(DataReaderImpl.java:113)
	at org.apache.cxf.xmlbeans.DataReaderImpl.read(DataReaderImpl.java:63)
	at org.apache.cxf.xmlbeans.DataReaderImpl.read(DataReaderImpl.java:45)
	at org.apache.cxf.binding.soap.interceptor.RPCInInterceptor.handleMessage(RPCInInterceptor.java:178)
	at org.apache.cxf.phase.PhaseInterceptorChain.doIntercept(PhaseInterceptorChain.java:262)
	at org.apache.cxf.transport.ChainInitiationObserver.onMessage(ChainInitiationObserver.java:121)
	at org.apache.cxf.transport.http.AbstractHTTPDestination.invoke(AbstractHTTPDestination.java:211)
	at org.apache.cxf.transport.servlet.ServletController.invokeDestination(ServletController.java:213)
	at org.apache.cxf.transport.servlet.ServletController.invoke(ServletController.java:193)
	at org.apache.cxf.transport.servlet.CXFNonSpringServlet.invoke(CXFNonSpringServlet.java:130)
	at org.apache.cxf.transport.servlet.AbstractHTTPServlet.handleRequest(AbstractHTTPServlet.java:221)
	at org.apache.cxf.transport.servlet.AbstractHTTPServlet.doPost(AbstractHTTPServlet.java:141)
	at javax.servlet.http.HttpServlet.service(HttpServlet.java:707)
	at org.apache.cxf.transport.servlet.AbstractHTTPServlet.service(AbstractHTTPServlet.java:197)
	at org.eclipse.jetty.servlet.ServletHolder.handle(ServletHolder.java:808)
	at org.eclipse.jetty.servlet.ServletHandler.doHandle(ServletHandler.java:587)
	at org.eclipse.jetty.server.handler.ScopedHandler.handle(ScopedHandler.java:143)
	at org.eclipse.jetty.security.SecurityHandler.handle(SecurityHandler.java:577)
	at org.eclipse.jetty.server.session.SessionHandler.doHandle(SessionHandler.java:223)
	at org.eclipse.jetty.server.handler.ContextHandler.doHandle(ContextHandler.java:1127)
	at org.eclipse.jetty.servlet.ServletHandler.doScope(ServletHandler.java:515)

15:05:21.691-----------> PhaseInterceptorChain.doDefaultLogging: Interceptor for {http://idempiere.org/ADInterface/1_0}ModelADService#{http://idempiere.org/ADInterface/1_0}createData has thrown exception, unwinding now [226]
org.apache.cxf.interceptor.Fault: UNMARSHAL_ERROR
	at org.apache.cxf.xmlbeans.DataReaderImpl.doRead(DataReaderImpl.java:113)
	at org.apache.cxf.xmlbeans.DataReaderImpl.read(DataReaderImpl.java:63)
	at org.apache.cxf.xmlbeans.DataReaderImpl.read(DataReaderImpl.java:45)
	at org.apache.cxf.binding.soap.interceptor.RPCInInterceptor.handleMessage(RPCInInterceptor.java:178)
	at org.apache.cxf.phase.PhaseInterceptorChain.doIntercept(PhaseInterceptorChain.java:262)
	at org.apache.cxf.transport.ChainInitiationObserver.onMessage(ChainInitiationObserver.java:121)
	at org.apache.cxf.transport.http.AbstractHTTPDestination.invoke(AbstractHTTPDestination.java:211)
	at org.apache.cxf.transport.servlet.ServletController.invokeDestination(ServletController.java:213)
	at org.apache.cxf.transport.servlet.ServletController.invoke(ServletController.java:193)
	at org.apache.cxf.transport.servlet.CXFNonSpringServlet.invoke(CXFNonSpringServlet.java:130)
	at org.apache.cxf.transport.servlet.AbstractHTTPServlet.handleRequest(AbstractHTTPServlet.java:221)
	at org.apache.cxf.transport.servlet.AbstractHTTPServlet.doPost(AbstractHTTPServlet.java:141)
	at javax.servlet.http.HttpServlet.service(HttpServlet.java:707)
	at org.apache.cxf.transport.servlet.AbstractHTTPServlet.service(AbstractHTTPServlet.java:197)
	at org.eclipse.jetty.servlet.ServletHolder.handle(ServletHolder.java:808)
	at org.eclipse.jetty.servlet.ServletHandler.doHandle(ServletHandler.java:587)
	at org.eclipse.jetty.server.handler.ScopedHandler.handle(ScopedHandler.java:143)
	at org.eclipse.jetty.security.SecurityHandler.handle(SecurityHandler.java:577)
	at org.eclipse.jetty.server.session.SessionHandler.doHandle(SessionHandler.java:223)
	at org.eclipse.jetty.server.handler.ContextHandler.doHandle(ContextHandler.java:1127)
	at org.eclipse.jetty.servlet.ServletHandler.doScope(ServletHandler.java:515)

15:29:42.545-----------> PhaseInterceptorChain.doDefaultLogging: Interceptor for {http://idempiere.org/ADInterface/1_0}ModelADService#{http://idempiere.org/ADInterface/1_0}queryData has thrown exception, unwinding now [228]
org.apache.cxf.interceptor.Fault: UNMARSHAL_ERROR
	at org.apache.cxf.xmlbeans.DataReaderImpl.doRead(DataReaderImpl.java:113)
	at org.apache.cxf.xmlbeans.DataReaderImpl.read(DataReaderImpl.java:63)
	at org.apache.cxf.xmlbeans.DataReaderImpl.read(DataReaderImpl.java:45)
	at org.apache.cxf.binding.soap.interceptor.RPCInInterceptor.handleMessage(RPCInInterceptor.java:178)
	at org.apache.cxf.phase.PhaseInterceptorChain.doIntercept(PhaseInterceptorChain.java:262)
	at org.apache.cxf.transport.ChainInitiationObserver.onMessage(ChainInitiationObserver.java:121)
	at org.apache.cxf.transport.http.AbstractHTTPDestination.invoke(AbstractHTTPDestination.java:211)
	at org.apache.cxf.transport.servlet.ServletController.invokeDestination(ServletController.java:213)
	at org.apache.cxf.transport.servlet.ServletController.invoke(ServletController.java:193)
	at org.apache.cxf.transport.servlet.CXFNonSpringServlet.invoke(CXFNonSpringServlet.java:130)
	at org.apache.cxf.transport.servlet.AbstractHTTPServlet.handleRequest(AbstractHTTPServlet.java:221)
	at org.apache.cxf.transport.servlet.AbstractHTTPServlet.doPost(AbstractHTTPServlet.java:141)
	at javax.servlet.http.HttpServlet.service(HttpServlet.java:707)
	at org.apache.cxf.transport.servlet.AbstractHTTPServlet.service(AbstractHTTPServlet.java:197)
	at org.eclipse.jetty.servlet.ServletHolder.handle(ServletHolder.java:808)
	at org.eclipse.jetty.servlet.ServletHandler.doHandle(ServletHandler.java:587)
	at org.eclipse.jetty.server.handler.ScopedHandler.handle(ScopedHandler.java:143)
	at org.eclipse.jetty.security.SecurityHandler.handle(SecurityHandler.java:577)
	at org.eclipse.jetty.server.session.SessionHandler.doHandle(SessionHandler.java:223)
	at org.eclipse.jetty.server.handler.ContextHandler.doHandle(ContextHandler.java:1127)
	at org.eclipse.jetty.servlet.ServletHandler.doScope(ServletHandler.java:515)

16:41:22.116-----------> MRole.saveWarning: AccessTableNoView - Required=2(Client Data) != UserLevel=S   [226]
16:46:28.146-----------> AbstractADWindowContent.onNewCallback: Insert Record disabled for Tab [228]
16:56:31.704-----------> MRole.saveWarning: AccessTableNoView - Required=4(System Data) != UserLevel=  O [29]
16:56:31.705===========> GridWindowVO.createTabs: No Tabs - AD_Window_ID=1000002 - SELECT * FROM AD_Tab_v WHERE AD_Window_ID=? AND IsAdvancedTab='N'  ORDER BY SeqNo [29]
16:56:31.765===========> UiEngineImpl.handleError:  [29]
org.adempiere.webui.exception.ApplicationException: With your current role and settings, you cannot view this information 

You don't have the privileges (your Role does not allow to access the information) - or - set profile (e.g. if you want to see accounting records, Show Accounting must be set)(No Window Model Info)
	at org.adempiere.webui.panel.AbstractMenuPanel.fireMenuSelectedEvent(AbstractMenuPanel.java:305)
	at org.adempiere.webui.panel.AbstractMenuPanel.doOnClick(AbstractMenuPanel.java:250)
	at org.adempiere.webui.panel.AbstractMenuPanel.onEvent(AbstractMenuPanel.java:224)
	at org.adempiere.webui.panel.MenuTreePanel.onEvent(MenuTreePanel.java:116)
	at org.zkoss.zk.ui.AbstractComponent.onEvent(AbstractComponent.java:2773)
	at org.zkoss.zk.ui.AbstractComponent.service(AbstractComponent.java:2744)
	at org.zkoss.zk.ui.AbstractComponent.service(AbstractComponent.java:2685)
	at org.zkoss.zk.ui.impl.EventProcessor.process(EventProcessor.java:136)
	at org.zkoss.zk.ui.impl.UiEngineImpl.processEvent(UiEngineImpl.java:1765)
	at org.zkoss.zk.ui.impl.UiEngineImpl.process(UiEngineImpl.java:1550)
	at org.zkoss.zk.ui.impl.UiEngineImpl.execUpdate(UiEngineImpl.java:1260)
	at org.zkoss.zk.au.http.DHtmlUpdateServlet.process(DHtmlUpdateServlet.java:611)
	at org.zkoss.zk.au.http.DHtmlUpdateServlet.doGet(DHtmlUpdateServlet.java:485)
	at org.zkoss.zk.au.http.DHtmlUpdateServlet.doPost(DHtmlUpdateServlet.java:494)
	at javax.servlet.http.HttpServlet.service(HttpServlet.java:707)
	at javax.servlet.http.HttpServlet.service(HttpServlet.java:790)
	at org.eclipse.jetty.servlet.ServletHolder.handle(ServletHolder.java:808)
	at org.eclipse.jetty.servlet.ServletHandler.doHandle(ServletHandler.java:587)
	at org.eclipse.jetty.server.handler.ScopedHandler.handle(ScopedHandler.java:143)
	at org.eclipse.jetty.security.SecurityHandler.handle(SecurityHandler.java:577)
	at org.eclipse.jetty.server.session.SessionHandler.doHandle(SessionHandler.java:223)
caused by: org.adempiere.webui.exception.ApplicationException: With your current role and settings, you cannot view this information 

You don't have the privileges (your Role does not allow to access the information) - or - set profile (e.g. if you want to see accounting records, Show Accounting must be set)(No Window Model Info)
	at org.adempiere.webui.adwindow.ADWindow.<init>(ADWindow.java:97)
	at org.adempiere.webui.desktop.TabbedDesktop.openWindow(TabbedDesktop.java:158)
	at org.adempiere.webui.desktop.TabbedDesktop.openWindow(TabbedDesktop.java:148)
	at org.adempiere.webui.desktop.AbstractDesktop.onMenuSelected(AbstractDesktop.java:68)
	at org.adempiere.webui.desktop.DefaultDesktop.onMenuSelected(DefaultDesktop.java:886)
	at org.adempiere.webui.panel.AbstractMenuPanel.fireMenuSelectedEvent(AbstractMenuPanel.java:301)
	at org.adempiere.webui.panel.AbstractMenuPanel.doOnClick(AbstractMenuPanel.java:250)
	at org.adempiere.webui.panel.AbstractMenuPanel.onEvent(AbstractMenuPanel.java:224)
	at org.adempiere.webui.panel.MenuTreePanel.onEvent(MenuTreePanel.java:116)
	at org.zkoss.zk.ui.AbstractComponent.onEvent(AbstractComponent.java:2773)
	at org.zkoss.zk.ui.AbstractComponent.service(AbstractComponent.java:2744)
	at org.zkoss.zk.ui.AbstractComponent.service(AbstractComponent.java:2685)
	at org.zkoss.zk.ui.impl.EventProcessor.process(EventProcessor.java:136)
	at org.zkoss.zk.ui.impl.UiEngineImpl.processEvent(UiEngineImpl.java:1765)
	at org.zkoss.zk.ui.impl.UiEngineImpl.process(UiEngineImpl.java:1550)
	at org.zkoss.zk.ui.impl.UiEngineImpl.execUpdate(UiEngineImpl.java:1260)
	at org.zkoss.zk.au.http.DHtmlUpdateServlet.process(DHtmlUpdateServlet.java:611)
	at org.zkoss.zk.au.http.DHtmlUpdateServlet.doGet(DHtmlUpdateServlet.java:485)
	at org.zkoss.zk.au.http.DHtmlUpdateServlet.doPost(DHtmlUpdateServlet.java:494)
	at javax.servlet.http.HttpServlet.service(HttpServlet.java:707)
	at javax.servlet.http.HttpServlet.service(HttpServlet.java:790)
caused by: org.adempiere.webui.exception.ApplicationException: With your current role and settings, you cannot view this information 

You don't have the privileges (your Role does not allow to access the information) - or - set profile (e.g. if you want to see accounting records, Show Accounting must be set)(No Window Model Info)
	at org.adempiere.webui.adwindow.AbstractADWindowContent.initComponents(AbstractADWindowContent.java:256)
	at org.adempiere.webui.adwindow.AbstractADWindowContent.<init>(AbstractADWindowContent.java:207)
	at org.adempiere.webui.adwindow.ADWindowContent.<init>(ADWindowContent.java:72)
	at org.adempiere.webui.adwindow.ADWindow.init(ADWindow.java:103)
	at org.adempiere.webui.adwindow.ADWindow.<init>(ADWindow.java:94)
	at org.adempiere.webui.desktop.TabbedDesktop.openWindow(TabbedDesktop.java:158)
	at org.adempiere.webui.desktop.TabbedDesktop.openWindow(TabbedDesktop.java:148)
	at org.adempiere.webui.desktop.AbstractDesktop.onMenuSelected(AbstractDesktop.java:68)
	at org.adempiere.webui.desktop.DefaultDesktop.onMenuSelected(DefaultDesktop.java:886)
	at org.adempiere.webui.panel.AbstractMenuPanel.fireMenuSelectedEvent(AbstractMenuPanel.java:301)
	at org.adempiere.webui.panel.AbstractMenuPanel.doOnClick(AbstractMenuPanel.java:250)
	at org.adempiere.webui.panel.AbstractMenuPanel.onEvent(AbstractMenuPanel.java:224)
	at org.adempiere.webui.panel.MenuTreePanel.onEvent(MenuTreePanel.java:116)
	at org.zkoss.zk.ui.AbstractComponent.onEvent(AbstractComponent.java:2773)
	at org.zkoss.zk.ui.AbstractComponent.service(AbstractComponent.java:2744)
	at org.zkoss.zk.ui.AbstractComponent.service(AbstractComponent.java:2685)
	at org.zkoss.zk.ui.impl.EventProcessor.process(EventProcessor.java:136)
	at org.zkoss.zk.ui.impl.UiEngineImpl.processEvent(UiEngineImpl.java:1765)
	at org.zkoss.zk.ui.impl.UiEngineImpl.process(UiEngineImpl.java:1550)
	at org.zkoss.zk.ui.impl.UiEngineImpl.execUpdate(UiEngineImpl.java:1260)
	at org.zkoss.zk.au.http.DHtmlUpdateServlet.process(DHtmlUpdateServlet.java:611)

16:57:32.139===========> GridWindowVO.create: No Window - AD_Window_ID=109, AD_Role_ID=MRole[103,GardenWorld User,UserLevel=  O,AD_Client_ID IN(0,11),AD_Org_ID IN(50007,0,50000,50001,11)] - SELECT Name,Description,Help,WindowType, AD_Color_ID,AD_Image_ID,WinHeight,WinWidth, IsSOTrx, AD_Window_UU FROM AD_Window w WHERE w.AD_Window_ID=? AND w.IsActive='Y' [226]
16:57:32.158===========> CLogger.saveError: AccessTableNoView - (Not found) [226]
16:57:32.160===========> UiEngineImpl.handleError:  [226]
org.adempiere.webui.exception.ApplicationException: With your current role and settings, you cannot view this information 

You don't have the privileges (your Role does not allow to access the information) - or - set profile (e.g. if you want to see accounting records, Show Accounting must be set)(No Window Model Info)
	at org.adempiere.webui.adwindow.ADWindow.<init>(ADWindow.java:97)
	at org.adempiere.webui.desktop.TabbedDesktop.openWindow(TabbedDesktop.java:158)
	at org.adempiere.webui.desktop.TabbedDesktop.openWindow(TabbedDesktop.java:148)
	at org.adempiere.webui.apps.wf.WFPanel.start(WFPanel.java:283)
	at org.adempiere.webui.apps.wf.WFPanel.onEvent(WFPanel.java:271)
	at org.zkoss.zk.ui.AbstractComponent.onEvent(AbstractComponent.java:2773)
	at org.zkoss.zk.ui.AbstractComponent.service(AbstractComponent.java:2744)
	at org.zkoss.zk.ui.AbstractComponent.service(AbstractComponent.java:2685)
	at org.zkoss.zk.ui.impl.EventProcessor.process(EventProcessor.java:136)
	at org.zkoss.zk.ui.impl.UiEngineImpl.processEvent(UiEngineImpl.java:1765)
	at org.zkoss.zk.ui.impl.UiEngineImpl.process(UiEngineImpl.java:1550)
	at org.zkoss.zk.ui.impl.UiEngineImpl.execUpdate(UiEngineImpl.java:1260)
	at org.zkoss.zk.au.http.DHtmlUpdateServlet.process(DHtmlUpdateServlet.java:611)
	at org.zkoss.zk.au.http.DHtmlUpdateServlet.doGet(DHtmlUpdateServlet.java:485)
	at org.zkoss.zk.au.http.DHtmlUpdateServlet.doPost(DHtmlUpdateServlet.java:494)
	at javax.servlet.http.HttpServlet.service(HttpServlet.java:707)
	at javax.servlet.http.HttpServlet.service(HttpServlet.java:790)
	at org.eclipse.jetty.servlet.ServletHolder.handle(ServletHolder.java:808)
	at org.eclipse.jetty.servlet.ServletHandler.doHandle(ServletHandler.java:587)
	at org.eclipse.jetty.server.handler.ScopedHandler.handle(ScopedHandler.java:143)
	at org.eclipse.jetty.security.SecurityHandler.handle(SecurityHandler.java:577)
caused by: org.adempiere.webui.exception.ApplicationException: With your current role and settings, you cannot view this information 

You don't have the privileges (your Role does not allow to access the information) - or - set profile (e.g. if you want to see accounting records, Show Accounting must be set)(No Window Model Info)
	at org.adempiere.webui.adwindow.AbstractADWindowContent.initComponents(AbstractADWindowContent.java:256)
	at org.adempiere.webui.adwindow.AbstractADWindowContent.<init>(AbstractADWindowContent.java:207)
	at org.adempiere.webui.adwindow.ADWindowContent.<init>(ADWindowContent.java:72)
	at org.adempiere.webui.adwindow.ADWindow.init(ADWindow.java:103)
	at org.adempiere.webui.adwindow.ADWindow.<init>(ADWindow.java:94)
	at org.adempiere.webui.desktop.TabbedDesktop.openWindow(TabbedDesktop.java:158)
	at org.adempiere.webui.desktop.TabbedDesktop.openWindow(TabbedDesktop.java:148)
	at org.adempiere.webui.apps.wf.WFPanel.start(WFPanel.java:283)
	at org.adempiere.webui.apps.wf.WFPanel.onEvent(WFPanel.java:271)
	at org.zkoss.zk.ui.AbstractComponent.onEvent(AbstractComponent.java:2773)
	at org.zkoss.zk.ui.AbstractComponent.service(AbstractComponent.java:2744)
	at org.zkoss.zk.ui.AbstractComponent.service(AbstractComponent.java:2685)
	at org.zkoss.zk.ui.impl.EventProcessor.process(EventProcessor.java:136)
	at org.zkoss.zk.ui.impl.UiEngineImpl.processEvent(UiEngineImpl.java:1765)
	at org.zkoss.zk.ui.impl.UiEngineImpl.process(UiEngineImpl.java:1550)
	at org.zkoss.zk.ui.impl.UiEngineImpl.execUpdate(UiEngineImpl.java:1260)
	at org.zkoss.zk.au.http.DHtmlUpdateServlet.process(DHtmlUpdateServlet.java:611)
	at org.zkoss.zk.au.http.DHtmlUpdateServlet.doGet(DHtmlUpdateServlet.java:485)
	at org.zkoss.zk.au.http.DHtmlUpdateServlet.doPost(DHtmlUpdateServlet.java:494)
	at javax.servlet.http.HttpServlet.service(HttpServlet.java:707)
	at javax.servlet.http.HttpServlet.service(HttpServlet.java:790)

17:40:26.911-----------> PhaseInterceptorChain.doDefaultLogging: Interceptor for {http://idempiere.org/ADInterface/1_0}ModelADService#{http://idempiere.org/ADInterface/1_0}queryData has thrown exception, unwinding now [228]
org.apache.cxf.interceptor.Fault: UNMARSHAL_ERROR
	at org.apache.cxf.xmlbeans.DataReaderImpl.doRead(DataReaderImpl.java:113)
	at org.apache.cxf.xmlbeans.DataReaderImpl.read(DataReaderImpl.java:63)
	at org.apache.cxf.xmlbeans.DataReaderImpl.read(DataReaderImpl.java:45)
	at org.apache.cxf.binding.soap.interceptor.RPCInInterceptor.handleMessage(RPCInInterceptor.java:178)
	at org.apache.cxf.phase.PhaseInterceptorChain.doIntercept(PhaseInterceptorChain.java:262)
	at org.apache.cxf.transport.ChainInitiationObserver.onMessage(ChainInitiationObserver.java:121)
	at org.apache.cxf.transport.http.AbstractHTTPDestination.invoke(AbstractHTTPDestination.java:211)
	at org.apache.cxf.transport.servlet.ServletController.invokeDestination(ServletController.java:213)
	at org.apache.cxf.transport.servlet.ServletController.invoke(ServletController.java:193)
	at org.apache.cxf.transport.servlet.CXFNonSpringServlet.invoke(CXFNonSpringServlet.java:130)
	at org.apache.cxf.transport.servlet.AbstractHTTPServlet.handleRequest(AbstractHTTPServlet.java:221)
	at org.apache.cxf.transport.servlet.AbstractHTTPServlet.doPost(AbstractHTTPServlet.java:141)
	at javax.servlet.http.HttpServlet.service(HttpServlet.java:707)
	at org.apache.cxf.transport.servlet.AbstractHTTPServlet.service(AbstractHTTPServlet.java:197)
	at org.eclipse.jetty.servlet.ServletHolder.handle(ServletHolder.java:808)
	at org.eclipse.jetty.servlet.ServletHandler.doHandle(ServletHandler.java:587)
	at org.eclipse.jetty.server.handler.ScopedHandler.handle(ScopedHandler.java:143)
	at org.eclipse.jetty.security.SecurityHandler.handle(SecurityHandler.java:577)
	at org.eclipse.jetty.server.session.SessionHandler.doHandle(SessionHandler.java:223)
	at org.eclipse.jetty.server.handler.ContextHandler.doHandle(ContextHandler.java:1127)
	at org.eclipse.jetty.servlet.ServletHandler.doScope(ServletHandler.java:515)

