*** 2016-07-04 19:57:04.692 idempiere Log (CLogFile) ***
19:57:04.691 Adempiere.startup: iDempiere(r) Release 3.1_2015-10-31 -Smart Suite ERP, CRM and SCM- (c) 1999-2013 iDempiere(r); Implementation: iDempiere - Supported by iDempiere community [14]
19:57:04.699 Ini.loadProperties: D:\idempiere\idempiere.properties #33 [14]
19:57:05.548 DB.isBuildOK: Build DB=${env.ADEMPIERE_VERSION} 20080428-1232 [14]
19:57:05.548 DB.isBuildOK: Build Cl=3.1.0.qualifier [14]
19:57:05.563-----------> DB.isBuildOK: Build Version Error 

The program assumes build version 3.1.0.qualifier, but database has build version ${env.ADEMPIERE_VERSION} 20080428-1232. 
This is likely to cause hard to fix errors. 
Please contact administrator. [14]
19:57:05.701 Language.getLanguage: Adding Language=en, Country=US, Locale=en_US [14]
19:57:05.701 Language.getLanguage: Adding Language=en, Country=US, Locale=en_US [14]
19:57:05.764 WebEnv.initWeb: Servlet Context Init Parameters: iDempiere Root
ServerRoot=1 [14]
19:57:05.786-----------> EMail.setFrom: you @ company.org: javax.mail.internet.AddressException: Local address contains control or whitespace in string ``you @ company.org'' [14]
19:57:05.786-----------> EMail.addTo: you @ company.org: javax.mail.internet.AddressException: Local address contains control or whitespace in string ``you @ company.org'' [14]
19:57:05.786-----------> EMail.isValid: From is invalid=null [14]
19:57:05.786-----------> EMail.isValid: From is invalid=null [14]
19:57:05.786-----------> MClient.sendEMail: Could NOT Send Email: Server started: iDempiere (DESKTOP-K0DQ6Q3:192.168.199.115) to you @ company.org: Invalid Data (System) [14]
19:57:05.786 WebEnv.initWeb: Servlet Init Parameter: idempiereMonitor [14]
19:57:05.786 AdempiereMonitor.init:  [14]
19:57:07.587-----------> AnnotationConfiguration.configure: ServletContainerInitializers: detected. Class hierarchy: empty [14]
19:57:07.850-----------> ClassLocator.getDependentXMLResources: Replicate resource: ckez
Overwrite bundleresource://175.fwk976177856:2/metainfo/zk/config.xml
with bundleresource://175.fwk976177856:19/metainfo/zk/config.xml [14]
19:57:07.850-----------> ClassLocator.getDependentXMLResources: Replicate resource: zk
Overwrite bundleresource://175.fwk976177856:11/metainfo/zk/config.xml
with bundleresource://175.fwk976177856:28/metainfo/zk/config.xml [14]
19:57:07.850-----------> ClassLocator.getDependentXMLResources: Replicate resource: zkbind
Overwrite bundleresource://175.fwk976177856:12/metainfo/zk/config.xml
with bundleresource://175.fwk976177856:29/metainfo/zk/config.xml [14]
19:57:07.888-----------> ClassLocator.getDependentXMLResources: Replicate resource: zul
Overwrite bundleresource://175.fwk976177856:14/metainfo/zk/zk.xml
with bundleresource://175.fwk976177856:31/metainfo/zk/zk.xml [14]
19:57:08.252-----------> LanguageDefinition.<init>: Replicated language: xhtml, overriden by [LanguageDefinition: xhtml] [14]
19:57:08.284-----------> LanguageDefinition.<init>: Replicated language: xul/html, overriden by [LanguageDefinition: xul/html] [14]
19:57:08.336-----------> ClassLocator.getDependentXMLResources: Replicate resource: calendar
Overwrite bundleresource://175.fwk976177856:1/metainfo/zk/lang-addon.xml
with bundleresource://175.fwk976177856:18/metainfo/zk/lang-addon.xml [14]
19:57:08.336-----------> ClassLocator.getDependentXMLResources: Replicate resource: ckez
Overwrite bundleresource://175.fwk976177856:2/metainfo/zk/lang-addon.xml
with bundleresource://175.fwk976177856:19/metainfo/zk/lang-addon.xml [14]
19:57:08.336-----------> ClassLocator.getDependentXMLResources: Replicate resource: gmapsz
Overwrite bundleresource://175.fwk976177856:5/metainfo/zk/lang-addon.xml
with bundleresource://175.fwk976177856:22/metainfo/zk/lang-addon.xml [14]
19:57:08.336-----------> ClassLocator.getDependentXMLResources: Replicate resource: timeline
Overwrite bundleresource://175.fwk976177856:6/metainfo/zk/lang-addon.xml
with bundleresource://175.fwk976177856:23/metainfo/zk/lang-addon.xml [14]
19:57:08.352-----------> ClassLocator.getDependentXMLResources: Replicate resource: timeplot
Overwrite bundleresource://175.fwk976177856:7/metainfo/zk/lang-addon.xml
with bundleresource://175.fwk976177856:24/metainfo/zk/lang-addon.xml [14]
19:57:08.352-----------> ClassLocator.getDependentXMLResources: Replicate resource: zkbind
Overwrite bundleresource://175.fwk976177856:12/metainfo/zk/lang-addon.xml
with bundleresource://175.fwk976177856:29/metainfo/zk/lang-addon.xml [14]
19:57:08.367-----------> ClassLocator.getDependentXMLResources: Replicate resource: zkplus
Overwrite bundleresource://175.fwk976177856:13/metainfo/zk/lang-addon.xml
with bundleresource://175.fwk976177856:30/metainfo/zk/lang-addon.xml [14]
19:57:08.521           WebUIServlet.init: iDempiere Web Client started successfully [14]
19:57:09.954-----------> AnnotationConfiguration.configure: ServletContainerInitializers: detected. Class hierarchy: empty [14]

*** 2016-07-04 19:57:10.223 idempiere Log (CLogFile) ***
19:57:12.535-----------> Node: [192.168.199.115]:5701 [adempiere.idempiere/127.0.0.1] [3.5.3] No join method is enabled! Starting standalone. [38]
19:57:17.454-----------> Prop.loadProperties: D:\idempiere\home.properties not found [29]
19:57:17.470-----------> Prop.loadProperties: !!WARNING:Please locate yout custom home.properties on iDEMPIERE_HOME. [29]
19:58:17.910-----------> Prop.loadProperties: D:\idempiere\home.properties not found [33]
19:58:17.910-----------> Prop.loadProperties: !!WARNING:Please locate yout custom home.properties on iDEMPIERE_HOME. [33]
20:45:25.563-----------> ClusterService: [192.168.199.115]:5701 [adempiere.idempiere/127.0.0.1] [3.5.3] Resetting master confirmation timestamps because of huge system clock jump! Clock-Jump: 1019265ms, Master-Confirmation-Timeout: 500000ms. [116]
