*** 2016-06-24 10:04:57.384 idempiere Log (CLogFile) ***
10:04:57.381 Adempiere.startup: iDempiere(r) Release 3.1_2015-10-31 -Smart Suite ERP, CRM and SCM- (c) 1999-2013 iDempiere(r); Implementation: iDempiere - Supported by iDempiere community [14]
10:04:57.391 Ini.loadProperties: D:\idempiere\idempiere.properties #33 [14]
10:04:58.327 DB.isBuildOK: Build DB=${env.ADEMPIERE_VERSION} 20080428-1232 [14]
10:04:58.327 DB.isBuildOK: Build Cl=3.1.0.qualifier [14]
10:04:58.344-----------> DB.isBuildOK: Build Version Error 

The program assumes build version 3.1.0.qualifier, but database has build version ${env.ADEMPIERE_VERSION} 20080428-1232. 
This is likely to cause hard to fix errors. 
Please contact administrator. [14]
10:04:58.489 Language.getLanguage: Adding Language=en, Country=US, Locale=en_US [14]
10:04:58.489 Language.getLanguage: Adding Language=en, Country=US, Locale=en_US [14]
10:04:58.759 WebEnv.initWeb: Servlet Context Init Parameters: iDempiere Root
ServerRoot=1 [14]
10:04:58.774-----------> EMail.setFrom: you @ company.org: javax.mail.internet.AddressException: Local address contains control or whitespace in string ``you @ company.org'' [14]
10:04:58.774-----------> EMail.addTo: you @ company.org: javax.mail.internet.AddressException: Local address contains control or whitespace in string ``you @ company.org'' [14]
10:04:58.774-----------> EMail.isValid: From is invalid=null [14]
10:04:58.774-----------> EMail.isValid: From is invalid=null [14]
10:04:58.774-----------> MClient.sendEMail: Could NOT Send Email: Server started: iDempiere (DESKTOP-K0DQ6Q3:192.168.10.212) to you @ company.org: Invalid Data (System) [14]
10:04:58.774 WebEnv.initWeb: Servlet Init Parameter: idempiereMonitor [14]
10:04:58.774 AdempiereMonitor.init:  [14]
10:05:00.577-----------> AnnotationConfiguration.configure: ServletContainerInitializers: detected. Class hierarchy: empty [14]
10:05:00.846-----------> ClassLocator.getDependentXMLResources: Replicate resource: ckez
Overwrite bundleresource://174.fwk1174037956:2/metainfo/zk/config.xml
with bundleresource://174.fwk1174037956:19/metainfo/zk/config.xml [14]
10:05:00.846-----------> ClassLocator.getDependentXMLResources: Replicate resource: zk
Overwrite bundleresource://174.fwk1174037956:11/metainfo/zk/config.xml
with bundleresource://174.fwk1174037956:28/metainfo/zk/config.xml [14]
10:05:00.846-----------> ClassLocator.getDependentXMLResources: Replicate resource: zkbind
Overwrite bundleresource://174.fwk1174037956:12/metainfo/zk/config.xml
with bundleresource://174.fwk1174037956:29/metainfo/zk/config.xml [14]
10:05:00.877-----------> ClassLocator.getDependentXMLResources: Replicate resource: zul
Overwrite bundleresource://174.fwk1174037956:14/metainfo/zk/zk.xml
with bundleresource://174.fwk1174037956:31/metainfo/zk/zk.xml [14]
10:05:01.331-----------> LanguageDefinition.<init>: Replicated language: xhtml, overriden by [LanguageDefinition: xhtml] [14]
10:05:01.363-----------> LanguageDefinition.<init>: Replicated language: xul/html, overriden by [LanguageDefinition: xul/html] [14]
10:05:01.432-----------> ClassLocator.getDependentXMLResources: Replicate resource: calendar
Overwrite bundleresource://174.fwk1174037956:1/metainfo/zk/lang-addon.xml
with bundleresource://174.fwk1174037956:18/metainfo/zk/lang-addon.xml [14]
10:05:01.432-----------> ClassLocator.getDependentXMLResources: Replicate resource: ckez
Overwrite bundleresource://174.fwk1174037956:2/metainfo/zk/lang-addon.xml
with bundleresource://174.fwk1174037956:19/metainfo/zk/lang-addon.xml [14]
10:05:01.432-----------> ClassLocator.getDependentXMLResources: Replicate resource: gmapsz
Overwrite bundleresource://174.fwk1174037956:5/metainfo/zk/lang-addon.xml
with bundleresource://174.fwk1174037956:22/metainfo/zk/lang-addon.xml [14]
10:05:01.447-----------> ClassLocator.getDependentXMLResources: Replicate resource: timeline
Overwrite bundleresource://174.fwk1174037956:6/metainfo/zk/lang-addon.xml
with bundleresource://174.fwk1174037956:23/metainfo/zk/lang-addon.xml [14]
10:05:01.447-----------> ClassLocator.getDependentXMLResources: Replicate resource: timeplot
Overwrite bundleresource://174.fwk1174037956:7/metainfo/zk/lang-addon.xml
with bundleresource://174.fwk1174037956:24/metainfo/zk/lang-addon.xml [14]
10:05:01.463-----------> ClassLocator.getDependentXMLResources: Replicate resource: zkbind
Overwrite bundleresource://174.fwk1174037956:12/metainfo/zk/lang-addon.xml
with bundleresource://174.fwk1174037956:29/metainfo/zk/lang-addon.xml [14]
10:05:01.463-----------> ClassLocator.getDependentXMLResources: Replicate resource: zkplus
Overwrite bundleresource://174.fwk1174037956:13/metainfo/zk/lang-addon.xml
with bundleresource://174.fwk1174037956:30/metainfo/zk/lang-addon.xml [14]
10:05:01.578           WebUIServlet.init: iDempiere Web Client started successfully [14]
10:05:03.116-----------> AnnotationConfiguration.configure: ServletContainerInitializers: detected. Class hierarchy: empty [14]

*** 2016-06-24 10:05:03.362 idempiere Log (CLogFile) ***
10:05:05.872-----------> Node: [192.168.10.212]:5701 [adempiere.idempiere/localhost] [3.5.3] No join method is enabled! Starting standalone. [38]
10:08:18.497-----------> MRole.saveWarning: AccessTableNoView - Required=2(Client Data) != UserLevel=  O [29]
10:08:18.508-----------> MRole.saveWarning: AccessTableNoView - Required=2(Client Data) != UserLevel=  O [29]
11:40:45.081-----------> MRole.saveWarning: AccessTableNoView - Required=2(Client Data) != UserLevel=  O [112]
11:40:59.212-----------> MRole.saveWarning: AccessTableNoView - Required=6(System & Client Data) != UserLevel=  O [110]
