*** 2016-06-12 11:12:38.001 idempiere Log (CLogFile) ***
11:12:38.001 Adempiere.startup: iDempiere(r) Release 3.1_2015-10-31 -Smart Suite ERP, CRM and SCM- (c) 1999-2013 iDempiere(r); Implementation: iDempiere - Supported by iDempiere community [17]
11:12:38.007 Ini.loadProperties: D:\idempiere\idempiere.properties #28 [17]
11:12:39.042 DB.isBuildOK: Build DB=${env.ADEMPIERE_VERSION} 20080428-1232 [17]
11:12:39.043 DB.isBuildOK: Build Cl=3.1.0.qualifier [17]
11:12:39.073-----------> DB.isBuildOK: Build Version Error 

The program assumes build version 3.1.0.qualifier, but database has build version ${env.ADEMPIERE_VERSION} 20080428-1232. 
This is likely to cause hard to fix errors. 
Please contact administrator. [17]
11:12:39.223 Language.getLanguage: Adding Language=en, Country=US, Locale=en_US [17]
11:12:39.227 Language.getLanguage: Adding Language=en, Country=US, Locale=en_US [17]
11:12:39.300 WebEnv.initWeb: Servlet Context Init Parameters: iDempiere Root
ServerRoot=1 [17]
11:12:39.316-----------> EMail.setFrom: you @ company.org: javax.mail.internet.AddressException: Local address contains control or whitespace in string ``you @ company.org'' [17]
11:12:39.321-----------> EMail.addTo: you @ company.org: javax.mail.internet.AddressException: Local address contains control or whitespace in string ``you @ company.org'' [17]
11:12:39.321-----------> EMail.isValid: From is invalid=null [17]
11:12:39.321-----------> EMail.isValid: From is invalid=null [17]
11:12:39.322-----------> MClient.sendEMail: Could NOT Send Email: Server started: iDempiere (DESKTOP-K0DQ6Q3:192.168.10.212) to you @ company.org: Invalid Data (System) [17]
11:12:39.322 WebEnv.initWeb: Servlet Init Parameter: idempiereMonitor [17]
11:12:39.322 AdempiereMonitor.init:  [17]
11:12:41.836-----------> AnnotationConfiguration.configure: ServletContainerInitializers: detected. Class hierarchy: empty [17]
11:12:42.112-----------> ClassLocator.getDependentXMLResources: Replicate resource: ckez
Overwrite bundleresource://174.fwk1050033976:2/metainfo/zk/config.xml
with bundleresource://174.fwk1050033976:19/metainfo/zk/config.xml [17]
11:12:42.118-----------> ClassLocator.getDependentXMLResources: Replicate resource: zk
Overwrite bundleresource://174.fwk1050033976:11/metainfo/zk/config.xml
with bundleresource://174.fwk1050033976:28/metainfo/zk/config.xml [17]
11:12:42.125-----------> ClassLocator.getDependentXMLResources: Replicate resource: zkbind
Overwrite bundleresource://174.fwk1050033976:12/metainfo/zk/config.xml
with bundleresource://174.fwk1050033976:29/metainfo/zk/config.xml [17]
11:12:42.162-----------> ClassLocator.getDependentXMLResources: Replicate resource: zul
Overwrite bundleresource://174.fwk1050033976:14/metainfo/zk/zk.xml
with bundleresource://174.fwk1050033976:31/metainfo/zk/zk.xml [17]
11:12:42.597-----------> LanguageDefinition.<init>: Replicated language: xhtml, overriden by [LanguageDefinition: xhtml] [17]
11:12:42.625-----------> LanguageDefinition.<init>: Replicated language: xul/html, overriden by [LanguageDefinition: xul/html] [17]
11:12:42.693-----------> ClassLocator.getDependentXMLResources: Replicate resource: calendar
Overwrite bundleresource://174.fwk1050033976:1/metainfo/zk/lang-addon.xml
with bundleresource://174.fwk1050033976:18/metainfo/zk/lang-addon.xml [17]
11:12:42.697-----------> ClassLocator.getDependentXMLResources: Replicate resource: ckez
Overwrite bundleresource://174.fwk1050033976:2/metainfo/zk/lang-addon.xml
with bundleresource://174.fwk1050033976:19/metainfo/zk/lang-addon.xml [17]
11:12:42.706-----------> ClassLocator.getDependentXMLResources: Replicate resource: gmapsz
Overwrite bundleresource://174.fwk1050033976:5/metainfo/zk/lang-addon.xml
with bundleresource://174.fwk1050033976:22/metainfo/zk/lang-addon.xml [17]
11:12:42.712-----------> ClassLocator.getDependentXMLResources: Replicate resource: timeline
Overwrite bundleresource://174.fwk1050033976:6/metainfo/zk/lang-addon.xml
with bundleresource://174.fwk1050033976:23/metainfo/zk/lang-addon.xml [17]
11:12:42.716-----------> ClassLocator.getDependentXMLResources: Replicate resource: timeplot
Overwrite bundleresource://174.fwk1050033976:7/metainfo/zk/lang-addon.xml
with bundleresource://174.fwk1050033976:24/metainfo/zk/lang-addon.xml [17]
11:12:42.731-----------> ClassLocator.getDependentXMLResources: Replicate resource: zkbind
Overwrite bundleresource://174.fwk1050033976:12/metainfo/zk/lang-addon.xml
with bundleresource://174.fwk1050033976:29/metainfo/zk/lang-addon.xml [17]
11:12:42.738-----------> ClassLocator.getDependentXMLResources: Replicate resource: zkplus
Overwrite bundleresource://174.fwk1050033976:13/metainfo/zk/lang-addon.xml
with bundleresource://174.fwk1050033976:30/metainfo/zk/lang-addon.xml [17]
11:12:42.883           WebUIServlet.init: iDempiere Web Client started successfully [17]
11:12:44.778-----------> AnnotationConfiguration.configure: ServletContainerInitializers: detected. Class hierarchy: empty [17]

*** 2016-06-12 11:12:45.144 idempiere Log (CLogFile) ***
11:12:47.962-----------> Node: [192.168.10.212]:5701 [adempiere.idempiere/127.0.0.1] [3.5.3] No join method is enabled! Starting standalone. [40]
