*** 2016-06-20 11:26:06.215 idempiere Log (CLogFile) ***
11:26:06.215 Adempiere.startup: iDempiere(r) Release 3.1_2015-10-31 -Smart Suite ERP, CRM and SCM- (c) 1999-2013 iDempiere(r); Implementation: iDempiere - Supported by iDempiere community [14]
11:26:06.221 Ini.loadProperties: D:\idempiere\idempiere.properties #32 [14]
11:26:07.759 DB.isBuildOK: Build DB=${env.ADEMPIERE_VERSION} 20080428-1232 [14]
11:26:07.759 DB.isBuildOK: Build Cl=3.1.0.qualifier [14]
11:26:07.842-----------> DB.isBuildOK: Build Version Error 

The program assumes build version 3.1.0.qualifier, but database has build version ${env.ADEMPIERE_VERSION} 20080428-1232. 
This is likely to cause hard to fix errors. 
Please contact administrator. [14]
11:26:08.301 Language.getLanguage: Adding Language=en, Country=US, Locale=en_US [14]
11:26:08.304 Language.getLanguage: Adding Language=en, Country=US, Locale=en_US [14]
11:26:09.229 WebEnv.initWeb: Servlet Context Init Parameters: iDempiere Root
ServerRoot=1 [14]
11:26:09.243-----------> EMail.setFrom: you @ company.org: javax.mail.internet.AddressException: Local address contains control or whitespace in string ``you @ company.org'' [14]
11:26:09.249-----------> EMail.addTo: you @ company.org: javax.mail.internet.AddressException: Local address contains control or whitespace in string ``you @ company.org'' [14]
11:26:09.249-----------> EMail.isValid: From is invalid=null [14]
11:26:09.249-----------> EMail.isValid: From is invalid=null [14]
11:26:09.249-----------> MClient.sendEMail: Could NOT Send Email: Server started: iDempiere (DESKTOP-K0DQ6Q3:192.168.10.212) to you @ company.org: Invalid Data (System) [14]
11:26:09.249 WebEnv.initWeb: Servlet Init Parameter: idempiereMonitor [14]
11:26:09.250 AdempiereMonitor.init:  [14]
11:26:12.135-----------> AnnotationConfiguration.configure: ServletContainerInitializers: detected. Class hierarchy: empty [14]
11:26:12.390-----------> ClassLocator.getDependentXMLResources: Replicate resource: ckez
Overwrite bundleresource://174.fwk1031327099:2/metainfo/zk/config.xml
with bundleresource://174.fwk1031327099:19/metainfo/zk/config.xml [14]
11:26:12.394-----------> ClassLocator.getDependentXMLResources: Replicate resource: zk
Overwrite bundleresource://174.fwk1031327099:11/metainfo/zk/config.xml
with bundleresource://174.fwk1031327099:28/metainfo/zk/config.xml [14]
11:26:12.399-----------> ClassLocator.getDependentXMLResources: Replicate resource: zkbind
Overwrite bundleresource://174.fwk1031327099:12/metainfo/zk/config.xml
with bundleresource://174.fwk1031327099:29/metainfo/zk/config.xml [14]
11:26:12.426-----------> ClassLocator.getDependentXMLResources: Replicate resource: zul
Overwrite bundleresource://174.fwk1031327099:14/metainfo/zk/zk.xml
with bundleresource://174.fwk1031327099:31/metainfo/zk/zk.xml [14]
11:26:12.814-----------> LanguageDefinition.<init>: Replicated language: xhtml, overriden by [LanguageDefinition: xhtml] [14]
11:26:12.836-----------> LanguageDefinition.<init>: Replicated language: xul/html, overriden by [LanguageDefinition: xul/html] [14]
11:26:12.903-----------> ClassLocator.getDependentXMLResources: Replicate resource: calendar
Overwrite bundleresource://174.fwk1031327099:1/metainfo/zk/lang-addon.xml
with bundleresource://174.fwk1031327099:18/metainfo/zk/lang-addon.xml [14]
11:26:12.908-----------> ClassLocator.getDependentXMLResources: Replicate resource: ckez
Overwrite bundleresource://174.fwk1031327099:2/metainfo/zk/lang-addon.xml
with bundleresource://174.fwk1031327099:19/metainfo/zk/lang-addon.xml [14]
11:26:12.911-----------> ClassLocator.getDependentXMLResources: Replicate resource: gmapsz
Overwrite bundleresource://174.fwk1031327099:5/metainfo/zk/lang-addon.xml
with bundleresource://174.fwk1031327099:22/metainfo/zk/lang-addon.xml [14]
11:26:12.914-----------> ClassLocator.getDependentXMLResources: Replicate resource: timeline
Overwrite bundleresource://174.fwk1031327099:6/metainfo/zk/lang-addon.xml
with bundleresource://174.fwk1031327099:23/metainfo/zk/lang-addon.xml [14]
11:26:12.919-----------> ClassLocator.getDependentXMLResources: Replicate resource: timeplot
Overwrite bundleresource://174.fwk1031327099:7/metainfo/zk/lang-addon.xml
with bundleresource://174.fwk1031327099:24/metainfo/zk/lang-addon.xml [14]
11:26:12.932-----------> ClassLocator.getDependentXMLResources: Replicate resource: zkbind
Overwrite bundleresource://174.fwk1031327099:12/metainfo/zk/lang-addon.xml
with bundleresource://174.fwk1031327099:29/metainfo/zk/lang-addon.xml [14]
11:26:12.940-----------> ClassLocator.getDependentXMLResources: Replicate resource: zkplus
Overwrite bundleresource://174.fwk1031327099:13/metainfo/zk/lang-addon.xml
with bundleresource://174.fwk1031327099:30/metainfo/zk/lang-addon.xml [14]
11:26:13.049           WebUIServlet.init: iDempiere Web Client started successfully [14]
11:26:14.813-----------> AnnotationConfiguration.configure: ServletContainerInitializers: detected. Class hierarchy: empty [14]

*** 2016-06-20 11:26:15.093 idempiere Log (CLogFile) ***
11:26:17.291-----------> Node: [192.168.10.212]:5701 [adempiere.idempiere/localhost] [3.5.3] No join method is enabled! Starting standalone. [37]
11:27:35.409-----------> Prop.loadProperties: D:\idempiere\home.properties not found [29]
11:27:35.410-----------> Prop.loadProperties: !!WARNING:Please locate yout custom home.properties on iDEMPIERE_HOME. [29]
14:09:06.608-----------> ClusterService: [192.168.10.212]:5701 [adempiere.idempiere/localhost] [3.5.3] Resetting master confirmation timestamps because of huge system clock jump! Clock-Jump: 3694772ms, Master-Confirmation-Timeout: 500000ms. [112]
15:43:50.876===========> GridWindowVO.create: No Window - AD_Window_ID=143, AD_Role_ID=MRole[0,System Administrator,UserLevel=S  ,AD_Client_ID=0,AD_Org_ID=0] - SELECT Name,Description,Help,WindowType, AD_Color_ID,AD_Image_ID,WinHeight,WinWidth, IsSOTrx, AD_Window_UU FROM AD_Window w WHERE w.AD_Window_ID=? AND w.IsActive='Y' [32]
15:43:50.991===========> CLogger.saveError: AccessTableNoView - (Not found) [32]
15:48:47.420===========> GridWindowVO.create: No Window - AD_Window_ID=236, AD_Role_ID=MRole[0,System Administrator,UserLevel=S  ,AD_Client_ID=0,AD_Org_ID=0] - SELECT Name,Description,Help,WindowType, AD_Color_ID,AD_Image_ID,WinHeight,WinWidth, IsSOTrx, AD_Window_UU FROM AD_Window w WHERE w.AD_Window_ID=? AND w.IsActive='Y' [205]
15:48:47.448===========> CLogger.saveError: AccessTableNoView - (Not found) [205]
15:49:26.429===========> GridWindowVO.create: No Window - AD_Window_ID=123, AD_Role_ID=MRole[0,System Administrator,UserLevel=S  ,AD_Client_ID=0,AD_Org_ID=0] - SELECT Name,Description,Help,WindowType, AD_Color_ID,AD_Image_ID,WinHeight,WinWidth, IsSOTrx, AD_Window_UU FROM AD_Window w WHERE w.AD_Window_ID=? AND w.IsActive='Y' [31]
15:49:26.449===========> CLogger.saveError: AccessTableNoView - (Not found) [31]
