*** 2016-06-30 09:38:39.307 idempiere Log (CLogFile) ***
09:38:39.307 Adempiere.startup: iDempiere(r) Release 3.1_2015-10-31 -Smart Suite ERP, CRM and SCM- (c) 1999-2013 iDempiere(r); Implementation: iDempiere - Supported by iDempiere community [14]
09:38:39.307 Ini.loadProperties: D:\idempiere\idempiere.properties #33 [14]
09:38:40.276 DB.isBuildOK: Build DB=${env.ADEMPIERE_VERSION} 20080428-1232 [14]
09:38:40.276 DB.isBuildOK: Build Cl=3.1.0.qualifier [14]
09:38:40.294-----------> DB.isBuildOK: Build Version Error 

The program assumes build version 3.1.0.qualifier, but database has build version ${env.ADEMPIERE_VERSION} 20080428-1232. 
This is likely to cause hard to fix errors. 
Please contact administrator. [14]
09:38:40.455 Language.getLanguage: Adding Language=en, Country=US, Locale=en_US [14]
09:38:40.455 Language.getLanguage: Adding Language=en, Country=US, Locale=en_US [14]
09:38:40.794 WebEnv.initWeb: Servlet Context Init Parameters: iDempiere Root
ServerRoot=1 [14]
09:38:40.810-----------> EMail.setFrom: you @ company.org: javax.mail.internet.AddressException: Local address contains control or whitespace in string ``you @ company.org'' [14]
09:38:40.810-----------> EMail.addTo: you @ company.org: javax.mail.internet.AddressException: Local address contains control or whitespace in string ``you @ company.org'' [14]
09:38:40.810-----------> EMail.isValid: From is invalid=null [14]
09:38:40.810-----------> EMail.isValid: From is invalid=null [14]
09:38:40.810-----------> MClient.sendEMail: Could NOT Send Email: Server started: iDempiere (DESKTOP-K0DQ6Q3:192.168.10.212) to you @ company.org: Invalid Data (System) [14]
09:38:40.810 WebEnv.initWeb: Servlet Init Parameter: idempiereMonitor [14]
09:38:40.810 AdempiereMonitor.init:  [14]
09:38:42.901-----------> AnnotationConfiguration.configure: ServletContainerInitializers: detected. Class hierarchy: empty [14]
09:38:43.179-----------> ClassLocator.getDependentXMLResources: Replicate resource: ckez
Overwrite bundleresource://175.fwk1174037956:2/metainfo/zk/config.xml
with bundleresource://175.fwk1174037956:19/metainfo/zk/config.xml [14]
09:38:43.183-----------> ClassLocator.getDependentXMLResources: Replicate resource: zk
Overwrite bundleresource://175.fwk1174037956:11/metainfo/zk/config.xml
with bundleresource://175.fwk1174037956:28/metainfo/zk/config.xml [14]
09:38:43.184-----------> ClassLocator.getDependentXMLResources: Replicate resource: zkbind
Overwrite bundleresource://175.fwk1174037956:12/metainfo/zk/config.xml
with bundleresource://175.fwk1174037956:29/metainfo/zk/config.xml [14]
09:38:43.200-----------> ClassLocator.getDependentXMLResources: Replicate resource: zul
Overwrite bundleresource://175.fwk1174037956:14/metainfo/zk/zk.xml
with bundleresource://175.fwk1174037956:31/metainfo/zk/zk.xml [14]
09:38:43.600-----------> LanguageDefinition.<init>: Replicated language: xhtml, overriden by [LanguageDefinition: xhtml] [14]
09:38:43.616-----------> LanguageDefinition.<init>: Replicated language: xul/html, overriden by [LanguageDefinition: xul/html] [14]
09:38:43.682-----------> ClassLocator.getDependentXMLResources: Replicate resource: calendar
Overwrite bundleresource://175.fwk1174037956:1/metainfo/zk/lang-addon.xml
with bundleresource://175.fwk1174037956:18/metainfo/zk/lang-addon.xml [14]
09:38:43.685-----------> ClassLocator.getDependentXMLResources: Replicate resource: ckez
Overwrite bundleresource://175.fwk1174037956:2/metainfo/zk/lang-addon.xml
with bundleresource://175.fwk1174037956:19/metainfo/zk/lang-addon.xml [14]
09:38:43.685-----------> ClassLocator.getDependentXMLResources: Replicate resource: gmapsz
Overwrite bundleresource://175.fwk1174037956:5/metainfo/zk/lang-addon.xml
with bundleresource://175.fwk1174037956:22/metainfo/zk/lang-addon.xml [14]
09:38:43.685-----------> ClassLocator.getDependentXMLResources: Replicate resource: timeline
Overwrite bundleresource://175.fwk1174037956:6/metainfo/zk/lang-addon.xml
with bundleresource://175.fwk1174037956:23/metainfo/zk/lang-addon.xml [14]
09:38:43.685-----------> ClassLocator.getDependentXMLResources: Replicate resource: timeplot
Overwrite bundleresource://175.fwk1174037956:7/metainfo/zk/lang-addon.xml
with bundleresource://175.fwk1174037956:24/metainfo/zk/lang-addon.xml [14]
09:38:43.701-----------> ClassLocator.getDependentXMLResources: Replicate resource: zkbind
Overwrite bundleresource://175.fwk1174037956:12/metainfo/zk/lang-addon.xml
with bundleresource://175.fwk1174037956:29/metainfo/zk/lang-addon.xml [14]
09:38:43.716-----------> ClassLocator.getDependentXMLResources: Replicate resource: zkplus
Overwrite bundleresource://175.fwk1174037956:13/metainfo/zk/lang-addon.xml
with bundleresource://175.fwk1174037956:30/metainfo/zk/lang-addon.xml [14]
09:38:43.832           WebUIServlet.init: iDempiere Web Client started successfully [14]
09:38:45.319-----------> AnnotationConfiguration.configure: ServletContainerInitializers: detected. Class hierarchy: empty [14]

*** 2016-06-30 09:38:45.588 idempiere Log (CLogFile) ***
09:38:48.107-----------> Node: [192.168.10.212]:5701 [adempiere.idempiere/localhost] [3.5.3] No join method is enabled! Starting standalone. [38]
09:59:17.140-----------> MRole.saveWarning: AccessTableNoView - Required=2(Client Data) != UserLevel=  O [30]
13:20:11.548-----------> ClusterService: [192.168.10.212]:5701 [adempiere.idempiere/localhost] [3.5.3] Resetting master confirmation timestamps because of huge system clock jump! Clock-Jump: 3829602ms, Master-Confirmation-Timeout: 500000ms. [111]
14:15:56.381===========> GridWindowVO.create: No Window - AD_Window_ID=117, AD_Role_ID=MRole[103,GardenWorld User,UserLevel=  O,AD_Client_ID IN(0,11),AD_Org_ID IN(50007,0,50000,50001,11)] - SELECT Name,Description,Help,WindowType, AD_Color_ID,AD_Image_ID,WinHeight,WinWidth, IsSOTrx, AD_Window_UU FROM AD_Window w WHERE w.AD_Window_ID=? AND w.IsActive='Y' [34]
14:15:56.445===========> CLogger.saveError: AccessTableNoView - (Not found) [34]
14:15:56.451===========> UiEngineImpl.handleError:  [34]
org.adempiere.webui.exception.ApplicationException: With your current role and settings, you cannot view this information 

You don't have the privileges (your Role does not allow to access the information) - or - set profile (e.g. if you want to see accounting records, Show Accounting must be set)(No Window Model Info)
	at org.adempiere.webui.adwindow.ADWindow.<init>(ADWindow.java:97)
	at org.adempiere.webui.desktop.TabbedDesktop.openWindow(TabbedDesktop.java:158)
	at org.adempiere.webui.desktop.TabbedDesktop.openWindow(TabbedDesktop.java:148)
	at org.adempiere.webui.apps.wf.WFPanel.start(WFPanel.java:283)
	at org.adempiere.webui.apps.wf.WFPanel.onEvent(WFPanel.java:271)
	at org.zkoss.zk.ui.AbstractComponent.onEvent(AbstractComponent.java:2773)
	at org.zkoss.zk.ui.AbstractComponent.service(AbstractComponent.java:2744)
	at org.zkoss.zk.ui.AbstractComponent.service(AbstractComponent.java:2685)
	at org.zkoss.zk.ui.impl.EventProcessor.process(EventProcessor.java:136)
	at org.zkoss.zk.ui.impl.UiEngineImpl.processEvent(UiEngineImpl.java:1765)
	at org.zkoss.zk.ui.impl.UiEngineImpl.process(UiEngineImpl.java:1550)
	at org.zkoss.zk.ui.impl.UiEngineImpl.execUpdate(UiEngineImpl.java:1260)
	at org.zkoss.zk.au.http.DHtmlUpdateServlet.process(DHtmlUpdateServlet.java:611)
	at org.zkoss.zk.au.http.DHtmlUpdateServlet.doGet(DHtmlUpdateServlet.java:485)
	at org.zkoss.zk.au.http.DHtmlUpdateServlet.doPost(DHtmlUpdateServlet.java:494)
	at javax.servlet.http.HttpServlet.service(HttpServlet.java:707)
	at javax.servlet.http.HttpServlet.service(HttpServlet.java:790)
	at org.eclipse.jetty.servlet.ServletHolder.handle(ServletHolder.java:808)
	at org.eclipse.jetty.servlet.ServletHandler.doHandle(ServletHandler.java:587)
	at org.eclipse.jetty.server.handler.ScopedHandler.handle(ScopedHandler.java:143)
	at org.eclipse.jetty.security.SecurityHandler.handle(SecurityHandler.java:577)
caused by: org.adempiere.webui.exception.ApplicationException: With your current role and settings, you cannot view this information 

You don't have the privileges (your Role does not allow to access the information) - or - set profile (e.g. if you want to see accounting records, Show Accounting must be set)(No Window Model Info)
	at org.adempiere.webui.adwindow.AbstractADWindowContent.initComponents(AbstractADWindowContent.java:256)
	at org.adempiere.webui.adwindow.AbstractADWindowContent.<init>(AbstractADWindowContent.java:207)
	at org.adempiere.webui.adwindow.ADWindowContent.<init>(ADWindowContent.java:72)
	at org.adempiere.webui.adwindow.ADWindow.init(ADWindow.java:103)
	at org.adempiere.webui.adwindow.ADWindow.<init>(ADWindow.java:94)
	at org.adempiere.webui.desktop.TabbedDesktop.openWindow(TabbedDesktop.java:158)
	at org.adempiere.webui.desktop.TabbedDesktop.openWindow(TabbedDesktop.java:148)
	at org.adempiere.webui.apps.wf.WFPanel.start(WFPanel.java:283)
	at org.adempiere.webui.apps.wf.WFPanel.onEvent(WFPanel.java:271)
	at org.zkoss.zk.ui.AbstractComponent.onEvent(AbstractComponent.java:2773)
	at org.zkoss.zk.ui.AbstractComponent.service(AbstractComponent.java:2744)
	at org.zkoss.zk.ui.AbstractComponent.service(AbstractComponent.java:2685)
	at org.zkoss.zk.ui.impl.EventProcessor.process(EventProcessor.java:136)
	at org.zkoss.zk.ui.impl.UiEngineImpl.processEvent(UiEngineImpl.java:1765)
	at org.zkoss.zk.ui.impl.UiEngineImpl.process(UiEngineImpl.java:1550)
	at org.zkoss.zk.ui.impl.UiEngineImpl.execUpdate(UiEngineImpl.java:1260)
	at org.zkoss.zk.au.http.DHtmlUpdateServlet.process(DHtmlUpdateServlet.java:611)
	at org.zkoss.zk.au.http.DHtmlUpdateServlet.doGet(DHtmlUpdateServlet.java:485)
	at org.zkoss.zk.au.http.DHtmlUpdateServlet.doPost(DHtmlUpdateServlet.java:494)
	at javax.servlet.http.HttpServlet.service(HttpServlet.java:707)
	at javax.servlet.http.HttpServlet.service(HttpServlet.java:790)

14:17:20.196===========> GridWindowVO.create: No Window - AD_Window_ID=117, AD_Role_ID=MRole[103,GardenWorld User,UserLevel=  O,AD_Client_ID IN(0,11),AD_Org_ID IN(50007,0,50000,50001,11)] - SELECT Name,Description,Help,WindowType, AD_Color_ID,AD_Image_ID,WinHeight,WinWidth, IsSOTrx, AD_Window_UU FROM AD_Window w WHERE w.AD_Window_ID=? AND w.IsActive='Y' [118]
14:17:20.234===========> CLogger.saveError: AccessTableNoView - (Not found) [118]
14:17:20.236===========> UiEngineImpl.handleError:  [118]
org.adempiere.webui.exception.ApplicationException: With your current role and settings, you cannot view this information 

You don't have the privileges (your Role does not allow to access the information) - or - set profile (e.g. if you want to see accounting records, Show Accounting must be set)(No Window Model Info)
	at org.adempiere.webui.adwindow.ADWindow.<init>(ADWindow.java:97)
	at org.adempiere.webui.desktop.TabbedDesktop.openWindow(TabbedDesktop.java:158)
	at org.adempiere.webui.desktop.TabbedDesktop.openWindow(TabbedDesktop.java:148)
	at org.adempiere.webui.apps.wf.WFPanel.start(WFPanel.java:283)
	at org.adempiere.webui.apps.wf.WFPanel.onEvent(WFPanel.java:271)
	at org.zkoss.zk.ui.AbstractComponent.onEvent(AbstractComponent.java:2773)
	at org.zkoss.zk.ui.AbstractComponent.service(AbstractComponent.java:2744)
	at org.zkoss.zk.ui.AbstractComponent.service(AbstractComponent.java:2685)
	at org.zkoss.zk.ui.impl.EventProcessor.process(EventProcessor.java:136)
	at org.zkoss.zk.ui.impl.UiEngineImpl.processEvent(UiEngineImpl.java:1765)
	at org.zkoss.zk.ui.impl.UiEngineImpl.process(UiEngineImpl.java:1550)
	at org.zkoss.zk.ui.impl.UiEngineImpl.execUpdate(UiEngineImpl.java:1260)
	at org.zkoss.zk.au.http.DHtmlUpdateServlet.process(DHtmlUpdateServlet.java:611)
	at org.zkoss.zk.au.http.DHtmlUpdateServlet.doGet(DHtmlUpdateServlet.java:485)
	at org.zkoss.zk.au.http.DHtmlUpdateServlet.doPost(DHtmlUpdateServlet.java:494)
	at javax.servlet.http.HttpServlet.service(HttpServlet.java:707)
	at javax.servlet.http.HttpServlet.service(HttpServlet.java:790)
	at org.eclipse.jetty.servlet.ServletHolder.handle(ServletHolder.java:808)
	at org.eclipse.jetty.servlet.ServletHandler.doHandle(ServletHandler.java:587)
	at org.eclipse.jetty.server.handler.ScopedHandler.handle(ScopedHandler.java:143)
	at org.eclipse.jetty.security.SecurityHandler.handle(SecurityHandler.java:577)
caused by: org.adempiere.webui.exception.ApplicationException: With your current role and settings, you cannot view this information 

You don't have the privileges (your Role does not allow to access the information) - or - set profile (e.g. if you want to see accounting records, Show Accounting must be set)(No Window Model Info)
	at org.adempiere.webui.adwindow.AbstractADWindowContent.initComponents(AbstractADWindowContent.java:256)
	at org.adempiere.webui.adwindow.AbstractADWindowContent.<init>(AbstractADWindowContent.java:207)
	at org.adempiere.webui.adwindow.ADWindowContent.<init>(ADWindowContent.java:72)
	at org.adempiere.webui.adwindow.ADWindow.init(ADWindow.java:103)
	at org.adempiere.webui.adwindow.ADWindow.<init>(ADWindow.java:94)
	at org.adempiere.webui.desktop.TabbedDesktop.openWindow(TabbedDesktop.java:158)
	at org.adempiere.webui.desktop.TabbedDesktop.openWindow(TabbedDesktop.java:148)
	at org.adempiere.webui.apps.wf.WFPanel.start(WFPanel.java:283)
	at org.adempiere.webui.apps.wf.WFPanel.onEvent(WFPanel.java:271)
	at org.zkoss.zk.ui.AbstractComponent.onEvent(AbstractComponent.java:2773)
	at org.zkoss.zk.ui.AbstractComponent.service(AbstractComponent.java:2744)
	at org.zkoss.zk.ui.AbstractComponent.service(AbstractComponent.java:2685)
	at org.zkoss.zk.ui.impl.EventProcessor.process(EventProcessor.java:136)
	at org.zkoss.zk.ui.impl.UiEngineImpl.processEvent(UiEngineImpl.java:1765)
	at org.zkoss.zk.ui.impl.UiEngineImpl.process(UiEngineImpl.java:1550)
	at org.zkoss.zk.ui.impl.UiEngineImpl.execUpdate(UiEngineImpl.java:1260)
	at org.zkoss.zk.au.http.DHtmlUpdateServlet.process(DHtmlUpdateServlet.java:611)
	at org.zkoss.zk.au.http.DHtmlUpdateServlet.doGet(DHtmlUpdateServlet.java:485)
	at org.zkoss.zk.au.http.DHtmlUpdateServlet.doPost(DHtmlUpdateServlet.java:494)
	at javax.servlet.http.HttpServlet.service(HttpServlet.java:707)
	at javax.servlet.http.HttpServlet.service(HttpServlet.java:790)

14:25:16.201===========> DB.executeUpdate: UPDATE C_Period SET Name=?, StartDate=trunc(cast(? as TIMESTAMP)), PeriodNo=?, C_Year_ID=?, EndDate=trunc(cast(? as TIMESTAMP)),Updated=?,UpdatedBy=? WHERE C_Period_ID=200053 [SvrProcess_8b5976f6-0038-4cc6-b375-5386a854db32] [152]
org.postgresql.util.PSQLException: 错误: 重复键违反唯一约束"c_period_nounique"
  详细：键值"(c_year_id, periodno)=(200004, 1)" 已经存在; State=23505; ErrorCode=0
	at org.postgresql.core.v3.QueryExecutorImpl.receiveErrorResponse(QueryExecutorImpl.java:2182)
	at org.postgresql.core.v3.QueryExecutorImpl.processResults(QueryExecutorImpl.java:1911)
	at org.postgresql.core.v3.QueryExecutorImpl.execute(QueryExecutorImpl.java:173)
	at org.postgresql.jdbc2.AbstractJdbc2Statement.execute(AbstractJdbc2Statement.java:645)
	at org.postgresql.jdbc2.AbstractJdbc2Statement.executeWithFlags(AbstractJdbc2Statement.java:495)
	at org.postgresql.jdbc2.AbstractJdbc2Statement.executeUpdate(AbstractJdbc2Statement.java:441)
	at com.mchange.v2.c3p0.impl.NewProxyPreparedStatement.executeUpdate(NewProxyPreparedStatement.java:1449)
	at sun.reflect.GeneratedMethodAccessor51.invoke(Unknown Source)
	at sun.reflect.DelegatingMethodAccessorImpl.invoke(Unknown Source)
	at java.lang.reflect.Method.invoke(Unknown Source)
	at org.compiere.db.StatementProxy.invoke(StatementProxy.java:128)
	at com.sun.proxy.$Proxy3.executeUpdate(Unknown Source)
	at org.compiere.util.DB.executeUpdate(DB.java:1038)
	at org.compiere.util.DB.executeUpdate(DB.java:1007)
	at org.compiere.model.PO.doUpdate(PO.java:2672)
	at org.compiere.model.PO.saveUpdate(PO.java:2405)
	at org.compiere.model.PO.save(PO.java:2148)
	at org.compiere.model.PO.saveEx(PO.java:2216)
	at org.compiere.model.PO.saveEx(PO.java:2350)
	at org.compiere.model.MYear.createStdPeriods(MYear.java:264)
	at org.compiere.process.YearCreatePeriods.doIt(YearCreatePeriods.java:72)
	at org.compiere.process.SvrProcess.process(SvrProcess.java:198)
	at org.compiere.process.SvrProcess.startProcess(SvrProcess.java:144)

14:25:16.236===========> DB.saveError: SaveErrorNotUnique - 错误: 重复键违反唯一约束"c_period_nounique"
  详细：键值"(c_year_id, periodno)=(200004, 1)" 已经存在 [152]
14:25:16.239===========> MPeriod.saveError: SaveError - Update return -1 instead of 1 - [SvrProcess_8b5976f6-0038-4cc6-b375-5386a854db32] - C_Period.C_Period_ID=200053 [152]
14:25:16.392===========> MPeriod.saveError: SaveError - Update return -1 instead of 1 - [SvrProcess_8b5976f6-0038-4cc6-b375-5386a854db32] - C_Period.C_Period_ID=200053 [152]
14:25:16.394===========> YearCreatePeriods.process: Could not save changes: : Update return -1 instead of 1 - [SvrProcess_8b5976f6-0038-4cc6-b375-5386a854db32] - C_Period.C_Period_ID=200053 [152]
org.adempiere.exceptions.AdempiereException: Could not save changes: : Update return -1 instead of 1 - [SvrProcess_8b5976f6-0038-4cc6-b375-5386a854db32] - C_Period.C_Period_ID=200053
	at org.compiere.model.PO.saveEx(PO.java:2224)
	at org.compiere.model.PO.saveEx(PO.java:2350)
	at org.compiere.model.MYear.createStdPeriods(MYear.java:264)
	at org.compiere.process.YearCreatePeriods.doIt(YearCreatePeriods.java:72)
	at org.compiere.process.SvrProcess.process(SvrProcess.java:198)
	at org.compiere.process.SvrProcess.startProcess(SvrProcess.java:144)
	at org.adempiere.util.ProcessUtil.startJavaProcess(ProcessUtil.java:172)
	at org.compiere.apps.AbstractProcessCtl.startProcess(AbstractProcessCtl.java:466)
	at org.compiere.apps.AbstractProcessCtl.run(AbstractProcessCtl.java:234)
	at org.adempiere.webui.apps.WProcessCtl.process(WProcessCtl.java:197)
	at org.adempiere.webui.apps.AbstractProcessDialog$ProcessDialogRunnable.doRun(AbstractProcessDialog.java:1060)
	at org.adempiere.util.ContextRunnable.run(ContextRunnable.java:38)
	at org.adempiere.webui.apps.DesktopRunnable.run(DesktopRunnable.java:40)
	at java.util.concurrent.Executors$RunnableAdapter.call(Unknown Source)
	at java.util.concurrent.FutureTask.run(Unknown Source)
	at java.util.concurrent.ScheduledThreadPoolExecutor$ScheduledFutureTask.access$201(Unknown Source)
	at java.util.concurrent.ScheduledThreadPoolExecutor$ScheduledFutureTask.run(Unknown Source)
	at java.util.concurrent.ThreadPoolExecutor.runWorker(Unknown Source)
	at java.util.concurrent.ThreadPoolExecutor$Worker.run(Unknown Source)
	at java.lang.Thread.run(Unknown Source)

