*** 2016-06-12 09:51:42.538 idempiere Log (CLogFile) ***
09:51:42.538 Adempiere.startup: iDempiere(r) Release 3.1_2015-10-31 -Smart Suite ERP, CRM and SCM- (c) 1999-2013 iDempiere(r); Implementation: iDempiere - Supported by iDempiere community [14]
09:51:42.543 Ini.loadProperties: D:\idempiere\idempiere.properties #28 [14]
09:51:43.360 DB.isBuildOK: Build DB=${env.ADEMPIERE_VERSION} 20080428-1232 [14]
09:51:43.360 DB.isBuildOK: Build Cl=3.1.0.qualifier [14]
09:51:43.383-----------> DB.isBuildOK: Build Version Error 

The program assumes build version 3.1.0.qualifier, but database has build version ${env.ADEMPIERE_VERSION} 20080428-1232. 
This is likely to cause hard to fix errors. 
Please contact administrator. [14]
09:51:43.525 Language.getLanguage: Adding Language=en, Country=US, Locale=en_US [14]
09:51:43.530 Language.getLanguage: Adding Language=en, Country=US, Locale=en_US [14]
09:51:43.608 WebEnv.initWeb: Servlet Context Init Parameters: iDempiere Root
ServerRoot=1 [14]
09:51:43.623-----------> EMail.setFrom: you @ company.org: javax.mail.internet.AddressException: Local address contains control or whitespace in string ``you @ company.org'' [14]
09:51:43.629-----------> EMail.addTo: you @ company.org: javax.mail.internet.AddressException: Local address contains control or whitespace in string ``you @ company.org'' [14]
09:51:43.629-----------> EMail.isValid: From is invalid=null [14]
09:51:43.630-----------> EMail.isValid: From is invalid=null [14]
09:51:43.630-----------> MClient.sendEMail: Could NOT Send Email: Server started: iDempiere (DESKTOP-K0DQ6Q3:192.168.10.212) to you @ company.org: Invalid Data (System) [14]
09:51:43.630 WebEnv.initWeb: Servlet Init Parameter: idempiereMonitor [14]
09:51:43.630 AdempiereMonitor.init:  [14]
09:51:46.071-----------> AnnotationConfiguration.configure: ServletContainerInitializers: detected. Class hierarchy: empty [14]
09:51:46.323-----------> ClassLocator.getDependentXMLResources: Replicate resource: ckez
Overwrite bundleresource://174.fwk147000507:2/metainfo/zk/config.xml
with bundleresource://174.fwk147000507:19/metainfo/zk/config.xml [14]
09:51:46.328-----------> ClassLocator.getDependentXMLResources: Replicate resource: zk
Overwrite bundleresource://174.fwk147000507:11/metainfo/zk/config.xml
with bundleresource://174.fwk147000507:28/metainfo/zk/config.xml [14]
09:51:46.334-----------> ClassLocator.getDependentXMLResources: Replicate resource: zkbind
Overwrite bundleresource://174.fwk147000507:12/metainfo/zk/config.xml
with bundleresource://174.fwk147000507:29/metainfo/zk/config.xml [14]
09:51:46.374-----------> ClassLocator.getDependentXMLResources: Replicate resource: zul
Overwrite bundleresource://174.fwk147000507:14/metainfo/zk/zk.xml
with bundleresource://174.fwk147000507:31/metainfo/zk/zk.xml [14]
09:51:46.803-----------> LanguageDefinition.<init>: Replicated language: xhtml, overriden by [LanguageDefinition: xhtml] [14]
09:51:46.830-----------> LanguageDefinition.<init>: Replicated language: xul/html, overriden by [LanguageDefinition: xul/html] [14]
09:51:46.888-----------> ClassLocator.getDependentXMLResources: Replicate resource: calendar
Overwrite bundleresource://174.fwk147000507:1/metainfo/zk/lang-addon.xml
with bundleresource://174.fwk147000507:18/metainfo/zk/lang-addon.xml [14]
09:51:46.894-----------> ClassLocator.getDependentXMLResources: Replicate resource: ckez
Overwrite bundleresource://174.fwk147000507:2/metainfo/zk/lang-addon.xml
with bundleresource://174.fwk147000507:19/metainfo/zk/lang-addon.xml [14]
09:51:46.898-----------> ClassLocator.getDependentXMLResources: Replicate resource: gmapsz
Overwrite bundleresource://174.fwk147000507:5/metainfo/zk/lang-addon.xml
with bundleresource://174.fwk147000507:22/metainfo/zk/lang-addon.xml [14]
09:51:46.900-----------> ClassLocator.getDependentXMLResources: Replicate resource: timeline
Overwrite bundleresource://174.fwk147000507:6/metainfo/zk/lang-addon.xml
with bundleresource://174.fwk147000507:23/metainfo/zk/lang-addon.xml [14]
09:51:46.906-----------> ClassLocator.getDependentXMLResources: Replicate resource: timeplot
Overwrite bundleresource://174.fwk147000507:7/metainfo/zk/lang-addon.xml
with bundleresource://174.fwk147000507:24/metainfo/zk/lang-addon.xml [14]
09:51:46.921-----------> ClassLocator.getDependentXMLResources: Replicate resource: zkbind
Overwrite bundleresource://174.fwk147000507:12/metainfo/zk/lang-addon.xml
with bundleresource://174.fwk147000507:29/metainfo/zk/lang-addon.xml [14]
09:51:46.928-----------> ClassLocator.getDependentXMLResources: Replicate resource: zkplus
Overwrite bundleresource://174.fwk147000507:13/metainfo/zk/lang-addon.xml
with bundleresource://174.fwk147000507:30/metainfo/zk/lang-addon.xml [14]
09:51:47.044           WebUIServlet.init: iDempiere Web Client started successfully [14]
09:51:48.981-----------> AnnotationConfiguration.configure: ServletContainerInitializers: detected. Class hierarchy: empty [14]

*** 2016-06-12 09:51:49.286 idempiere Log (CLogFile) ***
09:51:51.817-----------> Node: [192.168.10.212]:5701 [adempiere.idempiere/127.0.0.1] [3.5.3] No join method is enabled! Starting standalone. [38]
