*** 2016-06-11 16:08:35.426 idempiere Log (CLogFile) ***
16:08:35.426 Adempiere.startup: iDempiere(r) Release 3.1_2015-10-31 -Smart Suite ERP, CRM and SCM- (c) 1999-2013 iDempiere(r); Implementation: iDempiere - Supported by iDempiere community [14]
16:08:35.431 Ini.loadProperties: D:\idempiere\idempiere.properties #28 [14]
16:08:36.275 DB.isBuildOK: Build DB=${env.ADEMPIERE_VERSION} 20080428-1232 [14]
16:08:36.275 DB.isBuildOK: Build Cl=3.1.0.qualifier [14]
16:08:36.296-----------> DB.isBuildOK: Build Version Error 

The program assumes build version 3.1.0.qualifier, but database has build version ${env.ADEMPIERE_VERSION} 20080428-1232. 
This is likely to cause hard to fix errors. 
Please contact administrator. [14]
16:08:36.415 Language.getLanguage: Adding Language=en, Country=US, Locale=en_US [14]
16:08:36.419 Language.getLanguage: Adding Language=en, Country=US, Locale=en_US [14]
16:08:36.623 WebEnv.initWeb: Servlet Context Init Parameters: iDempiere Root
ServerRoot=1 [14]
16:08:36.643-----------> EMail.setFrom: you @ company.org: javax.mail.internet.AddressException: Local address contains control or whitespace in string ``you @ company.org'' [14]
16:08:36.648-----------> EMail.addTo: you @ company.org: javax.mail.internet.AddressException: Local address contains control or whitespace in string ``you @ company.org'' [14]
16:08:36.649-----------> EMail.isValid: From is invalid=null [14]
16:08:36.649-----------> EMail.isValid: From is invalid=null [14]
16:08:36.649-----------> MClient.sendEMail: Could NOT Send Email: Server started: iDempiere (DESKTOP-K0DQ6Q3:192.168.0.108) to you @ company.org: Invalid Data (System) [14]
16:08:36.649 WebEnv.initWeb: Servlet Init Parameter: idempiereMonitor [14]
16:08:36.649 AdempiereMonitor.init:  [14]
16:08:38.804-----------> AnnotationConfiguration.configure: ServletContainerInitializers: detected. Class hierarchy: empty [14]
16:08:39.056-----------> ClassLocator.getDependentXMLResources: Replicate resource: ckez
Overwrite bundleresource://174.fwk976177856:2/metainfo/zk/config.xml
with bundleresource://174.fwk976177856:19/metainfo/zk/config.xml [14]
16:08:39.060-----------> ClassLocator.getDependentXMLResources: Replicate resource: zk
Overwrite bundleresource://174.fwk976177856:11/metainfo/zk/config.xml
with bundleresource://174.fwk976177856:28/metainfo/zk/config.xml [14]
16:08:39.063-----------> ClassLocator.getDependentXMLResources: Replicate resource: zkbind
Overwrite bundleresource://174.fwk976177856:12/metainfo/zk/config.xml
with bundleresource://174.fwk976177856:29/metainfo/zk/config.xml [14]
16:08:39.091-----------> ClassLocator.getDependentXMLResources: Replicate resource: zul
Overwrite bundleresource://174.fwk976177856:14/metainfo/zk/zk.xml
with bundleresource://174.fwk976177856:31/metainfo/zk/zk.xml [14]
16:08:39.487-----------> LanguageDefinition.<init>: Replicated language: xhtml, overriden by [LanguageDefinition: xhtml] [14]
16:08:39.514-----------> LanguageDefinition.<init>: Replicated language: xul/html, overriden by [LanguageDefinition: xul/html] [14]
16:08:39.566-----------> ClassLocator.getDependentXMLResources: Replicate resource: calendar
Overwrite bundleresource://174.fwk976177856:1/metainfo/zk/lang-addon.xml
with bundleresource://174.fwk976177856:18/metainfo/zk/lang-addon.xml [14]
16:08:39.570-----------> ClassLocator.getDependentXMLResources: Replicate resource: ckez
Overwrite bundleresource://174.fwk976177856:2/metainfo/zk/lang-addon.xml
with bundleresource://174.fwk976177856:19/metainfo/zk/lang-addon.xml [14]
16:08:39.575-----------> ClassLocator.getDependentXMLResources: Replicate resource: gmapsz
Overwrite bundleresource://174.fwk976177856:5/metainfo/zk/lang-addon.xml
with bundleresource://174.fwk976177856:22/metainfo/zk/lang-addon.xml [14]
16:08:39.578-----------> ClassLocator.getDependentXMLResources: Replicate resource: timeline
Overwrite bundleresource://174.fwk976177856:6/metainfo/zk/lang-addon.xml
with bundleresource://174.fwk976177856:23/metainfo/zk/lang-addon.xml [14]
16:08:39.582-----------> ClassLocator.getDependentXMLResources: Replicate resource: timeplot
Overwrite bundleresource://174.fwk976177856:7/metainfo/zk/lang-addon.xml
with bundleresource://174.fwk976177856:24/metainfo/zk/lang-addon.xml [14]
16:08:39.592-----------> ClassLocator.getDependentXMLResources: Replicate resource: zkbind
Overwrite bundleresource://174.fwk976177856:12/metainfo/zk/lang-addon.xml
with bundleresource://174.fwk976177856:29/metainfo/zk/lang-addon.xml [14]
16:08:39.601-----------> ClassLocator.getDependentXMLResources: Replicate resource: zkplus
Overwrite bundleresource://174.fwk976177856:13/metainfo/zk/lang-addon.xml
with bundleresource://174.fwk976177856:30/metainfo/zk/lang-addon.xml [14]
16:08:39.718           WebUIServlet.init: iDempiere Web Client started successfully [14]
16:08:41.460-----------> AnnotationConfiguration.configure: ServletContainerInitializers: detected. Class hierarchy: empty [14]

*** 2016-06-11 16:08:41.75 idempiere Log (CLogFile) ***
16:08:43.891-----------> Node: [192.168.0.108]:5701 [adempiere.idempiere/127.0.0.1] [3.5.3] No join method is enabled! Starting standalone. [39]
16:09:08.696-----------> Doc_InOut.createFacts: No Costs for Plum Tree [46]
16:09:10.580-----------> Doc_InOut.createFacts: No Costs for Plum Tree [46]
16:09:10.808-----------> Doc_InOut.createFacts: Resubmit - No Costs for Plum Tree (required order line) [46]
16:09:11.049-----------> FactLine.updateReverseLine: Not Found (try later) ,C_AcctSchema_ID=101, AD_Table_ID=319,Record_ID=102,Line_ID=102, Account_ID=587 [46]
16:09:12.301-----------> Doc_InOut.createFacts: No Costs for Plum Tree [46]
16:09:12.619-----------> Doc_InOut.createFacts: Resubmit - No Costs for Oak Tree (required order line) [46]
16:09:12.855-----------> FactLine.updateReverseLine: Not Found (try later) ,C_AcctSchema_ID=101, AD_Table_ID=319,Record_ID=104,Line_ID=106, Account_ID=587 [46]
16:09:17.876-----------> Doc_Order.isConvertible: NOT from C_Currency_ID=102 to 100 - MOrder[108-60000,IsSOTrx=true,C_DocType_ID=133, GrandTotal=228.85] [46]
16:09:18.076-----------> Doc_Invoice.isConvertible: NOT from C_Currency_ID=102 to 100 - MInvoice[109-100000,GrandTotal=228.85 (#1)] [46]
16:09:18.246-----------> Fact.isSegmentBalanced: (OO) NO - Fact[X_M_Movement[100],AcctSchema[101-GardenWorld US/A/US Dollar],PostType=A], Balance=-247.00 [46]
