*** 2016-06-12 11:00:19.273 idempiere Log (CLogFile) ***
11:00:19.272 Adempiere.startup: iDempiere(r) Release 3.1_2015-10-31 -Smart Suite ERP, CRM and SCM- (c) 1999-2013 iDempiere(r); Implementation: ${env.ADEMPIERE_VERSION} 20080428-1232 - Supported by iDempiere community [17]
11:00:19.278 Ini.loadProperties: D:\idempiere\idempiere.properties #28 [17]
11:00:20.184 DB.isBuildOK: Build DB=${env.ADEMPIERE_VERSION} 20080428-1232 [17]
11:00:20.185 DB.isBuildOK: Build Cl=3.1.0.qualifier [17]
11:00:20.215-----------> DB.isBuildOK: Build Version Error 

The program assumes build version 3.1.0.qualifier, but database has build version ${env.ADEMPIERE_VERSION} 20080428-1232. 
This is likely to cause hard to fix errors. 
Please contact administrator. [17]
11:00:20.363 Language.getLanguage: Adding Language=en, Country=US, Locale=en_US [17]
11:00:20.366 Language.getLanguage: Adding Language=en, Country=US, Locale=en_US [17]
11:00:20.449 WebEnv.initWeb: Servlet Context Init Parameters: iDempiere Root
ServerRoot=1 [17]
11:00:20.464-----------> EMail.setFrom: you @ company.org: javax.mail.internet.AddressException: Local address contains control or whitespace in string ``you @ company.org'' [17]
11:00:20.467-----------> EMail.addTo: you @ company.org: javax.mail.internet.AddressException: Local address contains control or whitespace in string ``you @ company.org'' [17]
11:00:20.467-----------> EMail.isValid: From is invalid=null [17]
11:00:20.467-----------> EMail.isValid: From is invalid=null [17]
11:00:20.468-----------> MClient.sendEMail: Could NOT Send Email: Server started: iDempiere (DESKTOP-K0DQ6Q3:192.168.10.212) to you @ company.org: Invalid Data (System) [17]
11:00:20.468 WebEnv.initWeb: Servlet Init Parameter: idempiereMonitor [17]
11:00:20.468 AdempiereMonitor.init:  [17]
11:00:23.030-----------> AnnotationConfiguration.configure: ServletContainerInitializers: detected. Class hierarchy: empty [17]
11:00:23.341-----------> ClassLocator.getDependentXMLResources: Replicate resource: ckez
Overwrite bundleresource://174.fwk1863794237:2/metainfo/zk/config.xml
with bundleresource://174.fwk1863794237:19/metainfo/zk/config.xml [17]
11:00:23.347-----------> ClassLocator.getDependentXMLResources: Replicate resource: zk
Overwrite bundleresource://174.fwk1863794237:11/metainfo/zk/config.xml
with bundleresource://174.fwk1863794237:28/metainfo/zk/config.xml [17]
11:00:23.354-----------> ClassLocator.getDependentXMLResources: Replicate resource: zkbind
Overwrite bundleresource://174.fwk1863794237:12/metainfo/zk/config.xml
with bundleresource://174.fwk1863794237:29/metainfo/zk/config.xml [17]
11:00:23.384-----------> ClassLocator.getDependentXMLResources: Replicate resource: zul
Overwrite bundleresource://174.fwk1863794237:14/metainfo/zk/zk.xml
with bundleresource://174.fwk1863794237:31/metainfo/zk/zk.xml [17]
11:00:23.840-----------> LanguageDefinition.<init>: Replicated language: xhtml, overriden by [LanguageDefinition: xhtml] [17]
11:00:23.872-----------> LanguageDefinition.<init>: Replicated language: xul/html, overriden by [LanguageDefinition: xul/html] [17]
11:00:23.938-----------> ClassLocator.getDependentXMLResources: Replicate resource: calendar
Overwrite bundleresource://174.fwk1863794237:1/metainfo/zk/lang-addon.xml
with bundleresource://174.fwk1863794237:18/metainfo/zk/lang-addon.xml [17]
11:00:23.946-----------> ClassLocator.getDependentXMLResources: Replicate resource: ckez
Overwrite bundleresource://174.fwk1863794237:2/metainfo/zk/lang-addon.xml
with bundleresource://174.fwk1863794237:19/metainfo/zk/lang-addon.xml [17]
11:00:23.950-----------> ClassLocator.getDependentXMLResources: Replicate resource: gmapsz
Overwrite bundleresource://174.fwk1863794237:5/metainfo/zk/lang-addon.xml
with bundleresource://174.fwk1863794237:22/metainfo/zk/lang-addon.xml [17]
11:00:23.953-----------> ClassLocator.getDependentXMLResources: Replicate resource: timeline
Overwrite bundleresource://174.fwk1863794237:6/metainfo/zk/lang-addon.xml
with bundleresource://174.fwk1863794237:23/metainfo/zk/lang-addon.xml [17]
11:00:23.960-----------> ClassLocator.getDependentXMLResources: Replicate resource: timeplot
Overwrite bundleresource://174.fwk1863794237:7/metainfo/zk/lang-addon.xml
with bundleresource://174.fwk1863794237:24/metainfo/zk/lang-addon.xml [17]
11:00:23.972-----------> ClassLocator.getDependentXMLResources: Replicate resource: zkbind
Overwrite bundleresource://174.fwk1863794237:12/metainfo/zk/lang-addon.xml
with bundleresource://174.fwk1863794237:29/metainfo/zk/lang-addon.xml [17]
11:00:23.979-----------> ClassLocator.getDependentXMLResources: Replicate resource: zkplus
Overwrite bundleresource://174.fwk1863794237:13/metainfo/zk/lang-addon.xml
with bundleresource://174.fwk1863794237:30/metainfo/zk/lang-addon.xml [17]
11:00:24.111           WebUIServlet.init: iDempiere Web Client started successfully [17]
11:00:26.157-----------> AnnotationConfiguration.configure: ServletContainerInitializers: detected. Class hierarchy: empty [17]

*** 2016-06-12 11:00:26.551 idempiere Log (CLogFile) ***
11:00:29.655-----------> Node: [192.168.10.212]:5701 [adempiere.idempiere/127.0.0.1] [3.5.3] No join method is enabled! Starting standalone. [43]
