*** 2016-07-04 19:50:59.483 idempiere Log (CLogFile) ***
19:50:59.483 Adempiere.startup: iDempiere(r) Release 3.1_2015-10-31 -Smart Suite ERP, CRM and SCM- (c) 1999-2013 iDempiere(r); Implementation: iDempiere - Supported by iDempiere community [14]
19:50:59.498 Ini.loadProperties: D:\idempiere\idempiere.properties #33 [14]
19:51:00.204 DB.isBuildOK: Build DB=${env.ADEMPIERE_VERSION} 20080428-1232 [14]
19:51:00.204 DB.isBuildOK: Build Cl=3.1.0.qualifier [14]
19:51:00.224-----------> DB.isBuildOK: Build Version Error 

The program assumes build version 3.1.0.qualifier, but database has build version ${env.ADEMPIERE_VERSION} 20080428-1232. 
This is likely to cause hard to fix errors. 
Please contact administrator. [14]
19:51:00.325 Language.getLanguage: Adding Language=en, Country=US, Locale=en_US [14]
19:51:00.325 Language.getLanguage: Adding Language=en, Country=US, Locale=en_US [14]
19:51:00.387 WebEnv.initWeb: Servlet Context Init Parameters: iDempiere Root
ServerRoot=1 [14]
19:51:00.404-----------> EMail.setFrom: you @ company.org: javax.mail.internet.AddressException: Local address contains control or whitespace in string ``you @ company.org'' [14]
19:51:00.408-----------> EMail.addTo: you @ company.org: javax.mail.internet.AddressException: Local address contains control or whitespace in string ``you @ company.org'' [14]
19:51:00.409-----------> EMail.isValid: From is invalid=null [14]
19:51:00.409-----------> EMail.isValid: From is invalid=null [14]
19:51:00.409-----------> MClient.sendEMail: Could NOT Send Email: Server started: iDempiere (DESKTOP-K0DQ6Q3:192.168.199.115) to you @ company.org: Invalid Data (System) [14]
19:51:00.409 WebEnv.initWeb: Servlet Init Parameter: idempiereMonitor [14]
19:51:00.409 AdempiereMonitor.init:  [14]
19:51:02.129-----------> AnnotationConfiguration.configure: ServletContainerInitializers: detected. Class hierarchy: empty [14]
19:51:02.329-----------> ClassLocator.getDependentXMLResources: Replicate resource: ckez
Overwrite bundleresource://175.fwk1993646359:2/metainfo/zk/config.xml
with bundleresource://175.fwk1993646359:19/metainfo/zk/config.xml [14]
19:51:02.329-----------> ClassLocator.getDependentXMLResources: Replicate resource: zk
Overwrite bundleresource://175.fwk1993646359:11/metainfo/zk/config.xml
with bundleresource://175.fwk1993646359:28/metainfo/zk/config.xml [14]
19:51:02.329-----------> ClassLocator.getDependentXMLResources: Replicate resource: zkbind
Overwrite bundleresource://175.fwk1993646359:12/metainfo/zk/config.xml
with bundleresource://175.fwk1993646359:29/metainfo/zk/config.xml [14]
19:51:02.360-----------> ClassLocator.getDependentXMLResources: Replicate resource: zul
Overwrite bundleresource://175.fwk1993646359:14/metainfo/zk/zk.xml
with bundleresource://175.fwk1993646359:31/metainfo/zk/zk.xml [14]
19:51:02.693-----------> LanguageDefinition.<init>: Replicated language: xhtml, overriden by [LanguageDefinition: xhtml] [14]
19:51:02.715-----------> LanguageDefinition.<init>: Replicated language: xul/html, overriden by [LanguageDefinition: xul/html] [14]
19:51:02.762-----------> ClassLocator.getDependentXMLResources: Replicate resource: calendar
Overwrite bundleresource://175.fwk1993646359:1/metainfo/zk/lang-addon.xml
with bundleresource://175.fwk1993646359:18/metainfo/zk/lang-addon.xml [14]
19:51:02.762-----------> ClassLocator.getDependentXMLResources: Replicate resource: ckez
Overwrite bundleresource://175.fwk1993646359:2/metainfo/zk/lang-addon.xml
with bundleresource://175.fwk1993646359:19/metainfo/zk/lang-addon.xml [14]
19:51:02.777-----------> ClassLocator.getDependentXMLResources: Replicate resource: gmapsz
Overwrite bundleresource://175.fwk1993646359:5/metainfo/zk/lang-addon.xml
with bundleresource://175.fwk1993646359:22/metainfo/zk/lang-addon.xml [14]
19:51:02.777-----------> ClassLocator.getDependentXMLResources: Replicate resource: timeline
Overwrite bundleresource://175.fwk1993646359:6/metainfo/zk/lang-addon.xml
with bundleresource://175.fwk1993646359:23/metainfo/zk/lang-addon.xml [14]
19:51:02.777-----------> ClassLocator.getDependentXMLResources: Replicate resource: timeplot
Overwrite bundleresource://175.fwk1993646359:7/metainfo/zk/lang-addon.xml
with bundleresource://175.fwk1993646359:24/metainfo/zk/lang-addon.xml [14]
19:51:02.793-----------> ClassLocator.getDependentXMLResources: Replicate resource: zkbind
Overwrite bundleresource://175.fwk1993646359:12/metainfo/zk/lang-addon.xml
with bundleresource://175.fwk1993646359:29/metainfo/zk/lang-addon.xml [14]
19:51:02.793-----------> ClassLocator.getDependentXMLResources: Replicate resource: zkplus
Overwrite bundleresource://175.fwk1993646359:13/metainfo/zk/lang-addon.xml
with bundleresource://175.fwk1993646359:30/metainfo/zk/lang-addon.xml [14]
19:51:02.914           WebUIServlet.init: iDempiere Web Client started successfully [14]
19:51:04.299-----------> AnnotationConfiguration.configure: ServletContainerInitializers: detected. Class hierarchy: empty [14]

*** 2016-07-04 19:51:04.552 idempiere Log (CLogFile) ***
19:51:06.496-----------> Node: [192.168.199.115]:5701 [adempiere.idempiere/127.0.0.1] [3.5.3] No join method is enabled! Starting standalone. [39]
