*** 2016-06-12 09:32:39.149 idempiere Log (CLogFile) ***
09:32:39.149 Adempiere.startup: iDempiere(r) Release 3.1_2015-10-31 -Smart Suite ERP, CRM and SCM- (c) 1999-2013 iDempiere(r); Implementation: iDempiere - Supported by iDempiere community [14]
09:32:39.149 Ini.loadProperties: D:\idempiere\idempiere.properties #28 [14]
09:32:39.978 DB.isBuildOK: Build DB=${env.ADEMPIERE_VERSION} 20080428-1232 [14]
09:32:39.978 DB.isBuildOK: Build Cl=3.1.0.qualifier [14]
09:32:40.005-----------> DB.isBuildOK: Build Version Error 

The program assumes build version 3.1.0.qualifier, but database has build version ${env.ADEMPIERE_VERSION} 20080428-1232. 
This is likely to cause hard to fix errors. 
Please contact administrator. [14]
09:32:40.146 Language.getLanguage: Adding Language=en, Country=US, Locale=en_US [14]
09:32:40.146 Language.getLanguage: Adding Language=en, Country=US, Locale=en_US [14]
09:32:40.231 WebEnv.initWeb: Servlet Context Init Parameters: iDempiere Root
ServerRoot=1 [14]
09:32:40.246-----------> EMail.setFrom: you @ company.org: javax.mail.internet.AddressException: Local address contains control or whitespace in string ``you @ company.org'' [14]
09:32:40.246-----------> EMail.addTo: you @ company.org: javax.mail.internet.AddressException: Local address contains control or whitespace in string ``you @ company.org'' [14]
09:32:40.246-----------> EMail.isValid: From is invalid=null [14]
09:32:40.246-----------> EMail.isValid: From is invalid=null [14]
09:32:40.246-----------> MClient.sendEMail: Could NOT Send Email: Server started: iDempiere (DESKTOP-K0DQ6Q3:192.168.10.212) to you @ company.org: Invalid Data (System) [14]
09:32:40.246 WebEnv.initWeb: Servlet Init Parameter: idempiereMonitor [14]
09:32:40.246 AdempiereMonitor.init:  [14]
09:32:42.510-----------> AnnotationConfiguration.configure: ServletContainerInitializers: detected. Class hierarchy: empty [14]
09:32:42.777-----------> ClassLocator.getDependentXMLResources: Replicate resource: ckez
Overwrite bundleresource://174.fwk1993646359:2/metainfo/zk/config.xml
with bundleresource://174.fwk1993646359:19/metainfo/zk/config.xml [14]
09:32:42.781-----------> ClassLocator.getDependentXMLResources: Replicate resource: zk
Overwrite bundleresource://174.fwk1993646359:11/metainfo/zk/config.xml
with bundleresource://174.fwk1993646359:28/metainfo/zk/config.xml [14]
09:32:42.787-----------> ClassLocator.getDependentXMLResources: Replicate resource: zkbind
Overwrite bundleresource://174.fwk1993646359:12/metainfo/zk/config.xml
with bundleresource://174.fwk1993646359:29/metainfo/zk/config.xml [14]
09:32:42.814-----------> ClassLocator.getDependentXMLResources: Replicate resource: zul
Overwrite bundleresource://174.fwk1993646359:14/metainfo/zk/zk.xml
with bundleresource://174.fwk1993646359:31/metainfo/zk/zk.xml [14]
09:32:43.152-----------> LanguageDefinition.<init>: Replicated language: xhtml, overriden by [LanguageDefinition: xhtml] [14]
09:32:43.183-----------> LanguageDefinition.<init>: Replicated language: xul/html, overriden by [LanguageDefinition: xul/html] [14]
09:32:43.237-----------> ClassLocator.getDependentXMLResources: Replicate resource: calendar
Overwrite bundleresource://174.fwk1993646359:1/metainfo/zk/lang-addon.xml
with bundleresource://174.fwk1993646359:18/metainfo/zk/lang-addon.xml [14]
09:32:43.252-----------> ClassLocator.getDependentXMLResources: Replicate resource: ckez
Overwrite bundleresource://174.fwk1993646359:2/metainfo/zk/lang-addon.xml
with bundleresource://174.fwk1993646359:19/metainfo/zk/lang-addon.xml [14]
09:32:43.252-----------> ClassLocator.getDependentXMLResources: Replicate resource: gmapsz
Overwrite bundleresource://174.fwk1993646359:5/metainfo/zk/lang-addon.xml
with bundleresource://174.fwk1993646359:22/metainfo/zk/lang-addon.xml [14]
09:32:43.252-----------> ClassLocator.getDependentXMLResources: Replicate resource: timeline
Overwrite bundleresource://174.fwk1993646359:6/metainfo/zk/lang-addon.xml
with bundleresource://174.fwk1993646359:23/metainfo/zk/lang-addon.xml [14]
09:32:43.268-----------> ClassLocator.getDependentXMLResources: Replicate resource: timeplot
Overwrite bundleresource://174.fwk1993646359:7/metainfo/zk/lang-addon.xml
with bundleresource://174.fwk1993646359:24/metainfo/zk/lang-addon.xml [14]
09:32:43.268-----------> ClassLocator.getDependentXMLResources: Replicate resource: zkbind
Overwrite bundleresource://174.fwk1993646359:12/metainfo/zk/lang-addon.xml
with bundleresource://174.fwk1993646359:29/metainfo/zk/lang-addon.xml [14]
09:32:43.284-----------> ClassLocator.getDependentXMLResources: Replicate resource: zkplus
Overwrite bundleresource://174.fwk1993646359:13/metainfo/zk/lang-addon.xml
with bundleresource://174.fwk1993646359:30/metainfo/zk/lang-addon.xml [14]
09:32:43.383           WebUIServlet.init: iDempiere Web Client started successfully [14]
09:32:45.209-----------> AnnotationConfiguration.configure: ServletContainerInitializers: detected. Class hierarchy: empty [14]

*** 2016-06-12 09:32:45.457 idempiere Log (CLogFile) ***
09:32:47.434-----------> Node: [192.168.10.212]:5701 [adempiere.idempiere/127.0.0.1] [3.5.3] No join method is enabled! Starting standalone. [38]
