*** 2016-06-11 16:13:25.341 idempiere Log (CLogFile) ***
16:13:25.340 Adempiere.startup: iDempiere(r) Release 3.1_2015-10-31 -Smart Suite ERP, CRM and SCM- (c) 1999-2013 iDempiere(r); Implementation: iDempiere - Supported by iDempiere community [14]
16:13:25.349 Ini.loadProperties: D:\idempiere\idempiere.properties #28 [14]
16:13:26.118 DB.isBuildOK: Build DB=${env.ADEMPIERE_VERSION} 20080428-1232 [14]
16:13:26.119 DB.isBuildOK: Build Cl=3.1.0.qualifier [14]
16:13:26.140-----------> DB.isBuildOK: Build Version Error 

The program assumes build version 3.1.0.qualifier, but database has build version ${env.ADEMPIERE_VERSION} 20080428-1232. 
This is likely to cause hard to fix errors. 
Please contact administrator. [14]
16:13:26.248 Language.getLanguage: Adding Language=en, Country=US, Locale=en_US [14]
16:13:26.251 Language.getLanguage: Adding Language=en, Country=US, Locale=en_US [14]
16:13:26.328 WebEnv.initWeb: Servlet Context Init Parameters: iDempiere Root
ServerRoot=1 [14]
16:13:26.344-----------> EMail.setFrom: you @ company.org: javax.mail.internet.AddressException: Local address contains control or whitespace in string ``you @ company.org'' [14]
16:13:26.346-----------> EMail.addTo: you @ company.org: javax.mail.internet.AddressException: Local address contains control or whitespace in string ``you @ company.org'' [14]
16:13:26.347-----------> EMail.isValid: From is invalid=null [14]
16:13:26.347-----------> EMail.isValid: From is invalid=null [14]
16:13:26.347-----------> MClient.sendEMail: Could NOT Send Email: Server started: iDempiere (DESKTOP-K0DQ6Q3:192.168.0.108) to you @ company.org: Invalid Data (System) [14]
16:13:26.347 WebEnv.initWeb: Servlet Init Parameter: idempiereMonitor [14]
16:13:26.347 AdempiereMonitor.init:  [14]
16:13:28.473-----------> AnnotationConfiguration.configure: ServletContainerInitializers: detected. Class hierarchy: empty [14]
16:13:28.722-----------> ClassLocator.getDependentXMLResources: Replicate resource: ckez
Overwrite bundleresource://174.fwk1174037956:2/metainfo/zk/config.xml
with bundleresource://174.fwk1174037956:19/metainfo/zk/config.xml [14]
16:13:28.727-----------> ClassLocator.getDependentXMLResources: Replicate resource: zk
Overwrite bundleresource://174.fwk1174037956:11/metainfo/zk/config.xml
with bundleresource://174.fwk1174037956:28/metainfo/zk/config.xml [14]
16:13:28.730-----------> ClassLocator.getDependentXMLResources: Replicate resource: zkbind
Overwrite bundleresource://174.fwk1174037956:12/metainfo/zk/config.xml
with bundleresource://174.fwk1174037956:29/metainfo/zk/config.xml [14]
16:13:28.754-----------> ClassLocator.getDependentXMLResources: Replicate resource: zul
Overwrite bundleresource://174.fwk1174037956:14/metainfo/zk/zk.xml
with bundleresource://174.fwk1174037956:31/metainfo/zk/zk.xml [14]
16:13:29.116-----------> LanguageDefinition.<init>: Replicated language: xhtml, overriden by [LanguageDefinition: xhtml] [14]
16:13:29.142-----------> LanguageDefinition.<init>: Replicated language: xul/html, overriden by [LanguageDefinition: xul/html] [14]
16:13:29.201-----------> ClassLocator.getDependentXMLResources: Replicate resource: calendar
Overwrite bundleresource://174.fwk1174037956:1/metainfo/zk/lang-addon.xml
with bundleresource://174.fwk1174037956:18/metainfo/zk/lang-addon.xml [14]
16:13:29.205-----------> ClassLocator.getDependentXMLResources: Replicate resource: ckez
Overwrite bundleresource://174.fwk1174037956:2/metainfo/zk/lang-addon.xml
with bundleresource://174.fwk1174037956:19/metainfo/zk/lang-addon.xml [14]
16:13:29.210-----------> ClassLocator.getDependentXMLResources: Replicate resource: gmapsz
Overwrite bundleresource://174.fwk1174037956:5/metainfo/zk/lang-addon.xml
with bundleresource://174.fwk1174037956:22/metainfo/zk/lang-addon.xml [14]
16:13:29.214-----------> ClassLocator.getDependentXMLResources: Replicate resource: timeline
Overwrite bundleresource://174.fwk1174037956:6/metainfo/zk/lang-addon.xml
with bundleresource://174.fwk1174037956:23/metainfo/zk/lang-addon.xml [14]
16:13:29.222-----------> ClassLocator.getDependentXMLResources: Replicate resource: timeplot
Overwrite bundleresource://174.fwk1174037956:7/metainfo/zk/lang-addon.xml
with bundleresource://174.fwk1174037956:24/metainfo/zk/lang-addon.xml [14]
16:13:29.236-----------> ClassLocator.getDependentXMLResources: Replicate resource: zkbind
Overwrite bundleresource://174.fwk1174037956:12/metainfo/zk/lang-addon.xml
with bundleresource://174.fwk1174037956:29/metainfo/zk/lang-addon.xml [14]
16:13:29.244-----------> ClassLocator.getDependentXMLResources: Replicate resource: zkplus
Overwrite bundleresource://174.fwk1174037956:13/metainfo/zk/lang-addon.xml
with bundleresource://174.fwk1174037956:30/metainfo/zk/lang-addon.xml [14]
16:13:29.361           WebUIServlet.init: iDempiere Web Client started successfully [14]
16:13:31.156-----------> AnnotationConfiguration.configure: ServletContainerInitializers: detected. Class hierarchy: empty [14]

*** 2016-06-11 16:13:31.417 idempiere Log (CLogFile) ***
16:13:33.275-----------> Node: [192.168.0.108]:5701 [adempiere.idempiere/127.0.0.1] [3.5.3] No join method is enabled! Starting standalone. [38]
