*** 2016-06-23 10:23:12.29 idempiere Log (CLogFile) ***
10:23:12.289 Adempiere.startup: iDempiere(r) Release 3.1_2015-10-31 -Smart Suite ERP, CRM and SCM- (c) 1999-2013 iDempiere(r); Implementation: iDempiere - Supported by iDempiere community [14]
10:23:12.294 Ini.loadProperties: D:\idempiere\idempiere.properties #33 [14]
10:23:13.131 DB.isBuildOK: Build DB=${env.ADEMPIERE_VERSION} 20080428-1232 [14]
10:23:13.131 DB.isBuildOK: Build Cl=3.1.0.qualifier [14]
10:23:13.158-----------> DB.isBuildOK: Build Version Error 

The program assumes build version 3.1.0.qualifier, but database has build version ${env.ADEMPIERE_VERSION} 20080428-1232. 
This is likely to cause hard to fix errors. 
Please contact administrator. [14]
10:23:13.268 Language.getLanguage: Adding Language=en, Country=US, Locale=en_US [14]
10:23:13.272 Language.getLanguage: Adding Language=en, Country=US, Locale=en_US [14]
10:23:13.332 WebEnv.initWeb: Servlet Context Init Parameters: iDempiere Root
ServerRoot=1 [14]
10:23:13.350-----------> EMail.setFrom: you @ company.org: javax.mail.internet.AddressException: Local address contains control or whitespace in string ``you @ company.org'' [14]
10:23:13.355-----------> EMail.addTo: you @ company.org: javax.mail.internet.AddressException: Local address contains control or whitespace in string ``you @ company.org'' [14]
10:23:13.355-----------> EMail.isValid: From is invalid=null [14]
10:23:13.355-----------> EMail.isValid: From is invalid=null [14]
10:23:13.355-----------> MClient.sendEMail: Could NOT Send Email: Server started: iDempiere (DESKTOP-K0DQ6Q3:192.168.199.115) to you @ company.org: Invalid Data (System) [14]
10:23:13.356 WebEnv.initWeb: Servlet Init Parameter: idempiereMonitor [14]
10:23:13.356 AdempiereMonitor.init:  [14]
10:23:15.533-----------> AnnotationConfiguration.configure: ServletContainerInitializers: detected. Class hierarchy: empty [14]
10:23:15.755-----------> ClassLocator.getDependentXMLResources: Replicate resource: ckez
Overwrite bundleresource://174.fwk1031327099:2/metainfo/zk/config.xml
with bundleresource://174.fwk1031327099:19/metainfo/zk/config.xml [14]
10:23:15.759-----------> ClassLocator.getDependentXMLResources: Replicate resource: zk
Overwrite bundleresource://174.fwk1031327099:11/metainfo/zk/config.xml
with bundleresource://174.fwk1031327099:28/metainfo/zk/config.xml [14]
10:23:15.763-----------> ClassLocator.getDependentXMLResources: Replicate resource: zkbind
Overwrite bundleresource://174.fwk1031327099:12/metainfo/zk/config.xml
with bundleresource://174.fwk1031327099:29/metainfo/zk/config.xml [14]
10:23:15.791-----------> ClassLocator.getDependentXMLResources: Replicate resource: zul
Overwrite bundleresource://174.fwk1031327099:14/metainfo/zk/zk.xml
with bundleresource://174.fwk1031327099:31/metainfo/zk/zk.xml [14]
10:23:16.144-----------> LanguageDefinition.<init>: Replicated language: xhtml, overriden by [LanguageDefinition: xhtml] [14]
10:23:16.167-----------> LanguageDefinition.<init>: Replicated language: xul/html, overriden by [LanguageDefinition: xul/html] [14]
10:23:16.218-----------> ClassLocator.getDependentXMLResources: Replicate resource: calendar
Overwrite bundleresource://174.fwk1031327099:1/metainfo/zk/lang-addon.xml
with bundleresource://174.fwk1031327099:18/metainfo/zk/lang-addon.xml [14]
10:23:16.221-----------> ClassLocator.getDependentXMLResources: Replicate resource: ckez
Overwrite bundleresource://174.fwk1031327099:2/metainfo/zk/lang-addon.xml
with bundleresource://174.fwk1031327099:19/metainfo/zk/lang-addon.xml [14]
10:23:16.228-----------> ClassLocator.getDependentXMLResources: Replicate resource: gmapsz
Overwrite bundleresource://174.fwk1031327099:5/metainfo/zk/lang-addon.xml
with bundleresource://174.fwk1031327099:22/metainfo/zk/lang-addon.xml [14]
10:23:16.232-----------> ClassLocator.getDependentXMLResources: Replicate resource: timeline
Overwrite bundleresource://174.fwk1031327099:6/metainfo/zk/lang-addon.xml
with bundleresource://174.fwk1031327099:23/metainfo/zk/lang-addon.xml [14]
10:23:16.236-----------> ClassLocator.getDependentXMLResources: Replicate resource: timeplot
Overwrite bundleresource://174.fwk1031327099:7/metainfo/zk/lang-addon.xml
with bundleresource://174.fwk1031327099:24/metainfo/zk/lang-addon.xml [14]
10:23:16.248-----------> ClassLocator.getDependentXMLResources: Replicate resource: zkbind
Overwrite bundleresource://174.fwk1031327099:12/metainfo/zk/lang-addon.xml
with bundleresource://174.fwk1031327099:29/metainfo/zk/lang-addon.xml [14]
10:23:16.256-----------> ClassLocator.getDependentXMLResources: Replicate resource: zkplus
Overwrite bundleresource://174.fwk1031327099:13/metainfo/zk/lang-addon.xml
with bundleresource://174.fwk1031327099:30/metainfo/zk/lang-addon.xml [14]
10:23:16.353           WebUIServlet.init: iDempiere Web Client started successfully [14]
10:23:18.114-----------> AnnotationConfiguration.configure: ServletContainerInitializers: detected. Class hierarchy: empty [14]

*** 2016-06-23 10:23:18.382 idempiere Log (CLogFile) ***
10:23:20.173-----------> Node: [192.168.10.212]:5701 [adempiere.idempiere/localhost] [3.5.3] No join method is enabled! Starting standalone. [39]
10:23:59.886-----------> PhaseInterceptorChain.doDefaultLogging: Interceptor for {http://idempiere.org/ADInterface/1_0}ModelADService#{http://idempiere.org/ADInterface/1_0}createData has thrown exception, unwinding now [31]
org.apache.cxf.interceptor.Fault: UNMARSHAL_ERROR
	at org.apache.cxf.xmlbeans.DataReaderImpl.doRead(DataReaderImpl.java:113)
	at org.apache.cxf.xmlbeans.DataReaderImpl.read(DataReaderImpl.java:63)
	at org.apache.cxf.xmlbeans.DataReaderImpl.read(DataReaderImpl.java:45)
	at org.apache.cxf.binding.soap.interceptor.RPCInInterceptor.handleMessage(RPCInInterceptor.java:178)
	at org.apache.cxf.phase.PhaseInterceptorChain.doIntercept(PhaseInterceptorChain.java:262)
	at org.apache.cxf.transport.ChainInitiationObserver.onMessage(ChainInitiationObserver.java:121)
	at org.apache.cxf.transport.http.AbstractHTTPDestination.invoke(AbstractHTTPDestination.java:211)
	at org.apache.cxf.transport.servlet.ServletController.invokeDestination(ServletController.java:213)
	at org.apache.cxf.transport.servlet.ServletController.invoke(ServletController.java:193)
	at org.apache.cxf.transport.servlet.CXFNonSpringServlet.invoke(CXFNonSpringServlet.java:130)
	at org.apache.cxf.transport.servlet.AbstractHTTPServlet.handleRequest(AbstractHTTPServlet.java:221)
	at org.apache.cxf.transport.servlet.AbstractHTTPServlet.doPost(AbstractHTTPServlet.java:141)
	at javax.servlet.http.HttpServlet.service(HttpServlet.java:707)
	at org.apache.cxf.transport.servlet.AbstractHTTPServlet.service(AbstractHTTPServlet.java:197)
	at org.eclipse.jetty.servlet.ServletHolder.handle(ServletHolder.java:808)
	at org.eclipse.jetty.servlet.ServletHandler.doHandle(ServletHandler.java:587)
	at org.eclipse.jetty.server.handler.ScopedHandler.handle(ScopedHandler.java:143)
	at org.eclipse.jetty.security.SecurityHandler.handle(SecurityHandler.java:577)
	at org.eclipse.jetty.server.session.SessionHandler.doHandle(SessionHandler.java:223)
	at org.eclipse.jetty.server.handler.ContextHandler.doHandle(ContextHandler.java:1127)
	at org.eclipse.jetty.servlet.ServletHandler.doScope(ServletHandler.java:515)

10:30:56.096-----------> ModelADServiceImpl.validateParameter: Web service type TestWebservice: constant parameter RecordID changed to 50003 [36]
10:33:15.724-----------> PhaseInterceptorChain.doDefaultLogging: Interceptor for {http://idempiere.org/ADInterface/1_0}ModelADService#{http://idempiere.org/ADInterface/1_0}createData has thrown exception, unwinding now [31]
org.apache.cxf.interceptor.Fault: UNMARSHAL_ERROR
	at org.apache.cxf.xmlbeans.DataReaderImpl.doRead(DataReaderImpl.java:113)
	at org.apache.cxf.xmlbeans.DataReaderImpl.read(DataReaderImpl.java:63)
	at org.apache.cxf.xmlbeans.DataReaderImpl.read(DataReaderImpl.java:45)
	at org.apache.cxf.binding.soap.interceptor.RPCInInterceptor.handleMessage(RPCInInterceptor.java:178)
	at org.apache.cxf.phase.PhaseInterceptorChain.doIntercept(PhaseInterceptorChain.java:262)
	at org.apache.cxf.transport.ChainInitiationObserver.onMessage(ChainInitiationObserver.java:121)
	at org.apache.cxf.transport.http.AbstractHTTPDestination.invoke(AbstractHTTPDestination.java:211)
	at org.apache.cxf.transport.servlet.ServletController.invokeDestination(ServletController.java:213)
	at org.apache.cxf.transport.servlet.ServletController.invoke(ServletController.java:193)
	at org.apache.cxf.transport.servlet.CXFNonSpringServlet.invoke(CXFNonSpringServlet.java:130)
	at org.apache.cxf.transport.servlet.AbstractHTTPServlet.handleRequest(AbstractHTTPServlet.java:221)
	at org.apache.cxf.transport.servlet.AbstractHTTPServlet.doPost(AbstractHTTPServlet.java:141)
	at javax.servlet.http.HttpServlet.service(HttpServlet.java:707)
	at org.apache.cxf.transport.servlet.AbstractHTTPServlet.service(AbstractHTTPServlet.java:197)
	at org.eclipse.jetty.servlet.ServletHolder.handle(ServletHolder.java:808)
	at org.eclipse.jetty.servlet.ServletHandler.doHandle(ServletHandler.java:587)
	at org.eclipse.jetty.server.handler.ScopedHandler.handle(ScopedHandler.java:143)
	at org.eclipse.jetty.security.SecurityHandler.handle(SecurityHandler.java:577)
	at org.eclipse.jetty.server.session.SessionHandler.doHandle(SessionHandler.java:223)
	at org.eclipse.jetty.server.handler.ContextHandler.doHandle(ContextHandler.java:1127)
	at org.eclipse.jetty.servlet.ServletHandler.doScope(ServletHandler.java:515)

10:33:21.964-----------> PhaseInterceptorChain.doDefaultLogging: Interceptor for {http://idempiere.org/ADInterface/1_0}ModelADService#{http://idempiere.org/ADInterface/1_0}createData has thrown exception, unwinding now [32]
org.apache.cxf.interceptor.Fault: UNMARSHAL_ERROR
	at org.apache.cxf.xmlbeans.DataReaderImpl.doRead(DataReaderImpl.java:113)
	at org.apache.cxf.xmlbeans.DataReaderImpl.read(DataReaderImpl.java:63)
	at org.apache.cxf.xmlbeans.DataReaderImpl.read(DataReaderImpl.java:45)
	at org.apache.cxf.binding.soap.interceptor.RPCInInterceptor.handleMessage(RPCInInterceptor.java:178)
	at org.apache.cxf.phase.PhaseInterceptorChain.doIntercept(PhaseInterceptorChain.java:262)
	at org.apache.cxf.transport.ChainInitiationObserver.onMessage(ChainInitiationObserver.java:121)
	at org.apache.cxf.transport.http.AbstractHTTPDestination.invoke(AbstractHTTPDestination.java:211)
	at org.apache.cxf.transport.servlet.ServletController.invokeDestination(ServletController.java:213)
	at org.apache.cxf.transport.servlet.ServletController.invoke(ServletController.java:193)
	at org.apache.cxf.transport.servlet.CXFNonSpringServlet.invoke(CXFNonSpringServlet.java:130)
	at org.apache.cxf.transport.servlet.AbstractHTTPServlet.handleRequest(AbstractHTTPServlet.java:221)
	at org.apache.cxf.transport.servlet.AbstractHTTPServlet.doPost(AbstractHTTPServlet.java:141)
	at javax.servlet.http.HttpServlet.service(HttpServlet.java:707)
	at org.apache.cxf.transport.servlet.AbstractHTTPServlet.service(AbstractHTTPServlet.java:197)
	at org.eclipse.jetty.servlet.ServletHolder.handle(ServletHolder.java:808)
	at org.eclipse.jetty.servlet.ServletHandler.doHandle(ServletHandler.java:587)
	at org.eclipse.jetty.server.handler.ScopedHandler.handle(ScopedHandler.java:143)
	at org.eclipse.jetty.security.SecurityHandler.handle(SecurityHandler.java:577)
	at org.eclipse.jetty.server.session.SessionHandler.doHandle(SessionHandler.java:223)
	at org.eclipse.jetty.server.handler.ContextHandler.doHandle(ContextHandler.java:1127)
	at org.eclipse.jetty.servlet.ServletHandler.doScope(ServletHandler.java:515)

10:33:49.446-----------> PhaseInterceptorChain.doDefaultLogging: Interceptor for {http://idempiere.org/ADInterface/1_0}ModelADService#{http://idempiere.org/ADInterface/1_0}createData has thrown exception, unwinding now [30]
org.apache.cxf.interceptor.Fault: UNMARSHAL_ERROR
	at org.apache.cxf.xmlbeans.DataReaderImpl.doRead(DataReaderImpl.java:113)
	at org.apache.cxf.xmlbeans.DataReaderImpl.read(DataReaderImpl.java:63)
	at org.apache.cxf.xmlbeans.DataReaderImpl.read(DataReaderImpl.java:45)
	at org.apache.cxf.binding.soap.interceptor.RPCInInterceptor.handleMessage(RPCInInterceptor.java:178)
	at org.apache.cxf.phase.PhaseInterceptorChain.doIntercept(PhaseInterceptorChain.java:262)
	at org.apache.cxf.transport.ChainInitiationObserver.onMessage(ChainInitiationObserver.java:121)
	at org.apache.cxf.transport.http.AbstractHTTPDestination.invoke(AbstractHTTPDestination.java:211)
	at org.apache.cxf.transport.servlet.ServletController.invokeDestination(ServletController.java:213)
	at org.apache.cxf.transport.servlet.ServletController.invoke(ServletController.java:193)
	at org.apache.cxf.transport.servlet.CXFNonSpringServlet.invoke(CXFNonSpringServlet.java:130)
	at org.apache.cxf.transport.servlet.AbstractHTTPServlet.handleRequest(AbstractHTTPServlet.java:221)
	at org.apache.cxf.transport.servlet.AbstractHTTPServlet.doPost(AbstractHTTPServlet.java:141)
	at javax.servlet.http.HttpServlet.service(HttpServlet.java:707)
	at org.apache.cxf.transport.servlet.AbstractHTTPServlet.service(AbstractHTTPServlet.java:197)
	at org.eclipse.jetty.servlet.ServletHolder.handle(ServletHolder.java:808)
	at org.eclipse.jetty.servlet.ServletHandler.doHandle(ServletHandler.java:587)
	at org.eclipse.jetty.server.handler.ScopedHandler.handle(ScopedHandler.java:143)
	at org.eclipse.jetty.security.SecurityHandler.handle(SecurityHandler.java:577)
	at org.eclipse.jetty.server.session.SessionHandler.doHandle(SessionHandler.java:223)
	at org.eclipse.jetty.server.handler.ContextHandler.doHandle(ContextHandler.java:1127)
	at org.eclipse.jetty.servlet.ServletHandler.doScope(ServletHandler.java:515)

10:38:32.406-----------> PhaseInterceptorChain.doDefaultLogging: Interceptor for {http://idempiere.org/ADInterface/1_0}ModelADService has thrown exception, unwinding now [30]
java.lang.IllegalStateException: Method getLocalName() cannot be called for END_DOCUMENT event.
	at com.sun.org.apache.xerces.internal.impl.XMLStreamReaderImpl.getLocalName(Unknown Source)
	at org.apache.cxf.staxutils.DepthXMLStreamReader.getLocalName(DepthXMLStreamReader.java:106)
	at org.apache.cxf.binding.soap.interceptor.RPCInInterceptor.handleMessage(RPCInInterceptor.java:102)
	at org.apache.cxf.phase.PhaseInterceptorChain.doIntercept(PhaseInterceptorChain.java:262)
	at org.apache.cxf.transport.ChainInitiationObserver.onMessage(ChainInitiationObserver.java:121)
	at org.apache.cxf.transport.http.AbstractHTTPDestination.invoke(AbstractHTTPDestination.java:211)
	at org.apache.cxf.transport.servlet.ServletController.invokeDestination(ServletController.java:213)
	at org.apache.cxf.transport.servlet.ServletController.invoke(ServletController.java:193)
	at org.apache.cxf.transport.servlet.CXFNonSpringServlet.invoke(CXFNonSpringServlet.java:130)
	at org.apache.cxf.transport.servlet.AbstractHTTPServlet.handleRequest(AbstractHTTPServlet.java:221)
	at org.apache.cxf.transport.servlet.AbstractHTTPServlet.doPost(AbstractHTTPServlet.java:141)
	at javax.servlet.http.HttpServlet.service(HttpServlet.java:707)
	at org.apache.cxf.transport.servlet.AbstractHTTPServlet.service(AbstractHTTPServlet.java:197)
	at org.eclipse.jetty.servlet.ServletHolder.handle(ServletHolder.java:808)
	at org.eclipse.jetty.servlet.ServletHandler.doHandle(ServletHandler.java:587)
	at org.eclipse.jetty.server.handler.ScopedHandler.handle(ScopedHandler.java:143)
	at org.eclipse.jetty.security.SecurityHandler.handle(SecurityHandler.java:577)
	at org.eclipse.jetty.server.session.SessionHandler.doHandle(SessionHandler.java:223)
	at org.eclipse.jetty.server.handler.ContextHandler.doHandle(ContextHandler.java:1127)
	at org.eclipse.jetty.servlet.ServletHandler.doScope(ServletHandler.java:515)
	at org.eclipse.jetty.server.session.SessionHandler.doScope(SessionHandler.java:185)

10:39:20.212-----------> PhaseInterceptorChain.doDefaultLogging: Interceptor for {http://idempiere.org/ADInterface/1_0}ModelADService#{http://idempiere.org/ADInterface/1_0}createData has thrown exception, unwinding now [36]
org.apache.cxf.interceptor.Fault: UNMARSHAL_ERROR
	at org.apache.cxf.xmlbeans.DataReaderImpl.doRead(DataReaderImpl.java:113)
	at org.apache.cxf.xmlbeans.DataReaderImpl.read(DataReaderImpl.java:63)
	at org.apache.cxf.xmlbeans.DataReaderImpl.read(DataReaderImpl.java:45)
	at org.apache.cxf.binding.soap.interceptor.RPCInInterceptor.handleMessage(RPCInInterceptor.java:178)
	at org.apache.cxf.phase.PhaseInterceptorChain.doIntercept(PhaseInterceptorChain.java:262)
	at org.apache.cxf.transport.ChainInitiationObserver.onMessage(ChainInitiationObserver.java:121)
	at org.apache.cxf.transport.http.AbstractHTTPDestination.invoke(AbstractHTTPDestination.java:211)
	at org.apache.cxf.transport.servlet.ServletController.invokeDestination(ServletController.java:213)
	at org.apache.cxf.transport.servlet.ServletController.invoke(ServletController.java:193)
	at org.apache.cxf.transport.servlet.CXFNonSpringServlet.invoke(CXFNonSpringServlet.java:130)
	at org.apache.cxf.transport.servlet.AbstractHTTPServlet.handleRequest(AbstractHTTPServlet.java:221)
	at org.apache.cxf.transport.servlet.AbstractHTTPServlet.doPost(AbstractHTTPServlet.java:141)
	at javax.servlet.http.HttpServlet.service(HttpServlet.java:707)
	at org.apache.cxf.transport.servlet.AbstractHTTPServlet.service(AbstractHTTPServlet.java:197)
	at org.eclipse.jetty.servlet.ServletHolder.handle(ServletHolder.java:808)
	at org.eclipse.jetty.servlet.ServletHandler.doHandle(ServletHandler.java:587)
	at org.eclipse.jetty.server.handler.ScopedHandler.handle(ScopedHandler.java:143)
	at org.eclipse.jetty.security.SecurityHandler.handle(SecurityHandler.java:577)
	at org.eclipse.jetty.server.session.SessionHandler.doHandle(SessionHandler.java:223)
	at org.eclipse.jetty.server.handler.ContextHandler.doHandle(ContextHandler.java:1127)
	at org.eclipse.jetty.servlet.ServletHandler.doScope(ServletHandler.java:515)

10:39:34.691-----------> PhaseInterceptorChain.doDefaultLogging: Interceptor for {http://idempiere.org/ADInterface/1_0}ModelADService#{http://idempiere.org/ADInterface/1_0}createData has thrown exception, unwinding now [31]
org.apache.cxf.interceptor.Fault: UNMARSHAL_ERROR
	at org.apache.cxf.xmlbeans.DataReaderImpl.doRead(DataReaderImpl.java:113)
	at org.apache.cxf.xmlbeans.DataReaderImpl.read(DataReaderImpl.java:63)
	at org.apache.cxf.xmlbeans.DataReaderImpl.read(DataReaderImpl.java:45)
	at org.apache.cxf.binding.soap.interceptor.RPCInInterceptor.handleMessage(RPCInInterceptor.java:178)
	at org.apache.cxf.phase.PhaseInterceptorChain.doIntercept(PhaseInterceptorChain.java:262)
	at org.apache.cxf.transport.ChainInitiationObserver.onMessage(ChainInitiationObserver.java:121)
	at org.apache.cxf.transport.http.AbstractHTTPDestination.invoke(AbstractHTTPDestination.java:211)
	at org.apache.cxf.transport.servlet.ServletController.invokeDestination(ServletController.java:213)
	at org.apache.cxf.transport.servlet.ServletController.invoke(ServletController.java:193)
	at org.apache.cxf.transport.servlet.CXFNonSpringServlet.invoke(CXFNonSpringServlet.java:130)
	at org.apache.cxf.transport.servlet.AbstractHTTPServlet.handleRequest(AbstractHTTPServlet.java:221)
	at org.apache.cxf.transport.servlet.AbstractHTTPServlet.doPost(AbstractHTTPServlet.java:141)
	at javax.servlet.http.HttpServlet.service(HttpServlet.java:707)
	at org.apache.cxf.transport.servlet.AbstractHTTPServlet.service(AbstractHTTPServlet.java:197)
	at org.eclipse.jetty.servlet.ServletHolder.handle(ServletHolder.java:808)
	at org.eclipse.jetty.servlet.ServletHandler.doHandle(ServletHandler.java:587)
	at org.eclipse.jetty.server.handler.ScopedHandler.handle(ScopedHandler.java:143)
	at org.eclipse.jetty.security.SecurityHandler.handle(SecurityHandler.java:577)
	at org.eclipse.jetty.server.session.SessionHandler.doHandle(SessionHandler.java:223)
	at org.eclipse.jetty.server.handler.ContextHandler.doHandle(ContextHandler.java:1127)
	at org.eclipse.jetty.servlet.ServletHandler.doScope(ServletHandler.java:515)

10:39:46.503-----------> PhaseInterceptorChain.doDefaultLogging: Interceptor for {http://idempiere.org/ADInterface/1_0}ModelADService#{http://idempiere.org/ADInterface/1_0}createData has thrown exception, unwinding now [30]
org.apache.cxf.interceptor.Fault: UNMARSHAL_ERROR
	at org.apache.cxf.xmlbeans.DataReaderImpl.doRead(DataReaderImpl.java:113)
	at org.apache.cxf.xmlbeans.DataReaderImpl.read(DataReaderImpl.java:63)
	at org.apache.cxf.xmlbeans.DataReaderImpl.read(DataReaderImpl.java:45)
	at org.apache.cxf.binding.soap.interceptor.RPCInInterceptor.handleMessage(RPCInInterceptor.java:178)
	at org.apache.cxf.phase.PhaseInterceptorChain.doIntercept(PhaseInterceptorChain.java:262)
	at org.apache.cxf.transport.ChainInitiationObserver.onMessage(ChainInitiationObserver.java:121)
	at org.apache.cxf.transport.http.AbstractHTTPDestination.invoke(AbstractHTTPDestination.java:211)
	at org.apache.cxf.transport.servlet.ServletController.invokeDestination(ServletController.java:213)
	at org.apache.cxf.transport.servlet.ServletController.invoke(ServletController.java:193)
	at org.apache.cxf.transport.servlet.CXFNonSpringServlet.invoke(CXFNonSpringServlet.java:130)
	at org.apache.cxf.transport.servlet.AbstractHTTPServlet.handleRequest(AbstractHTTPServlet.java:221)
	at org.apache.cxf.transport.servlet.AbstractHTTPServlet.doPost(AbstractHTTPServlet.java:141)
	at javax.servlet.http.HttpServlet.service(HttpServlet.java:707)
	at org.apache.cxf.transport.servlet.AbstractHTTPServlet.service(AbstractHTTPServlet.java:197)
	at org.eclipse.jetty.servlet.ServletHolder.handle(ServletHolder.java:808)
	at org.eclipse.jetty.servlet.ServletHandler.doHandle(ServletHandler.java:587)
	at org.eclipse.jetty.server.handler.ScopedHandler.handle(ScopedHandler.java:143)
	at org.eclipse.jetty.security.SecurityHandler.handle(SecurityHandler.java:577)
	at org.eclipse.jetty.server.session.SessionHandler.doHandle(SessionHandler.java:223)
	at org.eclipse.jetty.server.handler.ContextHandler.doHandle(ContextHandler.java:1127)
	at org.eclipse.jetty.servlet.ServletHandler.doScope(ServletHandler.java:515)

10:40:05.576-----------> PhaseInterceptorChain.doDefaultLogging: Interceptor for {http://idempiere.org/ADInterface/1_0}ModelADService#{http://idempiere.org/ADInterface/1_0}createData has thrown exception, unwinding now [30]
org.apache.cxf.interceptor.Fault: UNMARSHAL_ERROR
	at org.apache.cxf.xmlbeans.DataReaderImpl.doRead(DataReaderImpl.java:113)
	at org.apache.cxf.xmlbeans.DataReaderImpl.read(DataReaderImpl.java:63)
	at org.apache.cxf.xmlbeans.DataReaderImpl.read(DataReaderImpl.java:45)
	at org.apache.cxf.binding.soap.interceptor.RPCInInterceptor.handleMessage(RPCInInterceptor.java:178)
	at org.apache.cxf.phase.PhaseInterceptorChain.doIntercept(PhaseInterceptorChain.java:262)
	at org.apache.cxf.transport.ChainInitiationObserver.onMessage(ChainInitiationObserver.java:121)
	at org.apache.cxf.transport.http.AbstractHTTPDestination.invoke(AbstractHTTPDestination.java:211)
	at org.apache.cxf.transport.servlet.ServletController.invokeDestination(ServletController.java:213)
	at org.apache.cxf.transport.servlet.ServletController.invoke(ServletController.java:193)
	at org.apache.cxf.transport.servlet.CXFNonSpringServlet.invoke(CXFNonSpringServlet.java:130)
	at org.apache.cxf.transport.servlet.AbstractHTTPServlet.handleRequest(AbstractHTTPServlet.java:221)
	at org.apache.cxf.transport.servlet.AbstractHTTPServlet.doPost(AbstractHTTPServlet.java:141)
	at javax.servlet.http.HttpServlet.service(HttpServlet.java:707)
	at org.apache.cxf.transport.servlet.AbstractHTTPServlet.service(AbstractHTTPServlet.java:197)
	at org.eclipse.jetty.servlet.ServletHolder.handle(ServletHolder.java:808)
	at org.eclipse.jetty.servlet.ServletHandler.doHandle(ServletHandler.java:587)
	at org.eclipse.jetty.server.handler.ScopedHandler.handle(ScopedHandler.java:143)
	at org.eclipse.jetty.security.SecurityHandler.handle(SecurityHandler.java:577)
	at org.eclipse.jetty.server.session.SessionHandler.doHandle(SessionHandler.java:223)
	at org.eclipse.jetty.server.handler.ContextHandler.doHandle(ContextHandler.java:1127)
	at org.eclipse.jetty.servlet.ServletHandler.doScope(ServletHandler.java:515)

